L 06/27/2020 - 00:01:32: String formatted incorrectly - parameter 6 (total 5)
L 06/27/2020 - 00:01:32: [AMXX] Run time error 25 (plugin "killlog.amxx") - debug not enabled!
L 06/27/2020 - 00:01:32: [AMXX] To enable debug mode, add "debug" after the plugin name in plugins.ini (without quotes).
L 06/27/2020 - 00:04:06: String formatted incorrectly - parameter 6 (total 5)
L 06/27/2020 - 00:04:06: [AMXX] Run time error 25 (plugin "killlog.amxx") - debug not enabled!
L 06/27/2020 - 00:04:06: [AMXX] To enable debug mode, add "debug" after the plugin name in plugins.ini (without quotes).
L 06/27/2020 - 00:12:45: String formatted incorrectly - parameter 6 (total 5)
L 06/27/2020 - 00:12:45: [AMXX] Run time error 25 (plugin "killlog.amxx") - debug not enabled!
L 06/27/2020 - 00:12:45: [AMXX] To enable debug mode, add "debug" after the plugin name in plugins.ini (without quotes).
L 06/27/2020 - 00:15:40: Start of error session.
L 06/27/2020 - 00:15:40: Info (map "de_train") (file "addons/amxmodx/logs/error_20200627.log")
L 06/27/2020 - 00:15:40: String formatted incorrectly - parameter 6 (total 5)
L 06/27/2020 - 00:15:40: [AMXX] Run time error 25 (plugin "killlog.amxx") - debug not enabled!
L 06/27/2020 - 00:15:40: [AMXX] To enable debug mode, add "debug" after the plugin name in plugins.ini (without quotes).
L 06/27/2020 - 00:15:40: String formatted incorrectly - parameter 6 (total 5)
L 06/27/2020 - 00:15:40: [AMXX] Run time error 25 (plugin "killlog.amxx") - debug not enabled!
L 06/27/2020 - 00:15:40: [AMXX] To enable debug mode, add "debug" after the plugin name in plugins.ini (without quotes).
L 06/27/2020 - 00:15:40: String formatted incorrectly - parameter 6 (total 5)
L 06/27/2020 - 00:15:40: [AMXX] Run time error 25 (plugin "killlog.amxx") - debug not enabled!
L 06/27/2020 - 00:15:40: [AMXX] To enable debug mode, add "debug" after the plugin name in plugins.ini (without quotes).
L 06/27/2020 - 00:15:40: String formatted incorrectly - parameter 6 (total 5)
L 06/27/2020 - 00:15:40: [AMXX] Run time error 25 (plugin "killlog.amxx") - debug not enabled!
L 06/27/2020 - 00:15:40: [AMXX] To enable debug mode, add "debug" after the plugin name in plugins.ini (without quotes).
L 06/27/2020 - 00:15:40: String formatted incorrectly - parameter 6 (total 5)
L 06/27/2020 - 00:15:40: [AMXX] Run time error 25 (plugin "killlog.amxx") - debug not enabled!
L 06/27/2020 - 00:15:40: [AMXX] To enable debug mode, add "debug" after the plugin name in plugins.ini (without quotes).
L 06/27/2020 - 00:15:40: String formatted incorrectly - parameter 6 (total 5)
L 06/27/2020 - 00:15:40: [AMXX] Run time error 25 (plugin "killlog.amxx") - debug not enabled!
L 06/27/2020 - 00:15:40: [AMXX] To enable debug mode, add "debug" after the plugin name in plugins.ini (without quotes).
L 06/27/2020 - 00:15:40: String formatted incorrectly - parameter 6 (total 5)
L 06/27/2020 - 00:15:40: [AMXX] Run time error 25 (plugin "killlog.amxx") - debug not enabled!
L 06/27/2020 - 00:15:40: [AMXX] To enable debug mode, add "debug" after the plugin name in plugins.ini (without quotes).
L 06/27/2020 - 00:15:40: String formatted incorrectly - parameter 6 (total 5)
L 06/27/2020 - 00:15:40: [AMXX] Run time error 25 (plugin "killlog.amxx") - debug not enabled!
L 06/27/2020 - 00:15:40: [AMXX] To enable debug mode, add "debug" after the plugin name in plugins.ini (without quotes).
L 06/27/2020 - 19:28:54: Start of error session.
L 06/27/2020 - 19:28:54: Info (map "cs_16fighter") (file "addons/amxmodx/logs/error_20200627.log")
L 06/27/2020 - 19:28:54: String formatted incorrectly - parameter 6 (total 5)
L 06/27/2020 - 19:28:54: [AMXX] Run time error 25 (plugin "killlog.amxx") - debug not enabled!
L 06/27/2020 - 19:28:54: [AMXX] To enable debug mode, add "debug" after the plugin name in plugins.ini (without quotes).
L 06/27/2020 - 21:59:42: Start of error session.
L 06/27/2020 - 21:59:42: Info (map "de_mipt") (file "addons/amxmodx/logs/error_20200627.log")
L 06/27/2020 - 21:59:42: String formatted incorrectly - parameter 6 (total 5)
L 06/27/2020 - 21:59:42: [AMXX] Run time error 25 (plugin "killlog.amxx") - debug not enabled!
L 06/27/2020 - 21:59:42: [AMXX] To enable debug mode, add "debug" after the plugin name in plugins.ini (without quotes).
L 06/27/2020 - 22:01:17: String formatted incorrectly - parameter 6 (total 5)
L 06/27/2020 - 22:01:17: [AMXX] Run time error 25 (plugin "killlog.amxx") - debug not enabled!
L 06/27/2020 - 22:01:17: [AMXX] To enable debug mode, add "debug" after the plugin name in plugins.ini (without quotes).
L 06/27/2020 - 22:01:27: String formatted incorrectly - parameter 6 (total 5)
L 06/27/2020 - 22:01:27: [AMXX] Run time error 25 (plugin "killlog.amxx") - debug not enabled!
L 06/27/2020 - 22:01:27: [AMXX] To enable debug mode, add "debug" after the plugin name in plugins.ini (without quotes).
L 06/27/2020 - 22:04:40: String formatted incorrectly - parameter 6 (total 5)
L 06/27/2020 - 22:04:40: [AMXX] Run time error 25 (plugin "killlog.amxx") - debug not enabled!
L 06/27/2020 - 22:04:40: [AMXX] To enable debug mode, add "debug" after the plugin name in plugins.ini (without quotes).
L 06/27/2020 - 22:05:36: String formatted incorrectly - parameter 6 (total 5)
L 06/27/2020 - 22:05:36: [AMXX] Run time error 25 (plugin "killlog.amxx") - debug not enabled!
L 06/27/2020 - 22:05:36: [AMXX] To enable debug mode, add "debug" after the plugin name in plugins.ini (without quotes).
L 06/27/2020 - 22:10:17: String formatted incorrectly - parameter 6 (total 5)
L 06/27/2020 - 22:10:17: [AMXX] Run time error 25 (plugin "killlog.amxx") - debug not enabled!
L 06/27/2020 - 22:10:17: [AMXX] To enable debug mode, add "debug" after the plugin name in plugins.ini (without quotes).
L 06/27/2020 - 22:11:02: Start of error session.
L 06/27/2020 - 22:11:02: Info (map "cs_16fighter") (file "addons/amxmodx/logs/error_20200627.log")
L 06/27/2020 - 22:11:02: String formatted incorrectly - parameter 6 (total 5)
L 06/27/2020 - 22:11:02: [AMXX] Run time error 25 (plugin "killlog.amxx") - debug not enabled!
L 06/27/2020 - 22:11:02: [AMXX] To enable debug mode, add "debug" after the plugin name in plugins.ini (without quotes).
L 06/27/2020 - 22:11:07: String formatted incorrectly - parameter 6 (total 5)
L 06/27/2020 - 22:11:07: [AMXX] Run time error 25 (plugin "killlog.amxx") - debug not enabled!
L 06/27/2020 - 22:11:07: [AMXX] To enable debug mode, add "debug" after the plugin name in plugins.ini (without quotes).
L 06/27/2020 - 22:13:11: Start of error session.
L 06/27/2020 - 22:13:11: Info (map "de_inferno") (file "addons/amxmodx/logs/error_20200627.log")
L 06/27/2020 - 22:13:11: String formatted incorrectly - parameter 6 (total 5)
L 06/27/2020 - 22:13:11: [AMXX] Run time error 25 (plugin "killlog.amxx") - debug not enabled!
L 06/27/2020 - 22:13:11: [AMXX] To enable debug mode, add "debug" after the plugin name in plugins.ini (without quotes).
L 06/27/2020 - 22:13:11: String formatted incorrectly - parameter 6 (total 5)
L 06/27/2020 - 22:13:11: [AMXX] Run time error 25 (plugin "killlog.amxx") - debug not enabled!
L 06/27/2020 - 22:13:11: [AMXX] To enable debug mode, add "debug" after the plugin name in plugins.ini (without quotes).
L 06/27/2020 - 22:15:08: Start of error session.
L 06/27/2020 - 22:15:08: Info (map "de_dust2_2x2") (file "addons/amxmodx/logs/error_20200627.log")
L 06/27/2020 - 22:15:08: String formatted incorrectly - parameter 6 (total 5)
L 06/27/2020 - 22:15:08: [AMXX] Run time error 25 (plugin "killlog.amxx") - debug not enabled!
L 06/27/2020 - 22:15:08: [AMXX] To enable debug mode, add "debug" after the plugin name in plugins.ini (without quotes).
L 06/27/2020 - 22:15:08: String formatted incorrectly - parameter 6 (total 5)
L 06/27/2020 - 22:15:08: [AMXX] Run time error 25 (plugin "killlog.amxx") - debug not enabled!
L 06/27/2020 - 22:15:08: [AMXX] To enable debug mode, add "debug" after the plugin name in plugins.ini (without quotes).
L 06/27/2020 - 22:20:08: String formatted incorrectly - parameter 6 (total 5)
L 06/27/2020 - 22:20:08: [AMXX] Run time error 25 (plugin "killlog.amxx") - debug not enabled!
L 06/27/2020 - 22:20:08: [AMXX] To enable debug mode, add "debug" after the plugin name in plugins.ini (without quotes).
L 06/27/2020 - 22:30:06: String formatted incorrectly - parameter 6 (total 5)
L 06/27/2020 - 22:30:06: [AMXX] Run time error 25 (plugin "killlog.amxx") - debug not enabled!
L 06/27/2020 - 22:30:06: [AMXX] To enable debug mode, add "debug" after the plugin name in plugins.ini (without quotes).
L 06/27/2020 - 22:42:32: String formatted incorrectly - parameter 6 (total 5)
L 06/27/2020 - 22:42:32: [AMXX] Run time error 25 (plugin "killlog.amxx") - debug not enabled!
L 06/27/2020 - 22:42:32: [AMXX] To enable debug mode, add "debug" after the plugin name in plugins.ini (without quotes).
L 06/27/2020 - 22:45:19: String formatted incorrectly - parameter 6 (total 5)
L 06/27/2020 - 22:45:19: [AMXX] Run time error 25 (plugin "killlog.amxx") - debug not enabled!
L 06/27/2020 - 22:45:19: [AMXX] To enable debug mode, add "debug" after the plugin name in plugins.ini (without quotes).
L 06/27/2020 - 22:48:50: String formatted incorrectly - parameter 6 (total 5)
L 06/27/2020 - 22:48:50: [AMXX] Run time error 25 (plugin "killlog.amxx") - debug not enabled!
L 06/27/2020 - 22:48:50: [AMXX] To enable debug mode, add "debug" after the plugin name in plugins.ini (without quotes).
L 06/27/2020 - 22:57:39: Start of error session.
L 06/27/2020 - 22:57:39: Info (map "fy_train") (file "addons/amxmodx/logs/error_20200627.log")
L 06/27/2020 - 22:57:39: String formatted incorrectly - parameter 6 (total 5)
L 06/27/2020 - 22:57:39: [AMXX] Run time error 25 (plugin "killlog.amxx") - debug not enabled!
L 06/27/2020 - 22:57:39: [AMXX] To enable debug mode, add "debug" after the plugin name in plugins.ini (without quotes).
L 06/27/2020 - 22:57:39: String formatted incorrectly - parameter 6 (total 5)
L 06/27/2020 - 22:57:39: [AMXX] Run time error 25 (plugin "killlog.amxx") - debug not enabled!
L 06/27/2020 - 22:57:39: [AMXX] To enable debug mode, add "debug" after the plugin name in plugins.ini (without quotes).
L 06/27/2020 - 22:57:39: String formatted incorrectly - parameter 6 (total 5)
L 06/27/2020 - 22:57:39: [AMXX] Run time error 25 (plugin "killlog.amxx") - debug not enabled!
L 06/27/2020 - 22:57:39: [AMXX] To enable debug mode, add "debug" after the plugin name in plugins.ini (without quotes).
L 06/27/2020 - 22:57:39: String formatted incorrectly - parameter 6 (total 5)
L 06/27/2020 - 22:57:39: [AMXX] Run time error 25 (plugin "killlog.amxx") - debug not enabled!
L 06/27/2020 - 22:57:39: [AMXX] To enable debug mode, add "debug" after the plugin name in plugins.ini (without quotes).
L 06/27/2020 - 22:57:39: String formatted incorrectly - parameter 6 (total 5)
L 06/27/2020 - 22:57:39: [AMXX] Run time error 25 (plugin "killlog.amxx") - debug not enabled!
L 06/27/2020 - 22:57:39: [AMXX] To enable debug mode, add "debug" after the plugin name in plugins.ini (without quotes).
L 06/27/2020 - 22:57:39: String formatted incorrectly - parameter 6 (total 5)
L 06/27/2020 - 22:57:39: [AMXX] Run time error 25 (plugin "killlog.amxx") - debug not enabled!
L 06/27/2020 - 22:57:39: [AMXX] To enable debug mode, add "debug" after the plugin name in plugins.ini (without quotes).
L 06/27/2020 - 22:57:40: String formatted incorrectly - parameter 6 (total 5)
L 06/27/2020 - 22:57:40: [AMXX] Run time error 25 (plugin "killlog.amxx") - debug not enabled!
L 06/27/2020 - 22:57:40: [AMXX] To enable debug mode, add "debug" after the plugin name in plugins.ini (without quotes).
L 06/27/2020 - 22:58:13: Start of error session.
L 06/27/2020 - 22:58:13: Info (map "de_aztec") (file "addons/amxmodx/logs/error_20200627.log")
L 06/27/2020 - 22:58:13: String formatted incorrectly - parameter 6 (total 5)
L 06/27/2020 - 22:58:13: [AMXX] Run time error 25 (plugin "killlog.amxx") - debug not enabled!
L 06/27/2020 - 22:58:13: [AMXX] To enable debug mode, add "debug" after the plugin name in plugins.ini (without quotes).
L 06/27/2020 - 22:58:13: String formatted incorrectly - parameter 6 (total 5)
L 06/27/2020 - 22:58:13: [AMXX] Run time error 25 (plugin "killlog.amxx") - debug not enabled!
L 06/27/2020 - 22:58:13: [AMXX] To enable debug mode, add "debug" after the plugin name in plugins.ini (without quotes).
L 06/27/2020 - 22:58:13: String formatted incorrectly - parameter 6 (total 5)
L 06/27/2020 - 22:58:13: [AMXX] Run time error 25 (plugin "killlog.amxx") - debug not enabled!
L 06/27/2020 - 22:58:13: [AMXX] To enable debug mode, add "debug" after the plugin name in plugins.ini (without quotes).
L 06/27/2020 - 22:58:13: String formatted incorrectly - parameter 6 (total 5)
L 06/27/2020 - 22:58:13: [AMXX] Run time error 25 (plugin "killlog.amxx") - debug not enabled!
L 06/27/2020 - 22:58:13: [AMXX] To enable debug mode, add "debug" after the plugin name in plugins.ini (without quotes).
L 06/27/2020 - 22:58:13: String formatted incorrectly - parameter 6 (total 5)
L 06/27/2020 - 22:58:13: [AMXX] Run time error 25 (plugin "killlog.amxx") - debug not enabled!
L 06/27/2020 - 22:58:13: [AMXX] To enable debug mode, add "debug" after the plugin name in plugins.ini (without quotes).
L 06/27/2020 - 22:58:13: String formatted incorrectly - parameter 6 (total 5)
L 06/27/2020 - 22:58:13: [AMXX] Run time error 25 (plugin "killlog.amxx") - debug not enabled!
L 06/27/2020 - 22:58:13: [AMXX] To enable debug mode, add "debug" after the plugin name in plugins.ini (without quotes).
L 06/27/2020 - 22:58:13: String formatted incorrectly - parameter 6 (total 5)
L 06/27/2020 - 22:58:13: [AMXX] Run time error 25 (plugin "killlog.amxx") - debug not enabled!
L 06/27/2020 - 22:58:13: [AMXX] To enable debug mode, add "debug" after the plugin name in plugins.ini (without quotes).
L 06/27/2020 - 23:20:08: String formatted incorrectly - parameter 6 (total 5)
L 06/27/2020 - 23:20:08: [AMXX] Run time error 25 (plugin "killlog.amxx") - debug not enabled!
L 06/27/2020 - 23:20:08: [AMXX] To enable debug mode, add "debug" after the plugin name in plugins.ini (without quotes).
L 06/27/2020 - 23:30:06: Start of error session.
L 06/27/2020 - 23:30:06: Info (map "de_inferno") (file "addons/amxmodx/logs/error_20200627.log")
L 06/27/2020 - 23:30:06: String formatted incorrectly - parameter 6 (total 5)
L 06/27/2020 - 23:30:06: [AMXX] Run time error 25 (plugin "killlog.amxx") - debug not enabled!
L 06/27/2020 - 23:30:06: [AMXX] To enable debug mode, add "debug" after the plugin name in plugins.ini (without quotes).
L 06/27/2020 - 23:30:06: String formatted incorrectly - parameter 6 (total 5)
L 06/27/2020 - 23:30:06: [AMXX] Run time error 25 (plugin "killlog.amxx") - debug not enabled!
L 06/27/2020 - 23:30:06: [AMXX] To enable debug mode, add "debug" after the plugin name in plugins.ini (without quotes).
L 06/27/2020 - 23:30:06: String formatted incorrectly - parameter 6 (total 5)
L 06/27/2020 - 23:30:06: [AMXX] Run time error 25 (plugin "killlog.amxx") - debug not enabled!
L 06/27/2020 - 23:30:06: [AMXX] To enable debug mode, add "debug" after the plugin name in plugins.ini (without quotes).
L 06/27/2020 - 23:30:06: String formatted incorrectly - parameter 6 (total 5)
L 06/27/2020 - 23:30:06: [AMXX] Run time error 25 (plugin "killlog.amxx") - debug not enabled!
L 06/27/2020 - 23:30:06: [AMXX] To enable debug mode, add "debug" after the plugin name in plugins.ini (without quotes).
L 06/27/2020 - 23:30:06: String formatted incorrectly - parameter 6 (total 5)
L 06/27/2020 - 23:30:06: [AMXX] Run time error 25 (plugin "killlog.amxx") - debug not enabled!
L 06/27/2020 - 23:30:06: [AMXX] To enable debug mode, add "debug" after the plugin name in plugins.ini (without quotes).
L 06/27/2020 - 23:30:06: String formatted incorrectly - parameter 6 (total 5)
L 06/27/2020 - 23:30:06: [AMXX] Run time error 25 (plugin "killlog.amxx") - debug not enabled!
L 06/27/2020 - 23:30:06: [AMXX] To enable debug mode, add "debug" after the plugin name in plugins.ini (without quotes).
L 06/27/2020 - 23:30:06: String formatted incorrectly - parameter 6 (total 5)
L 06/27/2020 - 23:30:06: [AMXX] Run time error 25 (plugin "killlog.amxx") - debug not enabled!
L 06/27/2020 - 23:30:06: [AMXX] To enable debug mode, add "debug" after the plugin name in plugins.ini (without quotes).
L 06/27/2020 - 23:34:11: String formatted incorrectly - parameter 6 (total 5)
L 06/27/2020 - 23:34:11: [AMXX] Run time error 25 (plugin "killlog.amxx") - debug not enabled!
L 06/27/2020 - 23:34:11: [AMXX] To enable debug mode, add "debug" after the plugin name in plugins.ini (without quotes).
L 06/27/2020 - 23:57:51: Start of error session.
L 06/27/2020 - 23:57:51: Info (map "de_dust2_2x2") (file "addons/amxmodx/logs/error_20200627.log")
L 06/27/2020 - 23:57:51: String formatted incorrectly - parameter 6 (total 5)
L 06/27/2020 - 23:57:51: [AMXX] Run time error 25 (plugin "killlog.amxx") - debug not enabled!
L 06/27/2020 - 23:57:51: [AMXX] To enable debug mode, add "debug" after the plugin name in plugins.ini (without quotes).
L 06/27/2020 - 23:57:51: String formatted incorrectly - parameter 6 (total 5)
L 06/27/2020 - 23:57:51: [AMXX] Run time error 25 (plugin "killlog.amxx") - debug not enabled!
L 06/27/2020 - 23:57:51: [AMXX] To enable debug mode, add "debug" after the plugin name in plugins.ini (without quotes).
L 06/27/2020 - 23:57:51: String formatted incorrectly - parameter 6 (total 5)
L 06/27/2020 - 23:57:51: [AMXX] Run time error 25 (plugin "killlog.amxx") - debug not enabled!
L 06/27/2020 - 23:57:51: [AMXX] To enable debug mode, add "debug" after the plugin name in plugins.ini (without quotes).
L 06/27/2020 - 23:57:51: String formatted incorrectly - parameter 6 (total 5)
L 06/27/2020 - 23:57:51: [AMXX] Run time error 25 (plugin "killlog.amxx") - debug not enabled!
L 06/27/2020 - 23:57:51: [AMXX] To enable debug mode, add "debug" after the plugin name in plugins.ini (without quotes).
L 06/27/2020 - 23:57:51: String formatted incorrectly - parameter 6 (total 5)
L 06/27/2020 - 23:57:51: [AMXX] Run time error 25 (plugin "killlog.amxx") - debug not enabled!
L 06/27/2020 - 23:57:51: [AMXX] To enable debug mode, add "debug" after the plugin name in plugins.ini (without quotes).
L 06/27/2020 - 23:57:51: String formatted incorrectly - parameter 6 (total 5)
L 06/27/2020 - 23:57:51: [AMXX] Run time error 25 (plugin "killlog.amxx") - debug not enabled!
L 06/27/2020 - 23:57:51: [AMXX] To enable debug mode, add "debug" after the plugin name in plugins.ini (without quotes).
L 06/27/2020 - 23:57:51: String formatted incorrectly - parameter 6 (total 5)
L 06/27/2020 - 23:57:51: [AMXX] Run time error 25 (plugin "killlog.amxx") - debug not enabled!
L 06/27/2020 - 23:57:51: [AMXX] To enable debug mode, add "debug" after the plugin name in plugins.ini (without quotes).
L 06/27/2020 - 23:57:51: String formatted incorrectly - parameter 6 (total 5)
L 06/27/2020 - 23:57:51: [AMXX] Run time error 25 (plugin "killlog.amxx") - debug not enabled!
L 06/27/2020 - 23:57:51: [AMXX] To enable debug mode, add "debug" after the plugin name in plugins.ini (without quotes).
