L 06/30/2020 - 00:01:31: Start of error session.
L 06/30/2020 - 00:01:31: Info (map "cs_pf_dust") (file "addons/amxmodx/logs/error_20200630.log")
L 06/30/2020 - 00:01:31: String formatted incorrectly - parameter 6 (total 5)
L 06/30/2020 - 00:01:31: [AMXX] Run time error 25 (plugin "killlog.amxx") - debug not enabled!
L 06/30/2020 - 00:01:31: [AMXX] To enable debug mode, add "debug" after the plugin name in plugins.ini (without quotes).
L 06/30/2020 - 00:01:31: String formatted incorrectly - parameter 6 (total 5)
L 06/30/2020 - 00:01:31: [AMXX] Run time error 25 (plugin "killlog.amxx") - debug not enabled!
L 06/30/2020 - 00:01:31: [AMXX] To enable debug mode, add "debug" after the plugin name in plugins.ini (without quotes).
L 06/30/2020 - 00:01:31: String formatted incorrectly - parameter 6 (total 5)
L 06/30/2020 - 00:01:31: [AMXX] Run time error 25 (plugin "killlog.amxx") - debug not enabled!
L 06/30/2020 - 00:01:31: [AMXX] To enable debug mode, add "debug" after the plugin name in plugins.ini (without quotes).
L 06/30/2020 - 00:01:31: String formatted incorrectly - parameter 6 (total 5)
L 06/30/2020 - 00:01:31: [AMXX] Run time error 25 (plugin "killlog.amxx") - debug not enabled!
L 06/30/2020 - 00:01:31: [AMXX] To enable debug mode, add "debug" after the plugin name in plugins.ini (without quotes).
L 06/30/2020 - 00:01:31: String formatted incorrectly - parameter 6 (total 5)
L 06/30/2020 - 00:01:31: [AMXX] Run time error 25 (plugin "killlog.amxx") - debug not enabled!
L 06/30/2020 - 00:01:31: [AMXX] To enable debug mode, add "debug" after the plugin name in plugins.ini (without quotes).
L 06/30/2020 - 00:01:31: String formatted incorrectly - parameter 6 (total 5)
L 06/30/2020 - 00:01:31: [AMXX] Run time error 25 (plugin "killlog.amxx") - debug not enabled!
L 06/30/2020 - 00:01:31: [AMXX] To enable debug mode, add "debug" after the plugin name in plugins.ini (without quotes).
L 06/30/2020 - 00:01:31: String formatted incorrectly - parameter 6 (total 5)
L 06/30/2020 - 00:01:31: [AMXX] Run time error 25 (plugin "killlog.amxx") - debug not enabled!
L 06/30/2020 - 00:01:31: [AMXX] To enable debug mode, add "debug" after the plugin name in plugins.ini (without quotes).
L 06/30/2020 - 00:01:31: String formatted incorrectly - parameter 6 (total 5)
L 06/30/2020 - 00:01:31: [AMXX] Run time error 25 (plugin "killlog.amxx") - debug not enabled!
L 06/30/2020 - 00:01:31: [AMXX] To enable debug mode, add "debug" after the plugin name in plugins.ini (without quotes).
L 06/30/2020 - 00:01:31: String formatted incorrectly - parameter 6 (total 5)
L 06/30/2020 - 00:01:31: [AMXX] Run time error 25 (plugin "killlog.amxx") - debug not enabled!
L 06/30/2020 - 00:01:31: [AMXX] To enable debug mode, add "debug" after the plugin name in plugins.ini (without quotes).
L 06/30/2020 - 00:01:31: String formatted incorrectly - parameter 6 (total 5)
L 06/30/2020 - 00:01:31: [AMXX] Run time error 25 (plugin "killlog.amxx") - debug not enabled!
L 06/30/2020 - 00:01:31: [AMXX] To enable debug mode, add "debug" after the plugin name in plugins.ini (without quotes).
