L 06/28/2020 - 00:10:12: String formatted incorrectly - parameter 6 (total 5)
L 06/28/2020 - 00:10:12: [AMXX] Run time error 25 (plugin "killlog.amxx") - debug not enabled!
L 06/28/2020 - 00:10:12: [AMXX] To enable debug mode, add "debug" after the plugin name in plugins.ini (without quotes).
L 06/28/2020 - 00:14:43: String formatted incorrectly - parameter 6 (total 5)
L 06/28/2020 - 00:14:43: [AMXX] Run time error 25 (plugin "killlog.amxx") - debug not enabled!
L 06/28/2020 - 00:14:43: [AMXX] To enable debug mode, add "debug" after the plugin name in plugins.ini (without quotes).
L 06/28/2020 - 21:48:42: Start of error session.
L 06/28/2020 - 21:48:42: Info (map "cs_discounter") (file "addons/amxmodx/logs/error_20200628.log")
L 06/28/2020 - 21:48:42: String formatted incorrectly - parameter 6 (total 5)
L 06/28/2020 - 21:48:42: [AMXX] Run time error 25 (plugin "killlog.amxx") - debug not enabled!
L 06/28/2020 - 21:48:42: [AMXX] To enable debug mode, add "debug" after the plugin name in plugins.ini (without quotes).
L 06/28/2020 - 21:49:09: Start of error session.
L 06/28/2020 - 21:49:09: Info (map "de_dust2_2x2") (file "addons/amxmodx/logs/error_20200628.log")
L 06/28/2020 - 21:49:09: String formatted incorrectly - parameter 6 (total 5)
L 06/28/2020 - 21:49:09: [AMXX] Run time error 25 (plugin "killlog.amxx") - debug not enabled!
L 06/28/2020 - 21:49:09: [AMXX] To enable debug mode, add "debug" after the plugin name in plugins.ini (without quotes).
L 06/28/2020 - 22:27:23: String formatted incorrectly - parameter 6 (total 5)
L 06/28/2020 - 22:27:23: [AMXX] Run time error 25 (plugin "killlog.amxx") - debug not enabled!
L 06/28/2020 - 22:27:23: [AMXX] To enable debug mode, add "debug" after the plugin name in plugins.ini (without quotes).
L 06/28/2020 - 22:29:38: String formatted incorrectly - parameter 6 (total 5)
L 06/28/2020 - 22:29:38: [AMXX] Run time error 25 (plugin "killlog.amxx") - debug not enabled!
L 06/28/2020 - 22:29:38: [AMXX] To enable debug mode, add "debug" after the plugin name in plugins.ini (without quotes).
L 06/28/2020 - 22:40:54: String formatted incorrectly - parameter 6 (total 5)
L 06/28/2020 - 22:40:54: [AMXX] Run time error 25 (plugin "killlog.amxx") - debug not enabled!
L 06/28/2020 - 22:40:54: [AMXX] To enable debug mode, add "debug" after the plugin name in plugins.ini (without quotes).
L 06/28/2020 - 22:41:15: String formatted incorrectly - parameter 6 (total 5)
L 06/28/2020 - 22:41:15: [AMXX] Run time error 25 (plugin "killlog.amxx") - debug not enabled!
L 06/28/2020 - 22:41:15: [AMXX] To enable debug mode, add "debug" after the plugin name in plugins.ini (without quotes).
L 06/28/2020 - 22:41:40: String formatted incorrectly - parameter 6 (total 5)
L 06/28/2020 - 22:41:40: [AMXX] Run time error 25 (plugin "killlog.amxx") - debug not enabled!
L 06/28/2020 - 22:41:40: [AMXX] To enable debug mode, add "debug" after the plugin name in plugins.ini (without quotes).
L 06/28/2020 - 22:42:55: String formatted incorrectly - parameter 6 (total 5)
L 06/28/2020 - 22:42:55: [AMXX] Run time error 25 (plugin "killlog.amxx") - debug not enabled!
L 06/28/2020 - 22:42:55: [AMXX] To enable debug mode, add "debug" after the plugin name in plugins.ini (without quotes).
L 06/28/2020 - 22:45:35: String formatted incorrectly - parameter 6 (total 5)
L 06/28/2020 - 22:45:35: [AMXX] Run time error 25 (plugin "killlog.amxx") - debug not enabled!
L 06/28/2020 - 22:45:35: [AMXX] To enable debug mode, add "debug" after the plugin name in plugins.ini (without quotes).
L 06/28/2020 - 22:48:55: String formatted incorrectly - parameter 6 (total 5)
L 06/28/2020 - 22:48:55: [AMXX] Run time error 25 (plugin "killlog.amxx") - debug not enabled!
L 06/28/2020 - 22:48:55: [AMXX] To enable debug mode, add "debug" after the plugin name in plugins.ini (without quotes).
L 06/28/2020 - 22:52:51: String formatted incorrectly - parameter 6 (total 5)
L 06/28/2020 - 22:52:51: [AMXX] Run time error 25 (plugin "killlog.amxx") - debug not enabled!
L 06/28/2020 - 22:52:51: [AMXX] To enable debug mode, add "debug" after the plugin name in plugins.ini (without quotes).
L 06/28/2020 - 22:57:00: Start of error session.
L 06/28/2020 - 22:57:00: Info (map "de_inferno") (file "addons/amxmodx/logs/error_20200628.log")
L 06/28/2020 - 22:57:00: String formatted incorrectly - parameter 6 (total 5)
L 06/28/2020 - 22:57:00: [AMXX] Run time error 25 (plugin "killlog.amxx") - debug not enabled!
L 06/28/2020 - 22:57:00: [AMXX] To enable debug mode, add "debug" after the plugin name in plugins.ini (without quotes).
L 06/28/2020 - 22:57:00: String formatted incorrectly - parameter 6 (total 5)
L 06/28/2020 - 22:57:00: [AMXX] Run time error 25 (plugin "killlog.amxx") - debug not enabled!
L 06/28/2020 - 22:57:00: [AMXX] To enable debug mode, add "debug" after the plugin name in plugins.ini (without quotes).
L 06/28/2020 - 22:57:00: String formatted incorrectly - parameter 6 (total 5)
L 06/28/2020 - 22:57:00: [AMXX] Run time error 25 (plugin "killlog.amxx") - debug not enabled!
L 06/28/2020 - 22:57:00: [AMXX] To enable debug mode, add "debug" after the plugin name in plugins.ini (without quotes).
L 06/28/2020 - 22:57:00: String formatted incorrectly - parameter 6 (total 5)
L 06/28/2020 - 22:57:00: [AMXX] Run time error 25 (plugin "killlog.amxx") - debug not enabled!
L 06/28/2020 - 22:57:00: [AMXX] To enable debug mode, add "debug" after the plugin name in plugins.ini (without quotes).
L 06/28/2020 - 22:57:00: String formatted incorrectly - parameter 6 (total 5)
L 06/28/2020 - 22:57:00: [AMXX] Run time error 25 (plugin "killlog.amxx") - debug not enabled!
L 06/28/2020 - 22:57:00: [AMXX] To enable debug mode, add "debug" after the plugin name in plugins.ini (without quotes).
L 06/28/2020 - 22:57:00: String formatted incorrectly - parameter 6 (total 5)
L 06/28/2020 - 22:57:00: [AMXX] Run time error 25 (plugin "killlog.amxx") - debug not enabled!
L 06/28/2020 - 22:57:00: [AMXX] To enable debug mode, add "debug" after the plugin name in plugins.ini (without quotes).
L 06/28/2020 - 22:57:00: String formatted incorrectly - parameter 6 (total 5)
L 06/28/2020 - 22:57:00: [AMXX] Run time error 25 (plugin "killlog.amxx") - debug not enabled!
L 06/28/2020 - 22:57:00: [AMXX] To enable debug mode, add "debug" after the plugin name in plugins.ini (without quotes).
L 06/28/2020 - 22:57:00: String formatted incorrectly - parameter 6 (total 5)
L 06/28/2020 - 22:57:00: [AMXX] Run time error 25 (plugin "killlog.amxx") - debug not enabled!
L 06/28/2020 - 22:57:00: [AMXX] To enable debug mode, add "debug" after the plugin name in plugins.ini (without quotes).
L 06/28/2020 - 22:57:01: String formatted incorrectly - parameter 6 (total 5)
L 06/28/2020 - 22:57:01: [AMXX] Run time error 25 (plugin "killlog.amxx") - debug not enabled!
L 06/28/2020 - 22:57:01: [AMXX] To enable debug mode, add "debug" after the plugin name in plugins.ini (without quotes).
L 06/28/2020 - 23:07:22: String formatted incorrectly - parameter 6 (total 5)
L 06/28/2020 - 23:07:22: [AMXX] Run time error 25 (plugin "killlog.amxx") - debug not enabled!
L 06/28/2020 - 23:07:22: [AMXX] To enable debug mode, add "debug" after the plugin name in plugins.ini (without quotes).
L 06/28/2020 - 23:14:58: String formatted incorrectly - parameter 6 (total 5)
L 06/28/2020 - 23:14:58: [AMXX] Run time error 25 (plugin "killlog.amxx") - debug not enabled!
L 06/28/2020 - 23:14:58: [AMXX] To enable debug mode, add "debug" after the plugin name in plugins.ini (without quotes).
L 06/28/2020 - 23:15:37: String formatted incorrectly - parameter 6 (total 5)
L 06/28/2020 - 23:15:37: [AMXX] Run time error 25 (plugin "killlog.amxx") - debug not enabled!
L 06/28/2020 - 23:15:37: [AMXX] To enable debug mode, add "debug" after the plugin name in plugins.ini (without quotes).
L 06/28/2020 - 23:16:30: String formatted incorrectly - parameter 6 (total 5)
L 06/28/2020 - 23:16:30: [AMXX] Run time error 25 (plugin "killlog.amxx") - debug not enabled!
L 06/28/2020 - 23:16:30: [AMXX] To enable debug mode, add "debug" after the plugin name in plugins.ini (without quotes).
L 06/28/2020 - 23:19:00: String formatted incorrectly - parameter 6 (total 5)
L 06/28/2020 - 23:19:00: [AMXX] Run time error 25 (plugin "killlog.amxx") - debug not enabled!
L 06/28/2020 - 23:19:00: [AMXX] To enable debug mode, add "debug" after the plugin name in plugins.ini (without quotes).
L 06/28/2020 - 23:19:08: String formatted incorrectly - parameter 6 (total 5)
L 06/28/2020 - 23:19:08: [AMXX] Run time error 25 (plugin "killlog.amxx") - debug not enabled!
L 06/28/2020 - 23:19:08: [AMXX] To enable debug mode, add "debug" after the plugin name in plugins.ini (without quotes).
L 06/28/2020 - 23:19:58: String formatted incorrectly - parameter 6 (total 5)
L 06/28/2020 - 23:19:58: [AMXX] Run time error 25 (plugin "killlog.amxx") - debug not enabled!
L 06/28/2020 - 23:19:58: [AMXX] To enable debug mode, add "debug" after the plugin name in plugins.ini (without quotes).
L 06/28/2020 - 23:20:19: String formatted incorrectly - parameter 6 (total 5)
L 06/28/2020 - 23:20:19: [AMXX] Run time error 25 (plugin "killlog.amxx") - debug not enabled!
L 06/28/2020 - 23:20:19: [AMXX] To enable debug mode, add "debug" after the plugin name in plugins.ini (without quotes).
L 06/28/2020 - 23:26:08: String formatted incorrectly - parameter 6 (total 5)
L 06/28/2020 - 23:26:08: [AMXX] Run time error 25 (plugin "killlog.amxx") - debug not enabled!
L 06/28/2020 - 23:26:08: [AMXX] To enable debug mode, add "debug" after the plugin name in plugins.ini (without quotes).
L 06/28/2020 - 23:35:28: Start of error session.
L 06/28/2020 - 23:35:28: Info (map "de_aztec") (file "addons/amxmodx/logs/error_20200628.log")
L 06/28/2020 - 23:35:28: String formatted incorrectly - parameter 6 (total 5)
L 06/28/2020 - 23:35:28: [AMXX] Run time error 25 (plugin "killlog.amxx") - debug not enabled!
L 06/28/2020 - 23:35:28: [AMXX] To enable debug mode, add "debug" after the plugin name in plugins.ini (without quotes).
L 06/28/2020 - 23:35:28: String formatted incorrectly - parameter 6 (total 5)
L 06/28/2020 - 23:35:28: [AMXX] Run time error 25 (plugin "killlog.amxx") - debug not enabled!
L 06/28/2020 - 23:35:28: [AMXX] To enable debug mode, add "debug" after the plugin name in plugins.ini (without quotes).
L 06/28/2020 - 23:35:28: String formatted incorrectly - parameter 6 (total 5)
L 06/28/2020 - 23:35:28: [AMXX] Run time error 25 (plugin "killlog.amxx") - debug not enabled!
L 06/28/2020 - 23:35:28: [AMXX] To enable debug mode, add "debug" after the plugin name in plugins.ini (without quotes).
L 06/28/2020 - 23:35:28: String formatted incorrectly - parameter 6 (total 5)
L 06/28/2020 - 23:35:28: [AMXX] Run time error 25 (plugin "killlog.amxx") - debug not enabled!
L 06/28/2020 - 23:35:28: [AMXX] To enable debug mode, add "debug" after the plugin name in plugins.ini (without quotes).
L 06/28/2020 - 23:35:28: String formatted incorrectly - parameter 6 (total 5)
L 06/28/2020 - 23:35:28: [AMXX] Run time error 25 (plugin "killlog.amxx") - debug not enabled!
L 06/28/2020 - 23:35:28: [AMXX] To enable debug mode, add "debug" after the plugin name in plugins.ini (without quotes).
L 06/28/2020 - 23:35:28: String formatted incorrectly - parameter 6 (total 5)
L 06/28/2020 - 23:35:28: [AMXX] Run time error 25 (plugin "killlog.amxx") - debug not enabled!
L 06/28/2020 - 23:35:28: [AMXX] To enable debug mode, add "debug" after the plugin name in plugins.ini (without quotes).
L 06/28/2020 - 23:35:28: String formatted incorrectly - parameter 6 (total 5)
L 06/28/2020 - 23:35:28: [AMXX] Run time error 25 (plugin "killlog.amxx") - debug not enabled!
L 06/28/2020 - 23:35:28: [AMXX] To enable debug mode, add "debug" after the plugin name in plugins.ini (without quotes).
L 06/28/2020 - 23:35:28: String formatted incorrectly - parameter 6 (total 5)
L 06/28/2020 - 23:35:28: [AMXX] Run time error 25 (plugin "killlog.amxx") - debug not enabled!
L 06/28/2020 - 23:35:28: [AMXX] To enable debug mode, add "debug" after the plugin name in plugins.ini (without quotes).
L 06/28/2020 - 23:35:28: String formatted incorrectly - parameter 6 (total 5)
L 06/28/2020 - 23:35:28: [AMXX] Run time error 25 (plugin "killlog.amxx") - debug not enabled!
L 06/28/2020 - 23:35:28: [AMXX] To enable debug mode, add "debug" after the plugin name in plugins.ini (without quotes).
L 06/28/2020 - 23:35:28: String formatted incorrectly - parameter 6 (total 5)
L 06/28/2020 - 23:35:28: [AMXX] Run time error 25 (plugin "killlog.amxx") - debug not enabled!
L 06/28/2020 - 23:35:28: [AMXX] To enable debug mode, add "debug" after the plugin name in plugins.ini (without quotes).
L 06/28/2020 - 23:35:28: String formatted incorrectly - parameter 6 (total 5)
L 06/28/2020 - 23:35:28: [AMXX] Run time error 25 (plugin "killlog.amxx") - debug not enabled!
L 06/28/2020 - 23:35:28: [AMXX] To enable debug mode, add "debug" after the plugin name in plugins.ini (without quotes).
