L 05/06/2020 - 00:15:25: [mapchooser4.amxx] Vote: Voting for the nextmap started
L 05/06/2020 - 00:15:35: [mapchooser4.amxx] Vote: Voting for the nextmap finished. The nextmap will be fy_iceworld_2002
L 05/06/2020 - 00:17:53: -------- Mapchange to fy_iceworld_2002 --------
L 05/06/2020 - 00:17:53: [mapchooser4.amxx] Found 51 maps in maps folder
L 05/06/2020 - 00:18:01: [mapchooser4.amxx] xvars for mapchooser 4 setuped.
L 05/06/2020 - 01:15:45: [mapchooser4.amxx] Vote: Voting for the nextmap started
L 05/06/2020 - 01:15:55: [mapchooser4.amxx] Vote: Voting for the nextmap finished. The nextmap will be cs_mansion
L 05/06/2020 - 01:18:13: -------- Mapchange to cs_mansion --------
L 05/06/2020 - 01:18:13: [mapchooser4.amxx] Found 51 maps in maps folder
L 05/06/2020 - 01:18:20: [mapchooser4.amxx] xvars for mapchooser 4 setuped.
L 05/06/2020 - 02:16:06: [mapchooser4.amxx] Vote: Voting for the nextmap started
L 05/06/2020 - 02:16:16: [mapchooser4.amxx] Vote: Voting for the nextmap finished. The nextmap will be de_mirage
L 05/06/2020 - 02:18:34: -------- Mapchange to de_mirage --------
L 05/06/2020 - 02:18:34: [mapchooser4.amxx] Found 51 maps in maps folder
L 05/06/2020 - 02:18:41: [mapchooser4.amxx] xvars for mapchooser 4 setuped.
L 05/06/2020 - 03:16:25: [mapchooser4.amxx] Vote: Voting for the nextmap started
L 05/06/2020 - 03:16:35: [mapchooser4.amxx] Vote: Voting for the nextmap finished. The nextmap will be fy_snow
L 05/06/2020 - 03:18:53: -------- Mapchange to fy_snow --------
L 05/06/2020 - 03:18:53: [mapchooser4.amxx] Found 51 maps in maps folder
L 05/06/2020 - 03:19:00: [mapchooser4.amxx] xvars for mapchooser 4 setuped.
L 05/06/2020 - 04:16:44: [mapchooser4.amxx] Vote: Voting for the nextmap started
L 05/06/2020 - 04:16:54: [mapchooser4.amxx] Vote: Voting for the nextmap finished. The nextmap will be de_dust2_2x2
L 05/06/2020 - 04:19:12: -------- Mapchange to de_dust2_2x2 --------
L 05/06/2020 - 04:19:12: [mapchooser4.amxx] Found 51 maps in maps folder
L 05/06/2020 - 04:19:19: [mapchooser4.amxx] xvars for mapchooser 4 setuped.
L 05/06/2020 - 05:17:03: [mapchooser4.amxx] Vote: Voting for the nextmap started
L 05/06/2020 - 05:17:13: [mapchooser4.amxx] Vote: Voting for the nextmap finished. The nextmap will be de_inferno_2x2
L 05/06/2020 - 05:19:31: -------- Mapchange to de_inferno_2x2 --------
L 05/06/2020 - 05:19:32: [mapchooser4.amxx] Found 51 maps in maps folder
L 05/06/2020 - 05:19:39: [mapchooser4.amxx] xvars for mapchooser 4 setuped.
L 05/06/2020 - 06:17:23: [mapchooser4.amxx] Vote: Voting for the nextmap started
L 05/06/2020 - 06:17:33: [mapchooser4.amxx] Vote: Voting for the nextmap finished. The nextmap will be de_sniper
L 05/06/2020 - 06:19:51: -------- Mapchange to de_sniper --------
L 05/06/2020 - 06:19:51: [mapchooser4.amxx] Found 51 maps in maps folder
L 05/06/2020 - 06:19:59: [mapchooser4.amxx] xvars for mapchooser 4 setuped.
L 05/06/2020 - 07:17:43: [mapchooser4.amxx] Vote: Voting for the nextmap started
L 05/06/2020 - 07:17:53: [mapchooser4.amxx] Vote: Voting for the nextmap finished. The nextmap will be de_snipe_it5
L 05/06/2020 - 07:20:11: -------- Mapchange to de_snipe_it5 --------
L 05/06/2020 - 07:20:11: [mapchooser4.amxx] Found 51 maps in maps folder
L 05/06/2020 - 07:20:18: [mapchooser4.amxx] xvars for mapchooser 4 setuped.
L 05/06/2020 - 08:18:02: [mapchooser4.amxx] Vote: Voting for the nextmap started
L 05/06/2020 - 08:18:12: [mapchooser4.amxx] Vote: Voting for the nextmap finished. The nextmap will be awp_india
L 05/06/2020 - 08:20:30: -------- Mapchange to awp_india --------
L 05/06/2020 - 08:20:30: [mapchooser4.amxx] Found 51 maps in maps folder
L 05/06/2020 - 08:20:37: [mapchooser4.amxx] xvars for mapchooser 4 setuped.
L 05/06/2020 - 09:18:21: [mapchooser4.amxx] Vote: Voting for the nextmap started
L 05/06/2020 - 09:18:31: [mapchooser4.amxx] Vote: Voting for the nextmap finished. The nextmap will be cs_discounter
L 05/06/2020 - 09:20:49: -------- Mapchange to cs_discounter --------
L 05/06/2020 - 09:20:50: [mapchooser4.amxx] Found 51 maps in maps folder
L 05/06/2020 - 09:20:57: [mapchooser4.amxx] xvars for mapchooser 4 setuped.
L 05/06/2020 - 10:18:41: [mapchooser4.amxx] Vote: Voting for the nextmap started
L 05/06/2020 - 10:18:51: [mapchooser4.amxx] Vote: Voting for the nextmap finished. The nextmap will be cs_rats2
L 05/06/2020 - 10:21:09: -------- Mapchange to cs_rats2 --------
L 05/06/2020 - 10:21:09: [mapchooser4.amxx] Found 51 maps in maps folder
L 05/06/2020 - 10:21:16: [mapchooser4.amxx] xvars for mapchooser 4 setuped.
L 05/06/2020 - 11:19:00: [mapchooser4.amxx] Vote: Voting for the nextmap started
L 05/06/2020 - 11:19:10: [mapchooser4.amxx] Vote: Voting for the nextmap finished. The nextmap will be de_rats
L 05/06/2020 - 11:21:28: -------- Mapchange to de_rats --------
L 05/06/2020 - 11:21:29: [mapchooser4.amxx] Found 51 maps in maps folder
L 05/06/2020 - 11:21:36: [mapchooser4.amxx] xvars for mapchooser 4 setuped.
L 05/06/2020 - 12:19:20: [mapchooser4.amxx] Vote: Voting for the nextmap started
L 05/06/2020 - 12:19:30: [mapchooser4.amxx] Vote: Voting for the nextmap finished. The nextmap will be fy_pool_day
L 05/06/2020 - 12:21:48: -------- Mapchange to fy_pool_day --------
L 05/06/2020 - 12:21:48: [mapchooser4.amxx] Found 51 maps in maps folder
L 05/06/2020 - 12:21:55: [mapchooser4.amxx] xvars for mapchooser 4 setuped.
L 05/06/2020 - 13:19:39: [mapchooser4.amxx] Vote: Voting for the nextmap started
L 05/06/2020 - 13:19:49: [mapchooser4.amxx] Vote: Voting for the nextmap finished. The nextmap will be fy_train
L 05/06/2020 - 13:22:07: -------- Mapchange to fy_train --------
L 05/06/2020 - 13:22:07: [mapchooser4.amxx] Found 51 maps in maps folder
L 05/06/2020 - 13:22:14: [mapchooser4.amxx] xvars for mapchooser 4 setuped.
L 05/06/2020 - 14:19:59: [mapchooser4.amxx] Vote: Voting for the nextmap started
L 05/06/2020 - 14:20:09: [mapchooser4.amxx] Vote: Voting for the nextmap finished. The nextmap will be de_aztec
L 05/06/2020 - 14:22:26: -------- Mapchange to de_aztec --------
L 05/06/2020 - 14:22:27: [mapchooser4.amxx] Found 51 maps in maps folder
L 05/06/2020 - 14:22:34: [mapchooser4.amxx] xvars for mapchooser 4 setuped.
L 05/06/2020 - 15:20:18: [mapchooser4.amxx] Vote: Voting for the nextmap started
L 05/06/2020 - 15:20:28: [mapchooser4.amxx] Vote: Voting for the nextmap finished. The nextmap will be de_cbble
L 05/06/2020 - 15:22:46: -------- Mapchange to de_cbble --------
L 05/06/2020 - 15:22:46: [mapchooser4.amxx] Found 51 maps in maps folder
L 05/06/2020 - 15:22:53: [mapchooser4.amxx] xvars for mapchooser 4 setuped.
L 05/06/2020 - 16:20:37: [mapchooser4.amxx] Vote: Voting for the nextmap started
L 05/06/2020 - 16:20:47: [mapchooser4.amxx] Vote: Voting for the nextmap finished. The nextmap will be de_cpl_mill
L 05/06/2020 - 16:23:05: -------- Mapchange to de_cpl_mill --------
L 05/06/2020 - 16:23:06: [mapchooser4.amxx] Found 51 maps in maps folder
L 05/06/2020 - 16:23:13: [mapchooser4.amxx] xvars for mapchooser 4 setuped.
L 05/06/2020 - 17:20:57: [mapchooser4.amxx] Vote: Voting for the nextmap started
L 05/06/2020 - 17:21:07: [mapchooser4.amxx] Vote: Voting for the nextmap finished. The nextmap will be de_dust
L 05/06/2020 - 17:23:25: -------- Mapchange to de_dust --------
L 05/06/2020 - 17:23:25: [mapchooser4.amxx] Found 51 maps in maps folder
L 05/06/2020 - 17:23:32: [mapchooser4.amxx] xvars for mapchooser 4 setuped.
L 05/06/2020 - 18:21:16: [mapchooser4.amxx] Vote: Voting for the nextmap started
L 05/06/2020 - 18:21:26: [mapchooser4.amxx] Vote: Voting for the nextmap finished. The nextmap will be de_dust2
L 05/06/2020 - 18:23:44: -------- Mapchange to de_dust2 --------
L 05/06/2020 - 18:23:44: [mapchooser4.amxx] Found 51 maps in maps folder
L 05/06/2020 - 18:23:52: [mapchooser4.amxx] xvars for mapchooser 4 setuped.
L 05/06/2020 - 19:21:36: [mapchooser4.amxx] Vote: Voting for the nextmap started
L 05/06/2020 - 19:21:46: [mapchooser4.amxx] Vote: Voting for the nextmap finished. The nextmap will be de_inferno
L 05/06/2020 - 19:24:03: -------- Mapchange to de_inferno --------
L 05/06/2020 - 19:24:04: [mapchooser4.amxx] Found 51 maps in maps folder
L 05/06/2020 - 19:24:11: [mapchooser4.amxx] xvars for mapchooser 4 setuped.
L 05/06/2020 - 20:15:15: -------- Mapchange to fy_pool_day --------
L 05/06/2020 - 20:15:15: [mapchooser4.amxx] Found 51 maps in maps folder
L 05/06/2020 - 20:15:22: [mapchooser4.amxx] xvars for mapchooser 4 setuped.
L 05/06/2020 - 20:38:54: -------- Mapchange to de_aztec --------
L 05/06/2020 - 20:38:54: [mapchooser4.amxx] Found 51 maps in maps folder
L 05/06/2020 - 20:38:54: [admin.amxx] Login: "RAZ DVA<666><STEAM_0:1:55760822><>" became an admin (account "STEAM_0:1:55760822") (access "cdefjuz") (address "81.200.27.239")
L 05/06/2020 - 20:39:01: [mapchooser4.amxx] xvars for mapchooser 4 setuped.
L 05/06/2020 - 20:49:48: -------- Mapchange to de_inferno --------
L 05/06/2020 - 20:49:48: [mapchooser4.amxx] Found 51 maps in maps folder
L 05/06/2020 - 20:49:49: [admin.amxx] Login: "RAZ DVA<666><STEAM_0:1:55760822><>" became an admin (account "STEAM_0:1:55760822") (access "cdefjuz") (address "81.200.27.239")
L 05/06/2020 - 20:49:55: [mapchooser4.amxx] xvars for mapchooser 4 setuped.
L 05/06/2020 - 21:24:14: [admincmd.amxx] Cmd: "RAZ DVA<666><STEAM_0:1:55760822><>" changelevel "de_dust2_2x2"
L 05/06/2020 - 21:24:16: -------- Mapchange to de_dust2_2x2 --------
L 05/06/2020 - 21:24:16: [mapchooser4.amxx] Found 51 maps in maps folder
L 05/06/2020 - 21:24:16: [admin.amxx] Login: "RAZ DVA<666><STEAM_0:1:55760822><>" became an admin (account "STEAM_0:1:55760822") (access "cdefjuz") (address "81.200.27.239")
L 05/06/2020 - 21:24:23: [mapchooser4.amxx] xvars for mapchooser 4 setuped.
L 05/06/2020 - 22:23:02: -------- Mapchange to de_dust2 --------
L 05/06/2020 - 22:23:02: [mapchooser4.amxx] Found 51 maps in maps folder
L 05/06/2020 - 22:23:09: [mapchooser4.amxx] xvars for mapchooser 4 setuped.
L 05/06/2020 - 23:21:08: [mapchooser4.amxx] Vote: Voting for the nextmap started
L 05/06/2020 - 23:21:11: [mapchooser4.amxx] Iz starykh| Sanych chose aim_headshot
L 05/06/2020 - 23:21:12: [mapchooser4.amxx] +q chose aim_headshot
L 05/06/2020 - 23:21:13: [mapchooser4.amxx] necnec chose aim_headshot
L 05/06/2020 - 23:21:13: [mapchooser4.amxx] [MIPT] RUmata chose cs_pf_dust
L 05/06/2020 - 23:21:13: [mapchooser4.amxx] HoTKoL chose de_sniper
L 05/06/2020 - 23:21:17: [mapchooser4.amxx] lipetsk.ru chose de_cpl_mill
L 05/06/2020 - 23:21:17: [mapchooser4.amxx] GametrackerLT | Original RU chose map extending
L 05/06/2020 - 23:21:18: [mapchooser4.amxx] Vote: Voting for the nextmap finished. The nextmap will be aim_headshot
L 05/06/2020 - 23:23:25: -------- Mapchange to aim_headshot --------
L 05/06/2020 - 23:23:25: [mapchooser4.amxx] Found 51 maps in maps folder
L 05/06/2020 - 23:23:32: [mapchooser4.amxx] xvars for mapchooser 4 setuped.
L 05/06/2020 - 23:25:20: -------- Mapchange to de_aztec --------
L 05/06/2020 - 23:25:21: [mapchooser4.amxx] Found 51 maps in maps folder
L 05/06/2020 - 23:25:28: [mapchooser4.amxx] xvars for mapchooser 4 setuped.
