L 05/09/2020 - 00:49:42: [mapchooser4.amxx] Vote: Voting for the nextmap started
L 05/09/2020 - 00:49:52: [mapchooser4.amxx] Vote: Voting for the nextmap finished. The nextmap will be cs_rats2
L 05/09/2020 - 00:52:18: -------- Mapchange to cs_rats2 --------
L 05/09/2020 - 00:52:18: [mapchooser4.amxx] Found 51 maps in maps folder
L 05/09/2020 - 00:52:25: [mapchooser4.amxx] xvars for mapchooser 4 setuped.
L 05/09/2020 - 01:20:09: [mapchooser4.amxx] Vote: Voting for the nextmap started
L 05/09/2020 - 01:20:11: [mapchooser4.amxx] Iz starykh| Sanych chose de_dust2
L 05/09/2020 - 01:20:19: [mapchooser4.amxx] Vote: Voting for the nextmap finished. The nextmap will be de_dust2
L 05/09/2020 - 01:20:31: -------- Mapchange to de_dust2 --------
L 05/09/2020 - 01:20:31: [mapchooser4.amxx] Found 51 maps in maps folder
L 05/09/2020 - 01:20:38: [mapchooser4.amxx] xvars for mapchooser 4 setuped.
L 05/09/2020 - 02:18:22: [mapchooser4.amxx] Vote: Voting for the nextmap started
L 05/09/2020 - 02:18:32: [mapchooser4.amxx] Vote: Voting for the nextmap finished. The nextmap will be fy_pool_day
L 05/09/2020 - 02:20:58: -------- Mapchange to fy_pool_day --------
L 05/09/2020 - 02:20:58: [mapchooser4.amxx] Found 51 maps in maps folder
L 05/09/2020 - 02:21:05: [mapchooser4.amxx] xvars for mapchooser 4 setuped.
L 05/09/2020 - 03:18:49: [mapchooser4.amxx] Vote: Voting for the nextmap started
L 05/09/2020 - 03:18:59: [mapchooser4.amxx] Vote: Voting for the nextmap finished. The nextmap will be fy_train
L 05/09/2020 - 03:21:25: -------- Mapchange to fy_train --------
L 05/09/2020 - 03:21:25: [mapchooser4.amxx] Found 51 maps in maps folder
L 05/09/2020 - 03:21:32: [mapchooser4.amxx] xvars for mapchooser 4 setuped.
L 05/09/2020 - 04:19:16: [mapchooser4.amxx] Vote: Voting for the nextmap started
L 05/09/2020 - 04:19:26: [mapchooser4.amxx] Vote: Voting for the nextmap finished. The nextmap will be de_aztec
L 05/09/2020 - 04:21:52: -------- Mapchange to de_aztec --------
L 05/09/2020 - 04:21:52: [mapchooser4.amxx] Found 51 maps in maps folder
L 05/09/2020 - 04:21:59: [mapchooser4.amxx] xvars for mapchooser 4 setuped.
L 05/09/2020 - 05:19:43: [mapchooser4.amxx] Vote: Voting for the nextmap started
L 05/09/2020 - 05:19:53: [mapchooser4.amxx] Vote: Voting for the nextmap finished. The nextmap will be de_cbble
L 05/09/2020 - 05:22:19: -------- Mapchange to de_cbble --------
L 05/09/2020 - 05:22:19: [mapchooser4.amxx] Found 51 maps in maps folder
L 05/09/2020 - 05:22:26: [mapchooser4.amxx] xvars for mapchooser 4 setuped.
L 05/09/2020 - 06:20:10: [mapchooser4.amxx] Vote: Voting for the nextmap started
L 05/09/2020 - 06:20:20: [mapchooser4.amxx] Vote: Voting for the nextmap finished. The nextmap will be de_cpl_mill
L 05/09/2020 - 06:22:46: -------- Mapchange to de_cpl_mill --------
L 05/09/2020 - 06:22:46: [mapchooser4.amxx] Found 51 maps in maps folder
L 05/09/2020 - 06:22:53: [mapchooser4.amxx] xvars for mapchooser 4 setuped.
L 05/09/2020 - 07:20:37: [mapchooser4.amxx] Vote: Voting for the nextmap started
L 05/09/2020 - 07:20:47: [mapchooser4.amxx] Vote: Voting for the nextmap finished. The nextmap will be de_dust
L 05/09/2020 - 07:23:13: -------- Mapchange to de_dust --------
L 05/09/2020 - 07:23:13: [mapchooser4.amxx] Found 51 maps in maps folder
L 05/09/2020 - 07:23:20: [mapchooser4.amxx] xvars for mapchooser 4 setuped.
L 05/09/2020 - 08:21:04: [mapchooser4.amxx] Vote: Voting for the nextmap started
L 05/09/2020 - 08:21:14: [mapchooser4.amxx] Vote: Voting for the nextmap finished. The nextmap will be de_dust2
L 05/09/2020 - 08:23:40: -------- Mapchange to de_dust2 --------
L 05/09/2020 - 08:23:40: [mapchooser4.amxx] Found 51 maps in maps folder
L 05/09/2020 - 08:23:47: [mapchooser4.amxx] xvars for mapchooser 4 setuped.
L 05/09/2020 - 09:21:31: [mapchooser4.amxx] Vote: Voting for the nextmap started
L 05/09/2020 - 09:21:41: [mapchooser4.amxx] Vote: Voting for the nextmap finished. The nextmap will be de_inferno
L 05/09/2020 - 09:24:07: -------- Mapchange to de_inferno --------
L 05/09/2020 - 09:24:07: [mapchooser4.amxx] Found 51 maps in maps folder
L 05/09/2020 - 09:24:14: [mapchooser4.amxx] xvars for mapchooser 4 setuped.
L 05/09/2020 - 10:21:58: [mapchooser4.amxx] Vote: Voting for the nextmap started
L 05/09/2020 - 10:22:08: [mapchooser4.amxx] Vote: Voting for the nextmap finished. The nextmap will be de_nuke
L 05/09/2020 - 10:24:34: -------- Mapchange to de_nuke --------
L 05/09/2020 - 10:24:34: [mapchooser4.amxx] Found 51 maps in maps folder
L 05/09/2020 - 10:24:41: [mapchooser4.amxx] xvars for mapchooser 4 setuped.
L 05/09/2020 - 11:22:25: [mapchooser4.amxx] Vote: Voting for the nextmap started
L 05/09/2020 - 11:22:35: [mapchooser4.amxx] Vote: Voting for the nextmap finished. The nextmap will be cs_assault
L 05/09/2020 - 11:25:01: -------- Mapchange to cs_assault --------
L 05/09/2020 - 11:25:01: [mapchooser4.amxx] Found 51 maps in maps folder
L 05/09/2020 - 11:25:08: [mapchooser4.amxx] xvars for mapchooser 4 setuped.
L 05/09/2020 - 12:22:53: [mapchooser4.amxx] Vote: Voting for the nextmap started
L 05/09/2020 - 12:23:03: [mapchooser4.amxx] Vote: Voting for the nextmap finished. The nextmap will be cs_italy
L 05/09/2020 - 12:25:28: -------- Mapchange to cs_italy --------
L 05/09/2020 - 12:25:28: [mapchooser4.amxx] Found 51 maps in maps folder
L 05/09/2020 - 12:25:36: [mapchooser4.amxx] xvars for mapchooser 4 setuped.
L 05/09/2020 - 13:23:20: [mapchooser4.amxx] Vote: Voting for the nextmap started
L 05/09/2020 - 13:23:30: [mapchooser4.amxx] Vote: Voting for the nextmap finished. The nextmap will be de_train
L 05/09/2020 - 13:25:56: -------- Mapchange to de_train --------
L 05/09/2020 - 13:25:56: [mapchooser4.amxx] Found 51 maps in maps folder
L 05/09/2020 - 13:26:03: [mapchooser4.amxx] xvars for mapchooser 4 setuped.
L 05/09/2020 - 14:23:47: [mapchooser4.amxx] Vote: Voting for the nextmap started
L 05/09/2020 - 14:23:57: [mapchooser4.amxx] Vote: Voting for the nextmap finished. The nextmap will be aim_ak-colt
L 05/09/2020 - 14:26:23: -------- Mapchange to aim_ak-colt --------
L 05/09/2020 - 14:26:23: [mapchooser4.amxx] Found 51 maps in maps folder
L 05/09/2020 - 14:26:30: [mapchooser4.amxx] xvars for mapchooser 4 setuped.
L 05/09/2020 - 15:24:14: [mapchooser4.amxx] Vote: Voting for the nextmap started
L 05/09/2020 - 15:24:24: [mapchooser4.amxx] Vote: Voting for the nextmap finished. The nextmap will be aim_aztecplace
L 05/09/2020 - 15:26:50: -------- Mapchange to aim_aztecplace --------
L 05/09/2020 - 15:26:50: [mapchooser4.amxx] Found 51 maps in maps folder
L 05/09/2020 - 15:26:57: [mapchooser4.amxx] xvars for mapchooser 4 setuped.
L 05/09/2020 - 16:24:41: [mapchooser4.amxx] Vote: Voting for the nextmap started
L 05/09/2020 - 16:24:51: [mapchooser4.amxx] Vote: Voting for the nextmap finished. The nextmap will be aim_headshot
L 05/09/2020 - 16:27:17: -------- Mapchange to aim_headshot --------
L 05/09/2020 - 16:27:17: [mapchooser4.amxx] Found 51 maps in maps folder
L 05/09/2020 - 16:27:24: [mapchooser4.amxx] xvars for mapchooser 4 setuped.
L 05/09/2020 - 17:25:08: [mapchooser4.amxx] Vote: Voting for the nextmap started
L 05/09/2020 - 17:25:18: [mapchooser4.amxx] Vote: Voting for the nextmap finished. The nextmap will be aim_map
L 05/09/2020 - 17:27:44: -------- Mapchange to aim_map --------
L 05/09/2020 - 17:27:44: [mapchooser4.amxx] Found 51 maps in maps folder
L 05/09/2020 - 17:27:51: [mapchooser4.amxx] xvars for mapchooser 4 setuped.
L 05/09/2020 - 18:25:35: [mapchooser4.amxx] Vote: Voting for the nextmap started
L 05/09/2020 - 18:25:45: [mapchooser4.amxx] Vote: Voting for the nextmap finished. The nextmap will be cs_16fighter
L 05/09/2020 - 18:28:10: -------- Mapchange to cs_16fighter --------
L 05/09/2020 - 18:28:11: [mapchooser4.amxx] Found 51 maps in maps folder
L 05/09/2020 - 18:28:18: [mapchooser4.amxx] xvars for mapchooser 4 setuped.
L 05/09/2020 - 18:59:13: -------- Mapchange to de_dust2_2x2 --------
L 05/09/2020 - 18:59:13: [mapchooser4.amxx] Found 51 maps in maps folder
L 05/09/2020 - 18:59:20: [mapchooser4.amxx] xvars for mapchooser 4 setuped.
L 05/09/2020 - 19:33:47: -------- Mapchange to aim_aztecplace --------
L 05/09/2020 - 19:33:47: [mapchooser4.amxx] Found 51 maps in maps folder
L 05/09/2020 - 19:33:54: [mapchooser4.amxx] xvars for mapchooser 4 setuped.
L 05/09/2020 - 20:44:45: -------- Mapchange to de_dust2_2x2 --------
L 05/09/2020 - 20:44:45: [mapchooser4.amxx] Found 51 maps in maps folder
L 05/09/2020 - 20:44:53: [mapchooser4.amxx] xvars for mapchooser 4 setuped.
L 05/09/2020 - 20:57:35: -------- Mapchange to de_dust2 --------
L 05/09/2020 - 20:57:35: [mapchooser4.amxx] Found 51 maps in maps folder
L 05/09/2020 - 20:57:42: [mapchooser4.amxx] xvars for mapchooser 4 setuped.
L 05/09/2020 - 21:42:49: -------- Mapchange to de_inferno --------
L 05/09/2020 - 21:42:49: [mapchooser4.amxx] Found 51 maps in maps folder
L 05/09/2020 - 21:42:56: [mapchooser4.amxx] xvars for mapchooser 4 setuped.
