L 05/07/2020 - 00:23:27: [mapchooser4.amxx] Vote: Voting for the nextmap started
L 05/07/2020 - 00:23:37: [mapchooser4.amxx] Vote: Voting for the nextmap finished. The nextmap will be aim_map
L 05/07/2020 - 00:25:42: -------- Mapchange to aim_map --------
L 05/07/2020 - 00:25:43: [mapchooser4.amxx] Found 51 maps in maps folder
L 05/07/2020 - 00:25:50: [mapchooser4.amxx] xvars for mapchooser 4 setuped.
L 05/07/2020 - 01:23:34: [mapchooser4.amxx] Vote: Voting for the nextmap started
L 05/07/2020 - 01:23:44: [mapchooser4.amxx] Vote: Voting for the nextmap finished. The nextmap will be cs_16fighter
L 05/07/2020 - 01:26:04: -------- Mapchange to cs_16fighter --------
L 05/07/2020 - 01:26:04: [mapchooser4.amxx] Found 51 maps in maps folder
L 05/07/2020 - 01:26:12: [mapchooser4.amxx] xvars for mapchooser 4 setuped.
L 05/07/2020 - 02:23:56: [mapchooser4.amxx] Vote: Voting for the nextmap started
L 05/07/2020 - 02:24:06: [mapchooser4.amxx] Vote: Voting for the nextmap finished. The nextmap will be cs_pf_dust
L 05/07/2020 - 02:26:26: -------- Mapchange to cs_pf_dust --------
L 05/07/2020 - 02:26:26: [mapchooser4.amxx] Found 51 maps in maps folder
L 05/07/2020 - 02:26:33: [mapchooser4.amxx] xvars for mapchooser 4 setuped.
L 05/07/2020 - 03:24:17: [mapchooser4.amxx] Vote: Voting for the nextmap started
L 05/07/2020 - 03:24:27: [mapchooser4.amxx] Vote: Voting for the nextmap finished. The nextmap will be fy_iceworld_2002
L 05/07/2020 - 03:26:48: -------- Mapchange to fy_iceworld_2002 --------
L 05/07/2020 - 03:26:48: [mapchooser4.amxx] Found 51 maps in maps folder
L 05/07/2020 - 03:26:55: [mapchooser4.amxx] xvars for mapchooser 4 setuped.
L 05/07/2020 - 04:24:39: [mapchooser4.amxx] Vote: Voting for the nextmap started
L 05/07/2020 - 04:24:49: [mapchooser4.amxx] Vote: Voting for the nextmap finished. The nextmap will be cs_mansion
L 05/07/2020 - 04:27:10: -------- Mapchange to cs_mansion --------
L 05/07/2020 - 04:27:10: [mapchooser4.amxx] Found 51 maps in maps folder
L 05/07/2020 - 04:27:18: [mapchooser4.amxx] xvars for mapchooser 4 setuped.
L 05/07/2020 - 05:25:02: [mapchooser4.amxx] Vote: Voting for the nextmap started
L 05/07/2020 - 05:25:12: [mapchooser4.amxx] Vote: Voting for the nextmap finished. The nextmap will be de_mirage
L 05/07/2020 - 05:27:32: -------- Mapchange to de_mirage --------
L 05/07/2020 - 05:27:32: [mapchooser4.amxx] Found 51 maps in maps folder
L 05/07/2020 - 05:27:40: [mapchooser4.amxx] xvars for mapchooser 4 setuped.
L 05/07/2020 - 06:25:24: [mapchooser4.amxx] Vote: Voting for the nextmap started
L 05/07/2020 - 06:25:34: [mapchooser4.amxx] Vote: Voting for the nextmap finished. The nextmap will be fy_snow
L 05/07/2020 - 06:27:54: -------- Mapchange to fy_snow --------
L 05/07/2020 - 06:27:54: [mapchooser4.amxx] Found 51 maps in maps folder
L 05/07/2020 - 06:28:02: [mapchooser4.amxx] xvars for mapchooser 4 setuped.
L 05/07/2020 - 07:25:46: [mapchooser4.amxx] Vote: Voting for the nextmap started
L 05/07/2020 - 07:25:56: [mapchooser4.amxx] Vote: Voting for the nextmap finished. The nextmap will be de_dust2_2x2
L 05/07/2020 - 07:28:16: -------- Mapchange to de_dust2_2x2 --------
L 05/07/2020 - 07:28:16: [mapchooser4.amxx] Found 51 maps in maps folder
L 05/07/2020 - 07:28:23: [mapchooser4.amxx] xvars for mapchooser 4 setuped.
L 05/07/2020 - 08:26:08: [mapchooser4.amxx] Vote: Voting for the nextmap started
L 05/07/2020 - 08:26:18: [mapchooser4.amxx] Vote: Voting for the nextmap finished. The nextmap will be de_inferno_2x2
L 05/07/2020 - 08:28:38: -------- Mapchange to de_inferno_2x2 --------
L 05/07/2020 - 08:28:38: [mapchooser4.amxx] Found 51 maps in maps folder
L 05/07/2020 - 08:28:45: [mapchooser4.amxx] xvars for mapchooser 4 setuped.
L 05/07/2020 - 09:26:30: [mapchooser4.amxx] Vote: Voting for the nextmap started
L 05/07/2020 - 09:26:40: [mapchooser4.amxx] Vote: Voting for the nextmap finished. The nextmap will be de_sniper
L 05/07/2020 - 09:29:01: -------- Mapchange to de_sniper --------
L 05/07/2020 - 09:29:01: [mapchooser4.amxx] Found 51 maps in maps folder
L 05/07/2020 - 09:29:08: [mapchooser4.amxx] xvars for mapchooser 4 setuped.
L 05/07/2020 - 10:26:52: [mapchooser4.amxx] Vote: Voting for the nextmap started
L 05/07/2020 - 10:27:02: [mapchooser4.amxx] Vote: Voting for the nextmap finished. The nextmap will be de_snipe_it5
L 05/07/2020 - 10:29:23: -------- Mapchange to de_snipe_it5 --------
L 05/07/2020 - 10:29:24: [mapchooser4.amxx] Found 51 maps in maps folder
L 05/07/2020 - 10:29:31: [mapchooser4.amxx] xvars for mapchooser 4 setuped.
L 05/07/2020 - 11:27:15: [mapchooser4.amxx] Vote: Voting for the nextmap started
L 05/07/2020 - 11:27:25: [mapchooser4.amxx] Vote: Voting for the nextmap finished. The nextmap will be awp_india
L 05/07/2020 - 11:29:45: -------- Mapchange to awp_india --------
L 05/07/2020 - 11:29:46: [mapchooser4.amxx] Found 51 maps in maps folder
L 05/07/2020 - 11:29:53: [mapchooser4.amxx] xvars for mapchooser 4 setuped.
L 05/07/2020 - 12:27:37: [mapchooser4.amxx] Vote: Voting for the nextmap started
L 05/07/2020 - 12:27:47: [mapchooser4.amxx] Vote: Voting for the nextmap finished. The nextmap will be cs_discounter
L 05/07/2020 - 12:30:08: -------- Mapchange to cs_discounter --------
L 05/07/2020 - 12:30:08: [mapchooser4.amxx] Found 51 maps in maps folder
L 05/07/2020 - 12:30:15: [mapchooser4.amxx] xvars for mapchooser 4 setuped.
L 05/07/2020 - 13:27:59: [mapchooser4.amxx] Vote: Voting for the nextmap started
L 05/07/2020 - 13:28:09: [mapchooser4.amxx] Vote: Voting for the nextmap finished. The nextmap will be cs_rats2
L 05/07/2020 - 13:30:30: -------- Mapchange to cs_rats2 --------
L 05/07/2020 - 13:30:30: [mapchooser4.amxx] Found 51 maps in maps folder
L 05/07/2020 - 13:30:37: [mapchooser4.amxx] xvars for mapchooser 4 setuped.
L 05/07/2020 - 14:28:21: [mapchooser4.amxx] Vote: Voting for the nextmap started
L 05/07/2020 - 14:28:31: [mapchooser4.amxx] Vote: Voting for the nextmap finished. The nextmap will be de_rats
L 05/07/2020 - 14:30:53: -------- Mapchange to de_rats --------
L 05/07/2020 - 14:30:53: [mapchooser4.amxx] Found 51 maps in maps folder
L 05/07/2020 - 14:31:00: [mapchooser4.amxx] xvars for mapchooser 4 setuped.
L 05/07/2020 - 15:28:44: [mapchooser4.amxx] Vote: Voting for the nextmap started
L 05/07/2020 - 15:28:54: [mapchooser4.amxx] Vote: Voting for the nextmap finished. The nextmap will be fy_pool_day
L 05/07/2020 - 15:31:15: -------- Mapchange to fy_pool_day --------
L 05/07/2020 - 15:31:15: [mapchooser4.amxx] Found 51 maps in maps folder
L 05/07/2020 - 15:31:22: [mapchooser4.amxx] xvars for mapchooser 4 setuped.
L 05/07/2020 - 16:29:06: [mapchooser4.amxx] Vote: Voting for the nextmap started
L 05/07/2020 - 16:29:16: [mapchooser4.amxx] Vote: Voting for the nextmap finished. The nextmap will be fy_train
L 05/07/2020 - 16:31:37: -------- Mapchange to fy_train --------
L 05/07/2020 - 16:31:37: [mapchooser4.amxx] Found 51 maps in maps folder
L 05/07/2020 - 16:31:44: [mapchooser4.amxx] xvars for mapchooser 4 setuped.
L 05/07/2020 - 17:29:28: [mapchooser4.amxx] Vote: Voting for the nextmap started
L 05/07/2020 - 17:29:38: [mapchooser4.amxx] Vote: Voting for the nextmap finished. The nextmap will be de_aztec
L 05/07/2020 - 17:31:59: -------- Mapchange to de_aztec --------
L 05/07/2020 - 17:31:59: [mapchooser4.amxx] Found 51 maps in maps folder
L 05/07/2020 - 17:32:06: [mapchooser4.amxx] xvars for mapchooser 4 setuped.
L 05/07/2020 - 18:29:50: [mapchooser4.amxx] Vote: Voting for the nextmap started
L 05/07/2020 - 18:30:00: [mapchooser4.amxx] Vote: Voting for the nextmap finished. The nextmap will be de_cbble
L 05/07/2020 - 18:32:21: -------- Mapchange to de_cbble --------
L 05/07/2020 - 18:32:21: [mapchooser4.amxx] Found 51 maps in maps folder
L 05/07/2020 - 18:32:28: [mapchooser4.amxx] xvars for mapchooser 4 setuped.
L 05/07/2020 - 19:30:12: [mapchooser4.amxx] Vote: Voting for the nextmap started
L 05/07/2020 - 19:30:22: [mapchooser4.amxx] Vote: Voting for the nextmap finished. The nextmap will be de_cpl_mill
L 05/07/2020 - 19:32:43: -------- Mapchange to de_cpl_mill --------
L 05/07/2020 - 19:32:43: [mapchooser4.amxx] Found 51 maps in maps folder
L 05/07/2020 - 19:32:51: [mapchooser4.amxx] xvars for mapchooser 4 setuped.
L 05/07/2020 - 20:27:35: [mapchooser4.amxx] Vote: Voting for the nextmap started
L 05/07/2020 - 20:27:38: [mapchooser4.amxx] lipetsk.ru chose de_inferno
L 05/07/2020 - 20:27:43: [mapchooser4.amxx] Morpheme chose de_inferno
L 05/07/2020 - 20:27:45: [mapchooser4.amxx] Vote: Voting for the nextmap finished. The nextmap will be de_inferno
L 05/07/2020 - 20:27:56: -------- Mapchange to de_inferno --------
L 05/07/2020 - 20:27:56: [mapchooser4.amxx] Found 51 maps in maps folder
L 05/07/2020 - 20:28:03: [mapchooser4.amxx] xvars for mapchooser 4 setuped.
L 05/07/2020 - 21:11:16: [admin.amxx] Login: "RAZ DVA<705><STEAM_0:1:55760822><>" became an admin (account "STEAM_0:1:55760822") (access "cdefjuz") (address "94.25.168.185")
L 05/07/2020 - 21:19:59: [adminvote.amxx] Vote: "[DS-HOST.RU] Vasya and Valet<0><><>" vote maps (map#1 "de_dust2") (map#2 "de_nuke") (map#3 "de_aztec") (map#4 "")
L 05/07/2020 - 21:20:11: [adminvote.amxx] Vote: Voting successful (got "3") (needed "3") (result "changelevel de_dust2")
L 05/07/2020 - 21:20:13: -------- Mapchange to de_dust2 --------
L 05/07/2020 - 21:20:13: [mapchooser4.amxx] Found 51 maps in maps folder
L 05/07/2020 - 21:20:14: [admin.amxx] Login: "RAZ DVA<705><STEAM_0:1:55760822><>" became an admin (account "STEAM_0:1:55760822") (access "cdefjuz") (address "94.25.168.185")
L 05/07/2020 - 21:20:21: [mapchooser4.amxx] xvars for mapchooser 4 setuped.
L 05/07/2020 - 22:18:20: [mapchooser4.amxx] Vote: Voting for the nextmap started
L 05/07/2020 - 22:18:30: [mapchooser4.amxx] Vote: Voting for the nextmap finished. The nextmap will be de_inferno
L 05/07/2020 - 22:20:35: -------- Mapchange to de_inferno --------
L 05/07/2020 - 22:20:35: [mapchooser4.amxx] Found 51 maps in maps folder
L 05/07/2020 - 22:20:42: [mapchooser4.amxx] xvars for mapchooser 4 setuped.
L 05/07/2020 - 23:18:26: [mapchooser4.amxx] Vote: Voting for the nextmap started
L 05/07/2020 - 23:18:36: [mapchooser4.amxx] Vote: Voting for the nextmap finished. The nextmap will be de_nuke
L 05/07/2020 - 23:20:56: -------- Mapchange to de_nuke --------
L 05/07/2020 - 23:20:57: [mapchooser4.amxx] Found 51 maps in maps folder
L 05/07/2020 - 23:21:04: [mapchooser4.amxx] xvars for mapchooser 4 setuped.
