L 04/23/2020 - 00:12:23: [mapchooser4.amxx] Vote: Voting for the nextmap started
L 04/23/2020 - 00:12:33: [mapchooser4.amxx] Vote: Voting for the nextmap finished. The nextmap will be fy_iceworld_2002
L 04/23/2020 - 00:14:38: -------- Mapchange to fy_iceworld_2002 --------
L 04/23/2020 - 00:14:39: [mapchooser4.amxx] Found 47 maps in maps folder
L 04/23/2020 - 00:14:47: [mapchooser4.amxx] xvars for mapchooser 4 setuped.
L 04/23/2020 - 00:42:31: [mapchooser4.amxx] Vote: Voting for the nextmap started
L 04/23/2020 - 00:42:41: [mapchooser4.amxx] Vote: Voting for the nextmap finished. The nextmap will be cs_mansion
L 04/23/2020 - 00:45:01: -------- Mapchange to cs_mansion --------
L 04/23/2020 - 00:45:02: [mapchooser4.amxx] Found 47 maps in maps folder
L 04/23/2020 - 00:45:09: [mapchooser4.amxx] xvars for mapchooser 4 setuped.
L 04/23/2020 - 01:12:53: [mapchooser4.amxx] Vote: Voting for the nextmap started
L 04/23/2020 - 01:13:03: [mapchooser4.amxx] Vote: Voting for the nextmap finished. The nextmap will be de_dust2_2x2
L 04/23/2020 - 01:15:23: -------- Mapchange to de_dust2_2x2 --------
L 04/23/2020 - 01:15:24: [mapchooser4.amxx] Found 47 maps in maps folder
L 04/23/2020 - 01:15:31: [mapchooser4.amxx] xvars for mapchooser 4 setuped.
L 04/23/2020 - 01:43:15: [mapchooser4.amxx] Vote: Voting for the nextmap started
L 04/23/2020 - 01:43:25: [mapchooser4.amxx] Vote: Voting for the nextmap finished. The nextmap will be de_inferno_2x2
L 04/23/2020 - 01:45:46: -------- Mapchange to de_inferno_2x2 --------
L 04/23/2020 - 01:45:46: [mapchooser4.amxx] Found 47 maps in maps folder
L 04/23/2020 - 01:45:53: [mapchooser4.amxx] xvars for mapchooser 4 setuped.
L 04/23/2020 - 02:13:37: [mapchooser4.amxx] Vote: Voting for the nextmap started
L 04/23/2020 - 02:13:47: [mapchooser4.amxx] Vote: Voting for the nextmap finished. The nextmap will be de_sniper
L 04/23/2020 - 02:16:08: -------- Mapchange to de_sniper --------
L 04/23/2020 - 02:16:09: [mapchooser4.amxx] Found 47 maps in maps folder
L 04/23/2020 - 02:16:16: [mapchooser4.amxx] xvars for mapchooser 4 setuped.
L 04/23/2020 - 02:44:00: [mapchooser4.amxx] Vote: Voting for the nextmap started
L 04/23/2020 - 02:44:10: [mapchooser4.amxx] Vote: Voting for the nextmap finished. The nextmap will be de_snipe_it5
L 04/23/2020 - 02:46:30: -------- Mapchange to de_snipe_it5 --------
L 04/23/2020 - 02:46:31: [mapchooser4.amxx] Found 47 maps in maps folder
L 04/23/2020 - 02:46:38: [mapchooser4.amxx] xvars for mapchooser 4 setuped.
L 04/23/2020 - 03:14:22: [mapchooser4.amxx] Vote: Voting for the nextmap started
L 04/23/2020 - 03:14:32: [mapchooser4.amxx] Vote: Voting for the nextmap finished. The nextmap will be de_mipt
L 04/23/2020 - 03:16:53: -------- Mapchange to de_mipt --------
L 04/23/2020 - 03:16:53: [mapchooser4.amxx] Found 47 maps in maps folder
L 04/23/2020 - 03:17:00: [mapchooser4.amxx] xvars for mapchooser 4 setuped.
L 04/23/2020 - 03:44:44: [mapchooser4.amxx] Vote: Voting for the nextmap started
L 04/23/2020 - 03:44:54: [mapchooser4.amxx] Vote: Voting for the nextmap finished. The nextmap will be cs_discounter
L 04/23/2020 - 03:47:15: -------- Mapchange to cs_discounter --------
L 04/23/2020 - 03:47:17: [mapchooser4.amxx] Found 47 maps in maps folder
L 04/23/2020 - 03:47:25: [mapchooser4.amxx] xvars for mapchooser 4 setuped.
L 04/23/2020 - 04:15:09: [mapchooser4.amxx] Vote: Voting for the nextmap started
L 04/23/2020 - 04:15:19: [mapchooser4.amxx] Vote: Voting for the nextmap finished. The nextmap will be cs_rats2
L 04/23/2020 - 04:17:40: -------- Mapchange to cs_rats2 --------
L 04/23/2020 - 04:17:40: [mapchooser4.amxx] Found 47 maps in maps folder
L 04/23/2020 - 04:17:47: [mapchooser4.amxx] xvars for mapchooser 4 setuped.
L 04/23/2020 - 04:45:31: [mapchooser4.amxx] Vote: Voting for the nextmap started
L 04/23/2020 - 04:45:41: [mapchooser4.amxx] Vote: Voting for the nextmap finished. The nextmap will be de_rats
L 04/23/2020 - 04:48:02: -------- Mapchange to de_rats --------
L 04/23/2020 - 04:48:02: [mapchooser4.amxx] Found 47 maps in maps folder
L 04/23/2020 - 04:48:09: [mapchooser4.amxx] xvars for mapchooser 4 setuped.
L 04/23/2020 - 05:15:53: [mapchooser4.amxx] Vote: Voting for the nextmap started
L 04/23/2020 - 05:16:03: [mapchooser4.amxx] Vote: Voting for the nextmap finished. The nextmap will be fy_pool_day
L 04/23/2020 - 05:18:24: -------- Mapchange to fy_pool_day --------
L 04/23/2020 - 05:18:24: [mapchooser4.amxx] Found 47 maps in maps folder
L 04/23/2020 - 05:18:31: [mapchooser4.amxx] xvars for mapchooser 4 setuped.
L 04/23/2020 - 05:46:15: [mapchooser4.amxx] Vote: Voting for the nextmap started
L 04/23/2020 - 05:46:25: [mapchooser4.amxx] Vote: Voting for the nextmap finished. The nextmap will be fy_train
L 04/23/2020 - 05:48:45: -------- Mapchange to fy_train --------
L 04/23/2020 - 05:48:45: [mapchooser4.amxx] Found 47 maps in maps folder
L 04/23/2020 - 05:48:53: [mapchooser4.amxx] xvars for mapchooser 4 setuped.
L 04/23/2020 - 06:16:37: [mapchooser4.amxx] Vote: Voting for the nextmap started
L 04/23/2020 - 06:16:47: [mapchooser4.amxx] Vote: Voting for the nextmap finished. The nextmap will be de_aztec
L 04/23/2020 - 06:19:07: -------- Mapchange to de_aztec --------
L 04/23/2020 - 06:19:07: [mapchooser4.amxx] Found 47 maps in maps folder
L 04/23/2020 - 06:19:14: [mapchooser4.amxx] xvars for mapchooser 4 setuped.
L 04/23/2020 - 06:46:58: [mapchooser4.amxx] Vote: Voting for the nextmap started
L 04/23/2020 - 06:47:08: [mapchooser4.amxx] Vote: Voting for the nextmap finished. The nextmap will be de_cbble
L 04/23/2020 - 06:49:29: -------- Mapchange to de_cbble --------
L 04/23/2020 - 06:49:29: [mapchooser4.amxx] Found 47 maps in maps folder
L 04/23/2020 - 06:49:36: [mapchooser4.amxx] xvars for mapchooser 4 setuped.
L 04/23/2020 - 07:17:20: [mapchooser4.amxx] Vote: Voting for the nextmap started
L 04/23/2020 - 07:17:30: [mapchooser4.amxx] Vote: Voting for the nextmap finished. The nextmap will be de_cpl_mill
L 04/23/2020 - 07:19:50: -------- Mapchange to de_cpl_mill --------
L 04/23/2020 - 07:19:51: [mapchooser4.amxx] Found 47 maps in maps folder
L 04/23/2020 - 07:19:58: [mapchooser4.amxx] xvars for mapchooser 4 setuped.
L 04/23/2020 - 07:47:42: [mapchooser4.amxx] Vote: Voting for the nextmap started
L 04/23/2020 - 07:47:52: [mapchooser4.amxx] Vote: Voting for the nextmap finished. The nextmap will be de_dust
L 04/23/2020 - 07:50:12: -------- Mapchange to de_dust --------
L 04/23/2020 - 07:50:12: [mapchooser4.amxx] Found 47 maps in maps folder
L 04/23/2020 - 07:50:20: [mapchooser4.amxx] xvars for mapchooser 4 setuped.
L 04/23/2020 - 08:18:04: [mapchooser4.amxx] Vote: Voting for the nextmap started
L 04/23/2020 - 08:18:14: [mapchooser4.amxx] Vote: Voting for the nextmap finished. The nextmap will be de_dust2
L 04/23/2020 - 08:20:34: -------- Mapchange to de_dust2 --------
L 04/23/2020 - 08:20:34: [mapchooser4.amxx] Found 47 maps in maps folder
L 04/23/2020 - 08:20:41: [mapchooser4.amxx] xvars for mapchooser 4 setuped.
L 04/23/2020 - 08:48:25: [mapchooser4.amxx] Vote: Voting for the nextmap started
L 04/23/2020 - 08:48:35: [mapchooser4.amxx] Vote: Voting for the nextmap finished. The nextmap will be de_inferno
L 04/23/2020 - 08:50:55: -------- Mapchange to de_inferno --------
L 04/23/2020 - 08:50:56: [mapchooser4.amxx] Found 47 maps in maps folder
L 04/23/2020 - 08:51:03: [mapchooser4.amxx] xvars for mapchooser 4 setuped.
L 04/23/2020 - 09:18:47: [mapchooser4.amxx] Vote: Voting for the nextmap started
L 04/23/2020 - 09:18:57: [mapchooser4.amxx] Vote: Voting for the nextmap finished. The nextmap will be de_nuke
L 04/23/2020 - 09:21:17: -------- Mapchange to de_nuke --------
L 04/23/2020 - 09:21:18: [mapchooser4.amxx] Found 47 maps in maps folder
L 04/23/2020 - 09:21:25: [mapchooser4.amxx] xvars for mapchooser 4 setuped.
L 04/23/2020 - 09:49:09: [mapchooser4.amxx] Vote: Voting for the nextmap started
L 04/23/2020 - 09:49:19: [mapchooser4.amxx] Vote: Voting for the nextmap finished. The nextmap will be cs_assault
L 04/23/2020 - 09:51:39: -------- Mapchange to cs_assault --------
L 04/23/2020 - 09:51:40: [mapchooser4.amxx] Found 47 maps in maps folder
L 04/23/2020 - 09:51:47: [mapchooser4.amxx] xvars for mapchooser 4 setuped.
L 04/23/2020 - 10:19:31: [mapchooser4.amxx] Vote: Voting for the nextmap started
L 04/23/2020 - 10:19:41: [mapchooser4.amxx] Vote: Voting for the nextmap finished. The nextmap will be cs_italy
L 04/23/2020 - 10:22:01: -------- Mapchange to cs_italy --------
L 04/23/2020 - 10:22:02: [mapchooser4.amxx] Found 47 maps in maps folder
L 04/23/2020 - 10:22:09: [mapchooser4.amxx] xvars for mapchooser 4 setuped.
L 04/23/2020 - 10:49:53: [mapchooser4.amxx] Vote: Voting for the nextmap started
L 04/23/2020 - 10:50:03: [mapchooser4.amxx] Vote: Voting for the nextmap finished. The nextmap will be de_train
L 04/23/2020 - 10:52:23: -------- Mapchange to de_train --------
L 04/23/2020 - 10:52:24: [mapchooser4.amxx] Found 47 maps in maps folder
L 04/23/2020 - 10:52:31: [mapchooser4.amxx] xvars for mapchooser 4 setuped.
L 04/23/2020 - 11:20:15: [mapchooser4.amxx] Vote: Voting for the nextmap started
L 04/23/2020 - 11:20:25: [mapchooser4.amxx] Vote: Voting for the nextmap finished. The nextmap will be aim_ak-colt
L 04/23/2020 - 11:22:45: -------- Mapchange to aim_ak-colt --------
L 04/23/2020 - 11:22:45: [mapchooser4.amxx] Found 47 maps in maps folder
L 04/23/2020 - 11:22:52: [mapchooser4.amxx] xvars for mapchooser 4 setuped.
L 04/23/2020 - 11:50:36: [mapchooser4.amxx] Vote: Voting for the nextmap started
L 04/23/2020 - 11:50:46: [mapchooser4.amxx] Vote: Voting for the nextmap finished. The nextmap will be aim_aztecplace
L 04/23/2020 - 11:53:07: -------- Mapchange to aim_aztecplace --------
L 04/23/2020 - 11:53:07: [mapchooser4.amxx] Found 47 maps in maps folder
L 04/23/2020 - 11:53:14: [mapchooser4.amxx] xvars for mapchooser 4 setuped.
L 04/23/2020 - 12:20:58: [mapchooser4.amxx] Vote: Voting for the nextmap started
L 04/23/2020 - 12:21:08: [mapchooser4.amxx] Vote: Voting for the nextmap finished. The nextmap will be aim_headshot
L 04/23/2020 - 12:23:28: -------- Mapchange to aim_headshot --------
L 04/23/2020 - 12:23:29: [mapchooser4.amxx] Found 47 maps in maps folder
L 04/23/2020 - 12:23:36: [mapchooser4.amxx] xvars for mapchooser 4 setuped.
L 04/23/2020 - 12:51:20: [mapchooser4.amxx] Vote: Voting for the nextmap started
L 04/23/2020 - 12:51:30: [mapchooser4.amxx] Vote: Voting for the nextmap finished. The nextmap will be aim_map
L 04/23/2020 - 12:53:51: -------- Mapchange to aim_map --------
L 04/23/2020 - 12:53:51: [mapchooser4.amxx] Found 47 maps in maps folder
L 04/23/2020 - 12:53:58: [mapchooser4.amxx] xvars for mapchooser 4 setuped.
L 04/23/2020 - 13:21:42: [mapchooser4.amxx] Vote: Voting for the nextmap started
L 04/23/2020 - 13:21:52: [mapchooser4.amxx] Vote: Voting for the nextmap finished. The nextmap will be cs_16fighter
L 04/23/2020 - 13:24:12: -------- Mapchange to cs_16fighter --------
L 04/23/2020 - 13:24:13: [mapchooser4.amxx] Found 47 maps in maps folder
L 04/23/2020 - 13:24:20: [mapchooser4.amxx] xvars for mapchooser 4 setuped.
L 04/23/2020 - 13:52:04: [mapchooser4.amxx] Vote: Voting for the nextmap started
L 04/23/2020 - 13:52:14: [mapchooser4.amxx] Vote: Voting for the nextmap finished. The nextmap will be cs_pf_dust
L 04/23/2020 - 13:54:34: -------- Mapchange to cs_pf_dust --------
L 04/23/2020 - 13:54:35: [mapchooser4.amxx] Found 47 maps in maps folder
L 04/23/2020 - 13:54:42: [mapchooser4.amxx] xvars for mapchooser 4 setuped.
L 04/23/2020 - 14:22:26: [mapchooser4.amxx] Vote: Voting for the nextmap started
L 04/23/2020 - 14:22:36: [mapchooser4.amxx] Vote: Voting for the nextmap finished. The nextmap will be fy_iceworld_2002
L 04/23/2020 - 14:24:56: -------- Mapchange to fy_iceworld_2002 --------
L 04/23/2020 - 14:24:56: [mapchooser4.amxx] Found 47 maps in maps folder
L 04/23/2020 - 14:25:04: [mapchooser4.amxx] xvars for mapchooser 4 setuped.
L 04/23/2020 - 14:52:48: [mapchooser4.amxx] Vote: Voting for the nextmap started
L 04/23/2020 - 14:52:58: [mapchooser4.amxx] Vote: Voting for the nextmap finished. The nextmap will be cs_mansion
L 04/23/2020 - 14:55:19: -------- Mapchange to cs_mansion --------
L 04/23/2020 - 14:55:19: [mapchooser4.amxx] Found 47 maps in maps folder
L 04/23/2020 - 14:55:26: [mapchooser4.amxx] xvars for mapchooser 4 setuped.
L 04/23/2020 - 15:23:10: [mapchooser4.amxx] Vote: Voting for the nextmap started
L 04/23/2020 - 15:23:20: [mapchooser4.amxx] Vote: Voting for the nextmap finished. The nextmap will be de_dust2_2x2
L 04/23/2020 - 15:25:41: -------- Mapchange to de_dust2_2x2 --------
L 04/23/2020 - 15:25:41: [mapchooser4.amxx] Found 47 maps in maps folder
L 04/23/2020 - 15:25:48: [mapchooser4.amxx] xvars for mapchooser 4 setuped.
L 04/23/2020 - 15:53:32: [mapchooser4.amxx] Vote: Voting for the nextmap started
L 04/23/2020 - 15:53:42: [mapchooser4.amxx] Vote: Voting for the nextmap finished. The nextmap will be de_inferno_2x2
L 04/23/2020 - 15:56:03: -------- Mapchange to de_inferno_2x2 --------
L 04/23/2020 - 15:56:03: [mapchooser4.amxx] Found 47 maps in maps folder
L 04/23/2020 - 15:56:10: [mapchooser4.amxx] xvars for mapchooser 4 setuped.
L 04/23/2020 - 16:23:55: [mapchooser4.amxx] Vote: Voting for the nextmap started
L 04/23/2020 - 16:24:05: [mapchooser4.amxx] Vote: Voting for the nextmap finished. The nextmap will be de_sniper
L 04/23/2020 - 16:26:27: -------- Mapchange to de_sniper --------
L 04/23/2020 - 16:26:27: [mapchooser4.amxx] Found 47 maps in maps folder
L 04/23/2020 - 16:26:34: [mapchooser4.amxx] xvars for mapchooser 4 setuped.
L 04/23/2020 - 16:54:18: [mapchooser4.amxx] Vote: Voting for the nextmap started
L 04/23/2020 - 16:54:28: [mapchooser4.amxx] Vote: Voting for the nextmap finished. The nextmap will be de_snipe_it5
L 04/23/2020 - 16:56:48: -------- Mapchange to de_snipe_it5 --------
L 04/23/2020 - 16:56:49: [mapchooser4.amxx] Found 47 maps in maps folder
L 04/23/2020 - 16:56:57: [mapchooser4.amxx] xvars for mapchooser 4 setuped.
L 04/23/2020 - 17:24:41: [mapchooser4.amxx] Vote: Voting for the nextmap started
L 04/23/2020 - 17:24:51: [mapchooser4.amxx] Vote: Voting for the nextmap finished. The nextmap will be de_mipt
L 04/23/2020 - 17:27:13: -------- Mapchange to de_mipt --------
L 04/23/2020 - 17:27:13: [mapchooser4.amxx] Found 47 maps in maps folder
L 04/23/2020 - 17:27:20: [mapchooser4.amxx] xvars for mapchooser 4 setuped.
L 04/23/2020 - 17:55:04: [mapchooser4.amxx] Vote: Voting for the nextmap started
L 04/23/2020 - 17:55:14: [mapchooser4.amxx] Vote: Voting for the nextmap finished. The nextmap will be cs_discounter
L 04/23/2020 - 17:57:35: -------- Mapchange to cs_discounter --------
L 04/23/2020 - 17:57:35: [mapchooser4.amxx] Found 47 maps in maps folder
L 04/23/2020 - 17:57:42: [mapchooser4.amxx] xvars for mapchooser 4 setuped.
L 04/23/2020 - 18:25:26: [mapchooser4.amxx] Vote: Voting for the nextmap started
L 04/23/2020 - 18:25:36: [mapchooser4.amxx] Vote: Voting for the nextmap finished. The nextmap will be cs_rats2
L 04/23/2020 - 18:27:57: -------- Mapchange to cs_rats2 --------
L 04/23/2020 - 18:27:58: [mapchooser4.amxx] Found 47 maps in maps folder
L 04/23/2020 - 18:28:05: [mapchooser4.amxx] xvars for mapchooser 4 setuped.
L 04/23/2020 - 18:55:49: [mapchooser4.amxx] Vote: Voting for the nextmap started
L 04/23/2020 - 18:55:59: [mapchooser4.amxx] Vote: Voting for the nextmap finished. The nextmap will be de_rats
L 04/23/2020 - 18:58:20: -------- Mapchange to de_rats --------
L 04/23/2020 - 18:58:20: [mapchooser4.amxx] Found 47 maps in maps folder
L 04/23/2020 - 18:58:28: [mapchooser4.amxx] xvars for mapchooser 4 setuped.
L 04/23/2020 - 19:19:38: -------- Mapchange to de_dust2_2x2 --------
L 04/23/2020 - 19:19:38: [mapchooser4.amxx] Found 47 maps in maps folder
L 04/23/2020 - 19:19:46: [mapchooser4.amxx] xvars for mapchooser 4 setuped.
L 04/23/2020 - 19:20:19: [admin.amxx] Login: "Diablo<92><STEAM_0:1:21335723><>" became an admin (account "STEAM_0:1:21335723") (access "abcdefghijklmnopqrstu") (address "176.99.182.79")
L 04/23/2020 - 19:47:45: [mapchooser4.amxx] Vote: Voting for the nextmap started
L 04/23/2020 - 19:47:47: [mapchooser4.amxx] (1)segor chose cs_16fighter
L 04/23/2020 - 19:47:48: [mapchooser4.amxx] Frap chose map extending
L 04/23/2020 - 19:47:49: [mapchooser4.amxx] necnec chose de_train
L 04/23/2020 - 19:47:50: [mapchooser4.amxx] Diablo chose cs_pf_dust
L 04/23/2020 - 19:47:55: [mapchooser4.amxx] Vote: Voting for the nextmap finished. The nextmap will be cs_16fighter
L 04/23/2020 - 19:49:54: -------- Mapchange to de_inferno_2x2 --------
L 04/23/2020 - 19:49:54: [mapchooser4.amxx] Found 47 maps in maps folder
L 04/23/2020 - 19:49:54: [admin.amxx] Login: "Diablo<92><STEAM_0:1:21335723><>" became an admin (account "STEAM_0:1:21335723") (access "abcdefghijklmnopqrstu") (address "176.99.182.79")
L 04/23/2020 - 19:50:01: [mapchooser4.amxx] xvars for mapchooser 4 setuped.
L 04/23/2020 - 19:50:03: -------- Mapchange to de_inferno --------
L 04/23/2020 - 19:50:04: [mapchooser4.amxx] Found 47 maps in maps folder
L 04/23/2020 - 19:50:04: [admin.amxx] Login: "Diablo<92><STEAM_0:1:21335723><>" became an admin (account "STEAM_0:1:21335723") (access "abcdefghijklmnopqrstu") (address "176.99.182.79")
L 04/23/2020 - 19:50:11: [mapchooser4.amxx] xvars for mapchooser 4 setuped.
L 04/23/2020 - 20:18:10: [mapchooser4.amxx] Vote: Voting for the nextmap started
L 04/23/2020 - 20:18:20: [mapchooser4.amxx] Vote: Voting for the nextmap finished. The nextmap will be de_cbble
L 04/23/2020 - 20:20:26: -------- Mapchange to de_cbble --------
L 04/23/2020 - 20:20:26: [mapchooser4.amxx] Found 47 maps in maps folder
L 04/23/2020 - 20:20:33: [mapchooser4.amxx] xvars for mapchooser 4 setuped.
L 04/23/2020 - 20:48:17: [mapchooser4.amxx] Vote: Voting for the nextmap started
L 04/23/2020 - 20:48:27: [mapchooser4.amxx] Vote: Voting for the nextmap finished. The nextmap will be de_cpl_mill
L 04/23/2020 - 20:50:48: -------- Mapchange to de_cpl_mill --------
L 04/23/2020 - 20:50:48: [mapchooser4.amxx] Found 47 maps in maps folder
L 04/23/2020 - 20:50:55: [mapchooser4.amxx] xvars for mapchooser 4 setuped.
L 04/23/2020 - 21:18:39: [mapchooser4.amxx] Vote: Voting for the nextmap started
L 04/23/2020 - 21:18:49: [mapchooser4.amxx] Vote: Voting for the nextmap finished. The nextmap will be de_dust
L 04/23/2020 - 21:21:10: -------- Mapchange to de_dust --------
L 04/23/2020 - 21:21:11: [mapchooser4.amxx] Found 47 maps in maps folder
L 04/23/2020 - 21:21:18: [mapchooser4.amxx] xvars for mapchooser 4 setuped.
L 04/23/2020 - 21:49:02: [mapchooser4.amxx] Vote: Voting for the nextmap started
L 04/23/2020 - 21:49:12: [mapchooser4.amxx] Vote: Voting for the nextmap finished. The nextmap will be de_dust2
L 04/23/2020 - 21:51:33: -------- Mapchange to de_dust2 --------
L 04/23/2020 - 21:51:33: [mapchooser4.amxx] Found 47 maps in maps folder
L 04/23/2020 - 21:51:40: [mapchooser4.amxx] xvars for mapchooser 4 setuped.
L 04/23/2020 - 22:08:22: -------- Mapchange to de_dust2_2x2 --------
L 04/23/2020 - 22:08:22: [mapchooser4.amxx] Found 47 maps in maps folder
L 04/23/2020 - 22:08:29: [mapchooser4.amxx] xvars for mapchooser 4 setuped.
L 04/23/2020 - 22:10:15: [admin.amxx] Login: "Diablo<101><STEAM_0:1:21335723><>" became an admin (account "STEAM_0:1:21335723") (access "abcdefghijklmnopqrstu") (address "176.99.182.79")
L 04/23/2020 - 22:21:01: -------- Mapchange to de_aztec --------
L 04/23/2020 - 22:21:02: [mapchooser4.amxx] Found 47 maps in maps folder
L 04/23/2020 - 22:21:02: [admin.amxx] Login: "Diablo<101><STEAM_0:1:21335723><>" became an admin (account "STEAM_0:1:21335723") (access "abcdefghijklmnopqrstu") (address "176.99.182.79")
L 04/23/2020 - 22:21:09: [mapchooser4.amxx] xvars for mapchooser 4 setuped.
L 04/23/2020 - 22:33:19: [admin.amxx] Login: "GUSINBERG<105><STEAM_0:1:55760822><>" became an admin (account "STEAM_0:1:55760822") (access "cdefjuz") (address "81.200.27.239")
L 04/23/2020 - 22:49:08: [mapchooser4.amxx] Vote: Voting for the nextmap started
L 04/23/2020 - 22:49:10: [mapchooser4.amxx] Frap chose de_nuke
L 04/23/2020 - 22:49:11: [mapchooser4.amxx] necnec chose de_nuke
L 04/23/2020 - 22:49:12: [mapchooser4.amxx] Diablo chose cs_16fighter
L 04/23/2020 - 22:49:12: [mapchooser4.amxx] Neat_Ops chose de_nuke
L 04/23/2020 - 22:49:13: [mapchooser4.amxx] HoTKoL chose aim_ak-colt
L 04/23/2020 - 22:49:15: [mapchooser4.amxx] Morpheme chose de_nuke
L 04/23/2020 - 22:49:18: [mapchooser4.amxx] Vote: Voting for the nextmap finished. The nextmap will be de_nuke
L 04/23/2020 - 22:51:08: -------- Mapchange to de_inferno --------
L 04/23/2020 - 22:51:08: [mapchooser4.amxx] Found 47 maps in maps folder
L 04/23/2020 - 22:51:08: [admin.amxx] Login: "Diablo<101><STEAM_0:1:21335723><>" became an admin (account "STEAM_0:1:21335723") (access "abcdefghijklmnopqrstu") (address "176.99.182.79")
L 04/23/2020 - 22:51:08: [admin.amxx] Login: "GUSINBERG<105><STEAM_0:1:55760822><>" became an admin (account "STEAM_0:1:55760822") (access "cdefjuz") (address "81.200.27.239")
L 04/23/2020 - 22:51:15: [mapchooser4.amxx] xvars for mapchooser 4 setuped.
L 04/23/2020 - 23:19:14: [mapchooser4.amxx] Vote: Voting for the nextmap started
L 04/23/2020 - 23:19:16: [mapchooser4.amxx] HoTKoL chose aim_ak-colt
L 04/23/2020 - 23:19:17: [mapchooser4.amxx] Frap chose de_nuke
L 04/23/2020 - 23:19:17: [mapchooser4.amxx] necnec chose de_nuke
L 04/23/2020 - 23:19:17: [mapchooser4.amxx] Diablo chose aim_ak-colt
L 04/23/2020 - 23:19:18: [mapchooser4.amxx] arsh chose to keep the current nextmap (cs_italy)
L 04/23/2020 - 23:19:19: [mapchooser4.amxx] Morpheme chose aim_headshot
L 04/23/2020 - 23:19:20: [mapchooser4.amxx] Neat_Ops chose map extending
L 04/23/2020 - 23:19:21: [mapchooser4.amxx] da_ti_osel chose de_nuke
L 04/23/2020 - 23:19:24: [mapchooser4.amxx] Vote: Voting for the nextmap finished. The nextmap will be de_nuke
L 04/23/2020 - 23:21:29: -------- Mapchange to de_nuke --------
L 04/23/2020 - 23:21:30: [mapchooser4.amxx] Found 47 maps in maps folder
L 04/23/2020 - 23:21:30: [admin.amxx] Login: "Diablo<101><STEAM_0:1:21335723><>" became an admin (account "STEAM_0:1:21335723") (access "abcdefghijklmnopqrstu") (address "176.99.182.79")
L 04/23/2020 - 23:21:30: [admin.amxx] Login: "GUSINBERG<105><STEAM_0:1:55760822><>" became an admin (account "STEAM_0:1:55760822") (access "cdefjuz") (address "81.200.27.239")
L 04/23/2020 - 23:21:37: [mapchooser4.amxx] xvars for mapchooser 4 setuped.
L 04/23/2020 - 23:21:38: -------- Mapchange to de_inferno --------
L 04/23/2020 - 23:21:39: [mapchooser4.amxx] Found 47 maps in maps folder
L 04/23/2020 - 23:21:39: [admin.amxx] Login: "GUSINBERG<105><STEAM_0:1:55760822><>" became an admin (account "STEAM_0:1:55760822") (access "cdefjuz") (address "81.200.27.239")
L 04/23/2020 - 23:21:46: [mapchooser4.amxx] xvars for mapchooser 4 setuped.
L 04/23/2020 - 23:22:17: -------- Mapchange to de_dust2 --------
L 04/23/2020 - 23:22:17: [mapchooser4.amxx] Found 47 maps in maps folder
L 04/23/2020 - 23:22:18: [admin.amxx] Login: "GUSINBERG<105><STEAM_0:1:55760822><>" became an admin (account "STEAM_0:1:55760822") (access "cdefjuz") (address "81.200.27.239")
L 04/23/2020 - 23:22:25: [mapchooser4.amxx] xvars for mapchooser 4 setuped.
L 04/23/2020 - 23:50:24: [mapchooser4.amxx] Vote: Voting for the nextmap started
L 04/23/2020 - 23:50:25: [mapchooser4.amxx] HoTKoL chose cs_assault
L 04/23/2020 - 23:50:26: [mapchooser4.amxx] Frap chose de_rats
L 04/23/2020 - 23:50:26: [mapchooser4.amxx] da_ti_osel chose aim_headshot
L 04/23/2020 - 23:50:28: [mapchooser4.amxx] necnec chose aim_headshot
L 04/23/2020 - 23:50:34: [mapchooser4.amxx] Vote: Voting for the nextmap finished. The nextmap will be aim_headshot
L 04/23/2020 - 23:52:37: -------- Mapchange to aim_headshot --------
L 04/23/2020 - 23:52:38: [mapchooser4.amxx] Found 47 maps in maps folder
L 04/23/2020 - 23:52:45: [mapchooser4.amxx] xvars for mapchooser 4 setuped.
