L 06/05/2020 - 00:00:13: [killlog.amxx] [VALET]:  round end [T] score: 0 [CT] score: 5!
L 06/05/2020 - 00:00:21: [killlog.amxx] [VALET]:  round start [T] score: 0 [CT] score: 6!
L 06/05/2020 - 00:02:06: [killlog.amxx] [VALET]:  round end [T] score: 0 [CT] score: 6!
L 06/05/2020 - 00:02:14: [killlog.amxx] [VALET]:  round start [T] score: 0 [CT] score: 7!
L 06/05/2020 - 00:03:59: [killlog.amxx] [VALET]:  round end [T] score: 0 [CT] score: 7!
L 06/05/2020 - 00:04:07: [killlog.amxx] [VALET]:  round start [T] score: 0 [CT] score: 8!
L 06/05/2020 - 00:05:52: [killlog.amxx] [VALET]:  round end [T] score: 0 [CT] score: 8!
L 06/05/2020 - 00:06:00: [killlog.amxx] [VALET]:  round start [T] score: 0 [CT] score: 9!
L 06/05/2020 - 00:07:45: [killlog.amxx] [VALET]:  round end [T] score: 0 [CT] score: 9!
L 06/05/2020 - 00:07:53: [killlog.amxx] [VALET]:  round start [T] score: 0 [CT] score: 10!
L 06/05/2020 - 00:09:38: [killlog.amxx] [VALET]:  round end [T] score: 0 [CT] score: 10!
L 06/05/2020 - 00:09:46: [killlog.amxx] [VALET]:  round start [T] score: 0 [CT] score: 11!
L 06/05/2020 - 00:11:31: [killlog.amxx] [VALET]:  round end [T] score: 0 [CT] score: 11!
L 06/05/2020 - 00:11:39: [killlog.amxx] [VALET]:  round start [T] score: 0 [CT] score: 12!
L 06/05/2020 - 00:13:24: [killlog.amxx] [VALET]:  round end [T] score: 0 [CT] score: 12!
L 06/05/2020 - 00:13:32: [killlog.amxx] [VALET]:  round start [T] score: 0 [CT] score: 13!
L 06/05/2020 - 00:15:17: [killlog.amxx] [VALET]:  round end [T] score: 0 [CT] score: 13!
L 06/05/2020 - 00:15:25: [killlog.amxx] [VALET]:  round start [T] score: 0 [CT] score: 14!
L 06/05/2020 - 00:17:10: [killlog.amxx] [VALET]:  round end [T] score: 0 [CT] score: 14!
L 06/05/2020 - 00:17:18: [killlog.amxx] [VALET]:  round start [T] score: 0 [CT] score: 15!
L 06/05/2020 - 00:19:03: [killlog.amxx] [VALET]:  round end [T] score: 0 [CT] score: 15!
L 06/05/2020 - 00:19:11: [killlog.amxx] [VALET]:  round start [T] score: 0 [CT] score: 16!
L 06/05/2020 - 00:20:56: [killlog.amxx] [VALET]:  round end [T] score: 0 [CT] score: 16!
L 06/05/2020 - 00:21:04: [killlog.amxx] [VALET]:  round start [T] score: 0 [CT] score: 17!
L 06/05/2020 - 00:22:49: [killlog.amxx] [VALET]:  round end [T] score: 0 [CT] score: 17!
L 06/05/2020 - 00:22:57: [killlog.amxx] [VALET]:  round start [T] score: 0 [CT] score: 18!
L 06/05/2020 - 00:24:42: [killlog.amxx] [VALET]:  round end [T] score: 0 [CT] score: 18!
L 06/05/2020 - 00:24:50: [killlog.amxx] [VALET]:  round start [T] score: 0 [CT] score: 19!
L 06/05/2020 - 00:26:35: [killlog.amxx] [VALET]:  round end [T] score: 0 [CT] score: 19!
L 06/05/2020 - 00:26:43: [killlog.amxx] [VALET]:  round start [T] score: 0 [CT] score: 20!
L 06/05/2020 - 00:28:28: [killlog.amxx] [VALET]:  round end [T] score: 0 [CT] score: 20!
L 06/05/2020 - 00:28:36: [killlog.amxx] [VALET]:  round start [T] score: 0 [CT] score: 21!
L 06/05/2020 - 00:28:55: [mapchooser4.amxx] Vote: Voting for the nextmap started
L 06/05/2020 - 00:29:05: [mapchooser4.amxx] Vote: Voting for the nextmap finished. The nextmap will be awp_india
L 06/05/2020 - 00:30:21: [killlog.amxx] [VALET]:  round end [T] score: 0 [CT] score: 21!
L 06/05/2020 - 00:30:36: [killlog.amxx] [VALET]: RAZ DVA disconnected!
L 06/05/2020 - 00:30:36: -------- Mapchange to awp_india --------
L 06/05/2020 - 00:30:37: [mapchooser4.amxx] Found 51 maps in maps folder
L 06/05/2020 - 00:30:41: [killlog.amxx] [VALET]:  round start [T] score: 0 [CT] score: 0!
L 06/05/2020 - 00:30:44: [mapchooser4.amxx] xvars for mapchooser 4 setuped.
