L 06/17/2020 - 21:34:18: [killlog.amxx] [VALET]: STEAM_0:0:1931658130 joined [T]!
L 06/17/2020 - 21:34:19: [killlog.amxx] [VALET]: STEAM_0:0:1931658130 joined [T]!
L 06/17/2020 - 21:53:42: [killlog.amxx] [VALET]: STEAM_0:0:1931658130 disconnected!
L 06/17/2020 - 21:53:42: [killlog.amxx] [VALET]:  round end [T] score: 1 [CT] score: 4!
L 06/17/2020 - 21:53:50: [killlog.amxx] [VALET]:  round start [T] score: 1 [CT] score: 4!
L 06/17/2020 - 21:57:33: [killlog.amxx] [VALET]: STEAM_0:0:1931658130 joined [S]!
L 06/17/2020 - 22:01:08: [killlog.amxx] [VALET]: STEAM_0:0:1931658130 disconnected!
L 06/17/2020 - 22:01:08: [killlog.amxx] [VALET]:  round end [T] score: 1 [CT] score: 4!
L 06/17/2020 - 22:01:16: [killlog.amxx] [VALET]:  round start [T] score: 1 [CT] score: 4!
L 06/17/2020 - 22:56:12: [killlog.amxx] [VALET]: STEAM_0:1:433215089 joined [T]!
L 06/17/2020 - 22:56:13: [killlog.amxx] [VALET]: STEAM_0:1:433215089 joined [T]!
L 06/17/2020 - 23:00:57: [killlog.amxx] [VALET]: STEAM_0:1:484516970 joined [CT]!
L 06/17/2020 - 23:00:57: [killlog.amxx] [VALET]: STEAM_0:1:484516970 joined [CT]!
L 06/17/2020 - 23:00:57: [killlog.amxx] [VALET]:  round end [T] score: 1 [CT] score: 4!
L 06/17/2020 - 23:01:00: [killlog.amxx] [VALET]: STEAM_0:1:433215089 joined [T]!
L 06/17/2020 - 23:01:00: [killlog.amxx] [VALET]: STEAM_0:1:484516970 joined [CT]!
L 06/17/2020 - 23:01:03: [killlog.amxx] [VALET]:  round start [T] score: 0 [CT] score: 0!
L 06/17/2020 - 23:01:21: [killlog.amxx] [VALET]: [T]|STEAM_0:1:433215089 killed [T]|STEAM_0:1:484516970 with headshot using ak47!
L 06/17/2020 - 23:01:21: [killlog.amxx] [VALET]:  round end [T] score: 1 [CT] score: 0!
L 06/17/2020 - 23:01:26: [killlog.amxx] [VALET]: STEAM_0:1:433215089 joined [T]!
L 06/17/2020 - 23:01:26: [killlog.amxx] [VALET]: STEAM_0:1:484516970 joined [CT]!
L 06/17/2020 - 23:01:29: [killlog.amxx] [VALET]:  round start [T] score: 1 [CT] score: 0!
L 06/17/2020 - 23:01:53: [killlog.amxx] [VALET]: STEAM_0:1:484581202 joined [CT]!
L 06/17/2020 - 23:01:54: [killlog.amxx] [VALET]: STEAM_0:1:484581202 joined [CT]!
L 06/17/2020 - 23:02:08: [killlog.amxx] [VALET]: [T]|STEAM_0:1:433215089 killed [T]|STEAM_0:1:484516970 with headshot using ak47!
L 06/17/2020 - 23:02:08: [killlog.amxx] [VALET]:  round end [T] score: 2 [CT] score: 0!
L 06/17/2020 - 23:02:13: [killlog.amxx] [VALET]: STEAM_0:1:433215089 joined [T]!
L 06/17/2020 - 23:02:13: [killlog.amxx] [VALET]: STEAM_0:1:484516970 joined [CT]!
L 06/17/2020 - 23:02:13: [killlog.amxx] [VALET]: STEAM_0:1:484581202 joined [CT]!
L 06/17/2020 - 23:02:16: [killlog.amxx] [VALET]:  round start [T] score: 2 [CT] score: 0!
L 06/17/2020 - 23:02:35: [killlog.amxx] [VALET]: [CT]|STEAM_0:1:484581202 killed [CT]|STEAM_0:1:433215089 using m4a1!
L 06/17/2020 - 23:02:35: [killlog.amxx] [VALET]:  round end [T] score: 2 [CT] score: 1!
L 06/17/2020 - 23:02:40: [killlog.amxx] [VALET]: STEAM_0:1:433215089 joined [T]!
L 06/17/2020 - 23:02:40: [killlog.amxx] [VALET]: STEAM_0:1:484516970 joined [CT]!
L 06/17/2020 - 23:02:40: [killlog.amxx] [VALET]: STEAM_0:1:484581202 joined [CT]!
L 06/17/2020 - 23:02:43: [killlog.amxx] [VALET]:  round start [T] score: 2 [CT] score: 1!
L 06/17/2020 - 23:02:52: [killlog.amxx] [VALET]: [T]|STEAM_0:1:433215089 killed [T]|STEAM_0:1:484581202 with headshot using ak47!
L 06/17/2020 - 23:03:04: [killlog.amxx] [VALET]: [CT]|STEAM_0:1:484516970 killed [CT]|STEAM_0:1:433215089 using m4a1!
L 06/17/2020 - 23:03:04: [killlog.amxx] [VALET]:  round end [T] score: 2 [CT] score: 2!
L 06/17/2020 - 23:03:09: [killlog.amxx] [VALET]: STEAM_0:1:433215089 joined [T]!
L 06/17/2020 - 23:03:09: [killlog.amxx] [VALET]: STEAM_0:1:484516970 joined [CT]!
L 06/17/2020 - 23:03:09: [killlog.amxx] [VALET]: STEAM_0:1:484581202 joined [CT]!
L 06/17/2020 - 23:03:12: [killlog.amxx] [VALET]:  round start [T] score: 2 [CT] score: 2!
L 06/17/2020 - 23:03:23: [killlog.amxx] [VALET]: [CT]|STEAM_0:1:484581202 killed [CT]|STEAM_0:1:433215089 using m4a1!
L 06/17/2020 - 23:03:23: [killlog.amxx] [VALET]:  round end [T] score: 2 [CT] score: 3!
L 06/17/2020 - 23:03:28: [killlog.amxx] [VALET]: STEAM_0:1:433215089 joined [T]!
L 06/17/2020 - 23:03:28: [killlog.amxx] [VALET]: STEAM_0:1:484516970 joined [CT]!
L 06/17/2020 - 23:03:28: [killlog.amxx] [VALET]: STEAM_0:1:484581202 joined [CT]!
L 06/17/2020 - 23:03:31: [killlog.amxx] [VALET]:  round start [T] score: 2 [CT] score: 3!
L 06/17/2020 - 23:03:37: [killlog.amxx] [VALET]: [CT]|STEAM_0:1:484581202 killed [CT]|STEAM_0:1:433215089 using m4a1!
L 06/17/2020 - 23:03:37: [killlog.amxx] [VALET]:  round end [T] score: 2 [CT] score: 4!
L 06/17/2020 - 23:03:42: [killlog.amxx] [VALET]: STEAM_0:1:433215089 joined [T]!
L 06/17/2020 - 23:03:42: [killlog.amxx] [VALET]: STEAM_0:1:484516970 joined [CT]!
L 06/17/2020 - 23:03:42: [killlog.amxx] [VALET]: STEAM_0:1:484581202 joined [CT]!
L 06/17/2020 - 23:03:45: [killlog.amxx] [VALET]:  round start [T] score: 2 [CT] score: 4!
L 06/17/2020 - 23:04:00: [killlog.amxx] [VALET]: [CT]|STEAM_0:1:484516970 killed [CT]|STEAM_0:1:433215089 with headshot using m4a1!
L 06/17/2020 - 23:04:00: [killlog.amxx] [VALET]:  round end [T] score: 2 [CT] score: 5!
L 06/17/2020 - 23:04:05: [killlog.amxx] [VALET]: STEAM_0:1:433215089 joined [T]!
L 06/17/2020 - 23:04:05: [killlog.amxx] [VALET]: STEAM_0:1:484516970 joined [CT]!
L 06/17/2020 - 23:04:05: [killlog.amxx] [VALET]: STEAM_0:1:484581202 joined [CT]!
L 06/17/2020 - 23:04:08: [killlog.amxx] [VALET]:  round start [T] score: 2 [CT] score: 5!
L 06/17/2020 - 23:04:09: [killlog.amxx] [VALET]: STEAM_0:1:433215089 joined [CT]!
L 06/17/2020 - 23:04:09: [killlog.amxx] [VALET]: STEAM_0:1:484516970 joined [T]!
L 06/17/2020 - 23:04:09: [killlog.amxx] [VALET]: STEAM_0:1:484581202 joined [T]!
L 06/17/2020 - 23:04:12: [killlog.amxx] [VALET]:  round start [T] score: 0 [CT] score: 0!
L 06/17/2020 - 23:04:32: [killlog.amxx] [VALET]: [T]|STEAM_0:1:484516970 killed [T]|STEAM_0:1:433215089 using ak47!
L 06/17/2020 - 23:04:32: [killlog.amxx] [VALET]:  round end [T] score: 1 [CT] score: 0!
L 06/17/2020 - 23:04:37: [killlog.amxx] [VALET]: STEAM_0:1:433215089 joined [CT]!
L 06/17/2020 - 23:04:37: [killlog.amxx] [VALET]: STEAM_0:1:484516970 joined [T]!
L 06/17/2020 - 23:04:37: [killlog.amxx] [VALET]: STEAM_0:1:484581202 joined [T]!
L 06/17/2020 - 23:04:40: [killlog.amxx] [VALET]:  round start [T] score: 1 [CT] score: 0!
L 06/17/2020 - 23:04:51: [killlog.amxx] [VALET]: [T]|STEAM_0:1:484581202 killed [T]|STEAM_0:1:433215089 using ak47!
L 06/17/2020 - 23:04:51: [killlog.amxx] [VALET]:  round end [T] score: 2 [CT] score: 0!
L 06/17/2020 - 23:04:56: [killlog.amxx] [VALET]: STEAM_0:1:433215089 joined [CT]!
L 06/17/2020 - 23:04:56: [killlog.amxx] [VALET]: STEAM_0:1:484516970 joined [T]!
L 06/17/2020 - 23:04:56: [killlog.amxx] [VALET]: STEAM_0:1:484581202 joined [T]!
L 06/17/2020 - 23:04:59: [killlog.amxx] [VALET]:  round start [T] score: 2 [CT] score: 0!
L 06/17/2020 - 23:05:13: [killlog.amxx] [VALET]: [CT]|STEAM_0:1:433215089 killed [CT]|STEAM_0:1:484516970 with headshot using m4a1!
L 06/17/2020 - 23:05:16: [killlog.amxx] [VALET]: [CT]|STEAM_0:1:433215089 killed [CT]|STEAM_0:1:484581202 with headshot using m4a1!
L 06/17/2020 - 23:05:16: [killlog.amxx] [VALET]:  round end [T] score: 2 [CT] score: 1!
L 06/17/2020 - 23:05:21: [killlog.amxx] [VALET]: STEAM_0:1:433215089 joined [CT]!
L 06/17/2020 - 23:05:21: [killlog.amxx] [VALET]: STEAM_0:1:484516970 joined [T]!
L 06/17/2020 - 23:05:21: [killlog.amxx] [VALET]: STEAM_0:1:484581202 joined [T]!
L 06/17/2020 - 23:05:24: [killlog.amxx] [VALET]:  round start [T] score: 2 [CT] score: 1!
L 06/17/2020 - 23:05:47: [killlog.amxx] [VALET]: [CT]|STEAM_0:1:433215089 killed [CT]|STEAM_0:1:484581202 with headshot using m4a1!
L 06/17/2020 - 23:06:09: [killlog.amxx] [VALET]: [T]|STEAM_0:1:484516970 killed [T]|STEAM_0:1:433215089 using ak47!
L 06/17/2020 - 23:06:09: [killlog.amxx] [VALET]:  round end [T] score: 3 [CT] score: 1!
L 06/17/2020 - 23:06:14: [killlog.amxx] [VALET]: STEAM_0:1:433215089 joined [CT]!
L 06/17/2020 - 23:06:14: [killlog.amxx] [VALET]: STEAM_0:1:484516970 joined [T]!
L 06/17/2020 - 23:06:14: [killlog.amxx] [VALET]: STEAM_0:1:484581202 joined [T]!
L 06/17/2020 - 23:06:17: [killlog.amxx] [VALET]:  round start [T] score: 3 [CT] score: 1!
L 06/17/2020 - 23:06:25: [killlog.amxx] [VALET]: [CT]|STEAM_0:1:433215089 killed [CT]|STEAM_0:1:484516970 with headshot using m4a1!
L 06/17/2020 - 23:06:39: [killlog.amxx] [VALET]: [T]|STEAM_0:1:484581202 killed [T]|STEAM_0:1:433215089 using ak47!
L 06/17/2020 - 23:06:39: [killlog.amxx] [VALET]:  round end [T] score: 4 [CT] score: 1!
L 06/17/2020 - 23:06:44: [killlog.amxx] [VALET]: STEAM_0:1:433215089 joined [CT]!
L 06/17/2020 - 23:06:44: [killlog.amxx] [VALET]: STEAM_0:1:484516970 joined [T]!
L 06/17/2020 - 23:06:44: [killlog.amxx] [VALET]: STEAM_0:1:484581202 joined [T]!
L 06/17/2020 - 23:06:47: [killlog.amxx] [VALET]:  round start [T] score: 4 [CT] score: 1!
L 06/17/2020 - 23:07:09: [killlog.amxx] [VALET]: [CT]|STEAM_0:1:433215089 killed [CT]|STEAM_0:1:484581202 using m4a1!
L 06/17/2020 - 23:07:21: [killlog.amxx] [VALET]: [CT]|STEAM_0:1:433215089 killed [CT]|STEAM_0:1:484516970 using m4a1!
L 06/17/2020 - 23:07:21: [killlog.amxx] [VALET]:  round end [T] score: 4 [CT] score: 2!
L 06/17/2020 - 23:07:26: [killlog.amxx] [VALET]: STEAM_0:1:433215089 joined [CT]!
L 06/17/2020 - 23:07:26: [killlog.amxx] [VALET]: STEAM_0:1:484516970 joined [T]!
L 06/17/2020 - 23:07:26: [killlog.amxx] [VALET]: STEAM_0:1:484581202 joined [T]!
L 06/17/2020 - 23:07:29: [killlog.amxx] [VALET]:  round start [T] score: 4 [CT] score: 2!
L 06/17/2020 - 23:07:44: [killlog.amxx] [VALET]: [T]|STEAM_0:1:484516970 killed [T]|STEAM_0:1:433215089 using ak47!
L 06/17/2020 - 23:07:44: [killlog.amxx] [VALET]:  round end [T] score: 5 [CT] score: 2!
L 06/17/2020 - 23:07:49: [killlog.amxx] [VALET]: STEAM_0:1:433215089 joined [CT]!
L 06/17/2020 - 23:07:49: [killlog.amxx] [VALET]: STEAM_0:1:484516970 joined [T]!
L 06/17/2020 - 23:07:49: [killlog.amxx] [VALET]: STEAM_0:1:484581202 joined [T]!
L 06/17/2020 - 23:07:52: [killlog.amxx] [VALET]:  round start [T] score: 5 [CT] score: 2!
L 06/17/2020 - 23:07:53: [killlog.amxx] [VALET]: STEAM_0:0:388099385 joined [CT]!
L 06/17/2020 - 23:07:54: [killlog.amxx] [VALET]: STEAM_0:0:388099385 joined [CT]!
L 06/17/2020 - 23:08:10: [killlog.amxx] [VALET]: [CT]|STEAM_0:0:388099385 killed [CT]|STEAM_0:1:484516970 using m4a1!
L 06/17/2020 - 23:08:15: [killlog.amxx] [VALET]: [CT]|STEAM_0:0:388099385 killed [CT]|STEAM_0:1:484581202 with headshot using m4a1!
L 06/17/2020 - 23:08:15: [killlog.amxx] [VALET]:  round end [T] score: 5 [CT] score: 3!
L 06/17/2020 - 23:08:20: [killlog.amxx] [VALET]: STEAM_0:1:433215089 joined [CT]!
L 06/17/2020 - 23:08:20: [killlog.amxx] [VALET]: STEAM_0:1:484516970 joined [T]!
L 06/17/2020 - 23:08:20: [killlog.amxx] [VALET]: STEAM_0:1:484581202 joined [T]!
L 06/17/2020 - 23:08:20: [killlog.amxx] [VALET]: STEAM_0:0:388099385 joined [CT]!
L 06/17/2020 - 23:08:23: [killlog.amxx] [VALET]:  round start [T] score: 5 [CT] score: 3!
L 06/17/2020 - 23:08:41: [killlog.amxx] [VALET]: [CT]|STEAM_0:0:388099385 killed [CT]|STEAM_0:1:484581202 using m4a1!
L 06/17/2020 - 23:09:00: [killlog.amxx] [VALET]: [T]|STEAM_0:1:484516970 killed [T]|STEAM_0:1:433215089 using ak47!
L 06/17/2020 - 23:09:07: [killlog.amxx] [VALET]: [T]|STEAM_0:1:484516970 killed [T]|STEAM_0:0:388099385 using ak47!
L 06/17/2020 - 23:09:07: [killlog.amxx] [VALET]:  round end [T] score: 6 [CT] score: 3!
L 06/17/2020 - 23:09:12: [killlog.amxx] [VALET]: STEAM_0:1:433215089 joined [CT]!
L 06/17/2020 - 23:09:12: [killlog.amxx] [VALET]: STEAM_0:1:484516970 joined [T]!
L 06/17/2020 - 23:09:12: [killlog.amxx] [VALET]: STEAM_0:1:484581202 joined [T]!
L 06/17/2020 - 23:09:12: [killlog.amxx] [VALET]: STEAM_0:0:388099385 joined [CT]!
L 06/17/2020 - 23:09:15: [killlog.amxx] [VALET]:  round start [T] score: 6 [CT] score: 3!
L 06/17/2020 - 23:09:34: [killlog.amxx] [VALET]: [T]|STEAM_0:1:484581202 killed [T]|STEAM_0:0:388099385 with headshot using ak47!
L 06/17/2020 - 23:09:49: [killlog.amxx] [VALET]: [CT]|STEAM_0:1:433215089 killed [CT]|STEAM_0:1:484516970 using m4a1!
L 06/17/2020 - 23:09:51: [killlog.amxx] [VALET]: STEAM_0:1:12549369 joined [CT]!
L 06/17/2020 - 23:09:51: [killlog.amxx] [VALET]: STEAM_0:1:12549369 joined [CT]!
L 06/17/2020 - 23:10:00: [killlog.amxx] [VALET]: [T]|STEAM_0:1:484581202 killed [T]|STEAM_0:1:433215089 using ak47!
L 06/17/2020 - 23:10:00: [killlog.amxx] [VALET]:  round end [T] score: 7 [CT] score: 3!
L 06/17/2020 - 23:10:05: [killlog.amxx] [VALET]: STEAM_0:1:433215089 joined [CT]!
L 06/17/2020 - 23:10:05: [killlog.amxx] [VALET]: STEAM_0:1:484516970 joined [T]!
L 06/17/2020 - 23:10:05: [killlog.amxx] [VALET]: STEAM_0:1:484581202 joined [T]!
L 06/17/2020 - 23:10:05: [killlog.amxx] [VALET]: STEAM_0:0:388099385 joined [CT]!
L 06/17/2020 - 23:10:05: [killlog.amxx] [VALET]: STEAM_0:1:12549369 joined [CT]!
L 06/17/2020 - 23:10:08: [killlog.amxx] [VALET]:  round start [T] score: 7 [CT] score: 3!
L 06/17/2020 - 23:10:12: [killlog.amxx] [VALET]: [CT]|STEAM_0:1:433215089 killed [CT]|STEAM_0:1:484516970 with headshot using m4a1!
L 06/17/2020 - 23:10:18: [killlog.amxx] [VALET]: [CT]|STEAM_0:1:433215089 killed [CT]|STEAM_0:1:484581202 with headshot using m4a1!
L 06/17/2020 - 23:10:18: [killlog.amxx] [VALET]:  round end [T] score: 7 [CT] score: 4!
L 06/17/2020 - 23:10:23: [killlog.amxx] [VALET]: STEAM_0:1:433215089 joined [CT]!
L 06/17/2020 - 23:10:23: [killlog.amxx] [VALET]: STEAM_0:1:484516970 joined [T]!
L 06/17/2020 - 23:10:23: [killlog.amxx] [VALET]: STEAM_0:1:484581202 joined [T]!
L 06/17/2020 - 23:10:23: [killlog.amxx] [VALET]: STEAM_0:0:388099385 joined [CT]!
L 06/17/2020 - 23:10:23: [killlog.amxx] [VALET]: STEAM_0:1:12549369 joined [CT]!
L 06/17/2020 - 23:10:26: [killlog.amxx] [VALET]:  round start [T] score: 7 [CT] score: 4!
L 06/17/2020 - 23:10:37: [killlog.amxx] [VALET]: [CT]|STEAM_0:0:388099385 killed [CT]|STEAM_0:1:484516970 with headshot using m4a1!
L 06/17/2020 - 23:10:42: [killlog.amxx] [VALET]: [CT]|STEAM_0:1:12549369 killed [CT]|STEAM_0:1:484581202 using m4a1!
L 06/17/2020 - 23:10:42: [killlog.amxx] [VALET]:  round end [T] score: 7 [CT] score: 5!
L 06/17/2020 - 23:10:47: [killlog.amxx] [VALET]: STEAM_0:1:433215089 joined [CT]!
L 06/17/2020 - 23:10:47: [killlog.amxx] [VALET]: STEAM_0:1:484516970 joined [T]!
L 06/17/2020 - 23:10:47: [killlog.amxx] [VALET]: STEAM_0:1:484581202 joined [T]!
L 06/17/2020 - 23:10:47: [killlog.amxx] [VALET]: STEAM_0:0:388099385 joined [CT]!
L 06/17/2020 - 23:10:47: [killlog.amxx] [VALET]: STEAM_0:1:12549369 joined [CT]!
L 06/17/2020 - 23:10:48: [killlog.amxx] [VALET]: STEAM_0:0:947796992 joined [T]!
L 06/17/2020 - 23:10:48: [killlog.amxx] [VALET]: STEAM_0:0:947796992 joined [T]!
L 06/17/2020 - 23:10:50: [killlog.amxx] [VALET]:  round start [T] score: 7 [CT] score: 5!
L 06/17/2020 - 23:10:51: [killlog.amxx] [VALET]: STEAM_0:1:433215089 joined [T]!
L 06/17/2020 - 23:10:51: [killlog.amxx] [VALET]: STEAM_0:1:484516970 joined [CT]!
L 06/17/2020 - 23:10:51: [killlog.amxx] [VALET]: STEAM_0:1:484581202 joined [CT]!
L 06/17/2020 - 23:10:51: [killlog.amxx] [VALET]: STEAM_0:0:388099385 joined [T]!
L 06/17/2020 - 23:10:51: [killlog.amxx] [VALET]: STEAM_0:0:947796992 joined [CT]!
L 06/17/2020 - 23:10:51: [killlog.amxx] [VALET]: STEAM_0:1:12549369 joined [T]!
L 06/17/2020 - 23:10:52: [killlog.amxx] [VALET]: STEAM_0:1:433215089 disconnected!
L 06/17/2020 - 23:10:52: [killlog.amxx] [VALET]: STEAM_0:1:484516970 disconnected!
L 06/17/2020 - 23:10:52: [killlog.amxx] [VALET]: STEAM_0:1:484581202 disconnected!
L 06/17/2020 - 23:10:52: [killlog.amxx] [VALET]: STEAM_0:0:388099385 disconnected!
L 06/17/2020 - 23:10:52: [killlog.amxx] [VALET]: STEAM_0:0:947796992 disconnected!
L 06/17/2020 - 23:10:52: [killlog.amxx] [VALET]: STEAM_0:1:12549369 disconnected!
L 06/17/2020 - 23:10:52: -------- Mapchange to de_dust2_2x2 --------
L 06/17/2020 - 23:10:52: [mapchooser4.amxx] Found 51 maps in maps folder
L 06/17/2020 - 23:10:56: [killlog.amxx] [VALET]:  round start [T] score: 0 [CT] score: 0!
L 06/17/2020 - 23:10:57: [killlog.amxx] [VALET]: STEAM_0:1:12549369 joined [T]!
L 06/17/2020 - 23:10:57: [killlog.amxx] [VALET]: STEAM_0:1:12549369 joined [T]!
L 06/17/2020 - 23:10:58: [killlog.amxx] [VALET]: STEAM_0:0:947796992 joined [CT]!
L 06/17/2020 - 23:10:59: [killlog.amxx] [VALET]: STEAM_0:1:484516970 joined [T]!
L 06/17/2020 - 23:10:59: [killlog.amxx] [VALET]: STEAM_0:1:484516970 joined [T]!
L 06/17/2020 - 23:10:59: [mapchooser4.amxx] xvars for mapchooser 4 setuped.
L 06/17/2020 - 23:11:01: [killlog.amxx] [VALET]: STEAM_0:0:388099385 joined [CT]!
L 06/17/2020 - 23:11:01: [killlog.amxx] [VALET]: STEAM_0:0:947796992 joined [CT]!
L 06/17/2020 - 23:11:01: [killlog.amxx] [VALET]:  round end [T] score: 0 [CT] score: 0!
L 06/17/2020 - 23:11:02: [killlog.amxx] [VALET]: STEAM_0:0:388099385 joined [CT]!
L 06/17/2020 - 23:11:04: [killlog.amxx] [VALET]: STEAM_0:1:484516970 joined [T]!
L 06/17/2020 - 23:11:04: [killlog.amxx] [VALET]: STEAM_0:0:388099385 joined [CT]!
L 06/17/2020 - 23:11:04: [killlog.amxx] [VALET]: STEAM_0:0:947796992 joined [CT]!
L 06/17/2020 - 23:11:04: [killlog.amxx] [VALET]: STEAM_0:1:12549369 joined [T]!
L 06/17/2020 - 23:11:07: [killlog.amxx] [VALET]:  round start [T] score: 0 [CT] score: 0!
L 06/17/2020 - 23:11:13: [killlog.amxx] [VALET]: STEAM_0:1:433215089 joined [CT]!
L 06/17/2020 - 23:11:13: [killlog.amxx] [VALET]: STEAM_0:1:433215089 joined [CT]!
L 06/17/2020 - 23:11:15: [killlog.amxx] [VALET]: STEAM_0:1:484581202 joined [T]!
L 06/17/2020 - 23:11:15: [killlog.amxx] [VALET]: STEAM_0:1:484581202 joined [T]!
L 06/17/2020 - 23:12:01: [killlog.amxx] [VALET]: [T]|STEAM_0:1:484581202 killed [T]|STEAM_0:1:433215089 using glock18!
L 06/17/2020 - 23:12:05: [killlog.amxx] [VALET]: [T]|STEAM_0:1:484516970 killed [T]|STEAM_0:0:388099385 using deagle!
L 06/17/2020 - 23:12:20: [killlog.amxx] [VALET]: [CT]|STEAM_0:0:947796992 killed [CT]|STEAM_0:1:12549369 using usp!
L 06/17/2020 - 23:12:25: [killlog.amxx] [VALET]: [T]|STEAM_0:1:484581202 killed [T]|STEAM_0:0:947796992 with headshot using glock18!
L 06/17/2020 - 23:12:25: [killlog.amxx] [VALET]:  round end [T] score: 1 [CT] score: 0!
L 06/17/2020 - 23:12:30: [killlog.amxx] [VALET]: STEAM_0:1:433215089 joined [CT]!
L 06/17/2020 - 23:12:30: [killlog.amxx] [VALET]: STEAM_0:1:484516970 joined [T]!
L 06/17/2020 - 23:12:30: [killlog.amxx] [VALET]: STEAM_0:1:484581202 joined [T]!
L 06/17/2020 - 23:12:30: [killlog.amxx] [VALET]: STEAM_0:0:388099385 joined [CT]!
L 06/17/2020 - 23:12:30: [killlog.amxx] [VALET]: STEAM_0:0:947796992 joined [CT]!
L 06/17/2020 - 23:12:30: [killlog.amxx] [VALET]: STEAM_0:1:12549369 joined [T]!
L 06/17/2020 - 23:12:33: [killlog.amxx] [VALET]:  round start [T] score: 1 [CT] score: 0!
L 06/17/2020 - 23:13:03: [killlog.amxx] [VALET]: [T]|STEAM_0:1:484581202 killed [T]|STEAM_0:0:947796992 using galil!
L 06/17/2020 - 23:13:08: [killlog.amxx] [VALET]: [T]|STEAM_0:1:484581202 killed [T]|STEAM_0:0:388099385 with headshot using galil!
L 06/17/2020 - 23:13:08: [killlog.amxx] [VALET]: [CT]|STEAM_0:1:433215089 killed [CT]|STEAM_0:1:484581202 using usp!
L 06/17/2020 - 23:13:11: [killlog.amxx] [VALET]: [CT]|STEAM_0:1:433215089 killed [CT]|STEAM_0:1:12549369 using galil!
L 06/17/2020 - 23:13:18: [killlog.amxx] [VALET]: [T]|STEAM_0:1:484516970 killed [T]|STEAM_0:1:433215089 using ak47!
L 06/17/2020 - 23:13:18: [killlog.amxx] [VALET]:  round end [T] score: 2 [CT] score: 0!
L 06/17/2020 - 23:13:23: [killlog.amxx] [VALET]: STEAM_0:1:433215089 joined [CT]!
L 06/17/2020 - 23:13:23: [killlog.amxx] [VALET]: STEAM_0:1:484516970 joined [T]!
L 06/17/2020 - 23:13:23: [killlog.amxx] [VALET]: STEAM_0:1:484581202 joined [T]!
L 06/17/2020 - 23:13:23: [killlog.amxx] [VALET]: STEAM_0:0:388099385 joined [CT]!
L 06/17/2020 - 23:13:23: [killlog.amxx] [VALET]: STEAM_0:0:947796992 joined [CT]!
L 06/17/2020 - 23:13:23: [killlog.amxx] [VALET]: STEAM_0:1:12549369 joined [T]!
L 06/17/2020 - 23:13:26: [killlog.amxx] [VALET]:  round start [T] score: 2 [CT] score: 0!
L 06/17/2020 - 23:13:54: [killlog.amxx] [VALET]: [CT]|STEAM_0:0:947796992 killed [CT]|STEAM_0:1:484581202 with headshot using m4a1!
L 06/17/2020 - 23:13:56: [killlog.amxx] [VALET]: [T]|STEAM_0:1:12549369 killed [T]|STEAM_0:0:947796992 with headshot using ak47!
L 06/17/2020 - 23:13:57: [killlog.amxx] [VALET]: [CT]|STEAM_0:0:388099385 killed [CT]|STEAM_0:1:484516970 using famas!
L 06/17/2020 - 23:13:57: [killlog.amxx] [VALET]: [CT]|STEAM_0:1:433215089 killed [CT]|STEAM_0:1:12549369 with headshot using mp5navy!
L 06/17/2020 - 23:13:57: [killlog.amxx] [VALET]:  round end [T] score: 2 [CT] score: 1!
L 06/17/2020 - 23:14:02: [killlog.amxx] [VALET]: STEAM_0:1:433215089 joined [CT]!
L 06/17/2020 - 23:14:02: [killlog.amxx] [VALET]: STEAM_0:1:484516970 joined [T]!
L 06/17/2020 - 23:14:02: [killlog.amxx] [VALET]: STEAM_0:1:484581202 joined [T]!
L 06/17/2020 - 23:14:02: [killlog.amxx] [VALET]: STEAM_0:0:388099385 joined [CT]!
L 06/17/2020 - 23:14:02: [killlog.amxx] [VALET]: STEAM_0:0:947796992 joined [CT]!
L 06/17/2020 - 23:14:02: [killlog.amxx] [VALET]: STEAM_0:1:12549369 joined [T]!
L 06/17/2020 - 23:14:05: [killlog.amxx] [VALET]:  round start [T] score: 2 [CT] score: 1!
L 06/17/2020 - 23:14:26: [killlog.amxx] [VALET]: [T]|STEAM_0:1:12549369 killed [T]|STEAM_0:1:433215089 with headshot using deagle!
L 06/17/2020 - 23:14:34: [killlog.amxx] [VALET]: [T]|STEAM_0:1:484581202 killed [T]|STEAM_0:0:947796992 with headshot using galil!
L 06/17/2020 - 23:14:34: [killlog.amxx] [VALET]: [CT]|STEAM_0:0:388099385 killed [CT]|STEAM_0:1:484581202 with headshot using ak47!
L 06/17/2020 - 23:14:39: [killlog.amxx] [VALET]: [T]|STEAM_0:1:12549369 killed [T]|STEAM_0:0:388099385 using galil!
L 06/17/2020 - 23:14:39: [killlog.amxx] [VALET]:  round end [T] score: 3 [CT] score: 1!
L 06/17/2020 - 23:14:44: [killlog.amxx] [VALET]: STEAM_0:1:433215089 joined [CT]!
L 06/17/2020 - 23:14:44: [killlog.amxx] [VALET]: STEAM_0:1:484516970 joined [T]!
L 06/17/2020 - 23:14:44: [killlog.amxx] [VALET]: STEAM_0:1:484581202 joined [T]!
L 06/17/2020 - 23:14:44: [killlog.amxx] [VALET]: STEAM_0:0:388099385 joined [CT]!
L 06/17/2020 - 23:14:44: [killlog.amxx] [VALET]: STEAM_0:0:947796992 joined [CT]!
L 06/17/2020 - 23:14:44: [killlog.amxx] [VALET]: STEAM_0:1:12549369 joined [T]!
L 06/17/2020 - 23:14:47: [killlog.amxx] [VALET]:  round start [T] score: 3 [CT] score: 1!
L 06/17/2020 - 23:15:05: [killlog.amxx] [VALET]: [T]|STEAM_0:1:484516970 killed [T]|STEAM_0:1:433215089 with headshot using ak47!
L 06/17/2020 - 23:15:06: [killlog.amxx] [VALET]: [T]|STEAM_0:1:484581202 killed [T]|STEAM_0:0:947796992 using galil!
L 06/17/2020 - 23:15:14: [killlog.amxx] [VALET]: [T]|STEAM_0:1:484581202 killed [T]|STEAM_0:0:388099385 with headshot using galil!
L 06/17/2020 - 23:15:14: [killlog.amxx] [VALET]:  round end [T] score: 4 [CT] score: 1!
L 06/17/2020 - 23:15:19: [killlog.amxx] [VALET]: STEAM_0:1:433215089 joined [CT]!
L 06/17/2020 - 23:15:19: [killlog.amxx] [VALET]: STEAM_0:1:484516970 joined [T]!
L 06/17/2020 - 23:15:19: [killlog.amxx] [VALET]: STEAM_0:1:484581202 joined [T]!
L 06/17/2020 - 23:15:19: [killlog.amxx] [VALET]: STEAM_0:0:388099385 joined [CT]!
L 06/17/2020 - 23:15:19: [killlog.amxx] [VALET]: STEAM_0:0:947796992 joined [CT]!
L 06/17/2020 - 23:15:19: [killlog.amxx] [VALET]: STEAM_0:1:12549369 joined [T]!
L 06/17/2020 - 23:15:22: [killlog.amxx] [VALET]:  round start [T] score: 4 [CT] score: 1!
L 06/17/2020 - 23:15:51: [killlog.amxx] [VALET]: [T]|STEAM_0:1:484516970 killed [T]|STEAM_0:1:433215089 using ak47!
L 06/17/2020 - 23:15:52: [killlog.amxx] [VALET]: [CT]|STEAM_0:0:388099385 killed [CT]|STEAM_0:1:484581202 using deagle!
L 06/17/2020 - 23:16:02: [killlog.amxx] [VALET]: [CT]|STEAM_0:0:947796992 killed [CT]|STEAM_0:1:484516970 using m4a1!
L 06/17/2020 - 23:16:05: [killlog.amxx] [VALET]: [T]|STEAM_0:1:12549369 killed [T]|STEAM_0:0:388099385 using ak47!
L 06/17/2020 - 23:16:09: [killlog.amxx] [VALET]: [T]|STEAM_0:1:12549369 killed [T]|STEAM_0:0:947796992 with headshot using ak47!
L 06/17/2020 - 23:16:09: [killlog.amxx] [VALET]:  round end [T] score: 5 [CT] score: 1!
L 06/17/2020 - 23:16:14: [killlog.amxx] [VALET]: STEAM_0:1:433215089 joined [CT]!
L 06/17/2020 - 23:16:14: [killlog.amxx] [VALET]: STEAM_0:1:484516970 joined [T]!
L 06/17/2020 - 23:16:14: [killlog.amxx] [VALET]: STEAM_0:1:484581202 joined [T]!
L 06/17/2020 - 23:16:14: [killlog.amxx] [VALET]: STEAM_0:0:388099385 joined [CT]!
L 06/17/2020 - 23:16:14: [killlog.amxx] [VALET]: STEAM_0:0:947796992 joined [CT]!
L 06/17/2020 - 23:16:14: [killlog.amxx] [VALET]: STEAM_0:1:12549369 joined [T]!
L 06/17/2020 - 23:16:17: [killlog.amxx] [VALET]:  round start [T] score: 5 [CT] score: 1!
L 06/17/2020 - 23:16:34: [killlog.amxx] [VALET]: [CT]|STEAM_0:1:433215089 killed [CT]|STEAM_0:1:484581202 using m4a1!
L 06/17/2020 - 23:16:35: [killlog.amxx] [VALET]: [T]|STEAM_0:1:484516970 killed [T]|STEAM_0:0:947796992 with headshot using ak47!
L 06/17/2020 - 23:16:38: [killlog.amxx] [VALET]: [T]|STEAM_0:1:484516970 killed [T]|STEAM_0:0:388099385 using ak47!
L 06/17/2020 - 23:16:45: [killlog.amxx] [VALET]: [CT]|STEAM_0:1:433215089 killed [CT]|STEAM_0:1:484516970 using m4a1!
L 06/17/2020 - 23:17:11: [killlog.amxx] [VALET]: [T]|STEAM_0:1:12549369 killed [T]|STEAM_0:1:433215089 using ak47!
L 06/17/2020 - 23:17:11: [killlog.amxx] [VALET]:  round end [T] score: 6 [CT] score: 1!
L 06/17/2020 - 23:17:16: [killlog.amxx] [VALET]: STEAM_0:1:433215089 joined [CT]!
L 06/17/2020 - 23:17:16: [killlog.amxx] [VALET]: STEAM_0:1:484516970 joined [T]!
L 06/17/2020 - 23:17:16: [killlog.amxx] [VALET]: STEAM_0:1:484581202 joined [T]!
L 06/17/2020 - 23:17:16: [killlog.amxx] [VALET]: STEAM_0:0:388099385 joined [CT]!
L 06/17/2020 - 23:17:16: [killlog.amxx] [VALET]: STEAM_0:0:947796992 joined [CT]!
L 06/17/2020 - 23:17:16: [killlog.amxx] [VALET]: STEAM_0:1:12549369 joined [T]!
L 06/17/2020 - 23:17:19: [killlog.amxx] [VALET]:  round start [T] score: 6 [CT] score: 1!
L 06/17/2020 - 23:17:34: [killlog.amxx] [VALET]: [T]|STEAM_0:1:12549369 killed [T]|STEAM_0:0:388099385 with headshot using ak47!
L 06/17/2020 - 23:17:36: [killlog.amxx] [VALET]: [T]|STEAM_0:1:12549369 killed [T]|STEAM_0:0:947796992 using ak47!
L 06/17/2020 - 23:17:40: [killlog.amxx] [VALET]: [T]|STEAM_0:1:12549369 killed [T]|STEAM_0:1:433215089 using ak47!
L 06/17/2020 - 23:17:40: [killlog.amxx] [VALET]:  round end [T] score: 7 [CT] score: 1!
L 06/17/2020 - 23:17:45: [killlog.amxx] [VALET]: STEAM_0:1:433215089 joined [CT]!
L 06/17/2020 - 23:17:45: [killlog.amxx] [VALET]: STEAM_0:1:484516970 joined [T]!
L 06/17/2020 - 23:17:45: [killlog.amxx] [VALET]: STEAM_0:1:484581202 joined [T]!
L 06/17/2020 - 23:17:45: [killlog.amxx] [VALET]: STEAM_0:0:388099385 joined [CT]!
L 06/17/2020 - 23:17:45: [killlog.amxx] [VALET]: STEAM_0:0:947796992 joined [CT]!
L 06/17/2020 - 23:17:45: [killlog.amxx] [VALET]: STEAM_0:1:12549369 joined [T]!
L 06/17/2020 - 23:17:48: [killlog.amxx] [VALET]:  round start [T] score: 7 [CT] score: 1!
L 06/17/2020 - 23:18:18: [killlog.amxx] [VALET]: [CT]|STEAM_0:0:947796992 killed [CT]|STEAM_0:1:484516970 with headshot using mp5navy!
L 06/17/2020 - 23:18:19: [killlog.amxx] [VALET]: [CT]|STEAM_0:0:388099385 killed [CT]|STEAM_0:1:484581202 using usp!
L 06/17/2020 - 23:18:23: [killlog.amxx] [VALET]: [CT]|STEAM_0:1:433215089 killed [CT]|STEAM_0:1:12549369 using famas!
L 06/17/2020 - 23:18:23: [killlog.amxx] [VALET]:  round end [T] score: 7 [CT] score: 2!
L 06/17/2020 - 23:18:28: [killlog.amxx] [VALET]: STEAM_0:1:433215089 joined [CT]!
L 06/17/2020 - 23:18:28: [killlog.amxx] [VALET]: STEAM_0:1:484516970 joined [T]!
L 06/17/2020 - 23:18:28: [killlog.amxx] [VALET]: STEAM_0:1:484581202 joined [T]!
L 06/17/2020 - 23:18:28: [killlog.amxx] [VALET]: STEAM_0:0:388099385 joined [CT]!
L 06/17/2020 - 23:18:28: [killlog.amxx] [VALET]: STEAM_0:0:947796992 joined [CT]!
L 06/17/2020 - 23:18:28: [killlog.amxx] [VALET]: STEAM_0:1:12549369 joined [T]!
L 06/17/2020 - 23:18:31: [killlog.amxx] [VALET]:  round start [T] score: 7 [CT] score: 2!
L 06/17/2020 - 23:19:02: [killlog.amxx] [VALET]: [T]|STEAM_0:1:12549369 killed [T]|STEAM_0:0:947796992 using ak47!
L 06/17/2020 - 23:19:03: [killlog.amxx] [VALET]: [CT]|STEAM_0:0:388099385 killed [CT]|STEAM_0:1:484581202 using awp!
L 06/17/2020 - 23:19:06: [killlog.amxx] [VALET]: [T]|STEAM_0:1:12549369 killed [T]|STEAM_0:1:433215089 using ak47!
L 06/17/2020 - 23:19:11: [killlog.amxx] [VALET]: [T]|STEAM_0:1:12549369 killed [T]|STEAM_0:0:388099385 using ak47!
L 06/17/2020 - 23:19:11: [killlog.amxx] [VALET]:  round end [T] score: 8 [CT] score: 2!
L 06/17/2020 - 23:19:16: [killlog.amxx] [VALET]: STEAM_0:1:433215089 joined [CT]!
L 06/17/2020 - 23:19:16: [killlog.amxx] [VALET]: STEAM_0:1:484516970 joined [T]!
L 06/17/2020 - 23:19:16: [killlog.amxx] [VALET]: STEAM_0:1:484581202 joined [T]!
L 06/17/2020 - 23:19:16: [killlog.amxx] [VALET]: STEAM_0:0:388099385 joined [CT]!
L 06/17/2020 - 23:19:16: [killlog.amxx] [VALET]: STEAM_0:0:947796992 joined [CT]!
L 06/17/2020 - 23:19:16: [killlog.amxx] [VALET]: STEAM_0:1:12549369 joined [T]!
L 06/17/2020 - 23:19:19: [killlog.amxx] [VALET]:  round start [T] score: 8 [CT] score: 2!
L 06/17/2020 - 23:19:44: [killlog.amxx] [VALET]: [CT]|STEAM_0:0:947796992 killed [CT]|STEAM_0:1:484516970 using usp!
L 06/17/2020 - 23:19:58: [killlog.amxx] [VALET]: [T]|STEAM_0:1:484581202 killed [T]|STEAM_0:0:388099385 using galil!
L 06/17/2020 - 23:20:02: [killlog.amxx] [VALET]: [CT]|STEAM_0:1:433215089 killed [CT]|STEAM_0:1:12549369 with headshot using famas!
L 06/17/2020 - 23:20:02: [killlog.amxx] [VALET]: [T]|STEAM_0:1:484581202 killed [T]|STEAM_0:1:433215089 with headshot using galil!
L 06/17/2020 - 23:20:05: [killlog.amxx] [VALET]: [CT]|STEAM_0:0:947796992 killed [CT]|STEAM_0:1:484581202 using ak47!
L 06/17/2020 - 23:20:23: [killlog.amxx] [VALET]:  round end [T] score: 8 [CT] score: 3!
L 06/17/2020 - 23:20:28: [killlog.amxx] [VALET]: STEAM_0:1:433215089 joined [CT]!
L 06/17/2020 - 23:20:28: [killlog.amxx] [VALET]: STEAM_0:1:484516970 joined [T]!
L 06/17/2020 - 23:20:28: [killlog.amxx] [VALET]: STEAM_0:1:484581202 joined [T]!
L 06/17/2020 - 23:20:28: [killlog.amxx] [VALET]: STEAM_0:0:388099385 joined [CT]!
L 06/17/2020 - 23:20:28: [killlog.amxx] [VALET]: STEAM_0:0:947796992 joined [CT]!
L 06/17/2020 - 23:20:28: [killlog.amxx] [VALET]: STEAM_0:1:12549369 joined [T]!
L 06/17/2020 - 23:20:31: [killlog.amxx] [VALET]:  round start [T] score: 8 [CT] score: 3!
L 06/17/2020 - 23:21:02: [killlog.amxx] [VALET]: [T]|STEAM_0:1:484516970 killed [T]|STEAM_0:1:433215089 with headshot using ak47!
L 06/17/2020 - 23:21:02: [killlog.amxx] [VALET]: [CT]|STEAM_0:0:388099385 killed [CT]|STEAM_0:1:484516970 using famas!
L 06/17/2020 - 23:21:02: [killlog.amxx] [VALET]: [T]|STEAM_0:1:12549369 killed [T]|STEAM_0:0:947796992 with headshot using deagle!
L 06/17/2020 - 23:21:06: [killlog.amxx] [VALET]: [T]|STEAM_0:1:484581202 killed [T]|STEAM_0:0:388099385 using galil!
L 06/17/2020 - 23:21:06: [killlog.amxx] [VALET]:  round end [T] score: 9 [CT] score: 3!
L 06/17/2020 - 23:21:11: [killlog.amxx] [VALET]: STEAM_0:1:433215089 joined [CT]!
L 06/17/2020 - 23:21:11: [killlog.amxx] [VALET]: STEAM_0:1:484516970 joined [T]!
L 06/17/2020 - 23:21:11: [killlog.amxx] [VALET]: STEAM_0:1:484581202 joined [T]!
L 06/17/2020 - 23:21:11: [killlog.amxx] [VALET]: STEAM_0:0:388099385 joined [CT]!
L 06/17/2020 - 23:21:11: [killlog.amxx] [VALET]: STEAM_0:0:947796992 joined [CT]!
L 06/17/2020 - 23:21:11: [killlog.amxx] [VALET]: STEAM_0:1:12549369 joined [T]!
L 06/17/2020 - 23:21:14: [killlog.amxx] [VALET]:  round start [T] score: 9 [CT] score: 3!
L 06/17/2020 - 23:21:16: [admin.amxx] Login: "RAZ DVA<47><STEAM_0:1:55760822><>" became an admin (account "STEAM_0:1:55760822") (access "abcdefghijklmnopqrstu") (address "94.25.175.237")
L 06/17/2020 - 23:21:27: [killlog.amxx] [VALET]: [CT]|STEAM_0:0:947796992 killed [CT]|STEAM_0:1:12549369 using m4a1!
L 06/17/2020 - 23:21:28: [killlog.amxx] [VALET]: [T]|STEAM_0:1:484581202 killed [T]|STEAM_0:0:947796992 with headshot using galil!
L 06/17/2020 - 23:21:28: [killlog.amxx] [VALET]: [CT]|STEAM_0:0:388099385 killed [CT]|STEAM_0:1:484581202 with headshot using deagle!
L 06/17/2020 - 23:21:37: [killlog.amxx] [VALET]: STEAM_0:1:55760822 joined [CT]!
L 06/17/2020 - 23:21:38: [killlog.amxx] [VALET]: STEAM_0:1:55760822 joined [CT]!
L 06/17/2020 - 23:21:45: [killlog.amxx] [VALET]: [T]|STEAM_0:1:484516970 killed [T]|STEAM_0:1:433215089 using ak47!
L 06/17/2020 - 23:22:12: [killlog.amxx] [VALET]: [T]|STEAM_0:1:484516970 killed [T]|STEAM_0:0:388099385 using ak47!
L 06/17/2020 - 23:22:12: [killlog.amxx] [VALET]:  round end [T] score: 10 [CT] score: 3!
L 06/17/2020 - 23:22:17: [killlog.amxx] [VALET]: STEAM_0:1:433215089 joined [CT]!
L 06/17/2020 - 23:22:17: [killlog.amxx] [VALET]: STEAM_0:1:484516970 joined [T]!
L 06/17/2020 - 23:22:17: [killlog.amxx] [VALET]: STEAM_0:1:484581202 joined [T]!
L 06/17/2020 - 23:22:17: [killlog.amxx] [VALET]: STEAM_0:0:388099385 joined [CT]!
L 06/17/2020 - 23:22:17: [killlog.amxx] [VALET]: STEAM_0:0:947796992 joined [CT]!
L 06/17/2020 - 23:22:17: [killlog.amxx] [VALET]: STEAM_0:1:12549369 joined [T]!
L 06/17/2020 - 23:22:17: [killlog.amxx] [VALET]: STEAM_0:1:55760822 joined [CT]!
L 06/17/2020 - 23:22:20: [killlog.amxx] [VALET]:  round start [T] score: 10 [CT] score: 3!
L 06/17/2020 - 23:22:22: [killlog.amxx] [VALET]: STEAM_0:1:433215089 joined [T]!
L 06/17/2020 - 23:22:22: [killlog.amxx] [VALET]: STEAM_0:1:484516970 joined [CT]!
L 06/17/2020 - 23:22:22: [killlog.amxx] [VALET]: STEAM_0:1:484581202 joined [CT]!
L 06/17/2020 - 23:22:22: [killlog.amxx] [VALET]: STEAM_0:0:388099385 joined [T]!
L 06/17/2020 - 23:22:22: [killlog.amxx] [VALET]: STEAM_0:0:947796992 joined [T]!
L 06/17/2020 - 23:22:22: [killlog.amxx] [VALET]: STEAM_0:1:12549369 joined [CT]!
L 06/17/2020 - 23:22:22: [killlog.amxx] [VALET]: STEAM_0:1:55760822 joined [T]!
L 06/17/2020 - 23:22:25: [killlog.amxx] [VALET]:  round start [T] score: 0 [CT] score: 0!
L 06/17/2020 - 23:22:43: [killlog.amxx] [VALET]: [T]|STEAM_0:0:947796992 killed [T]|STEAM_0:1:484516970 using glock18!
L 06/17/2020 - 23:22:44: [killlog.amxx] [VALET]: [T]|STEAM_0:0:388099385 killed [T]|STEAM_0:1:484581202 using glock18!
L 06/17/2020 - 23:22:45: [killlog.amxx] [VALET]: [CT]|STEAM_0:1:12549369 killed [CT]|STEAM_0:1:433215089 using usp!
L 06/17/2020 - 23:22:51: [killlog.amxx] [VALET]: [CT]|STEAM_0:1:12549369 killed [CT]|STEAM_0:0:388099385 with headshot using usp!
L 06/17/2020 - 23:22:56: [killlog.amxx] [VALET]: [CT]|STEAM_0:1:12549369 killed [CT]|STEAM_0:1:55760822 with headshot using usp!
L 06/17/2020 - 23:23:03: [killlog.amxx] [VALET]: [CT]|STEAM_0:1:12549369 killed [CT]|STEAM_0:0:947796992 with headshot using usp!
L 06/17/2020 - 23:23:03: [killlog.amxx] [VALET]:  round end [T] score: 0 [CT] score: 1!
L 06/17/2020 - 23:23:08: [killlog.amxx] [VALET]: STEAM_0:1:433215089 joined [T]!
L 06/17/2020 - 23:23:08: [killlog.amxx] [VALET]: STEAM_0:1:484516970 joined [CT]!
L 06/17/2020 - 23:23:08: [killlog.amxx] [VALET]: STEAM_0:1:484581202 joined [CT]!
L 06/17/2020 - 23:23:08: [killlog.amxx] [VALET]: STEAM_0:0:388099385 joined [T]!
L 06/17/2020 - 23:23:08: [killlog.amxx] [VALET]: STEAM_0:0:947796992 joined [T]!
L 06/17/2020 - 23:23:08: [killlog.amxx] [VALET]: STEAM_0:1:12549369 joined [CT]!
L 06/17/2020 - 23:23:08: [killlog.amxx] [VALET]: STEAM_0:1:55760822 joined [T]!
L 06/17/2020 - 23:23:11: [killlog.amxx] [VALET]:  round start [T] score: 0 [CT] score: 1!
L 06/17/2020 - 23:23:30: [killlog.amxx] [VALET]: [CT]|STEAM_0:1:12549369 killed [CT]|STEAM_0:0:388099385 with headshot using m4a1!
L 06/17/2020 - 23:23:33: [killlog.amxx] [VALET]: [CT]|STEAM_0:1:484581202 killed [CT]|STEAM_0:0:947796992 with headshot using usp!
L 06/17/2020 - 23:23:33: [killlog.amxx] [VALET]: [CT]|STEAM_0:1:12549369 killed [CT]|STEAM_0:1:55760822 using m4a1!
L 06/17/2020 - 23:23:34: [killlog.amxx] [VALET]: [T]|STEAM_0:1:433215089 killed [T]|STEAM_0:1:484516970 using deagle!
L 06/17/2020 - 23:23:49: [killlog.amxx] [VALET]: [CT]|STEAM_0:1:12549369 killed [CT]|STEAM_0:1:433215089 using usp!
L 06/17/2020 - 23:23:49: [killlog.amxx] [VALET]:  round end [T] score: 0 [CT] score: 2!
L 06/17/2020 - 23:23:54: [killlog.amxx] [VALET]: STEAM_0:1:433215089 joined [T]!
L 06/17/2020 - 23:23:54: [killlog.amxx] [VALET]: STEAM_0:1:484516970 joined [CT]!
L 06/17/2020 - 23:23:54: [killlog.amxx] [VALET]: STEAM_0:1:484581202 joined [CT]!
L 06/17/2020 - 23:23:54: [killlog.amxx] [VALET]: STEAM_0:0:388099385 joined [T]!
L 06/17/2020 - 23:23:54: [killlog.amxx] [VALET]: STEAM_0:0:947796992 joined [T]!
L 06/17/2020 - 23:23:54: [killlog.amxx] [VALET]: STEAM_0:1:12549369 joined [CT]!
L 06/17/2020 - 23:23:54: [killlog.amxx] [VALET]: STEAM_0:1:55760822 joined [T]!
L 06/17/2020 - 23:23:57: [killlog.amxx] [VALET]:  round start [T] score: 0 [CT] score: 2!
L 06/17/2020 - 23:24:08: [killlog.amxx] [VALET]: [CT]|STEAM_0:1:12549369 killed [CT]|STEAM_0:1:433215089 using m4a1!
L 06/17/2020 - 23:24:09: [killlog.amxx] [VALET]: [T]|STEAM_0:0:947796992 killed [T]|STEAM_0:1:12549369 with headshot using ak47!
L 06/17/2020 - 23:24:10: [killlog.amxx] [VALET]: [T]|STEAM_0:1:55760822 killed [T]|STEAM_0:1:484581202 with headshot using galil!
L 06/17/2020 - 23:24:22: [killlog.amxx] [VALET]: [T]|STEAM_0:0:947796992 killed [T]|STEAM_0:1:484516970 using ak47!
L 06/17/2020 - 23:24:22: [killlog.amxx] [VALET]:  round end [T] score: 1 [CT] score: 2!
L 06/17/2020 - 23:24:27: [killlog.amxx] [VALET]: STEAM_0:1:433215089 joined [T]!
L 06/17/2020 - 23:24:27: [killlog.amxx] [VALET]: STEAM_0:1:484516970 joined [CT]!
L 06/17/2020 - 23:24:27: [killlog.amxx] [VALET]: STEAM_0:1:484581202 joined [CT]!
L 06/17/2020 - 23:24:27: [killlog.amxx] [VALET]: STEAM_0:0:388099385 joined [T]!
L 06/17/2020 - 23:24:27: [killlog.amxx] [VALET]: STEAM_0:0:947796992 joined [T]!
L 06/17/2020 - 23:24:27: [killlog.amxx] [VALET]: STEAM_0:1:12549369 joined [CT]!
L 06/17/2020 - 23:24:27: [killlog.amxx] [VALET]: STEAM_0:1:55760822 joined [T]!
L 06/17/2020 - 23:24:30: [killlog.amxx] [VALET]:  round start [T] score: 1 [CT] score: 2!
L 06/17/2020 - 23:24:48: [killlog.amxx] [VALET]: [T]|STEAM_0:1:433215089 killed [T]|STEAM_0:1:12549369 using galil!
L 06/17/2020 - 23:24:51: [killlog.amxx] [VALET]: [T]|STEAM_0:0:947796992 killed [T]|STEAM_0:1:484516970 using ak47!
L 06/17/2020 - 23:24:55: [killlog.amxx] [VALET]: [CT]|STEAM_0:1:484581202 killed [CT]|STEAM_0:1:433215089 using sg550!
L 06/17/2020 - 23:24:57: [killlog.amxx] [VALET]: [T]|STEAM_0:1:55760822 killed [T]|STEAM_0:1:484581202 using galil!
L 06/17/2020 - 23:24:57: [killlog.amxx] [VALET]:  round end [T] score: 2 [CT] score: 2!
L 06/17/2020 - 23:25:02: [killlog.amxx] [VALET]: STEAM_0:1:433215089 joined [T]!
L 06/17/2020 - 23:25:02: [killlog.amxx] [VALET]: STEAM_0:1:484516970 joined [CT]!
L 06/17/2020 - 23:25:02: [killlog.amxx] [VALET]: STEAM_0:1:484581202 joined [CT]!
L 06/17/2020 - 23:25:02: [killlog.amxx] [VALET]: STEAM_0:0:388099385 joined [T]!
L 06/17/2020 - 23:25:02: [killlog.amxx] [VALET]: STEAM_0:0:947796992 joined [T]!
L 06/17/2020 - 23:25:02: [killlog.amxx] [VALET]: STEAM_0:1:12549369 joined [CT]!
L 06/17/2020 - 23:25:02: [killlog.amxx] [VALET]: STEAM_0:1:55760822 joined [T]!
L 06/17/2020 - 23:25:05: [killlog.amxx] [VALET]:  round start [T] score: 2 [CT] score: 2!
L 06/17/2020 - 23:25:35: [killlog.amxx] [VALET]: [T]|STEAM_0:1:433215089 killed [T]|STEAM_0:1:484516970 with headshot using ak47!
L 06/17/2020 - 23:25:37: [killlog.amxx] [VALET]: [T]|STEAM_0:0:947796992 killed [T]|STEAM_0:1:484581202 with headshot using ak47!
L 06/17/2020 - 23:25:41: [killlog.amxx] [VALET]: [T]|STEAM_0:0:947796992 killed [T]|STEAM_0:1:12549369 using ak47!
L 06/17/2020 - 23:25:41: [killlog.amxx] [VALET]:  round end [T] score: 3 [CT] score: 2!
L 06/17/2020 - 23:25:46: [killlog.amxx] [VALET]: STEAM_0:1:433215089 joined [T]!
L 06/17/2020 - 23:25:46: [killlog.amxx] [VALET]: STEAM_0:1:484516970 joined [CT]!
L 06/17/2020 - 23:25:46: [killlog.amxx] [VALET]: STEAM_0:1:484581202 joined [CT]!
L 06/17/2020 - 23:25:46: [killlog.amxx] [VALET]: STEAM_0:0:388099385 joined [T]!
L 06/17/2020 - 23:25:46: [killlog.amxx] [VALET]: STEAM_0:0:947796992 joined [T]!
L 06/17/2020 - 23:25:46: [killlog.amxx] [VALET]: STEAM_0:1:12549369 joined [CT]!
L 06/17/2020 - 23:25:46: [killlog.amxx] [VALET]: STEAM_0:1:55760822 joined [T]!
L 06/17/2020 - 23:25:49: [killlog.amxx] [VALET]:  round start [T] score: 3 [CT] score: 2!
L 06/17/2020 - 23:26:08: [killlog.amxx] [VALET]: [CT]|STEAM_0:1:12549369 killed [CT]|STEAM_0:0:388099385 using m4a1!
L 06/17/2020 - 23:26:12: [killlog.amxx] [VALET]: [CT]|STEAM_0:1:12549369 killed [CT]|STEAM_0:0:947796992 with headshot using m4a1!
L 06/17/2020 - 23:26:22: [killlog.amxx] [VALET]: [CT]|STEAM_0:1:484581202 killed [CT]|STEAM_0:1:55760822 using usp!
L 06/17/2020 - 23:26:27: [killlog.amxx] [VALET]: [T]|STEAM_0:1:433215089 killed [T]|STEAM_0:1:12549369 using ak47!
L 06/17/2020 - 23:26:33: [killlog.amxx] [VALET]: [T]|STEAM_0:1:433215089 killed [T]|STEAM_0:1:484516970 using ak47!
L 06/17/2020 - 23:26:38: [killlog.amxx] [VALET]: [T]|STEAM_0:1:433215089 killed [T]|STEAM_0:1:484581202 using ak47!
L 06/17/2020 - 23:26:38: [killlog.amxx] [VALET]:  round end [T] score: 4 [CT] score: 2!
L 06/17/2020 - 23:26:43: [killlog.amxx] [VALET]: STEAM_0:1:433215089 joined [T]!
L 06/17/2020 - 23:26:43: [killlog.amxx] [VALET]: STEAM_0:1:484516970 joined [CT]!
L 06/17/2020 - 23:26:43: [killlog.amxx] [VALET]: STEAM_0:1:484581202 joined [CT]!
L 06/17/2020 - 23:26:43: [killlog.amxx] [VALET]: STEAM_0:0:388099385 joined [T]!
L 06/17/2020 - 23:26:43: [killlog.amxx] [VALET]: STEAM_0:0:947796992 joined [T]!
L 06/17/2020 - 23:26:43: [killlog.amxx] [VALET]: STEAM_0:1:12549369 joined [CT]!
L 06/17/2020 - 23:26:43: [killlog.amxx] [VALET]: STEAM_0:1:55760822 joined [T]!
L 06/17/2020 - 23:26:46: [killlog.amxx] [VALET]:  round start [T] score: 4 [CT] score: 2!
L 06/17/2020 - 23:26:58: [killlog.amxx] [VALET]: [CT]|STEAM_0:1:12549369 killed [CT]|STEAM_0:0:947796992 using famas!
L 06/17/2020 - 23:27:00: [killlog.amxx] [VALET]: [T]|STEAM_0:1:55760822 killed [T]|STEAM_0:1:12549369 with headshot using ak47!
L 06/17/2020 - 23:27:01: [killlog.amxx] [VALET]: STEAM_0:0:519481581 joined [CT]!
L 06/17/2020 - 23:27:02: [killlog.amxx] [VALET]: STEAM_0:0:519481581 joined [CT]!
L 06/17/2020 - 23:27:02: [killlog.amxx] [VALET]: [CT]|STEAM_0:1:484581202 killed [CT]|STEAM_0:0:388099385 with headshot using aug!
L 06/17/2020 - 23:27:10: [killlog.amxx] [VALET]: [T]|STEAM_0:1:433215089 killed [T]|STEAM_0:1:484581202 using ak47!
L 06/17/2020 - 23:27:30: [killlog.amxx] [VALET]: STEAM_0:0:1671395488 joined [CT]!
L 06/17/2020 - 23:27:32: [killlog.amxx] [VALET]: STEAM_0:0:1671395488 joined [CT]!
L 06/17/2020 - 23:27:45: [killlog.amxx] [VALET]: [CT]|STEAM_0:1:484516970 killed [CT]|STEAM_0:1:55760822 using famas!
L 06/17/2020 - 23:27:56: [killlog.amxx] [VALET]: [CT]|STEAM_0:1:484516970 killed [CT]|STEAM_0:1:433215089 with headshot using famas!
L 06/17/2020 - 23:27:56: [killlog.amxx] [VALET]:  round end [T] score: 4 [CT] score: 3!
L 06/17/2020 - 23:28:01: [killlog.amxx] [VALET]: STEAM_0:1:433215089 joined [T]!
L 06/17/2020 - 23:28:01: [killlog.amxx] [VALET]: STEAM_0:1:484516970 joined [CT]!
L 06/17/2020 - 23:28:01: [killlog.amxx] [VALET]: STEAM_0:1:484581202 joined [CT]!
L 06/17/2020 - 23:28:01: [killlog.amxx] [VALET]: STEAM_0:0:388099385 joined [T]!
L 06/17/2020 - 23:28:01: [killlog.amxx] [VALET]: STEAM_0:0:947796992 joined [T]!
L 06/17/2020 - 23:28:01: [killlog.amxx] [VALET]: STEAM_0:1:12549369 joined [CT]!
L 06/17/2020 - 23:28:01: [killlog.amxx] [VALET]: STEAM_0:1:55760822 joined [T]!
L 06/17/2020 - 23:28:01: [killlog.amxx] [VALET]: STEAM_0:0:519481581 joined [CT]!
L 06/17/2020 - 23:28:01: [killlog.amxx] [VALET]: STEAM_0:0:1671395488 joined [CT]!
L 06/17/2020 - 23:28:04: [killlog.amxx] [VALET]:  round start [T] score: 4 [CT] score: 3!
L 06/17/2020 - 23:28:22: [killlog.amxx] [VALET]: [T]|STEAM_0:1:55760822 killed [T]|STEAM_0:1:484581202 with headshot using ak47!
L 06/17/2020 - 23:28:27: [killlog.amxx] [VALET]: [T]|STEAM_0:1:433215089 killed [T]|STEAM_0:1:12549369 using ak47!
L 06/17/2020 - 23:28:30: [killlog.amxx] [VALET]: [CT]|STEAM_0:0:519481581 killed [CT]|STEAM_0:1:55760822 with headshot using m4a1!
L 06/17/2020 - 23:28:49: [killlog.amxx] [VALET]: [CT]|STEAM_0:1:484516970 killed [CT]|STEAM_0:1:433215089 with headshot using ak47!
L 06/17/2020 - 23:28:50: [killlog.amxx] [VALET]: [T]|STEAM_0:0:947796992 killed [T]|STEAM_0:0:519481581 using ak47!
L 06/17/2020 - 23:29:12: [killlog.amxx] [VALET]: [CT]|STEAM_0:0:1671395488 killed [CT]|STEAM_0:0:388099385 with headshot using m4a1!
L 06/17/2020 - 23:29:12: [killlog.amxx] [VALET]: [T]|STEAM_0:0:947796992 killed [T]|STEAM_0:1:484516970 using ak47!
L 06/17/2020 - 23:29:12: [killlog.amxx] [VALET]: [CT]|STEAM_0:0:1671395488 killed [CT]|STEAM_0:0:947796992 using m4a1!
L 06/17/2020 - 23:29:12: [killlog.amxx] [VALET]:  round end [T] score: 4 [CT] score: 4!
L 06/17/2020 - 23:29:17: [killlog.amxx] [VALET]: STEAM_0:1:433215089 joined [T]!
L 06/17/2020 - 23:29:17: [killlog.amxx] [VALET]: STEAM_0:1:484516970 joined [CT]!
L 06/17/2020 - 23:29:17: [killlog.amxx] [VALET]: STEAM_0:1:484581202 joined [CT]!
L 06/17/2020 - 23:29:17: [killlog.amxx] [VALET]: STEAM_0:0:388099385 joined [T]!
L 06/17/2020 - 23:29:17: [killlog.amxx] [VALET]: STEAM_0:0:947796992 joined [T]!
L 06/17/2020 - 23:29:17: [killlog.amxx] [VALET]: STEAM_0:1:12549369 joined [CT]!
L 06/17/2020 - 23:29:17: [killlog.amxx] [VALET]: STEAM_0:1:55760822 joined [T]!
L 06/17/2020 - 23:29:17: [killlog.amxx] [VALET]: STEAM_0:0:519481581 joined [CT]!
L 06/17/2020 - 23:29:17: [killlog.amxx] [VALET]: STEAM_0:0:1671395488 joined [CT]!
L 06/17/2020 - 23:29:20: [killlog.amxx] [VALET]:  round start [T] score: 4 [CT] score: 4!
L 06/17/2020 - 23:29:47: [killlog.amxx] [VALET]: [T]|STEAM_0:0:388099385 killed [T]|STEAM_0:1:484581202 using ak47!
L 06/17/2020 - 23:29:50: [killlog.amxx] [VALET]: [CT]|STEAM_0:1:484516970 killed [CT]|STEAM_0:0:388099385 using m4a1!
L 06/17/2020 - 23:29:50: [killlog.amxx] [VALET]: [T]|STEAM_0:1:433215089 killed [T]|STEAM_0:1:484516970 with headshot using ak47!
L 06/17/2020 - 23:29:53: [killlog.amxx] [VALET]: [CT]|STEAM_0:0:1671395488 killed [CT]|STEAM_0:0:947796992 using ak47!
L 06/17/2020 - 23:29:58: [killlog.amxx] [VALET]: [CT]|STEAM_0:0:1671395488 killed [CT]|STEAM_0:1:433215089 using knife!
L 06/17/2020 - 23:30:02: [killlog.amxx] [VALET]: [T]|STEAM_0:1:55760822 killed [T]|STEAM_0:0:1671395488 with headshot using ak47!
L 06/17/2020 - 23:30:04: [killlog.amxx] [VALET]: [CT]|STEAM_0:1:12549369 killed [CT]|STEAM_0:1:55760822 with headshot using famas!
L 06/17/2020 - 23:30:04: [killlog.amxx] [VALET]:  round end [T] score: 4 [CT] score: 5!
L 06/17/2020 - 23:30:09: [killlog.amxx] [VALET]: STEAM_0:1:433215089 joined [T]!
L 06/17/2020 - 23:30:09: [killlog.amxx] [VALET]: STEAM_0:1:484516970 joined [CT]!
L 06/17/2020 - 23:30:09: [killlog.amxx] [VALET]: STEAM_0:1:484581202 joined [CT]!
L 06/17/2020 - 23:30:09: [killlog.amxx] [VALET]: STEAM_0:0:388099385 joined [T]!
L 06/17/2020 - 23:30:09: [killlog.amxx] [VALET]: STEAM_0:0:947796992 joined [T]!
L 06/17/2020 - 23:30:09: [killlog.amxx] [VALET]: STEAM_0:1:12549369 joined [CT]!
L 06/17/2020 - 23:30:09: [killlog.amxx] [VALET]: STEAM_0:1:55760822 joined [T]!
L 06/17/2020 - 23:30:09: [killlog.amxx] [VALET]: STEAM_0:0:519481581 joined [CT]!
L 06/17/2020 - 23:30:09: [killlog.amxx] [VALET]: STEAM_0:0:1671395488 joined [CT]!
L 06/17/2020 - 23:30:12: [killlog.amxx] [VALET]:  round start [T] score: 4 [CT] score: 5!
L 06/17/2020 - 23:30:35: [killlog.amxx] [VALET]: [T]|STEAM_0:0:388099385 killed [T]|STEAM_0:1:484516970 with headshot using deagle!
L 06/17/2020 - 23:30:37: [killlog.amxx] [VALET]: [CT]|STEAM_0:0:519481581 killed [CT]|STEAM_0:1:55760822 with headshot using ak47!
L 06/17/2020 - 23:30:43: [killlog.amxx] [VALET]: [CT]|STEAM_0:1:484581202 killed [CT]|STEAM_0:0:388099385 using usp!
L 06/17/2020 - 23:30:44: [killlog.amxx] [VALET]: [T]|STEAM_0:0:947796992 killed [T]|STEAM_0:1:484581202 using ak47!
L 06/17/2020 - 23:30:58: [killlog.amxx] [VALET]: [T]|STEAM_0:0:947796992 killed [T]|STEAM_0:1:12549369 with headshot using ak47!
L 06/17/2020 - 23:31:10: [killlog.amxx] [VALET]: [CT]|STEAM_0:0:1671395488 killed [CT]|STEAM_0:0:947796992 using m4a1!
L 06/17/2020 - 23:31:17: [killlog.amxx] [VALET]: [T]|STEAM_0:1:433215089 killed [T]|STEAM_0:0:519481581 using ak47!
L 06/17/2020 - 23:31:18: [killlog.amxx] [VALET]: [CT]|STEAM_0:0:1671395488 killed [CT]|STEAM_0:1:433215089 with headshot using m4a1!
L 06/17/2020 - 23:31:18: [killlog.amxx] [VALET]:  round end [T] score: 4 [CT] score: 6!
L 06/17/2020 - 23:31:23: [killlog.amxx] [VALET]: STEAM_0:1:433215089 joined [T]!
L 06/17/2020 - 23:31:23: [killlog.amxx] [VALET]: STEAM_0:1:484516970 joined [CT]!
L 06/17/2020 - 23:31:23: [killlog.amxx] [VALET]: STEAM_0:1:484581202 joined [CT]!
L 06/17/2020 - 23:31:23: [killlog.amxx] [VALET]: STEAM_0:0:388099385 joined [T]!
L 06/17/2020 - 23:31:23: [killlog.amxx] [VALET]: STEAM_0:0:947796992 joined [T]!
L 06/17/2020 - 23:31:23: [killlog.amxx] [VALET]: STEAM_0:1:12549369 joined [CT]!
L 06/17/2020 - 23:31:23: [killlog.amxx] [VALET]: STEAM_0:1:55760822 joined [T]!
L 06/17/2020 - 23:31:23: [killlog.amxx] [VALET]: STEAM_0:0:519481581 joined [CT]!
L 06/17/2020 - 23:31:23: [killlog.amxx] [VALET]: STEAM_0:0:1671395488 joined [CT]!
L 06/17/2020 - 23:31:26: [killlog.amxx] [VALET]:  round start [T] score: 4 [CT] score: 6!
L 06/17/2020 - 23:31:52: [killlog.amxx] [VALET]: [T]|STEAM_0:0:388099385 killed [T]|STEAM_0:1:484516970 using ak47!
L 06/17/2020 - 23:31:55: [killlog.amxx] [VALET]: [T]|STEAM_0:0:947796992 killed [T]|STEAM_0:1:484581202 with headshot using ak47!
L 06/17/2020 - 23:32:02: [killlog.amxx] [VALET]: [T]|STEAM_0:1:433215089 killed [T]|STEAM_0:0:1671395488 using ak47!
L 06/17/2020 - 23:32:17: [killlog.amxx] [VALET]: [T]|STEAM_0:1:55760822 killed [T]|STEAM_0:0:519481581 with headshot using ak47!
L 06/17/2020 - 23:32:34: [killlog.amxx] [VALET]: [CT]|STEAM_0:1:12549369 killed [CT]|STEAM_0:1:433215089 using awp!
L 06/17/2020 - 23:32:46: [killlog.amxx] [VALET]:  round end [T] score: 5 [CT] score: 6!
L 06/17/2020 - 23:32:51: [killlog.amxx] [VALET]: STEAM_0:1:433215089 joined [T]!
L 06/17/2020 - 23:32:51: [killlog.amxx] [VALET]: STEAM_0:1:484516970 joined [CT]!
L 06/17/2020 - 23:32:51: [killlog.amxx] [VALET]: STEAM_0:1:484581202 joined [CT]!
L 06/17/2020 - 23:32:51: [killlog.amxx] [VALET]: STEAM_0:0:388099385 joined [T]!
L 06/17/2020 - 23:32:51: [killlog.amxx] [VALET]: STEAM_0:0:947796992 joined [T]!
L 06/17/2020 - 23:32:51: [killlog.amxx] [VALET]: STEAM_0:1:12549369 joined [CT]!
L 06/17/2020 - 23:32:51: [killlog.amxx] [VALET]: STEAM_0:1:55760822 joined [T]!
L 06/17/2020 - 23:32:51: [killlog.amxx] [VALET]: STEAM_0:0:519481581 joined [CT]!
L 06/17/2020 - 23:32:51: [killlog.amxx] [VALET]: STEAM_0:0:1671395488 joined [CT]!
L 06/17/2020 - 23:32:54: [killlog.amxx] [VALET]:  round start [T] score: 5 [CT] score: 6!
L 06/17/2020 - 23:33:28: [killlog.amxx] [VALET]: [T]|STEAM_0:1:433215089 killed [T]|STEAM_0:1:484581202 using ak47!
L 06/17/2020 - 23:33:33: [killlog.amxx] [VALET]: [T]|STEAM_0:0:947796992 killed [T]|STEAM_0:1:484516970 using ak47!
L 06/17/2020 - 23:33:40: [killlog.amxx] [VALET]: [CT]|STEAM_0:0:1671395488 killed [CT]|STEAM_0:1:55760822 with headshot using m4a1!
L 06/17/2020 - 23:33:45: [killlog.amxx] [VALET]: [T]|STEAM_0:0:388099385 killed [T]|STEAM_0:0:519481581 with headshot using ak47!
L 06/17/2020 - 23:33:46: [killlog.amxx] [VALET]: [CT]|STEAM_0:0:1671395488 killed [CT]|STEAM_0:0:388099385 using m4a1!
L 06/17/2020 - 23:34:06: [killlog.amxx] [VALET]: [CT]|STEAM_0:0:1671395488 killed [CT]|STEAM_0:0:947796992 using m4a1!
L 06/17/2020 - 23:34:34: [killlog.amxx] [VALET]: [CT]|STEAM_0:1:12549369 killed [CT]|STEAM_0:1:433215089 using awp!
L 06/17/2020 - 23:34:34: [killlog.amxx] [VALET]:  round end [T] score: 5 [CT] score: 7!
L 06/17/2020 - 23:34:39: [killlog.amxx] [VALET]: STEAM_0:1:433215089 joined [T]!
L 06/17/2020 - 23:34:39: [killlog.amxx] [VALET]: STEAM_0:1:484516970 joined [CT]!
L 06/17/2020 - 23:34:39: [killlog.amxx] [VALET]: STEAM_0:1:484581202 joined [CT]!
L 06/17/2020 - 23:34:39: [killlog.amxx] [VALET]: STEAM_0:0:388099385 joined [T]!
L 06/17/2020 - 23:34:39: [killlog.amxx] [VALET]: STEAM_0:0:947796992 joined [T]!
L 06/17/2020 - 23:34:39: [killlog.amxx] [VALET]: STEAM_0:1:12549369 joined [CT]!
L 06/17/2020 - 23:34:39: [killlog.amxx] [VALET]: STEAM_0:1:55760822 joined [T]!
L 06/17/2020 - 23:34:39: [killlog.amxx] [VALET]: STEAM_0:0:519481581 joined [CT]!
L 06/17/2020 - 23:34:39: [killlog.amxx] [VALET]: STEAM_0:0:1671395488 joined [CT]!
L 06/17/2020 - 23:34:42: [killlog.amxx] [VALET]:  round start [T] score: 5 [CT] score: 7!
L 06/17/2020 - 23:34:42: [killlog.amxx] [VALET]: STEAM_0:1:433215089 disconnected!
L 06/17/2020 - 23:34:42: [killlog.amxx] [VALET]: STEAM_0:1:484516970 disconnected!
L 06/17/2020 - 23:34:42: [killlog.amxx] [VALET]: STEAM_0:1:484581202 disconnected!
L 06/17/2020 - 23:34:42: [killlog.amxx] [VALET]: STEAM_0:0:388099385 disconnected!
L 06/17/2020 - 23:34:42: [killlog.amxx] [VALET]: STEAM_0:0:947796992 disconnected!
L 06/17/2020 - 23:34:42: [killlog.amxx] [VALET]: STEAM_0:1:12549369 disconnected!
L 06/17/2020 - 23:34:42: [killlog.amxx] [VALET]: STEAM_0:1:55760822 disconnected!
L 06/17/2020 - 23:34:42: [killlog.amxx] [VALET]: STEAM_0:0:519481581 disconnected!
L 06/17/2020 - 23:34:42: [killlog.amxx] [VALET]: STEAM_0:0:1671395488 disconnected!
L 06/17/2020 - 23:34:42: -------- Mapchange to de_inferno --------
L 06/17/2020 - 23:34:42: [mapchooser4.amxx] Found 51 maps in maps folder
L 06/17/2020 - 23:34:43: [admin.amxx] Login: "RAZ DVA<47><STEAM_0:1:55760822><>" became an admin (account "STEAM_0:1:55760822") (access "abcdefghijklmnopqrstu") (address "94.25.175.237")
L 06/17/2020 - 23:34:43: [admin.amxx] Login: "RAZ DVA<47><STEAM_0:1:55760822><>" became an admin (account "STEAM_0:1:55760822") (access "abcdefghijklmnopqrstu") (address "94.25.175.237")
L 06/17/2020 - 23:34:47: [killlog.amxx] [VALET]:  round start [T] score: 0 [CT] score: 0!
L 06/17/2020 - 23:34:48: [killlog.amxx] [VALET]: STEAM_0:1:12549369 joined [T]!
L 06/17/2020 - 23:34:48: [killlog.amxx] [VALET]: STEAM_0:1:12549369 joined [T]!
L 06/17/2020 - 23:34:49: [killlog.amxx] [VALET]: STEAM_0:0:1671395488 joined [T]!
L 06/17/2020 - 23:34:49: [killlog.amxx] [VALET]: STEAM_0:1:484581202 joined [T]!
L 06/17/2020 - 23:34:50: [killlog.amxx] [VALET]: STEAM_0:1:484516970 joined [T]!
L 06/17/2020 - 23:34:50: [mapchooser4.amxx] xvars for mapchooser 4 setuped.
L 06/17/2020 - 23:34:50: [killlog.amxx] [VALET]: STEAM_0:1:484581202 joined [T]!
L 06/17/2020 - 23:34:50: [killlog.amxx] [VALET]: STEAM_0:1:484516970 joined [T]!
L 06/17/2020 - 23:34:50: [killlog.amxx] [VALET]: STEAM_0:0:1671395488 joined [T]!
L 06/17/2020 - 23:34:50: [killlog.amxx] [VALET]: STEAM_0:0:947796992 joined [CT]!
L 06/17/2020 - 23:34:51: [killlog.amxx] [VALET]: STEAM_0:0:947796992 joined [CT]!
L 06/17/2020 - 23:34:51: [killlog.amxx] [VALET]:  round end [T] score: 0 [CT] score: 0!
L 06/17/2020 - 23:34:51: [killlog.amxx] [VALET]: STEAM_0:1:433215089 joined [CT]!
L 06/17/2020 - 23:34:51: [killlog.amxx] [VALET]: STEAM_0:0:388099385 joined [CT]!
L 06/17/2020 - 23:34:51: [killlog.amxx] [VALET]: STEAM_0:1:433215089 joined [CT]!
L 06/17/2020 - 23:34:52: [killlog.amxx] [VALET]: STEAM_0:0:388099385 joined [CT]!
L 06/17/2020 - 23:34:54: [killlog.amxx] [VALET]: STEAM_0:1:433215089 joined [CT]!
L 06/17/2020 - 23:34:54: [killlog.amxx] [VALET]: STEAM_0:1:484516970 joined [T]!
L 06/17/2020 - 23:34:54: [killlog.amxx] [VALET]: STEAM_0:1:484581202 joined [T]!
L 06/17/2020 - 23:34:54: [killlog.amxx] [VALET]: STEAM_0:0:388099385 joined [CT]!
L 06/17/2020 - 23:34:54: [killlog.amxx] [VALET]: STEAM_0:0:947796992 joined [CT]!
L 06/17/2020 - 23:34:54: [killlog.amxx] [VALET]: STEAM_0:1:12549369 joined [T]!
L 06/17/2020 - 23:34:54: [killlog.amxx] [VALET]: STEAM_0:0:1671395488 joined [T]!
L 06/17/2020 - 23:34:55: [killlog.amxx] [VALET]: STEAM_0:1:55760822 joined [CT]!
L 06/17/2020 - 23:34:55: [killlog.amxx] [VALET]: STEAM_0:1:55760822 joined [CT]!
L 06/17/2020 - 23:34:56: [killlog.amxx] [VALET]: STEAM_0:0:519481581 joined [T]!
L 06/17/2020 - 23:34:56: [killlog.amxx] [VALET]: STEAM_0:0:519481581 joined [T]!
L 06/17/2020 - 23:34:57: [killlog.amxx] [VALET]:  round start [T] score: 0 [CT] score: 0!
L 06/17/2020 - 23:35:26: [killlog.amxx] [VALET]: [T]|STEAM_0:0:1671395488 killed [T]|STEAM_0:1:55760822 using glock18!
L 06/17/2020 - 23:35:30: [killlog.amxx] [VALET]: [CT]|STEAM_0:0:388099385 killed [CT]|STEAM_0:1:484516970 using usp!
L 06/17/2020 - 23:35:30: [killlog.amxx] [VALET]: [T]|STEAM_0:0:519481581 killed [T]|STEAM_0:0:388099385 using glock18!
L 06/17/2020 - 23:35:30: [killlog.amxx] [VALET]: [T]|STEAM_0:0:519481581 killed [T]|STEAM_0:1:433215089 using glock18!
L 06/17/2020 - 23:35:42: [killlog.amxx] [VALET]: [T]|STEAM_0:0:1671395488 killed [T]|STEAM_0:0:947796992 with headshot using usp!
L 06/17/2020 - 23:35:42: [killlog.amxx] [VALET]:  round end [T] score: 1 [CT] score: 0!
L 06/17/2020 - 23:35:47: [killlog.amxx] [VALET]: STEAM_0:1:433215089 joined [CT]!
L 06/17/2020 - 23:35:47: [killlog.amxx] [VALET]: STEAM_0:1:484516970 joined [T]!
L 06/17/2020 - 23:35:47: [killlog.amxx] [VALET]: STEAM_0:1:484581202 joined [T]!
L 06/17/2020 - 23:35:47: [killlog.amxx] [VALET]: STEAM_0:0:388099385 joined [CT]!
L 06/17/2020 - 23:35:47: [killlog.amxx] [VALET]: STEAM_0:0:947796992 joined [CT]!
L 06/17/2020 - 23:35:47: [killlog.amxx] [VALET]: STEAM_0:1:12549369 joined [T]!
L 06/17/2020 - 23:35:47: [killlog.amxx] [VALET]: STEAM_0:1:55760822 joined [CT]!
L 06/17/2020 - 23:35:47: [killlog.amxx] [VALET]: STEAM_0:0:519481581 joined [T]!
L 06/17/2020 - 23:35:47: [killlog.amxx] [VALET]: STEAM_0:0:1671395488 joined [T]!
L 06/17/2020 - 23:35:50: [killlog.amxx] [VALET]:  round start [T] score: 1 [CT] score: 0!
L 06/17/2020 - 23:36:02: [killlog.amxx] [VALET]: [T]|STEAM_0:1:12549369 killed [T]|STEAM_0:1:433215089 with headshot using ak47!
L 06/17/2020 - 23:36:09: [killlog.amxx] [VALET]: [CT]|STEAM_0:0:947796992 killed [CT]|STEAM_0:1:12549369 with headshot using usp!
L 06/17/2020 - 23:36:10: [killlog.amxx] [VALET]: [T]|STEAM_0:0:519481581 killed [T]|STEAM_0:0:388099385 using ak47!
L 06/17/2020 - 23:36:17: [killlog.amxx] [VALET]: [T]|STEAM_0:0:1671395488 killed [T]|STEAM_0:0:947796992 with headshot using usp!
L 06/17/2020 - 23:36:19: [killlog.amxx] [VALET]: [CT]|STEAM_0:1:55760822 killed [CT]|STEAM_0:0:1671395488 using grenade!
L 06/17/2020 - 23:36:33: [killlog.amxx] [VALET]: [T]|STEAM_0:1:484516970 killed [T]|STEAM_0:1:55760822 using galil!
L 06/17/2020 - 23:36:33: [killlog.amxx] [VALET]:  round end [T] score: 2 [CT] score: 0!
L 06/17/2020 - 23:36:38: [killlog.amxx] [VALET]: STEAM_0:1:433215089 joined [CT]!
L 06/17/2020 - 23:36:38: [killlog.amxx] [VALET]: STEAM_0:1:484516970 joined [T]!
L 06/17/2020 - 23:36:38: [killlog.amxx] [VALET]: STEAM_0:1:484581202 joined [T]!
L 06/17/2020 - 23:36:38: [killlog.amxx] [VALET]: STEAM_0:0:388099385 joined [CT]!
L 06/17/2020 - 23:36:38: [killlog.amxx] [VALET]: STEAM_0:0:947796992 joined [CT]!
L 06/17/2020 - 23:36:38: [killlog.amxx] [VALET]: STEAM_0:1:12549369 joined [T]!
L 06/17/2020 - 23:36:38: [killlog.amxx] [VALET]: STEAM_0:1:55760822 joined [CT]!
L 06/17/2020 - 23:36:38: [killlog.amxx] [VALET]: STEAM_0:0:519481581 joined [T]!
L 06/17/2020 - 23:36:38: [killlog.amxx] [VALET]: STEAM_0:0:1671395488 joined [T]!
L 06/17/2020 - 23:36:41: [killlog.amxx] [VALET]:  round start [T] score: 2 [CT] score: 0!
L 06/17/2020 - 23:36:56: [killlog.amxx] [VALET]: [CT]|STEAM_0:0:947796992 killed [CT]|STEAM_0:1:12549369 with headshot using mp5navy!
L 06/17/2020 - 23:36:56: [killlog.amxx] [VALET]: [T]|STEAM_0:1:484516970 killed [T]|STEAM_0:0:947796992 using galil!
L 06/17/2020 - 23:36:59: [killlog.amxx] [VALET]: [T]|STEAM_0:0:1671395488 killed [T]|STEAM_0:1:433215089 with headshot using ak47!
L 06/17/2020 - 23:37:08: [killlog.amxx] [VALET]: [T]|STEAM_0:0:1671395488 killed [T]|STEAM_0:0:388099385 using ak47!
L 06/17/2020 - 23:37:11: [killlog.amxx] [VALET]: [T]|STEAM_0:1:484581202 killed [T]|STEAM_0:1:55760822 using galil!
L 06/17/2020 - 23:37:11: [killlog.amxx] [VALET]:  round end [T] score: 3 [CT] score: 0!
L 06/17/2020 - 23:37:16: [killlog.amxx] [VALET]: STEAM_0:1:433215089 joined [CT]!
L 06/17/2020 - 23:37:16: [killlog.amxx] [VALET]: STEAM_0:1:484516970 joined [T]!
L 06/17/2020 - 23:37:16: [killlog.amxx] [VALET]: STEAM_0:1:484581202 joined [T]!
L 06/17/2020 - 23:37:16: [killlog.amxx] [VALET]: STEAM_0:0:388099385 joined [CT]!
L 06/17/2020 - 23:37:16: [killlog.amxx] [VALET]: STEAM_0:0:947796992 joined [CT]!
L 06/17/2020 - 23:37:16: [killlog.amxx] [VALET]: STEAM_0:1:12549369 joined [T]!
L 06/17/2020 - 23:37:16: [killlog.amxx] [VALET]: STEAM_0:1:55760822 joined [CT]!
L 06/17/2020 - 23:37:16: [killlog.amxx] [VALET]: STEAM_0:0:519481581 joined [T]!
L 06/17/2020 - 23:37:16: [killlog.amxx] [VALET]: STEAM_0:0:1671395488 joined [T]!
L 06/17/2020 - 23:37:19: [killlog.amxx] [VALET]:  round start [T] score: 3 [CT] score: 0!
L 06/17/2020 - 23:37:47: [killlog.amxx] [VALET]: [CT]|STEAM_0:1:433215089 killed [CT]|STEAM_0:0:519481581 using mp5navy!
L 06/17/2020 - 23:37:54: [killlog.amxx] [VALET]: [CT]|STEAM_0:1:433215089 killed [CT]|STEAM_0:1:484581202 using mp5navy!
L 06/17/2020 - 23:38:03: [killlog.amxx] [VALET]: STEAM_0:0:519481581 joined [CT]!
L 06/17/2020 - 23:38:20: [killlog.amxx] [VALET]: [CT]|STEAM_0:0:388099385 killed [CT]|STEAM_0:1:484516970 using deagle!
L 06/17/2020 - 23:38:27: [killlog.amxx] [VALET]: [T]|STEAM_0:1:12549369 killed [T]|STEAM_0:0:947796992 using ak47!
L 06/17/2020 - 23:38:45: [killlog.amxx] [VALET]: [T]|STEAM_0:1:12549369 killed [T]|STEAM_0:1:433215089 using ak47!
L 06/17/2020 - 23:38:48: [killlog.amxx] [VALET]: [T]|STEAM_0:1:12549369 killed [T]|STEAM_0:0:388099385 using ak47!
L 06/17/2020 - 23:38:52: [killlog.amxx] [VALET]: [T]|STEAM_0:0:1671395488 killed [T]|STEAM_0:1:55760822 using ak47!
L 06/17/2020 - 23:38:52: [killlog.amxx] [VALET]:  round end [T] score: 4 [CT] score: 0!
L 06/17/2020 - 23:38:57: [killlog.amxx] [VALET]: STEAM_0:1:433215089 joined [CT]!
L 06/17/2020 - 23:38:57: [killlog.amxx] [VALET]: STEAM_0:1:484516970 joined [T]!
L 06/17/2020 - 23:38:57: [killlog.amxx] [VALET]: STEAM_0:1:484581202 joined [T]!
L 06/17/2020 - 23:38:57: [killlog.amxx] [VALET]: STEAM_0:0:388099385 joined [CT]!
L 06/17/2020 - 23:38:57: [killlog.amxx] [VALET]: STEAM_0:0:947796992 joined [CT]!
L 06/17/2020 - 23:38:57: [killlog.amxx] [VALET]: STEAM_0:1:12549369 joined [T]!
L 06/17/2020 - 23:38:57: [killlog.amxx] [VALET]: STEAM_0:1:55760822 joined [CT]!
L 06/17/2020 - 23:38:57: [killlog.amxx] [VALET]: STEAM_0:0:519481581 joined [CT]!
L 06/17/2020 - 23:38:57: [killlog.amxx] [VALET]: STEAM_0:0:1671395488 joined [T]!
L 06/17/2020 - 23:39:00: [killlog.amxx] [VALET]:  round start [T] score: 4 [CT] score: 0!
L 06/17/2020 - 23:39:29: [killlog.amxx] [VALET]: [CT]|STEAM_0:1:433215089 killed [CT]|STEAM_0:1:484516970 using famas!
L 06/17/2020 - 23:39:29: [killlog.amxx] [VALET]: [T]|STEAM_0:1:12549369 killed [T]|STEAM_0:1:55760822 using ak47!
L 06/17/2020 - 23:39:34: [killlog.amxx] [VALET]: [CT]|STEAM_0:0:947796992 killed [CT]|STEAM_0:0:1671395488 with headshot using usp!
L 06/17/2020 - 23:39:38: [killlog.amxx] [VALET]: [T]|STEAM_0:1:12549369 killed [T]|STEAM_0:1:433215089 using ak47!
L 06/17/2020 - 23:40:19: [killlog.amxx] [VALET]: [T]|STEAM_0:1:484581202 killed [T]|STEAM_0:0:388099385 using awp!
L 06/17/2020 - 23:40:32: [killlog.amxx] [VALET]: [T]|STEAM_0:1:12549369 killed [T]|STEAM_0:0:947796992 using ak47!
L 06/17/2020 - 23:41:00: [killlog.amxx] [VALET]:  round end [T] score: 5 [CT] score: 0!
L 06/17/2020 - 23:41:05: [killlog.amxx] [VALET]: STEAM_0:1:433215089 joined [CT]!
L 06/17/2020 - 23:41:05: [killlog.amxx] [VALET]: STEAM_0:1:484516970 joined [T]!
L 06/17/2020 - 23:41:05: [killlog.amxx] [VALET]: STEAM_0:1:484581202 joined [T]!
L 06/17/2020 - 23:41:05: [killlog.amxx] [VALET]: STEAM_0:0:388099385 joined [CT]!
L 06/17/2020 - 23:41:05: [killlog.amxx] [VALET]: STEAM_0:0:947796992 joined [CT]!
L 06/17/2020 - 23:41:05: [killlog.amxx] [VALET]: STEAM_0:1:12549369 joined [T]!
L 06/17/2020 - 23:41:05: [killlog.amxx] [VALET]: STEAM_0:1:55760822 joined [CT]!
L 06/17/2020 - 23:41:05: [killlog.amxx] [VALET]: STEAM_0:0:519481581 joined [CT]!
L 06/17/2020 - 23:41:05: [killlog.amxx] [VALET]: STEAM_0:0:1671395488 joined [T]!
L 06/17/2020 - 23:41:08: [killlog.amxx] [VALET]:  round start [T] score: 5 [CT] score: 0!
L 06/17/2020 - 23:41:22: [killlog.amxx] [VALET]: [CT]|STEAM_0:0:519481581 killed [CT]|STEAM_0:1:484516970 using awp!
L 06/17/2020 - 23:41:24: [killlog.amxx] [VALET]: [T]|STEAM_0:1:12549369 killed [T]|STEAM_0:0:947796992 using awp!
L 06/17/2020 - 23:41:32: [killlog.amxx] [VALET]: [CT]|STEAM_0:0:519481581 killed [CT]|STEAM_0:0:1671395488 using awp!
L 06/17/2020 - 23:41:39: [killlog.amxx] [VALET]: [CT]|STEAM_0:0:519481581 killed [CT]|STEAM_0:1:484581202 with headshot using awp!
L 06/17/2020 - 23:41:50: [killlog.amxx] [VALET]: [T]|STEAM_0:1:12549369 killed [T]|STEAM_0:1:55760822 using m4a1!
L 06/17/2020 - 23:41:51: [killlog.amxx] [VALET]: [CT]|STEAM_0:1:433215089 killed [CT]|STEAM_0:1:12549369 using famas!
L 06/17/2020 - 23:41:51: [killlog.amxx] [VALET]:  round end [T] score: 5 [CT] score: 1!
L 06/17/2020 - 23:41:56: [killlog.amxx] [VALET]: STEAM_0:1:433215089 joined [CT]!
L 06/17/2020 - 23:41:56: [killlog.amxx] [VALET]: STEAM_0:1:484516970 joined [T]!
L 06/17/2020 - 23:41:56: [killlog.amxx] [VALET]: STEAM_0:1:484581202 joined [T]!
L 06/17/2020 - 23:41:56: [killlog.amxx] [VALET]: STEAM_0:0:388099385 joined [CT]!
L 06/17/2020 - 23:41:56: [killlog.amxx] [VALET]: STEAM_0:0:947796992 joined [CT]!
L 06/17/2020 - 23:41:56: [killlog.amxx] [VALET]: STEAM_0:1:12549369 joined [T]!
L 06/17/2020 - 23:41:56: [killlog.amxx] [VALET]: STEAM_0:1:55760822 joined [CT]!
L 06/17/2020 - 23:41:56: [killlog.amxx] [VALET]: STEAM_0:0:519481581 joined [CT]!
L 06/17/2020 - 23:41:56: [killlog.amxx] [VALET]: STEAM_0:0:1671395488 joined [T]!
L 06/17/2020 - 23:41:59: [killlog.amxx] [VALET]:  round start [T] score: 5 [CT] score: 1!
L 06/17/2020 - 23:42:18: [killlog.amxx] [VALET]: [T]|STEAM_0:1:12549369 killed [T]|STEAM_0:1:433215089 using deagle!
L 06/17/2020 - 23:42:22: [killlog.amxx] [VALET]: [T]|STEAM_0:1:12549369 killed [T]|STEAM_0:0:519481581 with headshot using deagle!
L 06/17/2020 - 23:42:23: [killlog.amxx] [VALET]: [T]|STEAM_0:1:484516970 killed [T]|STEAM_0:0:388099385 using ak47!
L 06/17/2020 - 23:42:38: [killlog.amxx] [VALET]: [CT]|STEAM_0:0:947796992 killed [CT]|STEAM_0:1:484516970 using m4a1!
L 06/17/2020 - 23:42:40: [killlog.amxx] [VALET]: [T]|STEAM_0:1:484581202 killed [T]|STEAM_0:0:947796992 using galil!
L 06/17/2020 - 23:42:40: [killlog.amxx] [VALET]: [T]|STEAM_0:0:1671395488 killed [T]|STEAM_0:1:55760822 with headshot using ak47!
L 06/17/2020 - 23:42:40: [killlog.amxx] [VALET]:  round end [T] score: 6 [CT] score: 1!
L 06/17/2020 - 23:42:45: [killlog.amxx] [VALET]: STEAM_0:1:433215089 joined [CT]!
L 06/17/2020 - 23:42:45: [killlog.amxx] [VALET]: STEAM_0:1:484516970 joined [T]!
L 06/17/2020 - 23:42:45: [killlog.amxx] [VALET]: STEAM_0:1:484581202 joined [T]!
L 06/17/2020 - 23:42:45: [killlog.amxx] [VALET]: STEAM_0:0:388099385 joined [CT]!
L 06/17/2020 - 23:42:45: [killlog.amxx] [VALET]: STEAM_0:0:947796992 joined [CT]!
L 06/17/2020 - 23:42:45: [killlog.amxx] [VALET]: STEAM_0:1:12549369 joined [T]!
L 06/17/2020 - 23:42:45: [killlog.amxx] [VALET]: STEAM_0:1:55760822 joined [CT]!
L 06/17/2020 - 23:42:45: [killlog.amxx] [VALET]: STEAM_0:0:519481581 joined [CT]!
L 06/17/2020 - 23:42:45: [killlog.amxx] [VALET]: STEAM_0:0:1671395488 joined [T]!
L 06/17/2020 - 23:42:48: [killlog.amxx] [VALET]:  round start [T] score: 6 [CT] score: 1!
L 06/17/2020 - 23:43:16: [killlog.amxx] [VALET]: [CT]|STEAM_0:1:433215089 killed [CT]|STEAM_0:1:484581202 with headshot using m4a1!
L 06/17/2020 - 23:43:17: [killlog.amxx] [VALET]: [CT]|STEAM_0:0:519481581 killed [CT]|STEAM_0:1:484516970 using awp!
L 06/17/2020 - 23:43:20: [killlog.amxx] [VALET]: [T]|STEAM_0:1:12549369 killed [T]|STEAM_0:0:388099385 using awp!
L 06/17/2020 - 23:43:58: [killlog.amxx] [VALET]: [T]|STEAM_0:0:1671395488 killed [T]|STEAM_0:1:55760822 using m4a1!
L 06/17/2020 - 23:44:03: [killlog.amxx] [VALET]: [T]|STEAM_0:0:1671395488 killed [T]|STEAM_0:0:947796992 using m4a1!
L 06/17/2020 - 23:44:07: [killlog.amxx] [VALET]: [T]|STEAM_0:1:12549369 killed [T]|STEAM_0:0:519481581 using awp!
L 06/17/2020 - 23:44:26: [killlog.amxx] [VALET]:  round end [T] score: 7 [CT] score: 1!
L 06/17/2020 - 23:44:31: [killlog.amxx] [VALET]: STEAM_0:1:433215089 joined [CT]!
L 06/17/2020 - 23:44:31: [killlog.amxx] [VALET]: STEAM_0:1:484516970 joined [T]!
L 06/17/2020 - 23:44:31: [killlog.amxx] [VALET]: STEAM_0:1:484581202 joined [T]!
L 06/17/2020 - 23:44:31: [killlog.amxx] [VALET]: STEAM_0:0:388099385 joined [CT]!
L 06/17/2020 - 23:44:31: [killlog.amxx] [VALET]: STEAM_0:0:947796992 joined [CT]!
L 06/17/2020 - 23:44:31: [killlog.amxx] [VALET]: STEAM_0:1:12549369 joined [T]!
L 06/17/2020 - 23:44:31: [killlog.amxx] [VALET]: STEAM_0:1:55760822 joined [CT]!
L 06/17/2020 - 23:44:31: [killlog.amxx] [VALET]: STEAM_0:0:519481581 joined [CT]!
L 06/17/2020 - 23:44:31: [killlog.amxx] [VALET]: STEAM_0:0:1671395488 joined [T]!
L 06/17/2020 - 23:44:34: [killlog.amxx] [VALET]:  round start [T] score: 7 [CT] score: 1!
L 06/17/2020 - 23:44:59: [killlog.amxx] [VALET]: [CT]|STEAM_0:1:433215089 killed [CT]|STEAM_0:1:484581202 with headshot using famas!
L 06/17/2020 - 23:45:11: [killlog.amxx] [VALET]: [T]|STEAM_0:1:12549369 killed [T]|STEAM_0:1:55760822 using awp!
L 06/17/2020 - 23:45:14: [killlog.amxx] [VALET]: [CT]|STEAM_0:0:947796992 killed [CT]|STEAM_0:0:1671395488 using m4a1!
L 06/17/2020 - 23:45:22: [killlog.amxx] [VALET]: [T]|STEAM_0:1:12549369 killed [T]|STEAM_0:0:947796992 using grenade!
L 06/17/2020 - 23:45:27: [killlog.amxx] [VALET]: [CT]|STEAM_0:0:388099385 killed [CT]|STEAM_0:1:484516970 using deagle!
L 06/17/2020 - 23:45:33: [killlog.amxx] [VALET]: [T]|STEAM_0:1:12549369 killed [T]|STEAM_0:0:388099385 using knife!
L 06/17/2020 - 23:45:57: [killlog.amxx] [VALET]: [T]|STEAM_0:1:12549369 killed [T]|STEAM_0:1:433215089 using deagle!
L 06/17/2020 - 23:46:26: [killlog.amxx] [VALET]: [CT]|STEAM_0:0:519481581 killed [CT]|STEAM_0:1:12549369 using galil!
L 06/17/2020 - 23:46:34: [killlog.amxx] [VALET]:  round end [T] score: 7 [CT] score: 2!
L 06/17/2020 - 23:46:39: [killlog.amxx] [VALET]: STEAM_0:1:433215089 joined [CT]!
L 06/17/2020 - 23:46:39: [killlog.amxx] [VALET]: STEAM_0:1:484516970 joined [T]!
L 06/17/2020 - 23:46:39: [killlog.amxx] [VALET]: STEAM_0:1:484581202 joined [T]!
L 06/17/2020 - 23:46:39: [killlog.amxx] [VALET]: STEAM_0:0:388099385 joined [CT]!
L 06/17/2020 - 23:46:39: [killlog.amxx] [VALET]: STEAM_0:0:947796992 joined [CT]!
L 06/17/2020 - 23:46:39: [killlog.amxx] [VALET]: STEAM_0:1:12549369 joined [T]!
L 06/17/2020 - 23:46:39: [killlog.amxx] [VALET]: STEAM_0:1:55760822 joined [CT]!
L 06/17/2020 - 23:46:39: [killlog.amxx] [VALET]: STEAM_0:0:519481581 joined [CT]!
L 06/17/2020 - 23:46:39: [killlog.amxx] [VALET]: STEAM_0:0:1671395488 joined [T]!
L 06/17/2020 - 23:46:42: [killlog.amxx] [VALET]:  round start [T] score: 7 [CT] score: 2!
L 06/17/2020 - 23:46:58: [killlog.amxx] [VALET]: [CT]|STEAM_0:1:433215089 killed [CT]|STEAM_0:1:484581202 with headshot using famas!
L 06/17/2020 - 23:47:18: [killlog.amxx] [VALET]: [T]|STEAM_0:1:484516970 killed [T]|STEAM_0:1:55760822 with headshot using galil!
L 06/17/2020 - 23:47:36: [killlog.amxx] [VALET]: [CT]|STEAM_0:0:947796992 killed [CT]|STEAM_0:1:484516970 with headshot using m4a1!
L 06/17/2020 - 23:47:45: [killlog.amxx] [VALET]: [T]|STEAM_0:1:12549369 killed [T]|STEAM_0:0:388099385 with headshot using deagle!
L 06/17/2020 - 23:48:27: [killlog.amxx] [VALET]:  round end [T] score: 7 [CT] score: 2!
L 06/17/2020 - 23:48:32: [killlog.amxx] [VALET]: STEAM_0:1:433215089 joined [CT]!
L 06/17/2020 - 23:48:32: [killlog.amxx] [VALET]: STEAM_0:1:484516970 joined [T]!
L 06/17/2020 - 23:48:32: [killlog.amxx] [VALET]: STEAM_0:1:484581202 joined [T]!
L 06/17/2020 - 23:48:32: [killlog.amxx] [VALET]: STEAM_0:0:388099385 joined [CT]!
L 06/17/2020 - 23:48:32: [killlog.amxx] [VALET]: STEAM_0:0:947796992 joined [CT]!
L 06/17/2020 - 23:48:32: [killlog.amxx] [VALET]: STEAM_0:1:12549369 joined [T]!
L 06/17/2020 - 23:48:32: [killlog.amxx] [VALET]: STEAM_0:1:55760822 joined [CT]!
L 06/17/2020 - 23:48:32: [killlog.amxx] [VALET]: STEAM_0:0:519481581 joined [CT]!
L 06/17/2020 - 23:48:32: [killlog.amxx] [VALET]: STEAM_0:0:1671395488 joined [T]!
L 06/17/2020 - 23:48:35: [killlog.amxx] [VALET]:  round start [T] score: 7 [CT] score: 3!
L 06/17/2020 - 23:48:56: [killlog.amxx] [VALET]: [T]|STEAM_0:1:12549369 killed [T]|STEAM_0:1:55760822 using awp!
L 06/17/2020 - 23:49:10: [killlog.amxx] [VALET]: [T]|STEAM_0:1:484581202 killed [T]|STEAM_0:0:388099385 using galil!
L 06/17/2020 - 23:49:17: [killlog.amxx] [VALET]: [CT]|STEAM_0:1:433215089 killed [CT]|STEAM_0:0:1671395488 with headshot using famas!
L 06/17/2020 - 23:49:20: [killlog.amxx] [VALET]: [T]|STEAM_0:1:484581202 killed [T]|STEAM_0:1:433215089 using galil!
L 06/17/2020 - 23:49:26: [killlog.amxx] [VALET]: [T]|STEAM_0:1:12549369 killed [T]|STEAM_0:0:519481581 using awp!
L 06/17/2020 - 23:49:29: [killlog.amxx] [VALET]: [T]|STEAM_0:1:12549369 killed [T]|STEAM_0:0:947796992 with headshot using awp!
L 06/17/2020 - 23:49:29: [killlog.amxx] [VALET]:  round end [T] score: 8 [CT] score: 3!
L 06/17/2020 - 23:49:34: [killlog.amxx] [VALET]: STEAM_0:1:433215089 joined [CT]!
L 06/17/2020 - 23:49:34: [killlog.amxx] [VALET]: STEAM_0:1:484516970 joined [T]!
L 06/17/2020 - 23:49:34: [killlog.amxx] [VALET]: STEAM_0:1:484581202 joined [T]!
L 06/17/2020 - 23:49:34: [killlog.amxx] [VALET]: STEAM_0:0:388099385 joined [CT]!
L 06/17/2020 - 23:49:34: [killlog.amxx] [VALET]: STEAM_0:0:947796992 joined [CT]!
L 06/17/2020 - 23:49:34: [killlog.amxx] [VALET]: STEAM_0:1:12549369 joined [T]!
L 06/17/2020 - 23:49:34: [killlog.amxx] [VALET]: STEAM_0:1:55760822 joined [CT]!
L 06/17/2020 - 23:49:34: [killlog.amxx] [VALET]: STEAM_0:0:519481581 joined [CT]!
L 06/17/2020 - 23:49:34: [killlog.amxx] [VALET]: STEAM_0:0:1671395488 joined [T]!
L 06/17/2020 - 23:49:37: [killlog.amxx] [VALET]:  round start [T] score: 8 [CT] score: 3!
L 06/17/2020 - 23:49:54: [killlog.amxx] [VALET]: [CT]|STEAM_0:0:519481581 killed [CT]|STEAM_0:0:1671395488 using awp!
L 06/17/2020 - 23:50:17: [killlog.amxx] [VALET]: [T]|STEAM_0:1:484581202 killed [T]|STEAM_0:0:519481581 using galil!
L 06/17/2020 - 23:50:18: [killlog.amxx] [VALET]: [T]|STEAM_0:1:484581202 killed [T]|STEAM_0:1:433215089 using galil!
L 06/17/2020 - 23:50:23: [killlog.amxx] [VALET]: [T]|STEAM_0:1:484516970 killed [T]|STEAM_0:0:947796992 with headshot using galil!
L 06/17/2020 - 23:50:30: [killlog.amxx] [VALET]: [T]|STEAM_0:1:484516970 killed [T]|STEAM_0:0:388099385 using galil!
L 06/17/2020 - 23:50:51: [killlog.amxx] [VALET]: [T]|STEAM_0:1:12549369 killed [T]|STEAM_0:1:55760822 using deagle!
L 06/17/2020 - 23:50:51: [killlog.amxx] [VALET]:  round end [T] score: 9 [CT] score: 3!
L 06/17/2020 - 23:50:56: [killlog.amxx] [VALET]: STEAM_0:1:433215089 joined [CT]!
L 06/17/2020 - 23:50:56: [killlog.amxx] [VALET]: STEAM_0:1:484516970 joined [T]!
L 06/17/2020 - 23:50:56: [killlog.amxx] [VALET]: STEAM_0:1:484581202 joined [T]!
L 06/17/2020 - 23:50:56: [killlog.amxx] [VALET]: STEAM_0:0:388099385 joined [CT]!
L 06/17/2020 - 23:50:56: [killlog.amxx] [VALET]: STEAM_0:0:947796992 joined [CT]!
L 06/17/2020 - 23:50:56: [killlog.amxx] [VALET]: STEAM_0:1:12549369 joined [T]!
L 06/17/2020 - 23:50:56: [killlog.amxx] [VALET]: STEAM_0:1:55760822 joined [CT]!
L 06/17/2020 - 23:50:56: [killlog.amxx] [VALET]: STEAM_0:0:519481581 joined [CT]!
L 06/17/2020 - 23:50:56: [killlog.amxx] [VALET]: STEAM_0:0:1671395488 joined [T]!
L 06/17/2020 - 23:50:59: [killlog.amxx] [VALET]:  round start [T] score: 9 [CT] score: 3!
L 06/17/2020 - 23:51:45: [killlog.amxx] [VALET]: [CT]|STEAM_0:0:519481581 killed [CT]|STEAM_0:0:1671395488 using m4a1!
L 06/17/2020 - 23:51:46: [killlog.amxx] [VALET]: [CT]|STEAM_0:0:519481581 killed [CT]|STEAM_0:1:484516970 using m4a1!
L 06/17/2020 - 23:51:46: [killlog.amxx] [VALET]: [T]|STEAM_0:1:12549369 killed [T]|STEAM_0:0:519481581 using deagle!
L 06/17/2020 - 23:52:02: [killlog.amxx] [VALET]: [T]|STEAM_0:1:12549369 killed [T]|STEAM_0:1:55760822 using deagle!
L 06/17/2020 - 23:52:16: [killlog.amxx] [VALET]: [T]|STEAM_0:1:12549369 killed [T]|STEAM_0:0:388099385 with headshot using ak47!
L 06/17/2020 - 23:52:27: [killlog.amxx] [VALET]: [T]|STEAM_0:1:12549369 killed [T]|STEAM_0:0:947796992 using deagle!
L 06/17/2020 - 23:52:50: [killlog.amxx] [VALET]: [T]|STEAM_0:1:484581202 killed [T]|STEAM_0:1:433215089 using galil!
L 06/17/2020 - 23:52:50: [killlog.amxx] [VALET]:  round end [T] score: 10 [CT] score: 3!
L 06/17/2020 - 23:52:55: [killlog.amxx] [VALET]: STEAM_0:1:433215089 joined [CT]!
L 06/17/2020 - 23:52:55: [killlog.amxx] [VALET]: STEAM_0:1:484516970 joined [T]!
L 06/17/2020 - 23:52:55: [killlog.amxx] [VALET]: STEAM_0:1:484581202 joined [T]!
L 06/17/2020 - 23:52:55: [killlog.amxx] [VALET]: STEAM_0:0:388099385 joined [CT]!
L 06/17/2020 - 23:52:55: [killlog.amxx] [VALET]: STEAM_0:0:947796992 joined [CT]!
L 06/17/2020 - 23:52:55: [killlog.amxx] [VALET]: STEAM_0:1:12549369 joined [T]!
L 06/17/2020 - 23:52:55: [killlog.amxx] [VALET]: STEAM_0:1:55760822 joined [CT]!
L 06/17/2020 - 23:52:55: [killlog.amxx] [VALET]: STEAM_0:0:519481581 joined [CT]!
L 06/17/2020 - 23:52:55: [killlog.amxx] [VALET]: STEAM_0:0:1671395488 joined [T]!
L 06/17/2020 - 23:52:58: [killlog.amxx] [VALET]:  round start [T] score: 10 [CT] score: 3!
L 06/17/2020 - 23:53:00: [killlog.amxx] [VALET]: STEAM_0:1:433215089 joined [T]!
L 06/17/2020 - 23:53:00: [killlog.amxx] [VALET]: STEAM_0:1:484516970 joined [CT]!
L 06/17/2020 - 23:53:00: [killlog.amxx] [VALET]: STEAM_0:1:484581202 joined [CT]!
L 06/17/2020 - 23:53:00: [killlog.amxx] [VALET]: STEAM_0:0:388099385 joined [T]!
L 06/17/2020 - 23:53:00: [killlog.amxx] [VALET]: STEAM_0:0:947796992 joined [T]!
L 06/17/2020 - 23:53:00: [killlog.amxx] [VALET]: STEAM_0:1:12549369 joined [CT]!
L 06/17/2020 - 23:53:00: [killlog.amxx] [VALET]: STEAM_0:1:55760822 joined [T]!
L 06/17/2020 - 23:53:00: [killlog.amxx] [VALET]: STEAM_0:0:519481581 joined [T]!
L 06/17/2020 - 23:53:00: [killlog.amxx] [VALET]: STEAM_0:0:1671395488 joined [CT]!
L 06/17/2020 - 23:53:03: [killlog.amxx] [VALET]:  round start [T] score: 0 [CT] score: 0!
L 06/17/2020 - 23:53:04: [killlog.amxx] [VALET]: STEAM_0:1:433215089 disconnected!
L 06/17/2020 - 23:53:20: [killlog.amxx] [VALET]: [CT]|STEAM_0:1:12549369 killed [CT]|STEAM_0:1:55760822 using grenade!
L 06/17/2020 - 23:53:23: [killlog.amxx] [VALET]: [CT]|STEAM_0:1:484516970 killed [CT]|STEAM_0:0:388099385 with headshot using usp!
L 06/17/2020 - 23:53:24: [killlog.amxx] [VALET]: [CT]|STEAM_0:1:12549369 killed [CT]|STEAM_0:0:947796992 with headshot using usp!
L 06/17/2020 - 23:53:25: [killlog.amxx] [VALET]: [CT]|STEAM_0:1:12549369 killed [CT]|STEAM_0:0:519481581 using usp!
L 06/17/2020 - 23:53:25: [killlog.amxx] [VALET]:  round end [T] score: 0 [CT] score: 1!
L 06/17/2020 - 23:53:30: [killlog.amxx] [VALET]: STEAM_0:1:484516970 joined [CT]!
L 06/17/2020 - 23:53:30: [killlog.amxx] [VALET]: STEAM_0:1:484581202 joined [CT]!
L 06/17/2020 - 23:53:30: [killlog.amxx] [VALET]: STEAM_0:0:388099385 joined [T]!
L 06/17/2020 - 23:53:30: [killlog.amxx] [VALET]: STEAM_0:0:947796992 joined [T]!
L 06/17/2020 - 23:53:30: [killlog.amxx] [VALET]: STEAM_0:1:12549369 joined [CT]!
L 06/17/2020 - 23:53:30: [killlog.amxx] [VALET]: STEAM_0:1:55760822 joined [T]!
L 06/17/2020 - 23:53:30: [killlog.amxx] [VALET]: STEAM_0:0:519481581 joined [T]!
L 06/17/2020 - 23:53:30: [killlog.amxx] [VALET]: STEAM_0:0:1671395488 joined [CT]!
L 06/17/2020 - 23:53:33: [killlog.amxx] [VALET]:  round start [T] score: 0 [CT] score: 1!
L 06/17/2020 - 23:53:46: [killlog.amxx] [VALET]: [CT]|STEAM_0:1:12549369 killed [CT]|STEAM_0:0:388099385 using m4a1!
L 06/17/2020 - 23:53:51: [killlog.amxx] [VALET]: [CT]|STEAM_0:1:12549369 killed [CT]|STEAM_0:0:947796992 using usp!
L 06/17/2020 - 23:53:52: [killlog.amxx] [VALET]: [T]|STEAM_0:0:519481581 killed [T]|STEAM_0:1:12549369 using deagle!
L 06/17/2020 - 23:53:57: [killlog.amxx] [VALET]: [T]|STEAM_0:1:55760822 killed [T]|STEAM_0:1:484516970 using grenade!
L 06/17/2020 - 23:53:58: [killlog.amxx] [VALET]: [CT]|STEAM_0:1:484581202 killed [CT]|STEAM_0:1:55760822 using usp!
L 06/17/2020 - 23:54:20: [killlog.amxx] [VALET]: [T]|STEAM_0:0:519481581 killed [T]|STEAM_0:1:484581202 with headshot using deagle!
L 06/17/2020 - 23:54:44: [killlog.amxx] [VALET]: [CT]|STEAM_0:0:1671395488 killed [CT]|STEAM_0:0:519481581 with headshot using deagle!
L 06/17/2020 - 23:54:58: [killlog.amxx] [VALET]:  round end [T] score: 0 [CT] score: 2!
L 06/17/2020 - 23:55:03: [killlog.amxx] [VALET]: STEAM_0:1:484516970 joined [CT]!
L 06/17/2020 - 23:55:03: [killlog.amxx] [VALET]: STEAM_0:1:484581202 joined [CT]!
L 06/17/2020 - 23:55:03: [killlog.amxx] [VALET]: STEAM_0:0:388099385 joined [T]!
L 06/17/2020 - 23:55:03: [killlog.amxx] [VALET]: STEAM_0:0:947796992 joined [T]!
L 06/17/2020 - 23:55:03: [killlog.amxx] [VALET]: STEAM_0:1:12549369 joined [CT]!
L 06/17/2020 - 23:55:03: [killlog.amxx] [VALET]: STEAM_0:1:55760822 joined [T]!
L 06/17/2020 - 23:55:03: [killlog.amxx] [VALET]: STEAM_0:0:519481581 joined [T]!
L 06/17/2020 - 23:55:03: [killlog.amxx] [VALET]: STEAM_0:0:1671395488 joined [CT]!
L 06/17/2020 - 23:55:06: [killlog.amxx] [VALET]:  round start [T] score: 0 [CT] score: 2!
L 06/17/2020 - 23:55:39: [killlog.amxx] [VALET]: [CT]|STEAM_0:0:1671395488 killed [CT]|STEAM_0:1:55760822 with headshot using m4a1!
L 06/17/2020 - 23:55:44: [killlog.amxx] [VALET]: [T]|STEAM_0:0:947796992 killed [T]|STEAM_0:0:1671395488 using ak47!
L 06/17/2020 - 23:55:52: [killlog.amxx] [VALET]: [CT]|STEAM_0:1:12549369 killed [CT]|STEAM_0:0:388099385 using m4a1!
L 06/17/2020 - 23:55:54: [killlog.amxx] [VALET]: [T]|STEAM_0:0:519481581 killed [T]|STEAM_0:1:484581202 using ak47!
L 06/17/2020 - 23:56:08: [killlog.amxx] [VALET]: [CT]|STEAM_0:1:12549369 killed [CT]|STEAM_0:0:947796992 using m4a1!
L 06/17/2020 - 23:56:10: [killlog.amxx] [VALET]: [T]|STEAM_0:0:519481581 killed [T]|STEAM_0:1:484516970 with headshot using ak47!
L 06/17/2020 - 23:56:12: [killlog.amxx] [VALET]: [CT]|STEAM_0:1:12549369 killed [CT]|STEAM_0:0:519481581 using m4a1!
L 06/17/2020 - 23:56:31: [killlog.amxx] [VALET]:  round end [T] score: 0 [CT] score: 3!
L 06/17/2020 - 23:56:36: [killlog.amxx] [VALET]: STEAM_0:1:484516970 joined [CT]!
L 06/17/2020 - 23:56:36: [killlog.amxx] [VALET]: STEAM_0:1:484581202 joined [CT]!
L 06/17/2020 - 23:56:36: [killlog.amxx] [VALET]: STEAM_0:0:388099385 joined [T]!
L 06/17/2020 - 23:56:36: [killlog.amxx] [VALET]: STEAM_0:0:947796992 joined [T]!
L 06/17/2020 - 23:56:36: [killlog.amxx] [VALET]: STEAM_0:1:12549369 joined [CT]!
L 06/17/2020 - 23:56:36: [killlog.amxx] [VALET]: STEAM_0:1:55760822 joined [T]!
L 06/17/2020 - 23:56:36: [killlog.amxx] [VALET]: STEAM_0:0:519481581 joined [T]!
L 06/17/2020 - 23:56:36: [killlog.amxx] [VALET]: STEAM_0:0:1671395488 joined [CT]!
L 06/17/2020 - 23:56:39: [killlog.amxx] [VALET]:  round start [T] score: 0 [CT] score: 3!
L 06/17/2020 - 23:57:01: [killlog.amxx] [VALET]: [CT]|STEAM_0:1:484581202 killed [CT]|STEAM_0:0:947796992 using aug!
L 06/17/2020 - 23:57:03: [killlog.amxx] [VALET]: [CT]|STEAM_0:1:484581202 killed [CT]|STEAM_0:0:388099385 using aug!
L 06/17/2020 - 23:57:05: [killlog.amxx] [VALET]: [CT]|STEAM_0:1:484581202 killed [CT]|STEAM_0:0:519481581 using aug!
L 06/17/2020 - 23:57:08: [killlog.amxx] [VALET]: [T]|STEAM_0:1:55760822 killed [T]|STEAM_0:0:1671395488 with headshot using galil!
L 06/17/2020 - 23:57:10: [killlog.amxx] [VALET]: [T]|STEAM_0:1:55760822 killed [T]|STEAM_0:1:12549369 with headshot using galil!
L 06/17/2020 - 23:57:11: [killlog.amxx] [VALET]: [CT]|STEAM_0:1:484516970 killed [CT]|STEAM_0:1:55760822 with headshot using m4a1!
L 06/17/2020 - 23:57:11: [killlog.amxx] [VALET]:  round end [T] score: 0 [CT] score: 4!
L 06/17/2020 - 23:57:16: [killlog.amxx] [VALET]: STEAM_0:1:484516970 joined [CT]!
L 06/17/2020 - 23:57:16: [killlog.amxx] [VALET]: STEAM_0:1:484581202 joined [CT]!
L 06/17/2020 - 23:57:16: [killlog.amxx] [VALET]: STEAM_0:0:388099385 joined [T]!
L 06/17/2020 - 23:57:16: [killlog.amxx] [VALET]: STEAM_0:0:947796992 joined [T]!
L 06/17/2020 - 23:57:16: [killlog.amxx] [VALET]: STEAM_0:1:12549369 joined [CT]!
L 06/17/2020 - 23:57:16: [killlog.amxx] [VALET]: STEAM_0:1:55760822 joined [T]!
L 06/17/2020 - 23:57:16: [killlog.amxx] [VALET]: STEAM_0:0:519481581 joined [T]!
L 06/17/2020 - 23:57:16: [killlog.amxx] [VALET]: STEAM_0:0:1671395488 joined [CT]!
L 06/17/2020 - 23:57:19: [killlog.amxx] [VALET]:  round start [T] score: 0 [CT] score: 4!
L 06/17/2020 - 23:57:39: [killlog.amxx] [VALET]: [CT]|STEAM_0:1:484581202 killed [CT]|STEAM_0:0:947796992 with headshot using aug!
L 06/17/2020 - 23:57:40: [killlog.amxx] [VALET]: [T]|STEAM_0:1:55760822 killed [T]|STEAM_0:0:1671395488 with headshot using ak47!
L 06/17/2020 - 23:57:40: [killlog.amxx] [VALET]: [T]|STEAM_0:0:519481581 killed [T]|STEAM_0:1:484581202 using deagle!
L 06/17/2020 - 23:57:46: [killlog.amxx] [VALET]: [CT]|STEAM_0:1:12549369 killed [CT]|STEAM_0:0:388099385 using m4a1!
L 06/17/2020 - 23:57:56: [killlog.amxx] [VALET]: [CT]|STEAM_0:1:484516970 killed [CT]|STEAM_0:1:55760822 using m4a1!
L 06/17/2020 - 23:57:57: [killlog.amxx] [VALET]: [CT]|STEAM_0:1:12549369 killed [CT]|STEAM_0:0:519481581 using usp!
L 06/17/2020 - 23:58:07: [killlog.amxx] [VALET]:  round end [T] score: 0 [CT] score: 5!
L 06/17/2020 - 23:58:12: [killlog.amxx] [VALET]: STEAM_0:1:484516970 joined [CT]!
L 06/17/2020 - 23:58:12: [killlog.amxx] [VALET]: STEAM_0:1:484581202 joined [CT]!
L 06/17/2020 - 23:58:12: [killlog.amxx] [VALET]: STEAM_0:0:388099385 joined [T]!
L 06/17/2020 - 23:58:12: [killlog.amxx] [VALET]: STEAM_0:0:947796992 joined [T]!
L 06/17/2020 - 23:58:12: [killlog.amxx] [VALET]: STEAM_0:1:12549369 joined [CT]!
L 06/17/2020 - 23:58:12: [killlog.amxx] [VALET]: STEAM_0:1:55760822 joined [T]!
L 06/17/2020 - 23:58:12: [killlog.amxx] [VALET]: STEAM_0:0:519481581 joined [T]!
L 06/17/2020 - 23:58:12: [killlog.amxx] [VALET]: STEAM_0:0:1671395488 joined [CT]!
L 06/17/2020 - 23:58:15: [killlog.amxx] [VALET]:  round start [T] score: 0 [CT] score: 5!
L 06/17/2020 - 23:58:30: [killlog.amxx] [VALET]: [CT]|STEAM_0:1:484581202 killed [CT]|STEAM_0:0:519481581 using awp!
L 06/17/2020 - 23:58:50: [killlog.amxx] [VALET]: [CT]|STEAM_0:0:1671395488 killed [CT]|STEAM_0:0:947796992 with headshot using m4a1!
L 06/17/2020 - 23:58:53: [killlog.amxx] [VALET]: [T]|STEAM_0:1:55760822 killed [T]|STEAM_0:0:1671395488 with headshot using ak47!
L 06/17/2020 - 23:59:01: [killlog.amxx] [VALET]: [CT]|STEAM_0:1:484516970 killed [CT]|STEAM_0:0:388099385 with headshot using m4a1!
L 06/17/2020 - 23:59:06: [killlog.amxx] [VALET]: [T]|STEAM_0:1:55760822 killed [T]|STEAM_0:1:484581202 with headshot using ak47!
L 06/17/2020 - 23:59:08: [killlog.amxx] [VALET]: [CT]|STEAM_0:1:12549369 killed [CT]|STEAM_0:1:55760822 using m4a1!
L 06/17/2020 - 23:59:08: [killlog.amxx] [VALET]:  round end [T] score: 0 [CT] score: 6!
L 06/17/2020 - 23:59:13: [killlog.amxx] [VALET]: STEAM_0:1:484516970 joined [CT]!
L 06/17/2020 - 23:59:13: [killlog.amxx] [VALET]: STEAM_0:1:484581202 joined [CT]!
L 06/17/2020 - 23:59:13: [killlog.amxx] [VALET]: STEAM_0:0:388099385 joined [T]!
L 06/17/2020 - 23:59:13: [killlog.amxx] [VALET]: STEAM_0:0:947796992 joined [T]!
L 06/17/2020 - 23:59:13: [killlog.amxx] [VALET]: STEAM_0:1:12549369 joined [CT]!
L 06/17/2020 - 23:59:13: [killlog.amxx] [VALET]: STEAM_0:1:55760822 joined [T]!
L 06/17/2020 - 23:59:13: [killlog.amxx] [VALET]: STEAM_0:0:519481581 joined [T]!
L 06/17/2020 - 23:59:13: [killlog.amxx] [VALET]: STEAM_0:0:1671395488 joined [CT]!
L 06/17/2020 - 23:59:16: [killlog.amxx] [VALET]:  round start [T] score: 0 [CT] score: 6!
L 06/17/2020 - 23:59:38: [killlog.amxx] [VALET]: [T]|STEAM_0:0:519481581 killed [T]|STEAM_0:0:1671395488 with headshot using ak47!
L 06/17/2020 - 23:59:45: [killlog.amxx] [VALET]: [T]|STEAM_0:0:519481581 killed [T]|STEAM_0:1:484581202 using ak47!
L 06/17/2020 - 23:59:51: [killlog.amxx] [VALET]: STEAM_0:0:1671395488 disconnected!
L 06/17/2020 - 23:59:56: [killlog.amxx] [VALET]: STEAM_0:0:1671395488 joined [CT]!
L 06/17/2020 - 23:59:59: [killlog.amxx] [VALET]: STEAM_0:0:1671395488 joined [CT]!
