L 04/18/2020 - 00:22:47: [mapchooser.amxx] Vote: Voting for the nextmap started
L 04/18/2020 - 00:23:02: [mapchooser.amxx] Vote: Voting for the nextmap finished. The nextmap will be aim_map
L 04/18/2020 - 00:25:09: -------- Mapchange to aim_map --------
L 04/18/2020 - 00:53:08: [mapchooser.amxx] Vote: Voting for the nextmap started
L 04/18/2020 - 00:53:23: [mapchooser.amxx] Vote: Voting for the nextmap finished. The nextmap will be cs_16fighter
L 04/18/2020 - 00:55:30: -------- Mapchange to cs_16fighter --------
L 04/18/2020 - 01:23:29: [mapchooser.amxx] Vote: Voting for the nextmap started
L 04/18/2020 - 01:23:44: [mapchooser.amxx] Vote: Voting for the nextmap finished. The nextmap will be cs_pf_dust
L 04/18/2020 - 01:25:50: -------- Mapchange to cs_pf_dust --------
L 04/18/2020 - 01:53:49: [mapchooser.amxx] Vote: Voting for the nextmap started
L 04/18/2020 - 01:54:04: [mapchooser.amxx] Vote: Voting for the nextmap finished. The nextmap will be fy_iceworld_2002
L 04/18/2020 - 01:56:11: -------- Mapchange to fy_iceworld_2002 --------
L 04/18/2020 - 02:24:10: [mapchooser.amxx] Vote: Voting for the nextmap started
L 04/18/2020 - 02:24:25: [mapchooser.amxx] Vote: Voting for the nextmap finished. The nextmap will be cs_mansion
L 04/18/2020 - 02:26:32: -------- Mapchange to cs_mansion --------
L 04/18/2020 - 02:54:32: [mapchooser.amxx] Vote: Voting for the nextmap started
L 04/18/2020 - 02:54:47: [mapchooser.amxx] Vote: Voting for the nextmap finished. The nextmap will be de_dust2_2x2
L 04/18/2020 - 02:56:53: -------- Mapchange to de_dust2_2x2 --------
L 04/18/2020 - 03:24:53: [mapchooser.amxx] Vote: Voting for the nextmap started
L 04/18/2020 - 03:25:08: [mapchooser.amxx] Vote: Voting for the nextmap finished. The nextmap will be de_inferno_2x2
L 04/18/2020 - 03:27:15: -------- Mapchange to de_inferno_2x2 --------
L 04/18/2020 - 03:55:14: [mapchooser.amxx] Vote: Voting for the nextmap started
L 04/18/2020 - 03:55:29: [mapchooser.amxx] Vote: Voting for the nextmap finished. The nextmap will be de_sniper
L 04/18/2020 - 03:57:36: -------- Mapchange to de_sniper --------
L 04/18/2020 - 04:25:35: [mapchooser.amxx] Vote: Voting for the nextmap started
L 04/18/2020 - 04:25:50: [mapchooser.amxx] Vote: Voting for the nextmap finished. The nextmap will be de_snipe_it5
L 04/18/2020 - 04:27:57: -------- Mapchange to de_snipe_it5 --------
L 04/18/2020 - 04:55:56: [mapchooser.amxx] Vote: Voting for the nextmap started
L 04/18/2020 - 04:56:11: [mapchooser.amxx] Vote: Voting for the nextmap finished. The nextmap will be de_mipt
L 04/18/2020 - 04:58:18: -------- Mapchange to de_mipt --------
L 04/18/2020 - 05:26:18: [mapchooser.amxx] Vote: Voting for the nextmap started
L 04/18/2020 - 05:26:33: [mapchooser.amxx] Vote: Voting for the nextmap finished. The nextmap will be cs_discounter
L 04/18/2020 - 05:28:39: -------- Mapchange to cs_discounter --------
L 04/18/2020 - 05:56:39: [mapchooser.amxx] Vote: Voting for the nextmap started
L 04/18/2020 - 05:56:54: [mapchooser.amxx] Vote: Voting for the nextmap finished. The nextmap will be cs_rats2
L 04/18/2020 - 05:59:00: -------- Mapchange to cs_rats2 --------
L 04/18/2020 - 06:27:00: [mapchooser.amxx] Vote: Voting for the nextmap started
L 04/18/2020 - 06:27:15: [mapchooser.amxx] Vote: Voting for the nextmap finished. The nextmap will be de_aztec
L 04/18/2020 - 06:29:21: -------- Mapchange to de_aztec --------
L 04/18/2020 - 06:57:21: [mapchooser.amxx] Vote: Voting for the nextmap started
L 04/18/2020 - 06:57:36: [mapchooser.amxx] Vote: Voting for the nextmap finished. The nextmap will be cs_siege
L 04/18/2020 - 06:59:42: -------- Mapchange to cs_siege --------
L 04/18/2020 - 07:27:41: [mapchooser.amxx] Vote: Voting for the nextmap started
L 04/18/2020 - 07:27:56: [mapchooser.amxx] Vote: Voting for the nextmap finished. The nextmap will be de_cbble
L 04/18/2020 - 07:30:03: -------- Mapchange to de_cbble --------
L 04/18/2020 - 07:58:02: [mapchooser.amxx] Vote: Voting for the nextmap started
L 04/18/2020 - 07:58:17: [mapchooser.amxx] Vote: Voting for the nextmap finished. The nextmap will be de_dust
L 04/18/2020 - 08:00:24: -------- Mapchange to de_dust --------
L 04/18/2020 - 08:28:23: [mapchooser.amxx] Vote: Voting for the nextmap started
L 04/18/2020 - 08:28:38: [mapchooser.amxx] Vote: Voting for the nextmap finished. The nextmap will be de_rats
L 04/18/2020 - 08:30:45: -------- Mapchange to de_rats --------
L 04/18/2020 - 08:58:44: [mapchooser.amxx] Vote: Voting for the nextmap started
L 04/18/2020 - 08:58:59: [mapchooser.amxx] Vote: Voting for the nextmap finished. The nextmap will be de_prodigy
L 04/18/2020 - 09:01:06: -------- Mapchange to de_prodigy --------
L 04/18/2020 - 09:29:05: [mapchooser.amxx] Vote: Voting for the nextmap started
L 04/18/2020 - 09:29:20: [mapchooser.amxx] Vote: Voting for the nextmap finished. The nextmap will be cs_assault
L 04/18/2020 - 09:31:27: -------- Mapchange to cs_assault --------
L 04/18/2020 - 09:59:26: [mapchooser.amxx] Vote: Voting for the nextmap started
L 04/18/2020 - 09:59:41: [mapchooser.amxx] Vote: Voting for the nextmap finished. The nextmap will be cs_italy
L 04/18/2020 - 10:01:48: -------- Mapchange to cs_italy --------
L 04/18/2020 - 10:29:47: [mapchooser.amxx] Vote: Voting for the nextmap started
L 04/18/2020 - 10:30:03: [mapchooser.amxx] Vote: Voting for the nextmap finished. The nextmap will be cs_estate
L 04/18/2020 - 10:32:10: -------- Mapchange to cs_estate --------
L 04/18/2020 - 11:00:09: [mapchooser.amxx] Vote: Voting for the nextmap started
L 04/18/2020 - 11:00:24: [mapchooser.amxx] Vote: Voting for the nextmap finished. The nextmap will be fy_pool_day
L 04/18/2020 - 11:02:31: -------- Mapchange to fy_pool_day --------
L 04/18/2020 - 11:30:30: [mapchooser.amxx] Vote: Voting for the nextmap started
L 04/18/2020 - 11:30:45: [mapchooser.amxx] Vote: Voting for the nextmap finished. The nextmap will be cs_militia
L 04/18/2020 - 11:32:52: -------- Mapchange to cs_militia --------
L 04/18/2020 - 12:00:51: [mapchooser.amxx] Vote: Voting for the nextmap started
L 04/18/2020 - 12:01:06: [mapchooser.amxx] Vote: Voting for the nextmap finished. The nextmap will be de_train
L 04/18/2020 - 12:03:13: -------- Mapchange to de_train --------
L 04/18/2020 - 12:19:13: [admin.amxx] Login: "Diablo<28><STEAM_0:1:21335723><>" became an admin (account "STEAM_0:1:21335723") (access "abcdefghijklmnopqrstu") (address "176.99.181.220")
L 04/18/2020 - 12:19:28: [admincmd.amxx] Cmd: "Diablo<28><STEAM_0:1:21335723><>" changelevel "fy_train"
L 04/18/2020 - 12:19:30: -------- Mapchange to fy_train --------
L 04/18/2020 - 12:19:31: [admin.amxx] Login: "Diablo<28><STEAM_0:1:21335723><>" became an admin (account "STEAM_0:1:21335723") (access "abcdefghijklmnopqrstu") (address "176.99.181.220")
L 04/18/2020 - 12:22:03: [admincmd.amxx] Cmd: "Diablo<28><STEAM_0:1:21335723><>" ask for players list
L 04/18/2020 - 12:47:30: [mapchooser.amxx] Vote: Voting for the nextmap started
L 04/18/2020 - 12:47:45: [mapchooser.amxx] Vote: Voting for the nextmap finished. The nextmap will be aim_headshot
L 04/18/2020 - 12:49:52: -------- Mapchange to aim_headshot --------
L 04/18/2020 - 13:17:51: [mapchooser.amxx] Vote: Voting for the nextmap started
L 04/18/2020 - 13:18:06: [mapchooser.amxx] Vote: Voting for the nextmap finished. The nextmap will be aim_map
L 04/18/2020 - 13:20:13: -------- Mapchange to aim_map --------
L 04/18/2020 - 13:48:12: [mapchooser.amxx] Vote: Voting for the nextmap started
L 04/18/2020 - 13:48:27: [mapchooser.amxx] Vote: Voting for the nextmap finished. The nextmap will be cs_16fighter
L 04/18/2020 - 13:50:33: -------- Mapchange to cs_16fighter --------
L 04/18/2020 - 14:18:33: [mapchooser.amxx] Vote: Voting for the nextmap started
L 04/18/2020 - 14:18:48: [mapchooser.amxx] Vote: Voting for the nextmap finished. The nextmap will be cs_pf_dust
L 04/18/2020 - 14:20:54: -------- Mapchange to cs_pf_dust --------
L 04/18/2020 - 14:48:53: [mapchooser.amxx] Vote: Voting for the nextmap started
L 04/18/2020 - 14:49:08: [mapchooser.amxx] Vote: Voting for the nextmap finished. The nextmap will be fy_iceworld_2002
L 04/18/2020 - 14:51:15: -------- Mapchange to fy_iceworld_2002 --------
L 04/18/2020 - 15:19:57: [mapchooser.amxx] Vote: Voting for the nextmap started
L 04/18/2020 - 15:20:12: [mapchooser.amxx] Vote: Voting for the nextmap finished. The nextmap will be cs_mansion
L 04/18/2020 - 15:22:19: -------- Mapchange to cs_mansion --------
L 04/18/2020 - 15:50:19: [mapchooser.amxx] Vote: Voting for the nextmap started
L 04/18/2020 - 15:50:34: [mapchooser.amxx] Vote: Voting for the nextmap finished. The nextmap will be de_dust2_2x2
L 04/18/2020 - 15:52:40: -------- Mapchange to de_dust2_2x2 --------
L 04/18/2020 - 16:20:40: [mapchooser.amxx] Vote: Voting for the nextmap started
L 04/18/2020 - 16:20:55: [mapchooser.amxx] Vote: Voting for the nextmap finished. The nextmap will be de_inferno_2x2
L 04/18/2020 - 16:23:01: -------- Mapchange to de_inferno_2x2 --------
L 04/18/2020 - 16:51:01: [mapchooser.amxx] Vote: Voting for the nextmap started
L 04/18/2020 - 16:51:16: [mapchooser.amxx] Vote: Voting for the nextmap finished. The nextmap will be de_sniper
L 04/18/2020 - 16:53:23: -------- Mapchange to de_sniper --------
L 04/18/2020 - 17:21:23: [mapchooser.amxx] Vote: Voting for the nextmap started
L 04/18/2020 - 17:21:38: [mapchooser.amxx] Vote: Voting for the nextmap finished. The nextmap will be de_snipe_it5
L 04/18/2020 - 17:23:45: -------- Mapchange to de_snipe_it5 --------
L 04/18/2020 - 17:51:45: [mapchooser.amxx] Vote: Voting for the nextmap started
L 04/18/2020 - 17:52:00: [mapchooser.amxx] Vote: Voting for the nextmap finished. The nextmap will be de_mipt
L 04/18/2020 - 17:54:08: -------- Mapchange to de_mipt --------
L 04/18/2020 - 18:22:08: [mapchooser.amxx] Vote: Voting for the nextmap started
L 04/18/2020 - 18:22:23: [mapchooser.amxx] Vote: Voting for the nextmap finished. The nextmap will be cs_discounter
L 04/18/2020 - 18:24:30: -------- Mapchange to cs_discounter --------
L 04/18/2020 - 18:52:30: [mapchooser.amxx] Vote: Voting for the nextmap started
L 04/18/2020 - 18:52:46: [mapchooser.amxx] Vote: Voting for the nextmap finished. The nextmap will be cs_rats2
L 04/18/2020 - 18:54:52: -------- Mapchange to cs_rats2 --------
L 04/18/2020 - 18:58:08: -------- Mapchange to de_dust2_2x2 --------
L 04/18/2020 - 19:19:09: -------- Mapchange to de_aztec --------
L 04/18/2020 - 19:47:08: [mapchooser.amxx] Vote: Voting for the nextmap started
L 04/18/2020 - 19:47:23: [mapchooser.amxx] Vote: Voting for the nextmap finished. The nextmap will be fy_train
L 04/18/2020 - 19:49:30: -------- Mapchange to fy_train --------
L 04/18/2020 - 19:49:44: -------- Mapchange to cs_discounter --------
L 04/18/2020 - 20:18:14: [mapchooser.amxx] Vote: Voting for the nextmap started
L 04/18/2020 - 20:18:29: [mapchooser.amxx] Vote: Voting for the nextmap finished. The nextmap will be cs_16fighter
L 04/18/2020 - 20:20:22: -------- Mapchange to cs_16fighter --------
L 04/18/2020 - 20:22:25: [admin.amxx] Login: "GUSINBERG<44><STEAM_0:1:55760822><>" became an admin (account "STEAM_0:1:55760822") (access "cdefjuz") (address "81.200.27.239")
L 04/18/2020 - 20:31:00: [admin.amxx] Login: "GUSINBERG<46><STEAM_0:1:55760822><>" became an admin (account "STEAM_0:1:55760822") (access "cdefjuz") (address "81.200.27.239")
L 04/18/2020 - 20:33:27: [admincmd.amxx] Cmd: "GUSINBERG<46><STEAM_0:1:55760822><>" changelevel "de_dust2_2x2"
L 04/18/2020 - 20:33:29: -------- Mapchange to de_dust2_2x2 --------
L 04/18/2020 - 20:33:30: [admin.amxx] Login: "GUSINBERG<46><STEAM_0:1:55760822><>" became an admin (account "STEAM_0:1:55760822") (access "cdefjuz") (address "81.200.27.239")
L 04/18/2020 - 20:38:57: [admin.amxx] Login: "GUSINBERG<48><STEAM_0:1:55760822><>" became an admin (account "STEAM_0:1:55760822") (access "cdefjuz") (address "81.200.27.239")
L 04/18/2020 - 21:01:44: [mapchooser.amxx] Vote: Voting for the nextmap started
L 04/18/2020 - 21:01:59: [mapchooser.amxx] Vote: Voting for the nextmap finished. The nextmap will be cs_assault
L 04/18/2020 - 21:03:56: -------- Mapchange to cs_assault --------
L 04/18/2020 - 21:31:58: [mapchooser.amxx] Vote: Voting for the nextmap started
L 04/18/2020 - 21:32:13: [mapchooser.amxx] Vote: Voting for the nextmap finished. The nextmap will be cs_italy
L 04/18/2020 - 21:34:25: -------- Mapchange to cs_italy --------
L 04/18/2020 - 21:55:40: [admin.amxx] Login: "GUSINBERG<49><STEAM_0:1:55760822><>" became an admin (account "STEAM_0:1:55760822") (access "cdefjuz") (address "81.200.27.239")
L 04/18/2020 - 22:02:26: [mapchooser.amxx] Vote: Voting for the nextmap started
L 04/18/2020 - 22:02:41: [mapchooser.amxx] Vote: Voting for the nextmap finished. The nextmap will be cs_estate
L 04/18/2020 - 22:04:54: -------- Mapchange to cs_estate --------
L 04/18/2020 - 22:32:53: [mapchooser.amxx] Vote: Voting for the nextmap started
L 04/18/2020 - 22:33:09: [mapchooser.amxx] Vote: Voting for the nextmap finished. The nextmap will be fy_pool_day
L 04/18/2020 - 22:35:21: -------- Mapchange to fy_pool_day --------
L 04/18/2020 - 23:44:21: [mapchooser.amxx] Vote: Voting for the nextmap started
L 04/18/2020 - 23:44:36: [mapchooser.amxx] Vote: Voting for the nextmap finished. The nextmap will be cs_militia
L 04/18/2020 - 23:46:33: -------- Mapchange to cs_militia --------
L 04/18/2020 - 23:56:06: [admin.amxx] Login: "Diablo<54><STEAM_0:1:21335723><>" became an admin (account "STEAM_0:1:21335723") (access "abcdefghijklmnopqrstu") (address "176.99.181.220")
