L 04/26/2020 - 00:00:45: -------- Mapchange to de_dust2 --------
L 04/26/2020 - 00:00:45: [mapchooser4.amxx] Found 47 maps in maps folder
L 04/26/2020 - 00:00:52: [mapchooser4.amxx] xvars for mapchooser 4 setuped.
L 04/26/2020 - 00:01:43: [admin.amxx] Login: "Diablo<186><STEAM_0:1:21335723><>" became an admin (account "STEAM_0:1:21335723") (access "abcdefghijklmnopqrstu") (address "176.99.182.79")
L 04/26/2020 - 00:03:14: [admin.amxx] Login: "Diablo<187><STEAM_0:1:21335723><>" became an admin (account "STEAM_0:1:21335723") (access "abcdefghijklmnopqrstu") (address "176.99.182.79")
L 04/26/2020 - 00:58:36: [mapchooser4.amxx] Vote: Voting for the nextmap started
L 04/26/2020 - 00:58:46: [mapchooser4.amxx] Vote: Voting for the nextmap finished. The nextmap will be de_inferno
L 04/26/2020 - 01:01:05: -------- Mapchange to de_inferno --------
L 04/26/2020 - 01:01:05: [mapchooser4.amxx] Found 47 maps in maps folder
L 04/26/2020 - 01:01:13: [mapchooser4.amxx] xvars for mapchooser 4 setuped.
L 04/26/2020 - 01:58:57: [mapchooser4.amxx] Vote: Voting for the nextmap started
L 04/26/2020 - 01:59:07: [mapchooser4.amxx] Vote: Voting for the nextmap finished. The nextmap will be de_nuke
L 04/26/2020 - 02:01:26: -------- Mapchange to de_nuke --------
L 04/26/2020 - 02:01:26: [mapchooser4.amxx] Found 47 maps in maps folder
L 04/26/2020 - 02:01:33: [mapchooser4.amxx] xvars for mapchooser 4 setuped.
L 04/26/2020 - 02:59:17: [mapchooser4.amxx] Vote: Voting for the nextmap started
L 04/26/2020 - 02:59:27: [mapchooser4.amxx] Vote: Voting for the nextmap finished. The nextmap will be cs_assault
L 04/26/2020 - 03:01:46: -------- Mapchange to cs_assault --------
L 04/26/2020 - 03:01:47: [mapchooser4.amxx] Found 47 maps in maps folder
L 04/26/2020 - 03:01:54: [mapchooser4.amxx] xvars for mapchooser 4 setuped.
L 04/26/2020 - 03:59:38: [mapchooser4.amxx] Vote: Voting for the nextmap started
L 04/26/2020 - 03:59:48: [mapchooser4.amxx] Vote: Voting for the nextmap finished. The nextmap will be cs_italy
L 04/26/2020 - 04:02:07: -------- Mapchange to cs_italy --------
L 04/26/2020 - 04:02:07: [mapchooser4.amxx] Found 47 maps in maps folder
L 04/26/2020 - 04:02:14: [mapchooser4.amxx] xvars for mapchooser 4 setuped.
L 04/26/2020 - 04:59:58: [mapchooser4.amxx] Vote: Voting for the nextmap started
L 04/26/2020 - 05:00:08: [mapchooser4.amxx] Vote: Voting for the nextmap finished. The nextmap will be de_train
L 04/26/2020 - 05:02:27: -------- Mapchange to de_train --------
L 04/26/2020 - 05:02:28: [mapchooser4.amxx] Found 47 maps in maps folder
L 04/26/2020 - 05:02:35: [mapchooser4.amxx] xvars for mapchooser 4 setuped.
L 04/26/2020 - 06:00:19: [mapchooser4.amxx] Vote: Voting for the nextmap started
L 04/26/2020 - 06:00:29: [mapchooser4.amxx] Vote: Voting for the nextmap finished. The nextmap will be aim_ak-colt
L 04/26/2020 - 06:02:47: -------- Mapchange to aim_ak-colt --------
L 04/26/2020 - 06:02:48: [mapchooser4.amxx] Found 47 maps in maps folder
L 04/26/2020 - 06:02:55: [mapchooser4.amxx] xvars for mapchooser 4 setuped.
L 04/26/2020 - 07:00:39: [mapchooser4.amxx] Vote: Voting for the nextmap started
L 04/26/2020 - 07:00:49: [mapchooser4.amxx] Vote: Voting for the nextmap finished. The nextmap will be aim_aztecplace
L 04/26/2020 - 07:03:08: -------- Mapchange to aim_aztecplace --------
L 04/26/2020 - 07:03:09: [mapchooser4.amxx] Found 47 maps in maps folder
L 04/26/2020 - 07:03:16: [mapchooser4.amxx] xvars for mapchooser 4 setuped.
L 04/26/2020 - 08:01:00: [mapchooser4.amxx] Vote: Voting for the nextmap started
L 04/26/2020 - 08:01:10: [mapchooser4.amxx] Vote: Voting for the nextmap finished. The nextmap will be aim_headshot
L 04/26/2020 - 08:03:29: -------- Mapchange to aim_headshot --------
L 04/26/2020 - 08:03:29: [mapchooser4.amxx] Found 47 maps in maps folder
L 04/26/2020 - 08:03:36: [mapchooser4.amxx] xvars for mapchooser 4 setuped.
L 04/26/2020 - 09:01:20: [mapchooser4.amxx] Vote: Voting for the nextmap started
L 04/26/2020 - 09:01:31: [mapchooser4.amxx] Vote: Voting for the nextmap finished. The nextmap will be aim_map
L 04/26/2020 - 09:03:49: -------- Mapchange to aim_map --------
L 04/26/2020 - 09:03:49: [mapchooser4.amxx] Found 47 maps in maps folder
L 04/26/2020 - 09:03:56: [mapchooser4.amxx] xvars for mapchooser 4 setuped.
L 04/26/2020 - 10:01:41: [mapchooser4.amxx] Vote: Voting for the nextmap started
L 04/26/2020 - 10:01:51: [mapchooser4.amxx] Vote: Voting for the nextmap finished. The nextmap will be cs_16fighter
L 04/26/2020 - 10:04:09: -------- Mapchange to cs_16fighter --------
L 04/26/2020 - 10:04:10: [mapchooser4.amxx] Found 47 maps in maps folder
L 04/26/2020 - 10:04:17: [mapchooser4.amxx] xvars for mapchooser 4 setuped.
L 04/26/2020 - 11:02:01: [mapchooser4.amxx] Vote: Voting for the nextmap started
L 04/26/2020 - 11:02:11: [mapchooser4.amxx] Vote: Voting for the nextmap finished. The nextmap will be cs_pf_dust
L 04/26/2020 - 11:04:29: -------- Mapchange to cs_pf_dust --------
L 04/26/2020 - 11:04:29: [mapchooser4.amxx] Found 47 maps in maps folder
L 04/26/2020 - 11:04:37: [mapchooser4.amxx] xvars for mapchooser 4 setuped.
L 04/26/2020 - 12:02:21: [mapchooser4.amxx] Vote: Voting for the nextmap started
L 04/26/2020 - 12:02:31: [mapchooser4.amxx] Vote: Voting for the nextmap finished. The nextmap will be fy_iceworld_2002
L 04/26/2020 - 12:04:50: -------- Mapchange to fy_iceworld_2002 --------
L 04/26/2020 - 12:04:50: [mapchooser4.amxx] Found 47 maps in maps folder
L 04/26/2020 - 12:04:57: [mapchooser4.amxx] xvars for mapchooser 4 setuped.
L 04/26/2020 - 13:02:41: [mapchooser4.amxx] Vote: Voting for the nextmap started
L 04/26/2020 - 13:02:51: [mapchooser4.amxx] Vote: Voting for the nextmap finished. The nextmap will be cs_mansion
L 04/26/2020 - 13:05:10: -------- Mapchange to cs_mansion --------
L 04/26/2020 - 13:05:11: [mapchooser4.amxx] Found 47 maps in maps folder
L 04/26/2020 - 13:05:18: [mapchooser4.amxx] xvars for mapchooser 4 setuped.
L 04/26/2020 - 14:03:02: [mapchooser4.amxx] Vote: Voting for the nextmap started
L 04/26/2020 - 14:03:12: [mapchooser4.amxx] Vote: Voting for the nextmap finished. The nextmap will be de_dust2_2x2
L 04/26/2020 - 14:05:31: -------- Mapchange to de_dust2_2x2 --------
L 04/26/2020 - 14:05:31: [mapchooser4.amxx] Found 47 maps in maps folder
L 04/26/2020 - 14:05:38: [mapchooser4.amxx] xvars for mapchooser 4 setuped.
L 04/26/2020 - 15:03:22: [mapchooser4.amxx] Vote: Voting for the nextmap started
L 04/26/2020 - 15:03:32: [mapchooser4.amxx] Vote: Voting for the nextmap finished. The nextmap will be de_inferno_2x2
L 04/26/2020 - 15:05:51: -------- Mapchange to de_inferno_2x2 --------
L 04/26/2020 - 15:05:51: [mapchooser4.amxx] Found 47 maps in maps folder
L 04/26/2020 - 15:05:59: [mapchooser4.amxx] xvars for mapchooser 4 setuped.
L 04/26/2020 - 16:03:43: [mapchooser4.amxx] Vote: Voting for the nextmap started
L 04/26/2020 - 16:03:53: [mapchooser4.amxx] Vote: Voting for the nextmap finished. The nextmap will be de_sniper
L 04/26/2020 - 16:06:12: -------- Mapchange to de_sniper --------
L 04/26/2020 - 16:06:13: [mapchooser4.amxx] Found 47 maps in maps folder
L 04/26/2020 - 16:06:20: [mapchooser4.amxx] xvars for mapchooser 4 setuped.
L 04/26/2020 - 17:04:05: [mapchooser4.amxx] Vote: Voting for the nextmap started
L 04/26/2020 - 17:04:15: [mapchooser4.amxx] Vote: Voting for the nextmap finished. The nextmap will be de_snipe_it5
L 04/26/2020 - 17:06:33: -------- Mapchange to de_snipe_it5 --------
L 04/26/2020 - 17:06:34: [mapchooser4.amxx] Found 47 maps in maps folder
L 04/26/2020 - 17:06:41: [mapchooser4.amxx] xvars for mapchooser 4 setuped.
L 04/26/2020 - 18:04:25: [mapchooser4.amxx] Vote: Voting for the nextmap started
L 04/26/2020 - 18:04:35: [mapchooser4.amxx] Vote: Voting for the nextmap finished. The nextmap will be de_mipt
L 04/26/2020 - 18:06:55: -------- Mapchange to de_mipt --------
L 04/26/2020 - 18:06:56: [mapchooser4.amxx] Found 47 maps in maps folder
L 04/26/2020 - 18:07:03: [mapchooser4.amxx] xvars for mapchooser 4 setuped.
L 04/26/2020 - 19:04:47: [mapchooser4.amxx] Vote: Voting for the nextmap started
L 04/26/2020 - 19:04:57: [mapchooser4.amxx] Vote: Voting for the nextmap finished. The nextmap will be cs_discounter
L 04/26/2020 - 19:07:16: -------- Mapchange to cs_discounter --------
L 04/26/2020 - 19:07:16: [mapchooser4.amxx] Found 47 maps in maps folder
L 04/26/2020 - 19:07:24: [mapchooser4.amxx] xvars for mapchooser 4 setuped.
L 04/26/2020 - 19:41:39: [admin.amxx] Login: "GUSINBERG<188><STEAM_0:1:55760822><>" became an admin (account "STEAM_0:1:55760822") (access "cdefjuz") (address "81.200.27.239")
L 04/26/2020 - 19:56:55: [admincmd.amxx] Cmd: "GUSINBERG<188><STEAM_0:1:55760822><>" changelevel "de_dust2_2x2"
L 04/26/2020 - 19:56:58: -------- Mapchange to de_dust2_2x2 --------
L 04/26/2020 - 19:56:58: [mapchooser4.amxx] Found 47 maps in maps folder
L 04/26/2020 - 19:56:59: [admin.amxx] Login: "GUSINBERG<188><STEAM_0:1:55760822><>" became an admin (account "STEAM_0:1:55760822") (access "cdefjuz") (address "81.200.27.239")
L 04/26/2020 - 19:57:06: [mapchooser4.amxx] xvars for mapchooser 4 setuped.
L 04/26/2020 - 20:06:23: [admincmd.amxx] Cmd: "GUSINBERG<188><STEAM_0:1:55760822><>" changelevel "de_dust2"
L 04/26/2020 - 20:06:26: -------- Mapchange to de_dust2 --------
L 04/26/2020 - 20:06:26: [mapchooser4.amxx] Found 47 maps in maps folder
L 04/26/2020 - 20:06:26: [admin.amxx] Login: "GUSINBERG<188><STEAM_0:1:55760822><>" became an admin (account "STEAM_0:1:55760822") (access "cdefjuz") (address "81.200.27.239")
L 04/26/2020 - 20:06:33: [mapchooser4.amxx] xvars for mapchooser 4 setuped.
L 04/26/2020 - 20:31:06: -------- Mapchange to de_inferno --------
L 04/26/2020 - 20:31:07: [mapchooser4.amxx] Found 47 maps in maps folder
L 04/26/2020 - 20:31:07: [admin.amxx] Login: "GUSINBERG<188><STEAM_0:1:55760822><>" became an admin (account "STEAM_0:1:55760822") (access "cdefjuz") (address "81.200.27.239")
L 04/26/2020 - 20:31:14: [mapchooser4.amxx] xvars for mapchooser 4 setuped.
L 04/26/2020 - 21:29:13: [mapchooser4.amxx] Vote: Voting for the nextmap started
L 04/26/2020 - 21:29:23: [mapchooser4.amxx] Vote: Voting for the nextmap finished. The nextmap will be fy_train
L 04/26/2020 - 21:31:30: -------- Mapchange to fy_train --------
L 04/26/2020 - 21:31:31: [mapchooser4.amxx] Found 47 maps in maps folder
L 04/26/2020 - 21:31:38: [mapchooser4.amxx] xvars for mapchooser 4 setuped.
L 04/26/2020 - 22:29:22: [mapchooser4.amxx] Vote: Voting for the nextmap started
L 04/26/2020 - 22:29:32: [mapchooser4.amxx] Vote: Voting for the nextmap finished. The nextmap will be de_aztec
L 04/26/2020 - 22:31:54: -------- Mapchange to de_aztec --------
L 04/26/2020 - 22:31:54: [mapchooser4.amxx] Found 47 maps in maps folder
L 04/26/2020 - 22:32:01: [mapchooser4.amxx] xvars for mapchooser 4 setuped.
L 04/26/2020 - 22:43:58: -------- Mapchange to cs_office --------
L 04/26/2020 - 22:43:59: [mapchooser4.amxx] Found 47 maps in maps folder
L 04/26/2020 - 22:44:06: [mapchooser4.amxx] xvars for mapchooser 4 setuped.
L 04/26/2020 - 22:45:56: -------- Mapchange to cs_havana --------
L 04/26/2020 - 22:45:57: [mapchooser4.amxx] Found 47 maps in maps folder
L 04/26/2020 - 22:46:04: [mapchooser4.amxx] xvars for mapchooser 4 setuped.
L 04/26/2020 - 23:04:03: [mapchooser4.amxx] Vote: Voting for the nextmap started
L 04/26/2020 - 23:04:10: [mapchooser4.amxx] Frap chose de_dust2_2x2
L 04/26/2020 - 23:04:13: [mapchooser4.amxx] Vote: Voting for the nextmap finished. The nextmap will be de_dust2_2x2
L 04/26/2020 - 23:04:24: -------- Mapchange to de_dust2_2x2 --------
L 04/26/2020 - 23:04:26: [mapchooser4.amxx] Found 51 maps in maps folder
L 04/26/2020 - 23:04:33: [mapchooser4.amxx] xvars for mapchooser 4 setuped.
L 04/26/2020 - 23:17:39: -------- Mapchange to de_piranesi --------
L 04/26/2020 - 23:17:39: [mapchooser4.amxx] Found 51 maps in maps folder
L 04/26/2020 - 23:17:46: [mapchooser4.amxx] xvars for mapchooser 4 setuped.
L 04/26/2020 - 23:17:58: -------- Mapchange to de_rats --------
L 04/26/2020 - 23:17:58: [mapchooser4.amxx] Found 51 maps in maps folder
L 04/26/2020 - 23:18:05: [mapchooser4.amxx] xvars for mapchooser 4 setuped.
L 04/26/2020 - 23:20:51: -------- Mapchange to de_mirage --------
L 04/26/2020 - 23:20:51: [mapchooser4.amxx] Found 51 maps in maps folder
L 04/26/2020 - 23:21:00: [mapchooser4.amxx] xvars for mapchooser 4 setuped.
L 04/26/2020 - 23:21:51: -------- Mapchange to cs_discounter --------
L 04/26/2020 - 23:21:51: [mapchooser4.amxx] Found 51 maps in maps folder
L 04/26/2020 - 23:21:58: [mapchooser4.amxx] xvars for mapchooser 4 setuped.
L 04/26/2020 - 23:59:06: -------- Mapchange to de_mirage --------
L 04/26/2020 - 23:59:06: [mapchooser4.amxx] Found 51 maps in maps folder
L 04/26/2020 - 23:59:14: [mapchooser4.amxx] xvars for mapchooser 4 setuped.
