L 06/18/2020 - 00:00:30: [killlog.amxx] [VALET]: [T]|STEAM_0:1:55760822 killed [T]|STEAM_0:1:12549369 with headshot using ak47!
L 06/18/2020 - 00:00:34: [killlog.amxx] [VALET]: [T]|STEAM_0:0:519481581 killed [T]|STEAM_0:1:484516970 using ak47!
L 06/18/2020 - 00:00:34: [killlog.amxx] [VALET]:  round end [T] score: 1 [CT] score: 6!
L 06/18/2020 - 00:00:39: [killlog.amxx] [VALET]: STEAM_0:1:484516970 joined [CT]!
L 06/18/2020 - 00:00:39: [killlog.amxx] [VALET]: STEAM_0:1:484581202 joined [CT]!
L 06/18/2020 - 00:00:39: [killlog.amxx] [VALET]: STEAM_0:0:388099385 joined [T]!
L 06/18/2020 - 00:00:39: [killlog.amxx] [VALET]: STEAM_0:0:947796992 joined [T]!
L 06/18/2020 - 00:00:39: [killlog.amxx] [VALET]: STEAM_0:1:12549369 joined [CT]!
L 06/18/2020 - 00:00:39: [killlog.amxx] [VALET]: STEAM_0:1:55760822 joined [T]!
L 06/18/2020 - 00:00:39: [killlog.amxx] [VALET]: STEAM_0:0:519481581 joined [T]!
L 06/18/2020 - 00:00:39: [killlog.amxx] [VALET]: STEAM_0:0:1671395488 joined [CT]!
L 06/18/2020 - 00:00:42: [killlog.amxx] [VALET]:  round start [T] score: 1 [CT] score: 6!
L 06/18/2020 - 00:00:52: [killlog.amxx] [VALET]: [CT]|STEAM_0:1:12549369 killed [CT]|STEAM_0:0:947796992 with headshot using awp!
L 06/18/2020 - 00:00:54: [killlog.amxx] [VALET]: [CT]|STEAM_0:1:12549369 killed [CT]|STEAM_0:1:55760822 using awp!
L 06/18/2020 - 00:01:01: [killlog.amxx] [VALET]: [CT]|STEAM_0:1:12549369 killed [CT]|STEAM_0:0:388099385 using awp!
L 06/18/2020 - 00:01:05: [killlog.amxx] [VALET]: [CT]|STEAM_0:1:484581202 killed [CT]|STEAM_0:0:519481581 using ak47!
L 06/18/2020 - 00:01:05: [killlog.amxx] [VALET]:  round end [T] score: 1 [CT] score: 7!
L 06/18/2020 - 00:01:10: [killlog.amxx] [VALET]: STEAM_0:1:484516970 joined [CT]!
L 06/18/2020 - 00:01:10: [killlog.amxx] [VALET]: STEAM_0:1:484581202 joined [CT]!
L 06/18/2020 - 00:01:10: [killlog.amxx] [VALET]: STEAM_0:0:388099385 joined [T]!
L 06/18/2020 - 00:01:10: [killlog.amxx] [VALET]: STEAM_0:0:947796992 joined [T]!
L 06/18/2020 - 00:01:10: [killlog.amxx] [VALET]: STEAM_0:1:12549369 joined [CT]!
L 06/18/2020 - 00:01:10: [killlog.amxx] [VALET]: STEAM_0:1:55760822 joined [T]!
L 06/18/2020 - 00:01:10: [killlog.amxx] [VALET]: STEAM_0:0:519481581 joined [T]!
L 06/18/2020 - 00:01:10: [killlog.amxx] [VALET]: STEAM_0:0:1671395488 joined [CT]!
L 06/18/2020 - 00:01:13: [killlog.amxx] [VALET]:  round start [T] score: 1 [CT] score: 7!
L 06/18/2020 - 00:01:15: [killlog.amxx] [VALET]: STEAM_0:0:947796992 disconnected!
L 06/18/2020 - 00:01:17: [killlog.amxx] [VALET]: STEAM_0:0:388099385 disconnected!
L 06/18/2020 - 00:01:26: [killlog.amxx] [VALET]: [CT]|STEAM_0:0:1671395488 killed [CT]|STEAM_0:1:55760822 with headshot using m4a1!
L 06/18/2020 - 00:01:32: [killlog.amxx] [VALET]: [T]|STEAM_0:0:519481581 killed [T]|STEAM_0:0:1671395488 using ak47!
L 06/18/2020 - 00:01:35: [killlog.amxx] [VALET]: [T]|STEAM_0:0:519481581 killed [T]|STEAM_0:1:484516970 using ak47!
L 06/18/2020 - 00:01:44: [killlog.amxx] [VALET]: [CT]|STEAM_0:1:484581202 killed [CT]|STEAM_0:0:519481581 using ak47!
L 06/18/2020 - 00:01:44: [killlog.amxx] [VALET]:  round end [T] score: 1 [CT] score: 8!
L 06/18/2020 - 00:01:48: [killlog.amxx] [VALET]: STEAM_0:0:1671395488 disconnected!
L 06/18/2020 - 00:01:49: [killlog.amxx] [VALET]: STEAM_0:1:484516970 joined [CT]!
L 06/18/2020 - 00:01:49: [killlog.amxx] [VALET]: STEAM_0:1:484581202 joined [CT]!
L 06/18/2020 - 00:01:49: [killlog.amxx] [VALET]: STEAM_0:1:12549369 joined [CT]!
L 06/18/2020 - 00:01:49: [killlog.amxx] [VALET]: STEAM_0:1:55760822 joined [T]!
L 06/18/2020 - 00:01:49: [killlog.amxx] [VALET]: STEAM_0:0:519481581 joined [T]!
L 06/18/2020 - 00:01:49: [killlog.amxx] [VALET]: STEAM_0:1:484516970 disconnected!
L 06/18/2020 - 00:01:52: [killlog.amxx] [VALET]:  round start [T] score: 1 [CT] score: 8!
L 06/18/2020 - 00:01:53: [killlog.amxx] [VALET]: STEAM_0:1:12549369 disconnected!
L 06/18/2020 - 00:01:53: [killlog.amxx] [VALET]: STEAM_0:0:519481581 disconnected!
L 06/18/2020 - 00:01:57: [killlog.amxx] [VALET]: STEAM_0:1:484581202 disconnected!
L 06/18/2020 - 00:02:14: [killlog.amxx] [VALET]: STEAM_0:1:55760822 disconnected!
L 06/18/2020 - 00:02:14: [killlog.amxx] [VALET]:  round end [T] score: 1 [CT] score: 8!
L 06/18/2020 - 00:02:22: [killlog.amxx] [VALET]:  round start [T] score: 1 [CT] score: 8!
L 06/18/2020 - 00:04:07: [killlog.amxx] [VALET]:  round end [T] score: 1 [CT] score: 8!
L 06/18/2020 - 00:04:15: [killlog.amxx] [VALET]:  round start [T] score: 1 [CT] score: 9!
L 06/18/2020 - 00:06:00: [killlog.amxx] [VALET]:  round end [T] score: 1 [CT] score: 9!
L 06/18/2020 - 00:06:08: [killlog.amxx] [VALET]:  round start [T] score: 1 [CT] score: 10!
L 06/18/2020 - 00:07:53: [killlog.amxx] [VALET]:  round end [T] score: 1 [CT] score: 10!
L 06/18/2020 - 00:08:01: [killlog.amxx] [VALET]:  round start [T] score: 1 [CT] score: 11!
L 06/18/2020 - 00:09:46: [killlog.amxx] [VALET]:  round end [T] score: 1 [CT] score: 11!
L 06/18/2020 - 00:09:54: [killlog.amxx] [VALET]:  round start [T] score: 1 [CT] score: 12!
L 06/18/2020 - 00:11:39: [killlog.amxx] [VALET]:  round end [T] score: 1 [CT] score: 12!
L 06/18/2020 - 00:11:47: [killlog.amxx] [VALET]:  round start [T] score: 1 [CT] score: 13!
L 06/18/2020 - 00:13:32: [killlog.amxx] [VALET]:  round end [T] score: 1 [CT] score: 13!
L 06/18/2020 - 00:13:40: [killlog.amxx] [VALET]:  round start [T] score: 1 [CT] score: 14!
L 06/18/2020 - 00:15:25: [killlog.amxx] [VALET]:  round end [T] score: 1 [CT] score: 14!
L 06/18/2020 - 00:15:33: [killlog.amxx] [VALET]:  round start [T] score: 1 [CT] score: 15!
L 06/18/2020 - 00:17:18: [killlog.amxx] [VALET]:  round end [T] score: 1 [CT] score: 15!
L 06/18/2020 - 00:17:26: [killlog.amxx] [VALET]:  round start [T] score: 1 [CT] score: 16!
L 06/18/2020 - 00:19:11: [killlog.amxx] [VALET]:  round end [T] score: 1 [CT] score: 16!
L 06/18/2020 - 00:19:19: [killlog.amxx] [VALET]:  round start [T] score: 1 [CT] score: 17!
L 06/18/2020 - 00:21:04: [killlog.amxx] [VALET]:  round end [T] score: 1 [CT] score: 17!
L 06/18/2020 - 00:21:12: [killlog.amxx] [VALET]:  round start [T] score: 1 [CT] score: 18!
L 06/18/2020 - 00:22:57: [killlog.amxx] [VALET]:  round end [T] score: 1 [CT] score: 18!
L 06/18/2020 - 00:23:05: [killlog.amxx] [VALET]:  round start [T] score: 1 [CT] score: 19!
L 06/18/2020 - 00:24:50: [killlog.amxx] [VALET]:  round end [T] score: 1 [CT] score: 19!
L 06/18/2020 - 00:24:58: [killlog.amxx] [VALET]:  round start [T] score: 1 [CT] score: 20!
L 06/18/2020 - 00:25:19: [mapchooser4.amxx] Vote: Voting for the nextmap started
L 06/18/2020 - 00:25:29: [mapchooser4.amxx] Vote: Voting for the nextmap finished. The nextmap will be fy_pool_day
L 06/18/2020 - 00:26:43: [killlog.amxx] [VALET]:  round end [T] score: 1 [CT] score: 20!
L 06/18/2020 - 00:26:58: -------- Mapchange to fy_pool_day --------
L 06/18/2020 - 00:26:58: [mapchooser4.amxx] Found 51 maps in maps folder
L 06/18/2020 - 00:27:02: [killlog.amxx] [VALET]:  round start [T] score: 0 [CT] score: 0!
L 06/18/2020 - 00:27:05: [mapchooser4.amxx] xvars for mapchooser 4 setuped.
L 06/18/2020 - 00:28:47: [killlog.amxx] [VALET]:  round end [T] score: 0 [CT] score: 0!
L 06/18/2020 - 00:28:55: [killlog.amxx] [VALET]:  round start [T] score: 0 [CT] score: 1!
L 06/18/2020 - 00:30:40: [killlog.amxx] [VALET]:  round end [T] score: 0 [CT] score: 1!
L 06/18/2020 - 00:30:48: [killlog.amxx] [VALET]:  round start [T] score: 0 [CT] score: 2!
L 06/18/2020 - 00:32:33: [killlog.amxx] [VALET]:  round end [T] score: 0 [CT] score: 2!
L 06/18/2020 - 00:32:41: [killlog.amxx] [VALET]:  round start [T] score: 0 [CT] score: 3!
L 06/18/2020 - 00:34:26: [killlog.amxx] [VALET]:  round end [T] score: 0 [CT] score: 3!
L 06/18/2020 - 00:34:34: [killlog.amxx] [VALET]:  round start [T] score: 0 [CT] score: 4!
L 06/18/2020 - 00:36:19: [killlog.amxx] [VALET]:  round end [T] score: 0 [CT] score: 4!
L 06/18/2020 - 00:36:27: [killlog.amxx] [VALET]:  round start [T] score: 0 [CT] score: 5!
L 06/18/2020 - 00:38:12: [killlog.amxx] [VALET]:  round end [T] score: 0 [CT] score: 5!
L 06/18/2020 - 00:38:20: [killlog.amxx] [VALET]:  round start [T] score: 0 [CT] score: 6!
L 06/18/2020 - 00:40:05: [killlog.amxx] [VALET]:  round end [T] score: 0 [CT] score: 6!
L 06/18/2020 - 00:40:13: [killlog.amxx] [VALET]:  round start [T] score: 0 [CT] score: 7!
L 06/18/2020 - 00:41:58: [killlog.amxx] [VALET]:  round end [T] score: 0 [CT] score: 7!
L 06/18/2020 - 00:42:06: [killlog.amxx] [VALET]:  round start [T] score: 0 [CT] score: 8!
L 06/18/2020 - 00:43:51: [killlog.amxx] [VALET]:  round end [T] score: 0 [CT] score: 8!
L 06/18/2020 - 00:43:59: [killlog.amxx] [VALET]:  round start [T] score: 0 [CT] score: 9!
L 06/18/2020 - 00:45:44: [killlog.amxx] [VALET]:  round end [T] score: 0 [CT] score: 9!
L 06/18/2020 - 00:45:52: [killlog.amxx] [VALET]:  round start [T] score: 0 [CT] score: 10!
L 06/18/2020 - 00:47:37: [killlog.amxx] [VALET]:  round end [T] score: 0 [CT] score: 10!
L 06/18/2020 - 00:47:45: [killlog.amxx] [VALET]:  round start [T] score: 0 [CT] score: 11!
L 06/18/2020 - 00:49:30: [killlog.amxx] [VALET]:  round end [T] score: 0 [CT] score: 11!
L 06/18/2020 - 00:49:38: [killlog.amxx] [VALET]:  round start [T] score: 0 [CT] score: 12!
L 06/18/2020 - 00:51:23: [killlog.amxx] [VALET]:  round end [T] score: 0 [CT] score: 12!
L 06/18/2020 - 00:51:31: [killlog.amxx] [VALET]:  round start [T] score: 0 [CT] score: 13!
L 06/18/2020 - 00:53:16: [killlog.amxx] [VALET]:  round end [T] score: 0 [CT] score: 13!
L 06/18/2020 - 00:53:24: [killlog.amxx] [VALET]:  round start [T] score: 0 [CT] score: 14!
L 06/18/2020 - 00:55:09: [killlog.amxx] [VALET]:  round end [T] score: 0 [CT] score: 14!
L 06/18/2020 - 00:55:17: [killlog.amxx] [VALET]:  round start [T] score: 0 [CT] score: 15!
L 06/18/2020 - 00:57:02: [killlog.amxx] [VALET]:  round end [T] score: 0 [CT] score: 15!
L 06/18/2020 - 00:57:10: [killlog.amxx] [VALET]:  round start [T] score: 0 [CT] score: 16!
L 06/18/2020 - 00:58:55: [killlog.amxx] [VALET]:  round end [T] score: 0 [CT] score: 16!
L 06/18/2020 - 00:59:03: [killlog.amxx] [VALET]:  round start [T] score: 0 [CT] score: 17!
L 06/18/2020 - 01:00:48: [killlog.amxx] [VALET]:  round end [T] score: 0 [CT] score: 17!
L 06/18/2020 - 01:00:56: [killlog.amxx] [VALET]:  round start [T] score: 0 [CT] score: 18!
L 06/18/2020 - 01:02:41: [killlog.amxx] [VALET]:  round end [T] score: 0 [CT] score: 18!
L 06/18/2020 - 01:02:49: [killlog.amxx] [VALET]:  round start [T] score: 0 [CT] score: 19!
L 06/18/2020 - 01:04:34: [killlog.amxx] [VALET]:  round end [T] score: 0 [CT] score: 19!
L 06/18/2020 - 01:04:42: [killlog.amxx] [VALET]:  round start [T] score: 0 [CT] score: 20!
L 06/18/2020 - 01:06:27: [killlog.amxx] [VALET]:  round end [T] score: 0 [CT] score: 20!
L 06/18/2020 - 01:06:35: [killlog.amxx] [VALET]:  round start [T] score: 0 [CT] score: 21!
L 06/18/2020 - 01:06:49: [mapchooser4.amxx] Vote: Voting for the nextmap started
L 06/18/2020 - 01:06:59: [mapchooser4.amxx] Vote: Voting for the nextmap finished. The nextmap will be fy_train
L 06/18/2020 - 01:08:20: [killlog.amxx] [VALET]:  round end [T] score: 0 [CT] score: 21!
L 06/18/2020 - 01:08:28: [killlog.amxx] [VALET]:  round start [T] score: 0 [CT] score: 22!
L 06/18/2020 - 01:10:13: [killlog.amxx] [VALET]:  round end [T] score: 0 [CT] score: 22!
L 06/18/2020 - 01:10:29: -------- Mapchange to fy_train --------
L 06/18/2020 - 01:10:29: [mapchooser4.amxx] Found 51 maps in maps folder
L 06/18/2020 - 01:10:33: [killlog.amxx] [VALET]:  round start [T] score: 0 [CT] score: 0!
L 06/18/2020 - 01:10:36: [mapchooser4.amxx] xvars for mapchooser 4 setuped.
L 06/18/2020 - 21:42:59: [killlog.amxx] [VALET]: STEAM_0:1:433215089 joined [T]!
L 06/18/2020 - 21:42:59: [killlog.amxx] [VALET]: STEAM_0:1:433215089 joined [T]!
L 06/18/2020 - 21:43:45: [killlog.amxx] [VALET]: STEAM_0:0:947796992 joined [CT]!
L 06/18/2020 - 21:43:45: [killlog.amxx] [VALET]:  round end [T] score: 0 [CT] score: 0!
L 06/18/2020 - 21:43:45: [killlog.amxx] [VALET]: STEAM_0:0:947796992 joined [CT]!
L 06/18/2020 - 21:43:48: [killlog.amxx] [VALET]: STEAM_0:1:433215089 joined [T]!
L 06/18/2020 - 21:43:48: [killlog.amxx] [VALET]: STEAM_0:0:947796992 joined [CT]!
L 06/18/2020 - 21:43:51: [killlog.amxx] [VALET]:  round start [T] score: 0 [CT] score: 0!
L 06/18/2020 - 21:44:30: [killlog.amxx] [VALET]: [CT]|STEAM_0:0:947796992 killed [CT]|STEAM_0:1:433215089 using aug!
L 06/18/2020 - 21:44:30: [killlog.amxx] [VALET]:  round end [T] score: 0 [CT] score: 1!
L 06/18/2020 - 21:44:35: [killlog.amxx] [VALET]: STEAM_0:1:433215089 joined [T]!
L 06/18/2020 - 21:44:35: [killlog.amxx] [VALET]: STEAM_0:0:947796992 joined [CT]!
L 06/18/2020 - 21:44:38: [killlog.amxx] [VALET]:  round start [T] score: 0 [CT] score: 1!
L 06/18/2020 - 21:45:04: [killlog.amxx] [VALET]: [CT]|STEAM_0:0:947796992 killed [CT]|STEAM_0:1:433215089 using aug!
L 06/18/2020 - 21:45:04: [killlog.amxx] [VALET]:  round end [T] score: 0 [CT] score: 2!
L 06/18/2020 - 21:45:09: [killlog.amxx] [VALET]: STEAM_0:1:433215089 joined [T]!
L 06/18/2020 - 21:45:09: [killlog.amxx] [VALET]: STEAM_0:0:947796992 joined [CT]!
L 06/18/2020 - 21:45:12: [killlog.amxx] [VALET]:  round start [T] score: 0 [CT] score: 2!
L 06/18/2020 - 21:45:26: [killlog.amxx] [VALET]: [CT]|STEAM_0:0:947796992 killed [CT]|STEAM_0:1:433215089 using aug!
L 06/18/2020 - 21:45:26: [killlog.amxx] [VALET]:  round end [T] score: 0 [CT] score: 3!
L 06/18/2020 - 21:45:31: [killlog.amxx] [VALET]: STEAM_0:1:433215089 joined [T]!
L 06/18/2020 - 21:45:31: [killlog.amxx] [VALET]: STEAM_0:0:947796992 joined [CT]!
L 06/18/2020 - 21:45:34: [killlog.amxx] [VALET]:  round start [T] score: 0 [CT] score: 3!
L 06/18/2020 - 21:46:07: [killlog.amxx] [VALET]: [CT]|STEAM_0:0:947796992 killed [CT]|STEAM_0:1:433215089 using aug!
L 06/18/2020 - 21:46:07: [killlog.amxx] [VALET]:  round end [T] score: 0 [CT] score: 4!
L 06/18/2020 - 21:46:12: [killlog.amxx] [VALET]: STEAM_0:1:433215089 joined [T]!
L 06/18/2020 - 21:46:12: [killlog.amxx] [VALET]: STEAM_0:0:947796992 joined [CT]!
L 06/18/2020 - 21:46:15: [killlog.amxx] [VALET]:  round start [T] score: 0 [CT] score: 4!
L 06/18/2020 - 21:46:24: [killlog.amxx] [VALET]: [CT]|STEAM_0:0:947796992 killed [CT]|STEAM_0:1:433215089 using aug!
L 06/18/2020 - 21:46:24: [killlog.amxx] [VALET]:  round end [T] score: 0 [CT] score: 5!
L 06/18/2020 - 21:46:29: [killlog.amxx] [VALET]: STEAM_0:1:433215089 joined [T]!
L 06/18/2020 - 21:46:29: [killlog.amxx] [VALET]: STEAM_0:0:947796992 joined [CT]!
L 06/18/2020 - 21:46:32: [killlog.amxx] [VALET]:  round start [T] score: 0 [CT] score: 5!
L 06/18/2020 - 21:46:42: [killlog.amxx] [VALET]: [CT]|STEAM_0:0:947796992 killed [CT]|STEAM_0:1:433215089 with headshot using aug!
L 06/18/2020 - 21:46:42: [killlog.amxx] [VALET]:  round end [T] score: 0 [CT] score: 6!
L 06/18/2020 - 21:46:47: [killlog.amxx] [VALET]: STEAM_0:1:433215089 joined [T]!
L 06/18/2020 - 21:46:47: [killlog.amxx] [VALET]: STEAM_0:0:947796992 joined [CT]!
L 06/18/2020 - 21:46:50: [killlog.amxx] [VALET]:  round start [T] score: 0 [CT] score: 6!
L 06/18/2020 - 21:46:57: [killlog.amxx] [VALET]: [CT]|STEAM_0:0:947796992 killed [CT]|STEAM_0:1:433215089 using aug!
L 06/18/2020 - 21:46:57: [killlog.amxx] [VALET]:  round end [T] score: 0 [CT] score: 7!
L 06/18/2020 - 21:47:02: [killlog.amxx] [VALET]: STEAM_0:1:433215089 joined [T]!
L 06/18/2020 - 21:47:02: [killlog.amxx] [VALET]: STEAM_0:0:947796992 joined [CT]!
L 06/18/2020 - 21:47:05: [killlog.amxx] [VALET]:  round start [T] score: 0 [CT] score: 7!
L 06/18/2020 - 21:47:29: [killlog.amxx] [VALET]: [CT]|STEAM_0:0:947796992 killed [CT]|STEAM_0:1:433215089 using aug!
L 06/18/2020 - 21:47:29: [killlog.amxx] [VALET]:  round end [T] score: 0 [CT] score: 8!
L 06/18/2020 - 21:47:34: [killlog.amxx] [VALET]: STEAM_0:1:433215089 joined [T]!
L 06/18/2020 - 21:47:34: [killlog.amxx] [VALET]: STEAM_0:0:947796992 joined [CT]!
L 06/18/2020 - 21:47:37: [killlog.amxx] [VALET]:  round start [T] score: 0 [CT] score: 8!
L 06/18/2020 - 21:47:57: [killlog.amxx] [VALET]: [CT]|STEAM_0:0:947796992 killed [CT]|STEAM_0:1:433215089 using aug!
L 06/18/2020 - 21:47:57: [killlog.amxx] [VALET]:  round end [T] score: 0 [CT] score: 9!
L 06/18/2020 - 21:48:02: [killlog.amxx] [VALET]: STEAM_0:1:433215089 joined [T]!
L 06/18/2020 - 21:48:02: [killlog.amxx] [VALET]: STEAM_0:0:947796992 joined [CT]!
L 06/18/2020 - 21:48:05: [killlog.amxx] [VALET]:  round start [T] score: 0 [CT] score: 9!
L 06/18/2020 - 21:48:15: [killlog.amxx] [VALET]: [T]|STEAM_0:1:433215089 killed [T]|STEAM_0:0:947796992 using ak47!
L 06/18/2020 - 21:48:15: [killlog.amxx] [VALET]:  round end [T] score: 1 [CT] score: 9!
L 06/18/2020 - 21:48:20: [killlog.amxx] [VALET]: STEAM_0:1:433215089 joined [T]!
L 06/18/2020 - 21:48:20: [killlog.amxx] [VALET]: STEAM_0:0:947796992 joined [CT]!
L 06/18/2020 - 21:48:23: [killlog.amxx] [VALET]:  round start [T] score: 1 [CT] score: 9!
L 06/18/2020 - 21:48:47: [killlog.amxx] [VALET]: [CT]|STEAM_0:0:947796992 killed [CT]|STEAM_0:1:433215089 using aug!
L 06/18/2020 - 21:48:47: [killlog.amxx] [VALET]:  round end [T] score: 1 [CT] score: 10!
L 06/18/2020 - 21:48:52: [killlog.amxx] [VALET]: STEAM_0:1:433215089 joined [T]!
L 06/18/2020 - 21:48:52: [killlog.amxx] [VALET]: STEAM_0:0:947796992 joined [CT]!
L 06/18/2020 - 21:48:55: [killlog.amxx] [VALET]:  round start [T] score: 1 [CT] score: 10!
L 06/18/2020 - 21:49:01: [killlog.amxx] [VALET]: [CT]|STEAM_0:0:947796992 killed [CT]|STEAM_0:1:433215089 using aug!
L 06/18/2020 - 21:49:01: [killlog.amxx] [VALET]:  round end [T] score: 1 [CT] score: 11!
L 06/18/2020 - 21:49:06: [killlog.amxx] [VALET]: STEAM_0:1:433215089 joined [T]!
L 06/18/2020 - 21:49:06: [killlog.amxx] [VALET]: STEAM_0:0:947796992 joined [CT]!
L 06/18/2020 - 21:49:09: [killlog.amxx] [VALET]:  round start [T] score: 1 [CT] score: 11!
L 06/18/2020 - 21:49:19: [killlog.amxx] [VALET]: [T]|STEAM_0:1:433215089 killed [T]|STEAM_0:0:947796992 with headshot using ak47!
L 06/18/2020 - 21:49:19: [killlog.amxx] [VALET]:  round end [T] score: 2 [CT] score: 11!
L 06/18/2020 - 21:49:24: [killlog.amxx] [VALET]: STEAM_0:1:433215089 joined [T]!
L 06/18/2020 - 21:49:24: [killlog.amxx] [VALET]: STEAM_0:0:947796992 joined [CT]!
L 06/18/2020 - 21:49:27: [killlog.amxx] [VALET]:  round start [T] score: 2 [CT] score: 11!
L 06/18/2020 - 21:49:28: [killlog.amxx] [VALET]: STEAM_0:1:433215089 joined [CT]!
L 06/18/2020 - 21:49:28: [killlog.amxx] [VALET]: STEAM_0:0:947796992 joined [T]!
L 06/18/2020 - 21:49:31: [killlog.amxx] [VALET]:  round start [T] score: 0 [CT] score: 0!
L 06/18/2020 - 21:49:37: [killlog.amxx] [VALET]: [CT]|STEAM_0:1:433215089 killed [CT]|STEAM_0:0:947796992 using ak47!
L 06/18/2020 - 21:49:37: [killlog.amxx] [VALET]:  round end [T] score: 0 [CT] score: 1!
L 06/18/2020 - 21:49:42: [killlog.amxx] [VALET]: STEAM_0:1:433215089 joined [CT]!
L 06/18/2020 - 21:49:42: [killlog.amxx] [VALET]: STEAM_0:0:947796992 joined [T]!
L 06/18/2020 - 21:49:43: [killlog.amxx] [VALET]: STEAM_0:1:484581202 joined [CT]!
L 06/18/2020 - 21:49:43: [killlog.amxx] [VALET]: STEAM_0:1:484581202 joined [CT]!
L 06/18/2020 - 21:49:45: [killlog.amxx] [VALET]:  round start [T] score: 0 [CT] score: 1!
L 06/18/2020 - 21:49:54: [killlog.amxx] [VALET]: [CT]|STEAM_0:1:433215089 killed [CT]|STEAM_0:0:947796992 using m4a1!
L 06/18/2020 - 21:49:54: [killlog.amxx] [VALET]:  round end [T] score: 0 [CT] score: 2!
L 06/18/2020 - 21:49:59: [killlog.amxx] [VALET]: STEAM_0:1:433215089 joined [CT]!
L 06/18/2020 - 21:49:59: [killlog.amxx] [VALET]: STEAM_0:1:484581202 joined [CT]!
L 06/18/2020 - 21:49:59: [killlog.amxx] [VALET]: STEAM_0:0:947796992 joined [T]!
L 06/18/2020 - 21:50:02: [killlog.amxx] [VALET]:  round start [T] score: 0 [CT] score: 2!
L 06/18/2020 - 21:50:08: [killlog.amxx] [VALET]: [T]|STEAM_0:0:947796992 killed [T]|STEAM_0:1:433215089 using aug!
L 06/18/2020 - 21:50:11: [killlog.amxx] [VALET]: [T]|STEAM_0:0:947796992 killed [T]|STEAM_0:1:484581202 using aug!
L 06/18/2020 - 21:50:11: [killlog.amxx] [VALET]:  round end [T] score: 1 [CT] score: 2!
L 06/18/2020 - 21:50:16: [killlog.amxx] [VALET]: STEAM_0:1:433215089 joined [CT]!
L 06/18/2020 - 21:50:16: [killlog.amxx] [VALET]: STEAM_0:1:484581202 joined [CT]!
L 06/18/2020 - 21:50:16: [killlog.amxx] [VALET]: STEAM_0:0:947796992 joined [T]!
L 06/18/2020 - 21:50:19: [killlog.amxx] [VALET]:  round start [T] score: 1 [CT] score: 2!
L 06/18/2020 - 21:50:30: [killlog.amxx] [VALET]: [T]|STEAM_0:0:947796992 killed [T]|STEAM_0:1:484581202 using aug!
L 06/18/2020 - 21:51:04: [killlog.amxx] [VALET]: [T]|STEAM_0:0:947796992 killed [T]|STEAM_0:1:433215089 with headshot using aug!
L 06/18/2020 - 21:51:04: [killlog.amxx] [VALET]:  round end [T] score: 2 [CT] score: 2!
L 06/18/2020 - 21:51:09: [killlog.amxx] [VALET]: STEAM_0:1:433215089 joined [CT]!
L 06/18/2020 - 21:51:09: [killlog.amxx] [VALET]: STEAM_0:1:484581202 joined [CT]!
L 06/18/2020 - 21:51:09: [killlog.amxx] [VALET]: STEAM_0:0:947796992 joined [T]!
L 06/18/2020 - 21:51:12: [killlog.amxx] [VALET]:  round start [T] score: 2 [CT] score: 2!
L 06/18/2020 - 21:51:15: [killlog.amxx] [VALET]: [T]|STEAM_0:0:947796992 killed [T]|STEAM_0:1:433215089 with headshot using aug!
L 06/18/2020 - 21:51:18: [killlog.amxx] [VALET]: [T]|STEAM_0:0:947796992 killed [T]|STEAM_0:1:484581202 using aug!
L 06/18/2020 - 21:51:18: [killlog.amxx] [VALET]:  round end [T] score: 3 [CT] score: 2!
L 06/18/2020 - 21:51:23: [killlog.amxx] [VALET]: STEAM_0:1:433215089 joined [CT]!
L 06/18/2020 - 21:51:23: [killlog.amxx] [VALET]: STEAM_0:1:484581202 joined [CT]!
L 06/18/2020 - 21:51:23: [killlog.amxx] [VALET]: STEAM_0:0:947796992 joined [T]!
L 06/18/2020 - 21:51:26: [killlog.amxx] [VALET]:  round start [T] score: 3 [CT] score: 2!
L 06/18/2020 - 21:51:33: [killlog.amxx] [VALET]: [CT]|STEAM_0:1:433215089 killed [CT]|STEAM_0:0:947796992 using ak47!
L 06/18/2020 - 21:51:33: [killlog.amxx] [VALET]:  round end [T] score: 3 [CT] score: 3!
L 06/18/2020 - 21:51:38: [killlog.amxx] [VALET]: STEAM_0:1:433215089 joined [CT]!
L 06/18/2020 - 21:51:38: [killlog.amxx] [VALET]: STEAM_0:1:484581202 joined [CT]!
L 06/18/2020 - 21:51:38: [killlog.amxx] [VALET]: STEAM_0:0:947796992 joined [T]!
L 06/18/2020 - 21:51:41: [killlog.amxx] [VALET]:  round start [T] score: 3 [CT] score: 3!
L 06/18/2020 - 21:51:47: [killlog.amxx] [VALET]: [CT]|STEAM_0:1:433215089 killed [CT]|STEAM_0:0:947796992 using ak47!
L 06/18/2020 - 21:51:47: [killlog.amxx] [VALET]:  round end [T] score: 3 [CT] score: 4!
L 06/18/2020 - 21:51:52: [killlog.amxx] [VALET]: STEAM_0:1:433215089 joined [CT]!
L 06/18/2020 - 21:51:52: [killlog.amxx] [VALET]: STEAM_0:1:484581202 joined [CT]!
L 06/18/2020 - 21:51:52: [killlog.amxx] [VALET]: STEAM_0:0:947796992 joined [T]!
L 06/18/2020 - 21:51:55: [killlog.amxx] [VALET]:  round start [T] score: 3 [CT] score: 4!
L 06/18/2020 - 21:52:06: [killlog.amxx] [VALET]: [T]|STEAM_0:0:947796992 killed [T]|STEAM_0:1:484581202 with headshot using aug!
L 06/18/2020 - 21:52:06: [killlog.amxx] [VALET]: STEAM_0:0:104561756 joined [T]!
L 06/18/2020 - 21:52:07: [killlog.amxx] [VALET]: STEAM_0:0:104561756 joined [T]!
L 06/18/2020 - 21:52:16: [killlog.amxx] [VALET]: [CT]|STEAM_0:1:433215089 killed [CT]|STEAM_0:0:947796992 using ak47!
L 06/18/2020 - 21:52:17: [killlog.amxx] [VALET]: [T]|STEAM_0:0:104561756 killed [T]|STEAM_0:1:433215089 using ak47!
L 06/18/2020 - 21:52:17: [killlog.amxx] [VALET]:  round end [T] score: 4 [CT] score: 4!
L 06/18/2020 - 21:52:22: [killlog.amxx] [VALET]: STEAM_0:1:433215089 joined [CT]!
L 06/18/2020 - 21:52:22: [killlog.amxx] [VALET]: STEAM_0:0:104561756 joined [T]!
L 06/18/2020 - 21:52:22: [killlog.amxx] [VALET]: STEAM_0:1:484581202 joined [CT]!
L 06/18/2020 - 21:52:22: [killlog.amxx] [VALET]: STEAM_0:0:947796992 joined [T]!
L 06/18/2020 - 21:52:25: [killlog.amxx] [VALET]:  round start [T] score: 4 [CT] score: 4!
L 06/18/2020 - 21:52:51: [killlog.amxx] [VALET]: [CT]|STEAM_0:1:433215089 killed [CT]|STEAM_0:0:104561756 using m4a1!
L 06/18/2020 - 21:53:02: [killlog.amxx] [VALET]: [T]|STEAM_0:0:947796992 killed [T]|STEAM_0:1:433215089 with headshot using aug!
L 06/18/2020 - 21:53:06: [killlog.amxx] [VALET]: [T]|STEAM_0:0:947796992 killed [T]|STEAM_0:1:484581202 using aug!
L 06/18/2020 - 21:53:06: [killlog.amxx] [VALET]:  round end [T] score: 5 [CT] score: 4!
L 06/18/2020 - 21:53:11: [killlog.amxx] [VALET]: STEAM_0:1:433215089 joined [CT]!
L 06/18/2020 - 21:53:11: [killlog.amxx] [VALET]: STEAM_0:0:104561756 joined [T]!
L 06/18/2020 - 21:53:11: [killlog.amxx] [VALET]: STEAM_0:1:484581202 joined [CT]!
L 06/18/2020 - 21:53:11: [killlog.amxx] [VALET]: STEAM_0:0:947796992 joined [T]!
L 06/18/2020 - 21:53:14: [killlog.amxx] [VALET]:  round start [T] score: 5 [CT] score: 4!
L 06/18/2020 - 21:53:39: [killlog.amxx] [VALET]: [T]|STEAM_0:0:947796992 killed [T]|STEAM_0:1:484581202 using aug!
L 06/18/2020 - 21:53:42: [killlog.amxx] [VALET]: [T]|STEAM_0:0:947796992 killed [T]|STEAM_0:1:433215089 using aug!
L 06/18/2020 - 21:53:42: [killlog.amxx] [VALET]:  round end [T] score: 6 [CT] score: 4!
L 06/18/2020 - 21:53:47: [killlog.amxx] [VALET]: STEAM_0:1:433215089 joined [CT]!
L 06/18/2020 - 21:53:47: [killlog.amxx] [VALET]: STEAM_0:0:104561756 joined [T]!
L 06/18/2020 - 21:53:47: [killlog.amxx] [VALET]: STEAM_0:1:484581202 joined [CT]!
L 06/18/2020 - 21:53:47: [killlog.amxx] [VALET]: STEAM_0:0:947796992 joined [T]!
L 06/18/2020 - 21:53:50: [killlog.amxx] [VALET]:  round start [T] score: 6 [CT] score: 4!
L 06/18/2020 - 21:54:01: [killlog.amxx] [VALET]: [T]|STEAM_0:0:947796992 killed [T]|STEAM_0:1:484581202 using aug!
L 06/18/2020 - 21:54:22: [killlog.amxx] [VALET]: [T]|STEAM_0:0:947796992 killed [T]|STEAM_0:1:433215089 using aug!
L 06/18/2020 - 21:54:22: [killlog.amxx] [VALET]:  round end [T] score: 7 [CT] score: 4!
L 06/18/2020 - 21:54:27: [killlog.amxx] [VALET]: STEAM_0:1:433215089 joined [CT]!
L 06/18/2020 - 21:54:27: [killlog.amxx] [VALET]: STEAM_0:0:104561756 joined [T]!
L 06/18/2020 - 21:54:27: [killlog.amxx] [VALET]: STEAM_0:1:484581202 joined [CT]!
L 06/18/2020 - 21:54:27: [killlog.amxx] [VALET]: STEAM_0:0:947796992 joined [T]!
L 06/18/2020 - 21:54:30: [killlog.amxx] [VALET]:  round start [T] score: 7 [CT] score: 4!
L 06/18/2020 - 21:54:38: [killlog.amxx] [VALET]: [CT]|STEAM_0:1:433215089 killed [CT]|STEAM_0:0:104561756 using ak47!
L 06/18/2020 - 21:54:48: [killlog.amxx] [VALET]: [T]|STEAM_0:0:947796992 killed [T]|STEAM_0:1:433215089 using aug!
L 06/18/2020 - 21:54:59: [killlog.amxx] [VALET]: [T]|STEAM_0:0:947796992 killed [T]|STEAM_0:1:484581202 using aug!
L 06/18/2020 - 21:54:59: [killlog.amxx] [VALET]:  round end [T] score: 8 [CT] score: 4!
L 06/18/2020 - 21:55:01: [killlog.amxx] [VALET]: STEAM_0:1:433215089 disconnected!
L 06/18/2020 - 21:55:01: [killlog.amxx] [VALET]: STEAM_0:0:104561756 disconnected!
L 06/18/2020 - 21:55:01: [killlog.amxx] [VALET]: STEAM_0:1:484581202 disconnected!
L 06/18/2020 - 21:55:01: [killlog.amxx] [VALET]: STEAM_0:0:947796992 disconnected!
L 06/18/2020 - 21:55:01: -------- Mapchange to de_dust2_2x2 --------
L 06/18/2020 - 21:55:01: [mapchooser4.amxx] Found 51 maps in maps folder
L 06/18/2020 - 21:55:05: [killlog.amxx] [VALET]: STEAM_0:0:104561756 joined [CT]!
L 06/18/2020 - 21:55:05: [killlog.amxx] [VALET]: STEAM_0:0:104561756 joined [CT]!
L 06/18/2020 - 21:55:06: [killlog.amxx] [VALET]:  round start [T] score: 0 [CT] score: 0!
L 06/18/2020 - 21:55:06: [killlog.amxx] [VALET]: STEAM_0:1:484581202 joined [T]!
L 06/18/2020 - 21:55:06: [killlog.amxx] [VALET]: STEAM_0:1:484581202 joined [T]!
L 06/18/2020 - 21:55:06: [killlog.amxx] [VALET]:  round end [T] score: 0 [CT] score: 0!
L 06/18/2020 - 21:55:09: [killlog.amxx] [VALET]: STEAM_0:0:947796992 joined [T]!
L 06/18/2020 - 21:55:09: [mapchooser4.amxx] xvars for mapchooser 4 setuped.
L 06/18/2020 - 21:55:09: [killlog.amxx] [VALET]: STEAM_0:0:104561756 joined [CT]!
L 06/18/2020 - 21:55:09: [killlog.amxx] [VALET]: STEAM_0:1:484581202 joined [T]!
L 06/18/2020 - 21:55:10: [killlog.amxx] [VALET]: STEAM_0:0:947796992 joined [T]!
L 06/18/2020 - 21:55:11: [killlog.amxx] [VALET]: STEAM_0:1:433215089 joined [CT]!
L 06/18/2020 - 21:55:11: [killlog.amxx] [VALET]: STEAM_0:1:433215089 joined [CT]!
L 06/18/2020 - 21:55:12: [killlog.amxx] [VALET]:  round start [T] score: 0 [CT] score: 0!
L 06/18/2020 - 21:55:44: [killlog.amxx] [VALET]: [T]|STEAM_0:1:484581202 killed [T]|STEAM_0:1:433215089 using glock18!
L 06/18/2020 - 21:55:53: [killlog.amxx] [VALET]: [T]|STEAM_0:1:484581202 killed [T]|STEAM_0:0:104561756 using glock18!
L 06/18/2020 - 21:55:53: [killlog.amxx] [VALET]:  round end [T] score: 1 [CT] score: 0!
L 06/18/2020 - 21:55:58: [killlog.amxx] [VALET]: STEAM_0:1:433215089 joined [CT]!
L 06/18/2020 - 21:55:58: [killlog.amxx] [VALET]: STEAM_0:0:104561756 joined [CT]!
L 06/18/2020 - 21:55:58: [killlog.amxx] [VALET]: STEAM_0:1:484581202 joined [T]!
L 06/18/2020 - 21:55:58: [killlog.amxx] [VALET]: STEAM_0:0:947796992 joined [T]!
L 06/18/2020 - 21:56:01: [killlog.amxx] [VALET]:  round start [T] score: 1 [CT] score: 0!
L 06/18/2020 - 21:56:13: [killlog.amxx] [VALET]: [CT]|STEAM_0:0:104561756 killed [CT]|STEAM_0:0:947796992 with headshot using usp!
L 06/18/2020 - 21:56:20: [killlog.amxx] [VALET]: [CT]|STEAM_0:0:104561756 killed [CT]|STEAM_0:1:484581202 using usp!
L 06/18/2020 - 21:56:20: [killlog.amxx] [VALET]:  round end [T] score: 1 [CT] score: 1!
L 06/18/2020 - 21:56:25: [killlog.amxx] [VALET]: STEAM_0:1:433215089 joined [CT]!
L 06/18/2020 - 21:56:25: [killlog.amxx] [VALET]: STEAM_0:0:104561756 joined [CT]!
L 06/18/2020 - 21:56:25: [killlog.amxx] [VALET]: STEAM_0:1:484581202 joined [T]!
L 06/18/2020 - 21:56:25: [killlog.amxx] [VALET]: STEAM_0:0:947796992 joined [T]!
L 06/18/2020 - 21:56:28: [killlog.amxx] [VALET]:  round start [T] score: 1 [CT] score: 1!
L 06/18/2020 - 21:56:43: [killlog.amxx] [VALET]: [T]|STEAM_0:0:947796992 killed [T]|STEAM_0:1:433215089 with headshot using deagle!
L 06/18/2020 - 21:56:47: [killlog.amxx] [VALET]: [T]|STEAM_0:1:484581202 killed [T]|STEAM_0:0:104561756 using galil!
L 06/18/2020 - 21:56:47: [killlog.amxx] [VALET]:  round end [T] score: 2 [CT] score: 1!
L 06/18/2020 - 21:56:52: [killlog.amxx] [VALET]: STEAM_0:1:433215089 joined [CT]!
L 06/18/2020 - 21:56:52: [killlog.amxx] [VALET]: STEAM_0:0:104561756 joined [CT]!
L 06/18/2020 - 21:56:52: [killlog.amxx] [VALET]: STEAM_0:1:484581202 joined [T]!
L 06/18/2020 - 21:56:52: [killlog.amxx] [VALET]: STEAM_0:0:947796992 joined [T]!
L 06/18/2020 - 21:56:55: [killlog.amxx] [VALET]:  round start [T] score: 2 [CT] score: 1!
L 06/18/2020 - 21:57:31: [killlog.amxx] [VALET]: [CT]|STEAM_0:1:433215089 killed [CT]|STEAM_0:0:947796992 with headshot using m4a1!
L 06/18/2020 - 21:57:32: [killlog.amxx] [VALET]: [CT]|STEAM_0:1:433215089 killed [CT]|STEAM_0:1:484581202 using m4a1!
L 06/18/2020 - 21:57:32: [killlog.amxx] [VALET]:  round end [T] score: 2 [CT] score: 2!
L 06/18/2020 - 21:57:37: [killlog.amxx] [VALET]: STEAM_0:1:433215089 joined [CT]!
L 06/18/2020 - 21:57:37: [killlog.amxx] [VALET]: STEAM_0:0:104561756 joined [CT]!
L 06/18/2020 - 21:57:37: [killlog.amxx] [VALET]: STEAM_0:1:484581202 joined [T]!
L 06/18/2020 - 21:57:37: [killlog.amxx] [VALET]: STEAM_0:0:947796992 joined [T]!
L 06/18/2020 - 21:57:40: [killlog.amxx] [VALET]:  round start [T] score: 2 [CT] score: 2!
L 06/18/2020 - 21:58:04: [killlog.amxx] [VALET]: [T]|STEAM_0:0:947796992 killed [T]|STEAM_0:1:433215089 using ak47!
L 06/18/2020 - 21:58:13: [killlog.amxx] [VALET]: [CT]|STEAM_0:0:104561756 killed [CT]|STEAM_0:0:947796992 using m4a1!
L 06/18/2020 - 21:58:56: [killlog.amxx] [VALET]: [CT]|STEAM_0:0:104561756 killed [CT]|STEAM_0:1:484581202 using m4a1!
L 06/18/2020 - 21:59:08: [killlog.amxx] [VALET]:  round end [T] score: 2 [CT] score: 3!
L 06/18/2020 - 21:59:13: [killlog.amxx] [VALET]: STEAM_0:1:433215089 joined [CT]!
L 06/18/2020 - 21:59:13: [killlog.amxx] [VALET]: STEAM_0:0:104561756 joined [CT]!
L 06/18/2020 - 21:59:13: [killlog.amxx] [VALET]: STEAM_0:1:484581202 joined [T]!
L 06/18/2020 - 21:59:13: [killlog.amxx] [VALET]: STEAM_0:0:947796992 joined [T]!
L 06/18/2020 - 21:59:16: [killlog.amxx] [VALET]:  round start [T] score: 2 [CT] score: 3!
L 06/18/2020 - 21:59:33: [killlog.amxx] [VALET]: [CT]|STEAM_0:0:104561756 killed [CT]|STEAM_0:1:484581202 using m4a1!
L 06/18/2020 - 21:59:44: [killlog.amxx] [VALET]: [CT]|STEAM_0:1:433215089 killed [CT]|STEAM_0:0:947796992 using awp!
L 06/18/2020 - 21:59:44: [killlog.amxx] [VALET]:  round end [T] score: 2 [CT] score: 4!
L 06/18/2020 - 21:59:49: [killlog.amxx] [VALET]: STEAM_0:1:433215089 joined [CT]!
L 06/18/2020 - 21:59:49: [killlog.amxx] [VALET]: STEAM_0:0:104561756 joined [CT]!
L 06/18/2020 - 21:59:49: [killlog.amxx] [VALET]: STEAM_0:1:484581202 joined [T]!
L 06/18/2020 - 21:59:49: [killlog.amxx] [VALET]: STEAM_0:0:947796992 joined [T]!
L 06/18/2020 - 21:59:52: [killlog.amxx] [VALET]:  round start [T] score: 2 [CT] score: 4!
L 06/18/2020 - 22:00:01: [killlog.amxx] [VALET]: [CT]|STEAM_0:1:433215089 killed [CT]|STEAM_0:0:947796992 using awp!
L 06/18/2020 - 22:00:17: [admin.amxx] Login: "Diablo<57><STEAM_0:1:21335723><>" became an admin (account "STEAM_0:1:21335723") (access "abcdefghijklmnopqrstu") (address "176.99.166.175")
L 06/18/2020 - 22:00:23: [killlog.amxx] [VALET]: [T]|STEAM_0:1:484581202 killed [T]|STEAM_0:1:433215089 with headshot using galil!
L 06/18/2020 - 22:00:30: [killlog.amxx] [VALET]: [CT]|STEAM_0:0:104561756 killed [CT]|STEAM_0:1:484581202 with headshot using m4a1!
L 06/18/2020 - 22:00:30: [killlog.amxx] [VALET]:  round end [T] score: 2 [CT] score: 5!
L 06/18/2020 - 22:00:35: [killlog.amxx] [VALET]: STEAM_0:1:433215089 joined [CT]!
L 06/18/2020 - 22:00:35: [killlog.amxx] [VALET]: STEAM_0:0:104561756 joined [CT]!
L 06/18/2020 - 22:00:35: [killlog.amxx] [VALET]: STEAM_0:1:484581202 joined [T]!
L 06/18/2020 - 22:00:35: [killlog.amxx] [VALET]: STEAM_0:0:947796992 joined [T]!
L 06/18/2020 - 22:00:38: [killlog.amxx] [VALET]:  round start [T] score: 2 [CT] score: 5!
L 06/18/2020 - 22:00:43: [killlog.amxx] [VALET]: STEAM_0:1:21335723 joined [T]!
L 06/18/2020 - 22:00:43: [killlog.amxx] [VALET]: STEAM_0:1:21335723 joined [T]!
L 06/18/2020 - 22:00:58: [killlog.amxx] [VALET]: [T]|STEAM_0:1:484581202 killed [T]|STEAM_0:0:104561756 using galil!
L 06/18/2020 - 22:01:09: [killlog.amxx] [VALET]: [T]|STEAM_0:0:947796992 killed [T]|STEAM_0:1:433215089 with headshot using ak47!
L 06/18/2020 - 22:01:09: [killlog.amxx] [VALET]:  round end [T] score: 3 [CT] score: 5!
L 06/18/2020 - 22:01:14: [killlog.amxx] [VALET]: STEAM_0:1:433215089 joined [CT]!
L 06/18/2020 - 22:01:14: [killlog.amxx] [VALET]: STEAM_0:0:104561756 joined [CT]!
L 06/18/2020 - 22:01:14: [killlog.amxx] [VALET]: STEAM_0:1:484581202 joined [T]!
L 06/18/2020 - 22:01:14: [killlog.amxx] [VALET]: STEAM_0:1:21335723 joined [T]!
L 06/18/2020 - 22:01:14: [killlog.amxx] [VALET]: STEAM_0:0:947796992 joined [T]!
L 06/18/2020 - 22:01:17: [killlog.amxx] [VALET]:  round start [T] score: 3 [CT] score: 5!
L 06/18/2020 - 22:01:53: [killlog.amxx] [VALET]: [T]|STEAM_0:0:947796992 killed [T]|STEAM_0:1:433215089 using ak47!
L 06/18/2020 - 22:02:33: [killlog.amxx] [VALET]:  round end [T] score: 4 [CT] score: 5!
L 06/18/2020 - 22:02:38: [killlog.amxx] [VALET]: STEAM_0:1:433215089 joined [CT]!
L 06/18/2020 - 22:02:38: [killlog.amxx] [VALET]: STEAM_0:0:104561756 joined [CT]!
L 06/18/2020 - 22:02:38: [killlog.amxx] [VALET]: STEAM_0:1:484581202 joined [T]!
L 06/18/2020 - 22:02:38: [killlog.amxx] [VALET]: STEAM_0:1:21335723 joined [T]!
L 06/18/2020 - 22:02:38: [killlog.amxx] [VALET]: STEAM_0:0:947796992 joined [T]!
L 06/18/2020 - 22:02:41: [killlog.amxx] [VALET]:  round start [T] score: 4 [CT] score: 5!
L 06/18/2020 - 22:03:04: [killlog.amxx] [VALET]: [T]|STEAM_0:1:484581202 killed [T]|STEAM_0:1:433215089 using awp!
L 06/18/2020 - 22:03:17: [killlog.amxx] [VALET]: [T]|STEAM_0:0:947796992 killed [T]|STEAM_0:0:104561756 using ak47!
L 06/18/2020 - 22:03:17: [killlog.amxx] [VALET]:  round end [T] score: 5 [CT] score: 5!
L 06/18/2020 - 22:03:22: [killlog.amxx] [VALET]: STEAM_0:1:433215089 joined [CT]!
L 06/18/2020 - 22:03:22: [killlog.amxx] [VALET]: STEAM_0:0:104561756 joined [CT]!
L 06/18/2020 - 22:03:22: [killlog.amxx] [VALET]: STEAM_0:1:484581202 joined [T]!
L 06/18/2020 - 22:03:22: [killlog.amxx] [VALET]: STEAM_0:1:21335723 joined [T]!
L 06/18/2020 - 22:03:22: [killlog.amxx] [VALET]: STEAM_0:0:947796992 joined [T]!
L 06/18/2020 - 22:03:25: [killlog.amxx] [VALET]:  round start [T] score: 5 [CT] score: 5!
L 06/18/2020 - 22:03:41: [killlog.amxx] [VALET]: [T]|STEAM_0:0:947796992 killed [T]|STEAM_0:1:433215089 using ak47!
L 06/18/2020 - 22:04:10: [killlog.amxx] [VALET]: [T]|STEAM_0:1:484581202 killed [T]|STEAM_0:0:104561756 with headshot using glock18!
L 06/18/2020 - 22:04:10: [killlog.amxx] [VALET]:  round end [T] score: 6 [CT] score: 5!
L 06/18/2020 - 22:04:15: [killlog.amxx] [VALET]: STEAM_0:1:433215089 joined [CT]!
L 06/18/2020 - 22:04:15: [killlog.amxx] [VALET]: STEAM_0:0:104561756 joined [CT]!
L 06/18/2020 - 22:04:15: [killlog.amxx] [VALET]: STEAM_0:1:484581202 joined [T]!
L 06/18/2020 - 22:04:15: [killlog.amxx] [VALET]: STEAM_0:1:21335723 joined [T]!
L 06/18/2020 - 22:04:15: [killlog.amxx] [VALET]: STEAM_0:0:947796992 joined [T]!
L 06/18/2020 - 22:04:18: [killlog.amxx] [VALET]:  round start [T] score: 6 [CT] score: 5!
L 06/18/2020 - 22:04:30: [killlog.amxx] [VALET]: [CT]|STEAM_0:0:104561756 killed [CT]|STEAM_0:1:21335723 using grenade!
L 06/18/2020 - 22:04:36: [killlog.amxx] [VALET]: [CT]|STEAM_0:1:433215089 killed [CT]|STEAM_0:0:947796992 using famas!
L 06/18/2020 - 22:05:18: [killlog.amxx] [VALET]: [CT]|STEAM_0:0:104561756 killed [CT]|STEAM_0:1:484581202 with headshot using m4a1!
L 06/18/2020 - 22:05:18: [killlog.amxx] [VALET]:  round end [T] score: 6 [CT] score: 6!
L 06/18/2020 - 22:05:23: [killlog.amxx] [VALET]: STEAM_0:1:433215089 joined [CT]!
L 06/18/2020 - 22:05:23: [killlog.amxx] [VALET]: STEAM_0:0:104561756 joined [CT]!
L 06/18/2020 - 22:05:23: [killlog.amxx] [VALET]: STEAM_0:1:484581202 joined [T]!
L 06/18/2020 - 22:05:23: [killlog.amxx] [VALET]: STEAM_0:1:21335723 joined [T]!
L 06/18/2020 - 22:05:23: [killlog.amxx] [VALET]: STEAM_0:0:947796992 joined [T]!
L 06/18/2020 - 22:05:26: [killlog.amxx] [VALET]:  round start [T] score: 6 [CT] score: 6!
L 06/18/2020 - 22:06:00: [killlog.amxx] [VALET]: [CT]|STEAM_0:0:104561756 killed [CT]|STEAM_0:1:484581202 using m4a1!
L 06/18/2020 - 22:06:09: [killlog.amxx] [VALET]: [T]|STEAM_0:1:21335723 killed [T]|STEAM_0:1:433215089 using ak47!
L 06/18/2020 - 22:06:40: [killlog.amxx] [VALET]:  round end [T] score: 7 [CT] score: 6!
L 06/18/2020 - 22:06:45: [killlog.amxx] [VALET]: STEAM_0:1:433215089 joined [CT]!
L 06/18/2020 - 22:06:45: [killlog.amxx] [VALET]: STEAM_0:0:104561756 joined [CT]!
L 06/18/2020 - 22:06:45: [killlog.amxx] [VALET]: STEAM_0:1:484581202 joined [T]!
L 06/18/2020 - 22:06:45: [killlog.amxx] [VALET]: STEAM_0:1:21335723 joined [T]!
L 06/18/2020 - 22:06:45: [killlog.amxx] [VALET]: STEAM_0:0:947796992 joined [T]!
L 06/18/2020 - 22:06:48: [killlog.amxx] [VALET]:  round start [T] score: 7 [CT] score: 6!
L 06/18/2020 - 22:06:49: [killlog.amxx] [VALET]: STEAM_0:1:433215089 joined [T]!
L 06/18/2020 - 22:06:49: [killlog.amxx] [VALET]: STEAM_0:0:104561756 joined [T]!
L 06/18/2020 - 22:06:49: [killlog.amxx] [VALET]: STEAM_0:1:484581202 joined [CT]!
L 06/18/2020 - 22:06:49: [killlog.amxx] [VALET]: STEAM_0:1:21335723 joined [CT]!
L 06/18/2020 - 22:06:49: [killlog.amxx] [VALET]: STEAM_0:0:947796992 joined [CT]!
L 06/18/2020 - 22:06:52: [killlog.amxx] [VALET]:  round start [T] score: 0 [CT] score: 0!
L 06/18/2020 - 22:06:57: [killlog.amxx] [VALET]: STEAM_0:0:1671395488 joined [T]!
L 06/18/2020 - 22:06:57: [killlog.amxx] [VALET]: STEAM_0:0:1671395488 joined [T]!
L 06/18/2020 - 22:07:36: [killlog.amxx] [VALET]: [CT]|STEAM_0:1:21335723 killed [CT]|STEAM_0:0:104561756 using deagle!
L 06/18/2020 - 22:07:51: [killlog.amxx] [VALET]: [T]|STEAM_0:0:1671395488 killed [T]|STEAM_0:1:21335723 using deagle!
L 06/18/2020 - 22:08:12: [killlog.amxx] [VALET]: [T]|STEAM_0:0:1671395488 killed [T]|STEAM_0:1:484581202 using deagle!
L 06/18/2020 - 22:08:27: [killlog.amxx] [VALET]: [CT]|STEAM_0:0:947796992 killed [CT]|STEAM_0:0:1671395488 using usp!
L 06/18/2020 - 22:08:31: [killlog.amxx] [VALET]: [CT]|STEAM_0:0:947796992 killed [CT]|STEAM_0:1:433215089 using usp!
L 06/18/2020 - 22:08:47: [killlog.amxx] [VALET]:  round end [T] score: 0 [CT] score: 1!
L 06/18/2020 - 22:08:52: [killlog.amxx] [VALET]: STEAM_0:1:433215089 joined [T]!
L 06/18/2020 - 22:08:52: [killlog.amxx] [VALET]: STEAM_0:0:104561756 joined [T]!
L 06/18/2020 - 22:08:52: [killlog.amxx] [VALET]: STEAM_0:1:484581202 joined [CT]!
L 06/18/2020 - 22:08:52: [killlog.amxx] [VALET]: STEAM_0:1:21335723 joined [CT]!
L 06/18/2020 - 22:08:52: [killlog.amxx] [VALET]: STEAM_0:0:947796992 joined [CT]!
L 06/18/2020 - 22:08:52: [killlog.amxx] [VALET]: STEAM_0:0:1671395488 joined [T]!
L 06/18/2020 - 22:08:55: [killlog.amxx] [VALET]:  round start [T] score: 0 [CT] score: 1!
L 06/18/2020 - 22:09:15: [killlog.amxx] [VALET]: [T]|STEAM_0:1:433215089 killed [T]|STEAM_0:1:21335723 using mp5navy!
L 06/18/2020 - 22:09:17: [killlog.amxx] [VALET]: [CT]|STEAM_0:0:947796992 killed [CT]|STEAM_0:0:104561756 using m4a1!
L 06/18/2020 - 22:09:20: [killlog.amxx] [VALET]: [CT]|STEAM_0:0:947796992 killed [CT]|STEAM_0:1:433215089 using m4a1!
L 06/18/2020 - 22:09:23: [killlog.amxx] [VALET]: [CT]|STEAM_0:0:947796992 killed [CT]|STEAM_0:0:1671395488 using m4a1!
L 06/18/2020 - 22:09:23: [killlog.amxx] [VALET]:  round end [T] score: 0 [CT] score: 2!
L 06/18/2020 - 22:09:28: [killlog.amxx] [VALET]: STEAM_0:1:433215089 joined [T]!
L 06/18/2020 - 22:09:28: [killlog.amxx] [VALET]: STEAM_0:0:104561756 joined [T]!
L 06/18/2020 - 22:09:28: [killlog.amxx] [VALET]: STEAM_0:1:484581202 joined [CT]!
L 06/18/2020 - 22:09:28: [killlog.amxx] [VALET]: STEAM_0:1:21335723 joined [CT]!
L 06/18/2020 - 22:09:28: [killlog.amxx] [VALET]: STEAM_0:0:947796992 joined [CT]!
L 06/18/2020 - 22:09:28: [killlog.amxx] [VALET]: STEAM_0:0:1671395488 joined [T]!
L 06/18/2020 - 22:09:31: [killlog.amxx] [VALET]:  round start [T] score: 0 [CT] score: 2!
L 06/18/2020 - 22:09:44: [killlog.amxx] [VALET]: [T]|STEAM_0:0:1671395488 killed [T]|STEAM_0:0:947796992 with headshot using ak47!
L 06/18/2020 - 22:09:57: [killlog.amxx] [VALET]: [CT]|STEAM_0:1:21335723 killed [CT]|STEAM_0:1:433215089 with headshot using deagle!
L 06/18/2020 - 22:10:04: [killlog.amxx] [VALET]: [T]|STEAM_0:0:1671395488 killed [T]|STEAM_0:1:484581202 using m4a1!
L 06/18/2020 - 22:10:46: [killlog.amxx] [VALET]: [CT]|STEAM_0:1:21335723 killed [CT]|STEAM_0:0:104561756 using mp5navy!
L 06/18/2020 - 22:10:52: [killlog.amxx] [VALET]: [CT]|STEAM_0:1:21335723 killed [CT]|STEAM_0:0:1671395488 using mp5navy!
L 06/18/2020 - 22:11:06: [killlog.amxx] [VALET]:  round end [T] score: 0 [CT] score: 3!
L 06/18/2020 - 22:11:11: [killlog.amxx] [VALET]: STEAM_0:1:433215089 joined [T]!
L 06/18/2020 - 22:11:11: [killlog.amxx] [VALET]: STEAM_0:0:104561756 joined [T]!
L 06/18/2020 - 22:11:11: [killlog.amxx] [VALET]: STEAM_0:1:484581202 joined [CT]!
L 06/18/2020 - 22:11:11: [killlog.amxx] [VALET]: STEAM_0:1:21335723 joined [CT]!
L 06/18/2020 - 22:11:11: [killlog.amxx] [VALET]: STEAM_0:0:947796992 joined [CT]!
L 06/18/2020 - 22:11:11: [killlog.amxx] [VALET]: STEAM_0:0:1671395488 joined [T]!
L 06/18/2020 - 22:11:14: [killlog.amxx] [VALET]:  round start [T] score: 0 [CT] score: 3!
L 06/18/2020 - 22:11:47: [killlog.amxx] [VALET]: [CT]|STEAM_0:1:484581202 killed [CT]|STEAM_0:0:104561756 using awp!
L 06/18/2020 - 22:12:01: [killlog.amxx] [VALET]: [T]|STEAM_0:0:1671395488 killed [T]|STEAM_0:1:484581202 using ak47!
L 06/18/2020 - 22:12:03: [killlog.amxx] [VALET]: [CT]|STEAM_0:1:21335723 killed [CT]|STEAM_0:0:1671395488 using m4a1!
L 06/18/2020 - 22:12:06: [killlog.amxx] [VALET]: [CT]|STEAM_0:0:947796992 killed [CT]|STEAM_0:1:433215089 using grenade!
L 06/18/2020 - 22:12:06: [killlog.amxx] [VALET]:  round end [T] score: 0 [CT] score: 4!
L 06/18/2020 - 22:12:11: [killlog.amxx] [VALET]: STEAM_0:1:433215089 joined [T]!
L 06/18/2020 - 22:12:11: [killlog.amxx] [VALET]: STEAM_0:0:104561756 joined [T]!
L 06/18/2020 - 22:12:11: [killlog.amxx] [VALET]: STEAM_0:1:484581202 joined [CT]!
L 06/18/2020 - 22:12:11: [killlog.amxx] [VALET]: STEAM_0:1:21335723 joined [CT]!
L 06/18/2020 - 22:12:11: [killlog.amxx] [VALET]: STEAM_0:0:947796992 joined [CT]!
L 06/18/2020 - 22:12:11: [killlog.amxx] [VALET]: STEAM_0:0:1671395488 joined [T]!
L 06/18/2020 - 22:12:14: [killlog.amxx] [VALET]:  round start [T] score: 0 [CT] score: 4!
L 06/18/2020 - 22:12:39: [killlog.amxx] [VALET]: [CT]|STEAM_0:0:947796992 killed [CT]|STEAM_0:0:104561756 using m4a1!
L 06/18/2020 - 22:13:13: [killlog.amxx] [VALET]: [CT]|STEAM_0:1:21335723 killed [CT]|STEAM_0:0:1671395488 using m4a1!
L 06/18/2020 - 22:13:17: [killlog.amxx] [VALET]: [CT]|STEAM_0:1:21335723 killed [CT]|STEAM_0:1:433215089 with headshot using m4a1!
L 06/18/2020 - 22:13:17: [killlog.amxx] [VALET]:  round end [T] score: 0 [CT] score: 5!
L 06/18/2020 - 22:13:22: [killlog.amxx] [VALET]: STEAM_0:1:433215089 joined [T]!
L 06/18/2020 - 22:13:22: [killlog.amxx] [VALET]: STEAM_0:0:104561756 joined [T]!
L 06/18/2020 - 22:13:22: [killlog.amxx] [VALET]: STEAM_0:1:484581202 joined [CT]!
L 06/18/2020 - 22:13:22: [killlog.amxx] [VALET]: STEAM_0:1:21335723 joined [CT]!
L 06/18/2020 - 22:13:22: [killlog.amxx] [VALET]: STEAM_0:0:947796992 joined [CT]!
L 06/18/2020 - 22:13:22: [killlog.amxx] [VALET]: STEAM_0:0:1671395488 joined [T]!
L 06/18/2020 - 22:13:25: [killlog.amxx] [VALET]:  round start [T] score: 0 [CT] score: 5!
L 06/18/2020 - 22:13:59: [killlog.amxx] [VALET]: [T]|STEAM_0:0:104561756 killed [T]|STEAM_0:1:484581202 with headshot using ak47!
L 06/18/2020 - 22:14:26: [killlog.amxx] [VALET]: [T]|STEAM_0:1:433215089 killed [T]|STEAM_0:0:947796992 with headshot using ak47!
L 06/18/2020 - 22:14:32: [killlog.amxx] [VALET]: [T]|STEAM_0:1:433215089 killed [T]|STEAM_0:1:21335723 using ak47!
L 06/18/2020 - 22:14:32: [killlog.amxx] [VALET]:  round end [T] score: 1 [CT] score: 5!
L 06/18/2020 - 22:14:37: [killlog.amxx] [VALET]: STEAM_0:1:433215089 joined [T]!
L 06/18/2020 - 22:14:37: [killlog.amxx] [VALET]: STEAM_0:0:104561756 joined [T]!
L 06/18/2020 - 22:14:37: [killlog.amxx] [VALET]: STEAM_0:1:484581202 joined [CT]!
L 06/18/2020 - 22:14:37: [killlog.amxx] [VALET]: STEAM_0:1:21335723 joined [CT]!
L 06/18/2020 - 22:14:37: [killlog.amxx] [VALET]: STEAM_0:0:947796992 joined [CT]!
L 06/18/2020 - 22:14:37: [killlog.amxx] [VALET]: STEAM_0:0:1671395488 joined [T]!
L 06/18/2020 - 22:14:40: [killlog.amxx] [VALET]:  round start [T] score: 1 [CT] score: 5!
L 06/18/2020 - 22:15:09: [killlog.amxx] [VALET]: [CT]|STEAM_0:0:947796992 killed [CT]|STEAM_0:0:1671395488 using m4a1!
L 06/18/2020 - 22:15:11: [killlog.amxx] [VALET]: [CT]|STEAM_0:0:947796992 killed [CT]|STEAM_0:0:104561756 using m4a1!
L 06/18/2020 - 22:15:45: [killlog.amxx] [VALET]: [T]|STEAM_0:1:433215089 killed [T]|STEAM_0:0:947796992 using ak47!
L 06/18/2020 - 22:15:56: [killlog.amxx] [VALET]: [T]|STEAM_0:1:433215089 killed [T]|STEAM_0:1:21335723 with headshot using ak47!
L 06/18/2020 - 22:16:01: [killlog.amxx] [VALET]: [T]|STEAM_0:1:433215089 killed [T]|STEAM_0:1:484581202 with headshot using ak47!
L 06/18/2020 - 22:16:01: [killlog.amxx] [VALET]:  round end [T] score: 2 [CT] score: 5!
L 06/18/2020 - 22:16:06: [killlog.amxx] [VALET]: STEAM_0:1:433215089 joined [T]!
L 06/18/2020 - 22:16:06: [killlog.amxx] [VALET]: STEAM_0:0:104561756 joined [T]!
L 06/18/2020 - 22:16:06: [killlog.amxx] [VALET]: STEAM_0:1:484581202 joined [CT]!
L 06/18/2020 - 22:16:06: [killlog.amxx] [VALET]: STEAM_0:1:21335723 joined [CT]!
L 06/18/2020 - 22:16:06: [killlog.amxx] [VALET]: STEAM_0:0:947796992 joined [CT]!
L 06/18/2020 - 22:16:06: [killlog.amxx] [VALET]: STEAM_0:0:1671395488 joined [T]!
L 06/18/2020 - 22:16:09: [killlog.amxx] [VALET]:  round start [T] score: 2 [CT] score: 5!
L 06/18/2020 - 22:16:59: [killlog.amxx] [VALET]: [CT]|STEAM_0:1:21335723 killed [CT]|STEAM_0:0:104561756 using m4a1!
L 06/18/2020 - 22:16:59: [killlog.amxx] [VALET]: [CT]|STEAM_0:0:947796992 killed [CT]|STEAM_0:0:1671395488 using grenade!
L 06/18/2020 - 22:17:02: [killlog.amxx] [VALET]: [CT]|STEAM_0:0:947796992 killed [CT]|STEAM_0:1:433215089 with headshot using m4a1!
L 06/18/2020 - 22:17:02: [killlog.amxx] [VALET]:  round end [T] score: 2 [CT] score: 6!
L 06/18/2020 - 22:17:07: [killlog.amxx] [VALET]: STEAM_0:1:433215089 joined [T]!
L 06/18/2020 - 22:17:07: [killlog.amxx] [VALET]: STEAM_0:0:104561756 joined [T]!
L 06/18/2020 - 22:17:07: [killlog.amxx] [VALET]: STEAM_0:1:484581202 joined [CT]!
L 06/18/2020 - 22:17:07: [killlog.amxx] [VALET]: STEAM_0:1:21335723 joined [CT]!
L 06/18/2020 - 22:17:07: [killlog.amxx] [VALET]: STEAM_0:0:947796992 joined [CT]!
L 06/18/2020 - 22:17:07: [killlog.amxx] [VALET]: STEAM_0:0:1671395488 joined [T]!
L 06/18/2020 - 22:17:10: [killlog.amxx] [VALET]:  round start [T] score: 2 [CT] score: 6!
L 06/18/2020 - 22:17:50: [killlog.amxx] [VALET]: [CT]|STEAM_0:1:21335723 killed [CT]|STEAM_0:0:1671395488 with headshot using m4a1!
L 06/18/2020 - 22:17:58: [killlog.amxx] [VALET]: [T]|STEAM_0:0:104561756 killed [T]|STEAM_0:1:484581202 with headshot using ak47!
L 06/18/2020 - 22:18:17: [killlog.amxx] [VALET]: [CT]|STEAM_0:0:947796992 killed [CT]|STEAM_0:0:104561756 using m4a1!
L 06/18/2020 - 22:18:20: [killlog.amxx] [VALET]: [T]|STEAM_0:1:433215089 killed [T]|STEAM_0:0:947796992 using awp!
L 06/18/2020 - 22:18:23: [killlog.amxx] [VALET]: [T]|STEAM_0:1:433215089 killed [T]|STEAM_0:1:21335723 using awp!
L 06/18/2020 - 22:18:23: [killlog.amxx] [VALET]:  round end [T] score: 3 [CT] score: 6!
L 06/18/2020 - 22:18:28: [killlog.amxx] [VALET]: STEAM_0:1:433215089 joined [T]!
L 06/18/2020 - 22:18:28: [killlog.amxx] [VALET]: STEAM_0:0:104561756 joined [T]!
L 06/18/2020 - 22:18:28: [killlog.amxx] [VALET]: STEAM_0:1:484581202 joined [CT]!
L 06/18/2020 - 22:18:28: [killlog.amxx] [VALET]: STEAM_0:1:21335723 joined [CT]!
L 06/18/2020 - 22:18:28: [killlog.amxx] [VALET]: STEAM_0:0:947796992 joined [CT]!
L 06/18/2020 - 22:18:28: [killlog.amxx] [VALET]: STEAM_0:0:1671395488 joined [T]!
L 06/18/2020 - 22:18:31: [killlog.amxx] [VALET]:  round start [T] score: 3 [CT] score: 6!
L 06/18/2020 - 22:19:13: [killlog.amxx] [VALET]: [CT]|STEAM_0:1:21335723 killed [CT]|STEAM_0:0:1671395488 with headshot using m4a1!
L 06/18/2020 - 22:19:18: [killlog.amxx] [VALET]: [T]|STEAM_0:0:104561756 killed [T]|STEAM_0:1:21335723 using ak47!
L 06/18/2020 - 22:19:38: [killlog.amxx] [VALET]: [CT]|STEAM_0:1:484581202 killed [CT]|STEAM_0:0:104561756 using awp!
L 06/18/2020 - 22:19:50: [killlog.amxx] [VALET]: [T]|STEAM_0:1:433215089 killed [T]|STEAM_0:1:484581202 with headshot using awp!
L 06/18/2020 - 22:20:16: [killlog.amxx] [VALET]:  round end [T] score: 3 [CT] score: 6!
L 06/18/2020 - 22:20:21: [killlog.amxx] [VALET]: STEAM_0:1:433215089 joined [T]!
L 06/18/2020 - 22:20:21: [killlog.amxx] [VALET]: STEAM_0:0:104561756 joined [T]!
L 06/18/2020 - 22:20:21: [killlog.amxx] [VALET]: STEAM_0:1:484581202 joined [CT]!
L 06/18/2020 - 22:20:21: [killlog.amxx] [VALET]: STEAM_0:1:21335723 joined [CT]!
L 06/18/2020 - 22:20:21: [killlog.amxx] [VALET]: STEAM_0:0:947796992 joined [CT]!
L 06/18/2020 - 22:20:21: [killlog.amxx] [VALET]: STEAM_0:0:1671395488 joined [T]!
L 06/18/2020 - 22:20:24: [killlog.amxx] [VALET]:  round start [T] score: 3 [CT] score: 7!
L 06/18/2020 - 22:21:16: [killlog.amxx] [VALET]: [CT]|STEAM_0:1:21335723 killed [CT]|STEAM_0:1:433215089 with headshot using deagle!
L 06/18/2020 - 22:21:30: [killlog.amxx] [VALET]: [T]|STEAM_0:0:1671395488 killed [T]|STEAM_0:1:484581202 with headshot using ak47!
L 06/18/2020 - 22:21:32: [killlog.amxx] [VALET]: [CT]|STEAM_0:0:947796992 killed [CT]|STEAM_0:0:1671395488 with headshot using m4a1!
L 06/18/2020 - 22:21:35: [killlog.amxx] [VALET]: [CT]|STEAM_0:1:21335723 killed [CT]|STEAM_0:0:104561756 using deagle!
L 06/18/2020 - 22:21:35: [killlog.amxx] [VALET]:  round end [T] score: 3 [CT] score: 8!
L 06/18/2020 - 22:21:40: [killlog.amxx] [VALET]: STEAM_0:1:433215089 joined [T]!
L 06/18/2020 - 22:21:40: [killlog.amxx] [VALET]: STEAM_0:0:104561756 joined [T]!
L 06/18/2020 - 22:21:40: [killlog.amxx] [VALET]: STEAM_0:1:484581202 joined [CT]!
L 06/18/2020 - 22:21:40: [killlog.amxx] [VALET]: STEAM_0:1:21335723 joined [CT]!
L 06/18/2020 - 22:21:40: [killlog.amxx] [VALET]: STEAM_0:0:947796992 joined [CT]!
L 06/18/2020 - 22:21:40: [killlog.amxx] [VALET]: STEAM_0:0:1671395488 joined [T]!
L 06/18/2020 - 22:21:43: [killlog.amxx] [VALET]:  round start [T] score: 3 [CT] score: 8!
L 06/18/2020 - 22:22:05: [killlog.amxx] [VALET]: [CT]|STEAM_0:1:21335723 killed [CT]|STEAM_0:1:433215089 using awp!
L 06/18/2020 - 22:22:17: [killlog.amxx] [VALET]: [CT]|STEAM_0:0:947796992 killed [CT]|STEAM_0:0:104561756 with headshot using m4a1!
L 06/18/2020 - 22:22:20: [killlog.amxx] [VALET]: STEAM_0:0:104561756 disconnected!
L 06/18/2020 - 22:22:40: [killlog.amxx] [VALET]: [T]|STEAM_0:0:1671395488 killed [T]|STEAM_0:0:947796992 with headshot using deagle!
L 06/18/2020 - 22:23:10: [killlog.amxx] [VALET]: [CT]|STEAM_0:1:21335723 killed [CT]|STEAM_0:0:1671395488 using awp!
L 06/18/2020 - 22:23:10: [killlog.amxx] [VALET]:  round end [T] score: 3 [CT] score: 9!
L 06/18/2020 - 22:23:15: [killlog.amxx] [VALET]: STEAM_0:1:433215089 joined [T]!
L 06/18/2020 - 22:23:15: [killlog.amxx] [VALET]: STEAM_0:1:484581202 joined [CT]!
L 06/18/2020 - 22:23:15: [killlog.amxx] [VALET]: STEAM_0:1:21335723 joined [CT]!
L 06/18/2020 - 22:23:15: [killlog.amxx] [VALET]: STEAM_0:0:947796992 joined [CT]!
L 06/18/2020 - 22:23:15: [killlog.amxx] [VALET]: STEAM_0:0:1671395488 joined [T]!
L 06/18/2020 - 22:23:18: [killlog.amxx] [VALET]:  round start [T] score: 3 [CT] score: 9!
L 06/18/2020 - 22:23:19: [killlog.amxx] [VALET]: STEAM_0:1:433215089 joined [CT]!
L 06/18/2020 - 22:23:19: [killlog.amxx] [VALET]: STEAM_0:1:484581202 joined [T]!
L 06/18/2020 - 22:23:19: [killlog.amxx] [VALET]: STEAM_0:1:21335723 joined [T]!
L 06/18/2020 - 22:23:19: [killlog.amxx] [VALET]: STEAM_0:0:947796992 joined [T]!
L 06/18/2020 - 22:23:19: [killlog.amxx] [VALET]: STEAM_0:0:1671395488 joined [CT]!
L 06/18/2020 - 22:23:22: [killlog.amxx] [VALET]:  round start [T] score: 0 [CT] score: 0!
L 06/18/2020 - 22:23:25: [killlog.amxx] [VALET]: STEAM_0:1:433215089 disconnected!
L 06/18/2020 - 22:23:25: [killlog.amxx] [VALET]: STEAM_0:1:484581202 disconnected!
L 06/18/2020 - 22:23:25: [killlog.amxx] [VALET]: STEAM_0:1:21335723 disconnected!
L 06/18/2020 - 22:23:25: [killlog.amxx] [VALET]: STEAM_0:0:947796992 disconnected!
L 06/18/2020 - 22:23:25: [killlog.amxx] [VALET]: STEAM_0:0:1671395488 disconnected!
L 06/18/2020 - 22:23:26: -------- Mapchange to de_inferno_2x2 --------
L 06/18/2020 - 22:23:26: [mapchooser4.amxx] Found 51 maps in maps folder
L 06/18/2020 - 22:23:26: [admin.amxx] Login: "Diablo<57><STEAM_0:1:21335723><>" became an admin (account "STEAM_0:1:21335723") (access "abcdefghijklmnopqrstu") (address "176.99.166.175")
L 06/18/2020 - 22:23:30: [killlog.amxx] [VALET]:  round start [T] score: 0 [CT] score: 0!
L 06/18/2020 - 22:23:31: [killlog.amxx] [VALET]: STEAM_0:1:21335723 joined [T]!
L 06/18/2020 - 22:23:31: [killlog.amxx] [VALET]: STEAM_0:1:21335723 joined [T]!
L 06/18/2020 - 22:23:31: [killlog.amxx] [VALET]: STEAM_0:1:484581202 joined [T]!
L 06/18/2020 - 22:23:32: [killlog.amxx] [VALET]: STEAM_0:1:484581202 joined [T]!
L 06/18/2020 - 22:23:33: [killlog.amxx] [VALET]: STEAM_0:0:1671395488 joined [CT]!
L 06/18/2020 - 22:23:33: [mapchooser4.amxx] xvars for mapchooser 4 setuped.
L 06/18/2020 - 22:23:34: [killlog.amxx] [VALET]: STEAM_0:0:1671395488 joined [CT]!
L 06/18/2020 - 22:23:34: [killlog.amxx] [VALET]:  round end [T] score: 0 [CT] score: 0!
L 06/18/2020 - 22:23:34: [killlog.amxx] [VALET]: STEAM_0:1:433215089 joined [CT]!
L 06/18/2020 - 22:23:34: [killlog.amxx] [VALET]: STEAM_0:1:433215089 joined [CT]!
L 06/18/2020 - 22:23:37: [killlog.amxx] [VALET]: STEAM_0:1:433215089 joined [CT]!
L 06/18/2020 - 22:23:37: [killlog.amxx] [VALET]: STEAM_0:1:484581202 joined [T]!
L 06/18/2020 - 22:23:37: [killlog.amxx] [VALET]: STEAM_0:1:21335723 joined [T]!
L 06/18/2020 - 22:23:37: [killlog.amxx] [VALET]: STEAM_0:0:1671395488 joined [CT]!
L 06/18/2020 - 22:23:40: [killlog.amxx] [VALET]:  round start [T] score: 0 [CT] score: 0!
L 06/18/2020 - 22:24:08: [killlog.amxx] [VALET]: [CT]|STEAM_0:0:1671395488 killed [CT]|STEAM_0:1:484581202 with headshot using usp!
L 06/18/2020 - 22:24:33: [killlog.amxx] [VALET]: [CT]|STEAM_0:0:1671395488 killed [CT]|STEAM_0:1:21335723 using usp!
L 06/18/2020 - 22:24:33: [killlog.amxx] [VALET]:  round end [T] score: 0 [CT] score: 1!
L 06/18/2020 - 22:24:38: [killlog.amxx] [VALET]: STEAM_0:1:433215089 joined [CT]!
L 06/18/2020 - 22:24:38: [killlog.amxx] [VALET]: STEAM_0:1:484581202 joined [T]!
L 06/18/2020 - 22:24:38: [killlog.amxx] [VALET]: STEAM_0:1:21335723 joined [T]!
L 06/18/2020 - 22:24:38: [killlog.amxx] [VALET]: STEAM_0:0:1671395488 joined [CT]!
L 06/18/2020 - 22:24:41: [killlog.amxx] [VALET]:  round start [T] score: 0 [CT] score: 1!
L 06/18/2020 - 22:25:09: [killlog.amxx] [VALET]: [CT]|STEAM_0:0:1671395488 killed [CT]|STEAM_0:1:484581202 using m4a1!
L 06/18/2020 - 22:25:22: [killlog.amxx] [VALET]: [CT]|STEAM_0:1:433215089 killed [CT]|STEAM_0:1:21335723 with headshot using famas!
L 06/18/2020 - 22:25:22: [killlog.amxx] [VALET]:  round end [T] score: 0 [CT] score: 2!
L 06/18/2020 - 22:25:27: [killlog.amxx] [VALET]: STEAM_0:1:433215089 joined [CT]!
L 06/18/2020 - 22:25:27: [killlog.amxx] [VALET]: STEAM_0:1:484581202 joined [T]!
L 06/18/2020 - 22:25:27: [killlog.amxx] [VALET]: STEAM_0:1:21335723 joined [T]!
L 06/18/2020 - 22:25:27: [killlog.amxx] [VALET]: STEAM_0:0:1671395488 joined [CT]!
L 06/18/2020 - 22:25:30: [killlog.amxx] [VALET]:  round start [T] score: 0 [CT] score: 2!
L 06/18/2020 - 22:25:49: [killlog.amxx] [VALET]: [CT]|STEAM_0:0:1671395488 killed [CT]|STEAM_0:1:484581202 using m4a1!
L 06/18/2020 - 22:26:06: [killlog.amxx] [VALET]: [T]|STEAM_0:1:21335723 killed [T]|STEAM_0:0:1671395488 using galil!
L 06/18/2020 - 22:26:43: [killlog.amxx] [VALET]: [T]|STEAM_0:1:21335723 killed [T]|STEAM_0:1:433215089 using galil!
L 06/18/2020 - 22:26:43: [killlog.amxx] [VALET]:  round end [T] score: 1 [CT] score: 2!
L 06/18/2020 - 22:26:48: [killlog.amxx] [VALET]: STEAM_0:1:433215089 joined [CT]!
L 06/18/2020 - 22:26:48: [killlog.amxx] [VALET]: STEAM_0:1:484581202 joined [T]!
L 06/18/2020 - 22:26:48: [killlog.amxx] [VALET]: STEAM_0:1:21335723 joined [T]!
L 06/18/2020 - 22:26:48: [killlog.amxx] [VALET]: STEAM_0:0:1671395488 joined [CT]!
L 06/18/2020 - 22:26:51: [killlog.amxx] [VALET]:  round start [T] score: 1 [CT] score: 2!
L 06/18/2020 - 22:27:03: [killlog.amxx] [VALET]: [T]|STEAM_0:1:21335723 killed [T]|STEAM_0:1:433215089 with headshot using galil!
L 06/18/2020 - 22:27:26: [killlog.amxx] [VALET]: [CT]|STEAM_0:0:1671395488 killed [CT]|STEAM_0:1:484581202 using m4a1!
L 06/18/2020 - 22:27:29: [killlog.amxx] [VALET]: STEAM_0:0:947796992 joined [T]!
L 06/18/2020 - 22:27:30: [killlog.amxx] [VALET]: STEAM_0:0:947796992 joined [T]!
L 06/18/2020 - 22:27:59: [killlog.amxx] [VALET]: [CT]|STEAM_0:0:1671395488 killed [CT]|STEAM_0:1:21335723 with headshot using m4a1!
L 06/18/2020 - 22:27:59: [killlog.amxx] [VALET]:  round end [T] score: 1 [CT] score: 3!
L 06/18/2020 - 22:28:04: [killlog.amxx] [VALET]: STEAM_0:1:433215089 joined [CT]!
L 06/18/2020 - 22:28:04: [killlog.amxx] [VALET]: STEAM_0:1:484581202 joined [T]!
L 06/18/2020 - 22:28:04: [killlog.amxx] [VALET]: STEAM_0:1:21335723 joined [T]!
L 06/18/2020 - 22:28:04: [killlog.amxx] [VALET]: STEAM_0:0:947796992 joined [T]!
L 06/18/2020 - 22:28:04: [killlog.amxx] [VALET]: STEAM_0:0:1671395488 joined [CT]!
L 06/18/2020 - 22:28:07: [killlog.amxx] [VALET]:  round start [T] score: 1 [CT] score: 3!
L 06/18/2020 - 22:28:21: [killlog.amxx] [VALET]: [T]|STEAM_0:0:947796992 killed [T]|STEAM_0:0:1671395488 with headshot using mp5navy!
L 06/18/2020 - 22:28:22: [killlog.amxx] [VALET]: [T]|STEAM_0:1:21335723 killed [T]|STEAM_0:1:433215089 with headshot using ak47!
L 06/18/2020 - 22:28:22: [killlog.amxx] [VALET]:  round end [T] score: 2 [CT] score: 3!
L 06/18/2020 - 22:28:27: [killlog.amxx] [VALET]: STEAM_0:1:433215089 joined [CT]!
L 06/18/2020 - 22:28:27: [killlog.amxx] [VALET]: STEAM_0:1:484581202 joined [T]!
L 06/18/2020 - 22:28:27: [killlog.amxx] [VALET]: STEAM_0:1:21335723 joined [T]!
L 06/18/2020 - 22:28:27: [killlog.amxx] [VALET]: STEAM_0:0:947796992 joined [T]!
L 06/18/2020 - 22:28:27: [killlog.amxx] [VALET]: STEAM_0:0:1671395488 joined [CT]!
L 06/18/2020 - 22:28:30: [killlog.amxx] [VALET]:  round start [T] score: 2 [CT] score: 3!
L 06/18/2020 - 22:28:57: [killlog.amxx] [VALET]: [T]|STEAM_0:1:484581202 killed [T]|STEAM_0:1:433215089 using mp5navy!
L 06/18/2020 - 22:28:59: [killlog.amxx] [VALET]: [CT]|STEAM_0:0:1671395488 killed [CT]|STEAM_0:0:947796992 with headshot using m4a1!
L 06/18/2020 - 22:29:17: [killlog.amxx] [VALET]: [CT]|STEAM_0:0:1671395488 killed [CT]|STEAM_0:1:484581202 with headshot using m4a1!
L 06/18/2020 - 22:29:25: [killlog.amxx] [VALET]: [T]|STEAM_0:1:21335723 killed [T]|STEAM_0:0:1671395488 using ak47!
L 06/18/2020 - 22:29:25: [killlog.amxx] [VALET]:  round end [T] score: 3 [CT] score: 3!
L 06/18/2020 - 22:29:30: [killlog.amxx] [VALET]: STEAM_0:1:433215089 joined [CT]!
L 06/18/2020 - 22:29:30: [killlog.amxx] [VALET]: STEAM_0:1:484581202 joined [T]!
L 06/18/2020 - 22:29:30: [killlog.amxx] [VALET]: STEAM_0:1:21335723 joined [T]!
L 06/18/2020 - 22:29:30: [killlog.amxx] [VALET]: STEAM_0:0:947796992 joined [T]!
L 06/18/2020 - 22:29:30: [killlog.amxx] [VALET]: STEAM_0:0:1671395488 joined [CT]!
L 06/18/2020 - 22:29:33: [killlog.amxx] [VALET]:  round start [T] score: 3 [CT] score: 3!
L 06/18/2020 - 22:29:46: [killlog.amxx] [VALET]: [T]|STEAM_0:1:21335723 killed [T]|STEAM_0:1:433215089 with headshot using ak47!
L 06/18/2020 - 22:29:54: [killlog.amxx] [VALET]: [T]|STEAM_0:1:21335723 killed [T]|STEAM_0:0:1671395488 using ak47!
L 06/18/2020 - 22:29:54: [killlog.amxx] [VALET]:  round end [T] score: 4 [CT] score: 3!
L 06/18/2020 - 22:29:59: [killlog.amxx] [VALET]: STEAM_0:1:433215089 joined [CT]!
L 06/18/2020 - 22:29:59: [killlog.amxx] [VALET]: STEAM_0:1:484581202 joined [T]!
L 06/18/2020 - 22:29:59: [killlog.amxx] [VALET]: STEAM_0:1:21335723 joined [T]!
L 06/18/2020 - 22:29:59: [killlog.amxx] [VALET]: STEAM_0:0:947796992 joined [T]!
L 06/18/2020 - 22:29:59: [killlog.amxx] [VALET]: STEAM_0:0:1671395488 joined [CT]!
L 06/18/2020 - 22:30:02: [killlog.amxx] [VALET]:  round start [T] score: 4 [CT] score: 3!
L 06/18/2020 - 22:30:06: [killlog.amxx] [VALET]: STEAM_0:1:484516970 joined [CT]!
L 06/18/2020 - 22:30:06: [killlog.amxx] [VALET]: STEAM_0:1:484516970 joined [CT]!
L 06/18/2020 - 22:30:13: [killlog.amxx] [VALET]: [T]|STEAM_0:0:947796992 killed [T]|STEAM_0:1:484516970 using ak47!
L 06/18/2020 - 22:30:24: [killlog.amxx] [VALET]: [CT]|STEAM_0:0:1671395488 killed [CT]|STEAM_0:0:947796992 with headshot using deagle!
L 06/18/2020 - 22:30:28: [killlog.amxx] [VALET]: [T]|STEAM_0:1:484581202 killed [T]|STEAM_0:0:1671395488 using galil!
L 06/18/2020 - 22:30:30: [killlog.amxx] [VALET]: [T]|STEAM_0:1:21335723 killed [T]|STEAM_0:1:433215089 with headshot using ak47!
L 06/18/2020 - 22:30:30: [killlog.amxx] [VALET]:  round end [T] score: 5 [CT] score: 3!
L 06/18/2020 - 22:30:35: [killlog.amxx] [VALET]: STEAM_0:1:433215089 joined [CT]!
L 06/18/2020 - 22:30:35: [killlog.amxx] [VALET]: STEAM_0:1:484516970 joined [CT]!
L 06/18/2020 - 22:30:35: [killlog.amxx] [VALET]: STEAM_0:1:484581202 joined [T]!
L 06/18/2020 - 22:30:35: [killlog.amxx] [VALET]: STEAM_0:1:21335723 joined [T]!
L 06/18/2020 - 22:30:35: [killlog.amxx] [VALET]: STEAM_0:0:947796992 joined [T]!
L 06/18/2020 - 22:30:35: [killlog.amxx] [VALET]: STEAM_0:0:1671395488 joined [CT]!
L 06/18/2020 - 22:30:38: [killlog.amxx] [VALET]:  round start [T] score: 5 [CT] score: 3!
L 06/18/2020 - 22:30:57: [killlog.amxx] [VALET]: [T]|STEAM_0:1:484581202 killed [T]|STEAM_0:1:484516970 using galil!
L 06/18/2020 - 22:31:04: [killlog.amxx] [VALET]: [T]|STEAM_0:1:21335723 killed [T]|STEAM_0:1:433215089 using ak47!
L 06/18/2020 - 22:31:10: [killlog.amxx] [VALET]: [CT]|STEAM_0:0:1671395488 killed [CT]|STEAM_0:1:21335723 with headshot using m4a1!
L 06/18/2020 - 22:31:25: [killlog.amxx] [VALET]: [T]|STEAM_0:0:947796992 killed [T]|STEAM_0:0:1671395488 using ak47!
L 06/18/2020 - 22:31:25: [killlog.amxx] [VALET]:  round end [T] score: 6 [CT] score: 3!
L 06/18/2020 - 22:31:29: [killlog.amxx] [VALET]: STEAM_0:0:1671395488 disconnected!
L 06/18/2020 - 22:31:30: [killlog.amxx] [VALET]: STEAM_0:1:433215089 joined [CT]!
L 06/18/2020 - 22:31:30: [killlog.amxx] [VALET]: STEAM_0:1:484516970 joined [CT]!
L 06/18/2020 - 22:31:30: [killlog.amxx] [VALET]: STEAM_0:1:484581202 joined [T]!
L 06/18/2020 - 22:31:30: [killlog.amxx] [VALET]: STEAM_0:1:21335723 joined [T]!
L 06/18/2020 - 22:31:30: [killlog.amxx] [VALET]: STEAM_0:0:947796992 joined [T]!
L 06/18/2020 - 22:31:33: [killlog.amxx] [VALET]:  round start [T] score: 6 [CT] score: 3!
L 06/18/2020 - 22:31:45: [killlog.amxx] [VALET]: [CT]|STEAM_0:1:433215089 killed [CT]|STEAM_0:1:484581202 using famas!
L 06/18/2020 - 22:31:47: [killlog.amxx] [VALET]: STEAM_0:1:484516970 disconnected!
L 06/18/2020 - 22:31:52: [killlog.amxx] [VALET]: STEAM_0:1:484516970 joined [CT]!
L 06/18/2020 - 22:31:52: [killlog.amxx] [VALET]: STEAM_0:1:484516970 joined [CT]!
L 06/18/2020 - 22:32:04: [killlog.amxx] [VALET]: [CT]|STEAM_0:1:433215089 killed [CT]|STEAM_0:0:947796992 using famas!
L 06/18/2020 - 22:32:16: [killlog.amxx] [VALET]: [T]|STEAM_0:1:21335723 killed [T]|STEAM_0:1:433215089 using ak47!
L 06/18/2020 - 22:32:29: [killlog.amxx] [VALET]: [CT]|STEAM_0:1:484516970 killed [CT]|STEAM_0:1:21335723 using usp!
L 06/18/2020 - 22:32:29: [killlog.amxx] [VALET]:  round end [T] score: 6 [CT] score: 4!
L 06/18/2020 - 22:32:34: [killlog.amxx] [VALET]: STEAM_0:1:433215089 joined [CT]!
L 06/18/2020 - 22:32:34: [killlog.amxx] [VALET]: STEAM_0:1:484516970 joined [CT]!
L 06/18/2020 - 22:32:34: [killlog.amxx] [VALET]: STEAM_0:1:484581202 joined [T]!
L 06/18/2020 - 22:32:34: [killlog.amxx] [VALET]: STEAM_0:1:21335723 joined [T]!
L 06/18/2020 - 22:32:34: [killlog.amxx] [VALET]: STEAM_0:0:947796992 joined [T]!
L 06/18/2020 - 22:32:37: [killlog.amxx] [VALET]:  round start [T] score: 6 [CT] score: 4!
L 06/18/2020 - 22:32:55: [killlog.amxx] [VALET]: [CT]|STEAM_0:1:433215089 killed [CT]|STEAM_0:1:484581202 with headshot using famas!
L 06/18/2020 - 22:32:58: [killlog.amxx] [VALET]: [CT]|STEAM_0:1:484516970 killed [CT]|STEAM_0:0:947796992 using famas!
L 06/18/2020 - 22:33:08: [killlog.amxx] [VALET]: [T]|STEAM_0:1:21335723 killed [T]|STEAM_0:1:433215089 using ak47!
L 06/18/2020 - 22:33:15: [killlog.amxx] [VALET]: [CT]|STEAM_0:1:484516970 killed [CT]|STEAM_0:1:21335723 using famas!
L 06/18/2020 - 22:33:15: [killlog.amxx] [VALET]:  round end [T] score: 6 [CT] score: 5!
L 06/18/2020 - 22:33:20: [killlog.amxx] [VALET]: STEAM_0:1:433215089 joined [CT]!
L 06/18/2020 - 22:33:20: [killlog.amxx] [VALET]: STEAM_0:1:484516970 joined [CT]!
L 06/18/2020 - 22:33:20: [killlog.amxx] [VALET]: STEAM_0:1:484581202 joined [T]!
L 06/18/2020 - 22:33:20: [killlog.amxx] [VALET]: STEAM_0:1:21335723 joined [T]!
L 06/18/2020 - 22:33:20: [killlog.amxx] [VALET]: STEAM_0:0:947796992 joined [T]!
L 06/18/2020 - 22:33:23: [killlog.amxx] [VALET]:  round start [T] score: 6 [CT] score: 5!
L 06/18/2020 - 22:33:37: [killlog.amxx] [VALET]: [T]|STEAM_0:1:21335723 killed [T]|STEAM_0:1:433215089 with headshot using ak47!
L 06/18/2020 - 22:33:52: [killlog.amxx] [VALET]: [T]|STEAM_0:1:21335723 killed [T]|STEAM_0:1:484516970 with headshot using ak47!
L 06/18/2020 - 22:33:52: [killlog.amxx] [VALET]:  round end [T] score: 7 [CT] score: 5!
L 06/18/2020 - 22:33:57: [killlog.amxx] [VALET]: STEAM_0:1:433215089 joined [CT]!
L 06/18/2020 - 22:33:57: [killlog.amxx] [VALET]: STEAM_0:1:484516970 joined [CT]!
L 06/18/2020 - 22:33:57: [killlog.amxx] [VALET]: STEAM_0:1:484581202 joined [T]!
L 06/18/2020 - 22:33:57: [killlog.amxx] [VALET]: STEAM_0:1:21335723 joined [T]!
L 06/18/2020 - 22:33:57: [killlog.amxx] [VALET]: STEAM_0:0:947796992 joined [T]!
L 06/18/2020 - 22:34:00: [killlog.amxx] [VALET]:  round start [T] score: 7 [CT] score: 5!
L 06/18/2020 - 22:34:20: [killlog.amxx] [VALET]: [T]|STEAM_0:1:484581202 killed [T]|STEAM_0:1:433215089 with headshot using awp!
L 06/18/2020 - 22:34:21: [killlog.amxx] [VALET]: [T]|STEAM_0:0:947796992 killed [T]|STEAM_0:1:484516970 with headshot using ak47!
L 06/18/2020 - 22:34:21: [killlog.amxx] [VALET]:  round end [T] score: 8 [CT] score: 5!
L 06/18/2020 - 22:34:26: [killlog.amxx] [VALET]: STEAM_0:1:433215089 joined [CT]!
L 06/18/2020 - 22:34:26: [killlog.amxx] [VALET]: STEAM_0:1:484516970 joined [CT]!
L 06/18/2020 - 22:34:26: [killlog.amxx] [VALET]: STEAM_0:1:484581202 joined [T]!
L 06/18/2020 - 22:34:26: [killlog.amxx] [VALET]: STEAM_0:1:21335723 joined [T]!
L 06/18/2020 - 22:34:26: [killlog.amxx] [VALET]: STEAM_0:0:947796992 joined [T]!
L 06/18/2020 - 22:34:29: [killlog.amxx] [VALET]:  round start [T] score: 8 [CT] score: 5!
L 06/18/2020 - 22:34:30: [killlog.amxx] [VALET]: STEAM_0:1:433215089 joined [T]!
L 06/18/2020 - 22:34:30: [killlog.amxx] [VALET]: STEAM_0:1:484516970 joined [T]!
L 06/18/2020 - 22:34:30: [killlog.amxx] [VALET]: STEAM_0:1:484581202 joined [CT]!
L 06/18/2020 - 22:34:30: [killlog.amxx] [VALET]: STEAM_0:1:21335723 joined [CT]!
L 06/18/2020 - 22:34:30: [killlog.amxx] [VALET]: STEAM_0:0:947796992 joined [CT]!
L 06/18/2020 - 22:34:33: [killlog.amxx] [VALET]:  round start [T] score: 0 [CT] score: 0!
L 06/18/2020 - 22:34:58: [killlog.amxx] [VALET]: [T]|STEAM_0:1:433215089 killed [T]|STEAM_0:1:21335723 using deagle!
L 06/18/2020 - 22:35:23: [killlog.amxx] [VALET]: [CT]|STEAM_0:0:947796992 killed [CT]|STEAM_0:1:484516970 using usp!
L 06/18/2020 - 22:35:52: [killlog.amxx] [VALET]: [T]|STEAM_0:1:433215089 killed [T]|STEAM_0:1:484581202 using deagle!
L 06/18/2020 - 22:36:05: [killlog.amxx] [VALET]: [T]|STEAM_0:1:433215089 killed [T]|STEAM_0:0:947796992 using deagle!
L 06/18/2020 - 22:36:05: [killlog.amxx] [VALET]:  round end [T] score: 1 [CT] score: 0!
L 06/18/2020 - 22:36:10: [killlog.amxx] [VALET]: STEAM_0:1:433215089 joined [T]!
L 06/18/2020 - 22:36:10: [killlog.amxx] [VALET]: STEAM_0:1:484516970 joined [T]!
L 06/18/2020 - 22:36:10: [killlog.amxx] [VALET]: STEAM_0:1:484581202 joined [CT]!
L 06/18/2020 - 22:36:10: [killlog.amxx] [VALET]: STEAM_0:1:21335723 joined [CT]!
L 06/18/2020 - 22:36:10: [killlog.amxx] [VALET]: STEAM_0:0:947796992 joined [CT]!
L 06/18/2020 - 22:36:13: [killlog.amxx] [VALET]:  round start [T] score: 1 [CT] score: 0!
L 06/18/2020 - 22:37:40: [killlog.amxx] [VALET]: [CT]|STEAM_0:1:21335723 killed [CT]|STEAM_0:1:433215089 using deagle!
L 06/18/2020 - 22:37:43: [killlog.amxx] [VALET]: [CT]|STEAM_0:1:484581202 killed [CT]|STEAM_0:1:484516970 with headshot using usp!
L 06/18/2020 - 22:37:43: [killlog.amxx] [VALET]:  round end [T] score: 1 [CT] score: 1!
L 06/18/2020 - 22:37:48: [killlog.amxx] [VALET]: STEAM_0:1:433215089 joined [T]!
L 06/18/2020 - 22:37:48: [killlog.amxx] [VALET]: STEAM_0:1:484516970 joined [T]!
L 06/18/2020 - 22:37:48: [killlog.amxx] [VALET]: STEAM_0:1:484581202 joined [CT]!
L 06/18/2020 - 22:37:48: [killlog.amxx] [VALET]: STEAM_0:1:21335723 joined [CT]!
L 06/18/2020 - 22:37:48: [killlog.amxx] [VALET]: STEAM_0:0:947796992 joined [CT]!
L 06/18/2020 - 22:37:51: [killlog.amxx] [VALET]:  round start [T] score: 1 [CT] score: 1!
L 06/18/2020 - 22:38:14: [killlog.amxx] [VALET]: [CT]|STEAM_0:0:947796992 killed [CT]|STEAM_0:1:484516970 using ak47!
L 06/18/2020 - 22:39:17: [killlog.amxx] [VALET]: [CT]|STEAM_0:0:947796992 killed [CT]|STEAM_0:1:433215089 with headshot using ak47!
L 06/18/2020 - 22:39:17: [killlog.amxx] [VALET]:  round end [T] score: 1 [CT] score: 2!
L 06/18/2020 - 22:39:22: [killlog.amxx] [VALET]: STEAM_0:1:433215089 joined [T]!
L 06/18/2020 - 22:39:22: [killlog.amxx] [VALET]: STEAM_0:1:484516970 joined [T]!
L 06/18/2020 - 22:39:22: [killlog.amxx] [VALET]: STEAM_0:1:484581202 joined [CT]!
L 06/18/2020 - 22:39:22: [killlog.amxx] [VALET]: STEAM_0:1:21335723 joined [CT]!
L 06/18/2020 - 22:39:22: [killlog.amxx] [VALET]: STEAM_0:0:947796992 joined [CT]!
L 06/18/2020 - 22:39:25: [killlog.amxx] [VALET]:  round start [T] score: 1 [CT] score: 2!
L 06/18/2020 - 22:39:58: [killlog.amxx] [VALET]: [T]|STEAM_0:1:433215089 killed [T]|STEAM_0:0:947796992 with headshot using mp5navy!
L 06/18/2020 - 22:40:04: [killlog.amxx] [VALET]: [CT]|STEAM_0:1:21335723 killed [CT]|STEAM_0:1:433215089 using ak47!
L 06/18/2020 - 22:40:21: [killlog.amxx] [VALET]: [CT]|STEAM_0:1:21335723 killed [CT]|STEAM_0:1:484516970 using ak47!
L 06/18/2020 - 22:40:21: [killlog.amxx] [VALET]:  round end [T] score: 1 [CT] score: 3!
L 06/18/2020 - 22:40:26: [killlog.amxx] [VALET]: STEAM_0:1:433215089 joined [T]!
L 06/18/2020 - 22:40:26: [killlog.amxx] [VALET]: STEAM_0:1:484516970 joined [T]!
L 06/18/2020 - 22:40:26: [killlog.amxx] [VALET]: STEAM_0:1:484581202 joined [CT]!
L 06/18/2020 - 22:40:26: [killlog.amxx] [VALET]: STEAM_0:1:21335723 joined [CT]!
L 06/18/2020 - 22:40:26: [killlog.amxx] [VALET]: STEAM_0:0:947796992 joined [CT]!
L 06/18/2020 - 22:40:29: [killlog.amxx] [VALET]:  round start [T] score: 1 [CT] score: 3!
L 06/18/2020 - 22:40:49: [killlog.amxx] [VALET]: [CT]|STEAM_0:0:947796992 killed [CT]|STEAM_0:1:484516970 with headshot using m4a1!
L 06/18/2020 - 22:41:15: [killlog.amxx] [VALET]: [CT]|STEAM_0:1:21335723 killed [CT]|STEAM_0:1:433215089 using ak47!
L 06/18/2020 - 22:41:15: [killlog.amxx] [VALET]:  round end [T] score: 1 [CT] score: 4!
L 06/18/2020 - 22:41:20: [killlog.amxx] [VALET]: STEAM_0:1:433215089 joined [T]!
L 06/18/2020 - 22:41:20: [killlog.amxx] [VALET]: STEAM_0:1:484516970 joined [T]!
L 06/18/2020 - 22:41:20: [killlog.amxx] [VALET]: STEAM_0:1:484581202 joined [CT]!
L 06/18/2020 - 22:41:20: [killlog.amxx] [VALET]: STEAM_0:1:21335723 joined [CT]!
L 06/18/2020 - 22:41:20: [killlog.amxx] [VALET]: STEAM_0:0:947796992 joined [CT]!
L 06/18/2020 - 22:41:23: [killlog.amxx] [VALET]:  round start [T] score: 1 [CT] score: 4!
L 06/18/2020 - 22:42:00: [killlog.amxx] [VALET]: [CT]|STEAM_0:0:947796992 killed [CT]|STEAM_0:1:433215089 using m4a1!
L 06/18/2020 - 22:42:24: [killlog.amxx] [VALET]: [T]|STEAM_0:1:484516970 killed [T]|STEAM_0:1:484581202 with headshot using ak47!
L 06/18/2020 - 22:42:39: [killlog.amxx] [VALET]: [CT]|STEAM_0:0:947796992 killed [CT]|STEAM_0:1:484516970 with headshot using m4a1!
L 06/18/2020 - 22:42:39: [killlog.amxx] [VALET]:  round end [T] score: 1 [CT] score: 5!
L 06/18/2020 - 22:42:44: [killlog.amxx] [VALET]: STEAM_0:1:433215089 joined [T]!
L 06/18/2020 - 22:42:44: [killlog.amxx] [VALET]: STEAM_0:1:484516970 joined [T]!
L 06/18/2020 - 22:42:44: [killlog.amxx] [VALET]: STEAM_0:1:484581202 joined [CT]!
L 06/18/2020 - 22:42:44: [killlog.amxx] [VALET]: STEAM_0:1:21335723 joined [CT]!
L 06/18/2020 - 22:42:44: [killlog.amxx] [VALET]: STEAM_0:0:947796992 joined [CT]!
L 06/18/2020 - 22:42:47: [killlog.amxx] [VALET]:  round start [T] score: 1 [CT] score: 5!
L 06/18/2020 - 22:43:07: [killlog.amxx] [VALET]: [T]|STEAM_0:1:433215089 killed [T]|STEAM_0:0:947796992 using ak47!
L 06/18/2020 - 22:43:20: [killlog.amxx] [VALET]: [T]|STEAM_0:1:484516970 killed [T]|STEAM_0:1:21335723 using ak47!
L 06/18/2020 - 22:44:00: [killlog.amxx] [VALET]: [T]|STEAM_0:1:433215089 killed [T]|STEAM_0:1:484581202 using ak47!
L 06/18/2020 - 22:44:00: [killlog.amxx] [VALET]:  round end [T] score: 2 [CT] score: 5!
L 06/18/2020 - 22:44:05: [killlog.amxx] [VALET]: STEAM_0:1:433215089 joined [T]!
L 06/18/2020 - 22:44:05: [killlog.amxx] [VALET]: STEAM_0:1:484516970 joined [T]!
L 06/18/2020 - 22:44:05: [killlog.amxx] [VALET]: STEAM_0:1:484581202 joined [CT]!
L 06/18/2020 - 22:44:05: [killlog.amxx] [VALET]: STEAM_0:1:21335723 joined [CT]!
L 06/18/2020 - 22:44:05: [killlog.amxx] [VALET]: STEAM_0:0:947796992 joined [CT]!
L 06/18/2020 - 22:44:08: [killlog.amxx] [VALET]:  round start [T] score: 2 [CT] score: 5!
L 06/18/2020 - 22:44:20: [killlog.amxx] [VALET]: [T]|STEAM_0:1:433215089 killed [T]|STEAM_0:1:21335723 with headshot using awp!
L 06/18/2020 - 22:44:23: [killlog.amxx] [VALET]: [CT]|STEAM_0:1:484581202 killed [CT]|STEAM_0:1:484516970 with headshot using aug!
L 06/18/2020 - 22:44:24: [killlog.amxx] [VALET]: [T]|STEAM_0:1:433215089 killed [T]|STEAM_0:1:484581202 using awp!
L 06/18/2020 - 22:44:43: [killlog.amxx] [VALET]: [CT]|STEAM_0:0:947796992 killed [CT]|STEAM_0:1:433215089 with headshot using m4a1!
L 06/18/2020 - 22:44:43: [killlog.amxx] [VALET]:  round end [T] score: 2 [CT] score: 6!
L 06/18/2020 - 22:44:48: [killlog.amxx] [VALET]: STEAM_0:1:433215089 joined [T]!
L 06/18/2020 - 22:44:48: [killlog.amxx] [VALET]: STEAM_0:1:484516970 joined [T]!
L 06/18/2020 - 22:44:48: [killlog.amxx] [VALET]: STEAM_0:1:484581202 joined [CT]!
L 06/18/2020 - 22:44:48: [killlog.amxx] [VALET]: STEAM_0:1:21335723 joined [CT]!
L 06/18/2020 - 22:44:48: [killlog.amxx] [VALET]: STEAM_0:0:947796992 joined [CT]!
L 06/18/2020 - 22:44:51: [killlog.amxx] [VALET]:  round start [T] score: 2 [CT] score: 6!
L 06/18/2020 - 22:45:03: [killlog.amxx] [VALET]: [CT]|STEAM_0:1:484581202 killed [CT]|STEAM_0:1:433215089 using aug!
L 06/18/2020 - 22:45:15: [killlog.amxx] [VALET]: [T]|STEAM_0:1:484516970 killed [T]|STEAM_0:1:484581202 using ak47!
L 06/18/2020 - 22:45:31: [killlog.amxx] [VALET]: [CT]|STEAM_0:0:947796992 killed [CT]|STEAM_0:1:484516970 using m4a1!
L 06/18/2020 - 22:45:31: [killlog.amxx] [VALET]:  round end [T] score: 2 [CT] score: 7!
L 06/18/2020 - 22:45:36: [killlog.amxx] [VALET]: STEAM_0:1:433215089 joined [T]!
L 06/18/2020 - 22:45:36: [killlog.amxx] [VALET]: STEAM_0:1:484516970 joined [T]!
L 06/18/2020 - 22:45:36: [killlog.amxx] [VALET]: STEAM_0:1:484581202 joined [CT]!
L 06/18/2020 - 22:45:36: [killlog.amxx] [VALET]: STEAM_0:1:21335723 joined [CT]!
L 06/18/2020 - 22:45:36: [killlog.amxx] [VALET]: STEAM_0:0:947796992 joined [CT]!
L 06/18/2020 - 22:45:39: [killlog.amxx] [VALET]:  round start [T] score: 2 [CT] score: 7!
L 06/18/2020 - 22:45:57: [killlog.amxx] [VALET]: [T]|STEAM_0:1:433215089 killed [T]|STEAM_0:0:947796992 using ak47!
L 06/18/2020 - 22:46:01: [killlog.amxx] [VALET]: [CT]|STEAM_0:1:484581202 killed [CT]|STEAM_0:1:484516970 with headshot using aug!
L 06/18/2020 - 22:46:07: [killlog.amxx] [VALET]: [T]|STEAM_0:1:433215089 killed [T]|STEAM_0:1:484581202 using ak47!
L 06/18/2020 - 22:46:38: [killlog.amxx] [VALET]: [CT]|STEAM_0:1:21335723 killed [CT]|STEAM_0:1:433215089 using awp!
L 06/18/2020 - 22:46:38: [killlog.amxx] [VALET]:  round end [T] score: 2 [CT] score: 8!
L 06/18/2020 - 22:46:43: [killlog.amxx] [VALET]: STEAM_0:1:433215089 joined [T]!
L 06/18/2020 - 22:46:43: [killlog.amxx] [VALET]: STEAM_0:1:484516970 joined [T]!
L 06/18/2020 - 22:46:43: [killlog.amxx] [VALET]: STEAM_0:1:484581202 joined [CT]!
L 06/18/2020 - 22:46:43: [killlog.amxx] [VALET]: STEAM_0:1:21335723 joined [CT]!
L 06/18/2020 - 22:46:43: [killlog.amxx] [VALET]: STEAM_0:0:947796992 joined [CT]!
L 06/18/2020 - 22:46:46: [killlog.amxx] [VALET]:  round start [T] score: 2 [CT] score: 8!
L 06/18/2020 - 22:47:03: [killlog.amxx] [VALET]: STEAM_0:1:484516970 disconnected!
L 06/18/2020 - 22:47:08: [killlog.amxx] [VALET]: STEAM_0:1:484516970 joined [T]!
L 06/18/2020 - 22:47:09: [killlog.amxx] [VALET]: STEAM_0:1:484516970 joined [T]!
L 06/18/2020 - 22:47:11: [killlog.amxx] [VALET]: [T]|STEAM_0:1:433215089 killed [T]|STEAM_0:1:484581202 with headshot using ak47!
L 06/18/2020 - 22:47:13: [killlog.amxx] [VALET]: [CT]|STEAM_0:0:947796992 killed [CT]|STEAM_0:1:433215089 using m4a1!
L 06/18/2020 - 22:47:13: [killlog.amxx] [VALET]:  round end [T] score: 2 [CT] score: 9!
L 06/18/2020 - 22:47:18: [killlog.amxx] [VALET]: STEAM_0:1:433215089 joined [T]!
L 06/18/2020 - 22:47:18: [killlog.amxx] [VALET]: STEAM_0:1:484516970 joined [T]!
L 06/18/2020 - 22:47:18: [killlog.amxx] [VALET]: STEAM_0:1:484581202 joined [CT]!
L 06/18/2020 - 22:47:18: [killlog.amxx] [VALET]: STEAM_0:1:21335723 joined [CT]!
L 06/18/2020 - 22:47:18: [killlog.amxx] [VALET]: STEAM_0:0:947796992 joined [CT]!
L 06/18/2020 - 22:47:21: [killlog.amxx] [VALET]:  round start [T] score: 2 [CT] score: 9!
L 06/18/2020 - 22:47:43: [killlog.amxx] [VALET]: [CT]|STEAM_0:0:947796992 killed [CT]|STEAM_0:1:433215089 with headshot using m4a1!
L 06/18/2020 - 22:47:48: [killlog.amxx] [VALET]: [CT]|STEAM_0:0:947796992 killed [CT]|STEAM_0:1:484516970 with headshot using m4a1!
L 06/18/2020 - 22:47:48: [killlog.amxx] [VALET]:  round end [T] score: 2 [CT] score: 10!
L 06/18/2020 - 22:47:49: [killlog.amxx] [VALET]: STEAM_0:1:433215089 disconnected!
L 06/18/2020 - 22:47:52: [killlog.amxx] [VALET]: STEAM_0:1:484516970 joined [T]!
L 06/18/2020 - 22:47:52: [killlog.amxx] [VALET]: STEAM_0:1:484581202 joined [CT]!
L 06/18/2020 - 22:47:52: [killlog.amxx] [VALET]: STEAM_0:1:21335723 joined [CT]!
L 06/18/2020 - 22:47:52: [killlog.amxx] [VALET]: STEAM_0:0:947796992 joined [CT]!
L 06/18/2020 - 22:47:55: [killlog.amxx] [VALET]: STEAM_0:1:21335723 disconnected!
L 06/18/2020 - 22:47:56: [killlog.amxx] [VALET]:  round start [T] score: 2 [CT] score: 10!
L 06/18/2020 - 22:47:57: [killlog.amxx] [VALET]: STEAM_0:1:484516970 joined [CT]!
L 06/18/2020 - 22:47:57: [killlog.amxx] [VALET]: STEAM_0:1:484581202 joined [T]!
L 06/18/2020 - 22:47:57: [killlog.amxx] [VALET]: STEAM_0:0:947796992 joined [T]!
L 06/18/2020 - 22:48:00: [killlog.amxx] [VALET]:  round start [T] score: 0 [CT] score: 0!
L 06/18/2020 - 22:48:02: [killlog.amxx] [VALET]: STEAM_0:1:484581202 disconnected!
L 06/18/2020 - 22:48:24: [killlog.amxx] [VALET]: [CT]|STEAM_0:1:484516970 killed [CT]|STEAM_0:0:947796992 with headshot using deagle!
L 06/18/2020 - 22:48:24: [killlog.amxx] [VALET]:  round end [T] score: 0 [CT] score: 1!
L 06/18/2020 - 22:48:29: [killlog.amxx] [VALET]: STEAM_0:1:484516970 joined [CT]!
L 06/18/2020 - 22:48:29: [killlog.amxx] [VALET]: STEAM_0:0:947796992 joined [T]!
L 06/18/2020 - 22:48:32: [killlog.amxx] [VALET]:  round start [T] score: 0 [CT] score: 1!
L 06/18/2020 - 22:49:05: [killlog.amxx] [VALET]: [T]|STEAM_0:0:947796992 killed [T]|STEAM_0:1:484516970 using deagle!
L 06/18/2020 - 22:49:05: [killlog.amxx] [VALET]:  round end [T] score: 1 [CT] score: 1!
L 06/18/2020 - 22:49:10: [killlog.amxx] [VALET]: STEAM_0:1:484516970 joined [CT]!
L 06/18/2020 - 22:49:10: [killlog.amxx] [VALET]: STEAM_0:0:947796992 joined [T]!
L 06/18/2020 - 22:49:13: [killlog.amxx] [VALET]:  round start [T] score: 1 [CT] score: 1!
L 06/18/2020 - 22:49:55: [killlog.amxx] [VALET]: [T]|STEAM_0:0:947796992 killed [T]|STEAM_0:1:484516970 using deagle!
L 06/18/2020 - 22:49:55: [killlog.amxx] [VALET]:  round end [T] score: 2 [CT] score: 1!
L 06/18/2020 - 22:50:00: [killlog.amxx] [VALET]: STEAM_0:1:484516970 joined [CT]!
L 06/18/2020 - 22:50:00: [killlog.amxx] [VALET]: STEAM_0:0:947796992 joined [T]!
L 06/18/2020 - 22:50:03: [killlog.amxx] [VALET]:  round start [T] score: 2 [CT] score: 1!
L 06/18/2020 - 22:50:20: [killlog.amxx] [VALET]: [T]|STEAM_0:0:947796992 killed [T]|STEAM_0:1:484516970 using deagle!
L 06/18/2020 - 22:50:20: [killlog.amxx] [VALET]:  round end [T] score: 3 [CT] score: 1!
L 06/18/2020 - 22:50:24: [killlog.amxx] [VALET]: STEAM_0:0:145482538 joined [CT]!
L 06/18/2020 - 22:50:24: [killlog.amxx] [VALET]: STEAM_0:0:145482538 joined [CT]!
L 06/18/2020 - 22:50:25: [killlog.amxx] [VALET]: STEAM_0:0:145482538 joined [CT]!
L 06/18/2020 - 22:50:25: [killlog.amxx] [VALET]: STEAM_0:1:484516970 joined [CT]!
L 06/18/2020 - 22:50:25: [killlog.amxx] [VALET]: STEAM_0:0:947796992 joined [T]!
L 06/18/2020 - 22:50:28: [killlog.amxx] [VALET]:  round start [T] score: 3 [CT] score: 1!
L 06/18/2020 - 22:50:49: [killlog.amxx] [VALET]: [T]|STEAM_0:0:947796992 killed [T]|STEAM_0:1:484516970 using deagle!
L 06/18/2020 - 22:50:52: [killlog.amxx] [VALET]: [CT]|STEAM_0:0:145482538 killed [CT]|STEAM_0:0:947796992 using deagle!
L 06/18/2020 - 22:50:52: [killlog.amxx] [VALET]:  round end [T] score: 3 [CT] score: 2!
L 06/18/2020 - 22:50:57: [killlog.amxx] [VALET]: STEAM_0:0:145482538 joined [CT]!
L 06/18/2020 - 22:50:57: [killlog.amxx] [VALET]: STEAM_0:1:484516970 joined [CT]!
L 06/18/2020 - 22:50:57: [killlog.amxx] [VALET]: STEAM_0:0:947796992 joined [T]!
L 06/18/2020 - 22:51:00: [killlog.amxx] [VALET]:  round start [T] score: 3 [CT] score: 2!
L 06/18/2020 - 22:51:28: [killlog.amxx] [VALET]: [CT]|STEAM_0:0:145482538 killed [CT]|STEAM_0:0:947796992 with headshot using m4a1!
L 06/18/2020 - 22:51:28: [killlog.amxx] [VALET]:  round end [T] score: 3 [CT] score: 3!
L 06/18/2020 - 22:51:33: [killlog.amxx] [VALET]: STEAM_0:0:145482538 joined [CT]!
L 06/18/2020 - 22:51:33: [killlog.amxx] [VALET]: STEAM_0:1:484516970 joined [CT]!
L 06/18/2020 - 22:51:33: [killlog.amxx] [VALET]: STEAM_0:0:947796992 joined [T]!
L 06/18/2020 - 22:51:36: [killlog.amxx] [VALET]:  round start [T] score: 3 [CT] score: 3!
L 06/18/2020 - 22:52:18: [killlog.amxx] [VALET]: [T]|STEAM_0:0:947796992 killed [T]|STEAM_0:0:145482538 using ak47!
L 06/18/2020 - 22:52:38: [killlog.amxx] [VALET]: [CT]|STEAM_0:1:484516970 killed [CT]|STEAM_0:0:947796992 using m4a1!
L 06/18/2020 - 22:52:38: [killlog.amxx] [VALET]:  round end [T] score: 3 [CT] score: 4!
L 06/18/2020 - 22:52:43: [killlog.amxx] [VALET]: STEAM_0:0:145482538 joined [CT]!
L 06/18/2020 - 22:52:43: [killlog.amxx] [VALET]: STEAM_0:1:484516970 joined [CT]!
L 06/18/2020 - 22:52:43: [killlog.amxx] [VALET]: STEAM_0:0:947796992 joined [T]!
L 06/18/2020 - 22:52:46: [killlog.amxx] [VALET]:  round start [T] score: 3 [CT] score: 4!
L 06/18/2020 - 22:52:57: [killlog.amxx] [VALET]: [CT]|STEAM_0:1:484516970 killed [CT]|STEAM_0:0:947796992 using m4a1!
L 06/18/2020 - 22:52:57: [killlog.amxx] [VALET]:  round end [T] score: 3 [CT] score: 5!
L 06/18/2020 - 22:53:02: [killlog.amxx] [VALET]: STEAM_0:0:145482538 joined [CT]!
L 06/18/2020 - 22:53:02: [killlog.amxx] [VALET]: STEAM_0:1:484516970 joined [CT]!
L 06/18/2020 - 22:53:02: [killlog.amxx] [VALET]: STEAM_0:0:947796992 joined [T]!
L 06/18/2020 - 22:53:05: [killlog.amxx] [VALET]:  round start [T] score: 3 [CT] score: 5!
L 06/18/2020 - 22:53:29: [killlog.amxx] [VALET]: [T]|STEAM_0:0:947796992 killed [T]|STEAM_0:1:484516970 using ak47!
L 06/18/2020 - 22:54:07: [killlog.amxx] [VALET]: [CT]|STEAM_0:0:145482538 killed [CT]|STEAM_0:0:947796992 using awp!
L 06/18/2020 - 22:54:07: [killlog.amxx] [VALET]:  round end [T] score: 3 [CT] score: 6!
L 06/18/2020 - 22:54:12: [killlog.amxx] [VALET]: STEAM_0:0:145482538 joined [CT]!
L 06/18/2020 - 22:54:12: [killlog.amxx] [VALET]: STEAM_0:1:484516970 joined [CT]!
L 06/18/2020 - 22:54:12: [killlog.amxx] [VALET]: STEAM_0:0:947796992 joined [T]!
L 06/18/2020 - 22:54:15: [killlog.amxx] [VALET]:  round start [T] score: 3 [CT] score: 6!
L 06/18/2020 - 22:54:38: [killlog.amxx] [VALET]: [T]|STEAM_0:0:947796992 killed [T]|STEAM_0:1:484516970 using ak47!
L 06/18/2020 - 22:54:53: [killlog.amxx] [VALET]: [CT]|STEAM_0:0:145482538 killed [CT]|STEAM_0:0:947796992 using awp!
L 06/18/2020 - 22:54:53: [killlog.amxx] [VALET]:  round end [T] score: 3 [CT] score: 7!
L 06/18/2020 - 22:54:57: [killlog.amxx] [VALET]: STEAM_0:0:145482538 disconnected!
L 06/18/2020 - 22:54:58: [killlog.amxx] [VALET]: STEAM_0:1:484516970 joined [CT]!
L 06/18/2020 - 22:54:58: [killlog.amxx] [VALET]: STEAM_0:0:947796992 joined [T]!
L 06/18/2020 - 22:55:01: [killlog.amxx] [VALET]:  round start [T] score: 3 [CT] score: 7!
L 06/18/2020 - 22:55:26: [killlog.amxx] [VALET]: [T]|STEAM_0:0:947796992 killed [T]|STEAM_0:1:484516970 using ak47!
L 06/18/2020 - 22:55:26: [killlog.amxx] [VALET]:  round end [T] score: 4 [CT] score: 7!
L 06/18/2020 - 22:55:31: [killlog.amxx] [VALET]: STEAM_0:1:484516970 joined [CT]!
L 06/18/2020 - 22:55:31: [killlog.amxx] [VALET]: STEAM_0:0:947796992 joined [T]!
L 06/18/2020 - 22:55:34: [killlog.amxx] [VALET]:  round start [T] score: 4 [CT] score: 7!
L 06/18/2020 - 22:55:51: [killlog.amxx] [VALET]: [CT]|STEAM_0:1:484516970 killed [CT]|STEAM_0:0:947796992 with headshot using m4a1!
L 06/18/2020 - 22:55:51: [killlog.amxx] [VALET]:  round end [T] score: 4 [CT] score: 8!
L 06/18/2020 - 22:55:56: [killlog.amxx] [VALET]: STEAM_0:1:484516970 joined [CT]!
L 06/18/2020 - 22:55:56: [killlog.amxx] [VALET]: STEAM_0:0:947796992 joined [T]!
L 06/18/2020 - 22:55:59: [killlog.amxx] [VALET]:  round start [T] score: 4 [CT] score: 8!
L 06/18/2020 - 22:56:01: [killlog.amxx] [VALET]: STEAM_0:1:484516970 joined [T]!
L 06/18/2020 - 22:56:01: [killlog.amxx] [VALET]: STEAM_0:0:947796992 joined [CT]!
L 06/18/2020 - 22:56:04: [killlog.amxx] [VALET]:  round start [T] score: 0 [CT] score: 0!
L 06/18/2020 - 22:56:10: [killlog.amxx] [VALET]: STEAM_0:1:484516970 disconnected!
L 06/18/2020 - 22:56:18: [killlog.amxx] [VALET]: STEAM_0:0:947796992 disconnected!
L 06/18/2020 - 22:56:18: [killlog.amxx] [VALET]:  round end [T] score: 0 [CT] score: 0!
L 06/18/2020 - 22:56:26: [killlog.amxx] [VALET]:  round start [T] score: 0 [CT] score: 0!
L 06/18/2020 - 22:58:11: [killlog.amxx] [VALET]:  round end [T] score: 0 [CT] score: 0!
L 06/18/2020 - 22:58:19: [killlog.amxx] [VALET]:  round start [T] score: 0 [CT] score: 1!
L 06/18/2020 - 23:00:04: [killlog.amxx] [VALET]:  round end [T] score: 0 [CT] score: 1!
L 06/18/2020 - 23:00:12: [killlog.amxx] [VALET]:  round start [T] score: 0 [CT] score: 2!
L 06/18/2020 - 23:01:57: [killlog.amxx] [VALET]:  round end [T] score: 0 [CT] score: 2!
L 06/18/2020 - 23:02:05: [killlog.amxx] [VALET]:  round start [T] score: 0 [CT] score: 3!
L 06/18/2020 - 23:03:50: [killlog.amxx] [VALET]:  round end [T] score: 0 [CT] score: 3!
L 06/18/2020 - 23:03:58: [killlog.amxx] [VALET]:  round start [T] score: 0 [CT] score: 4!
L 06/18/2020 - 23:05:43: [killlog.amxx] [VALET]:  round end [T] score: 0 [CT] score: 4!
L 06/18/2020 - 23:05:51: [killlog.amxx] [VALET]:  round start [T] score: 0 [CT] score: 5!
L 06/18/2020 - 23:07:36: [killlog.amxx] [VALET]:  round end [T] score: 0 [CT] score: 5!
L 06/18/2020 - 23:07:44: [killlog.amxx] [VALET]:  round start [T] score: 0 [CT] score: 6!
L 06/18/2020 - 23:09:29: [killlog.amxx] [VALET]:  round end [T] score: 0 [CT] score: 6!
L 06/18/2020 - 23:09:37: [killlog.amxx] [VALET]:  round start [T] score: 0 [CT] score: 7!
L 06/18/2020 - 23:11:22: [killlog.amxx] [VALET]:  round end [T] score: 0 [CT] score: 7!
L 06/18/2020 - 23:11:30: [killlog.amxx] [VALET]:  round start [T] score: 0 [CT] score: 8!
L 06/18/2020 - 23:13:15: [killlog.amxx] [VALET]:  round end [T] score: 0 [CT] score: 8!
L 06/18/2020 - 23:13:23: [killlog.amxx] [VALET]:  round start [T] score: 0 [CT] score: 9!
L 06/18/2020 - 23:15:08: [killlog.amxx] [VALET]:  round end [T] score: 0 [CT] score: 9!
L 06/18/2020 - 23:15:16: [killlog.amxx] [VALET]:  round start [T] score: 0 [CT] score: 10!
L 06/18/2020 - 23:17:01: [killlog.amxx] [VALET]:  round end [T] score: 0 [CT] score: 10!
L 06/18/2020 - 23:17:09: [killlog.amxx] [VALET]:  round start [T] score: 0 [CT] score: 11!
L 06/18/2020 - 23:18:54: [killlog.amxx] [VALET]:  round end [T] score: 0 [CT] score: 11!
L 06/18/2020 - 23:19:02: [killlog.amxx] [VALET]:  round start [T] score: 0 [CT] score: 12!
L 06/18/2020 - 23:20:47: [killlog.amxx] [VALET]:  round end [T] score: 0 [CT] score: 12!
L 06/18/2020 - 23:20:55: [killlog.amxx] [VALET]:  round start [T] score: 0 [CT] score: 13!
L 06/18/2020 - 23:22:40: [killlog.amxx] [VALET]:  round end [T] score: 0 [CT] score: 13!
L 06/18/2020 - 23:22:48: [killlog.amxx] [VALET]:  round start [T] score: 0 [CT] score: 14!
L 06/18/2020 - 23:24:33: [killlog.amxx] [VALET]:  round end [T] score: 0 [CT] score: 14!
L 06/18/2020 - 23:24:41: [killlog.amxx] [VALET]:  round start [T] score: 0 [CT] score: 15!
L 06/18/2020 - 23:26:26: [killlog.amxx] [VALET]:  round end [T] score: 0 [CT] score: 15!
L 06/18/2020 - 23:26:34: [killlog.amxx] [VALET]:  round start [T] score: 0 [CT] score: 16!
L 06/18/2020 - 23:28:19: [killlog.amxx] [VALET]:  round end [T] score: 0 [CT] score: 16!
L 06/18/2020 - 23:28:27: [killlog.amxx] [VALET]:  round start [T] score: 0 [CT] score: 17!
L 06/18/2020 - 23:30:12: [killlog.amxx] [VALET]:  round end [T] score: 0 [CT] score: 17!
L 06/18/2020 - 23:30:20: [killlog.amxx] [VALET]:  round start [T] score: 0 [CT] score: 18!
L 06/18/2020 - 23:32:05: [killlog.amxx] [VALET]:  round end [T] score: 0 [CT] score: 18!
L 06/18/2020 - 23:32:13: [killlog.amxx] [VALET]:  round start [T] score: 0 [CT] score: 19!
L 06/18/2020 - 23:33:58: [killlog.amxx] [VALET]:  round end [T] score: 0 [CT] score: 19!
L 06/18/2020 - 23:34:06: [killlog.amxx] [VALET]:  round start [T] score: 0 [CT] score: 20!
L 06/18/2020 - 23:35:51: [killlog.amxx] [VALET]:  round end [T] score: 0 [CT] score: 20!
L 06/18/2020 - 23:35:59: [killlog.amxx] [VALET]:  round start [T] score: 0 [CT] score: 21!
L 06/18/2020 - 23:36:17: [mapchooser4.amxx] Vote: Voting for the nextmap started
L 06/18/2020 - 23:36:27: [mapchooser4.amxx] Vote: Voting for the nextmap finished. The nextmap will be de_cpl_mill
L 06/18/2020 - 23:37:44: [killlog.amxx] [VALET]:  round end [T] score: 0 [CT] score: 21!
L 06/18/2020 - 23:37:59: -------- Mapchange to de_cpl_mill --------
L 06/18/2020 - 23:38:00: [mapchooser4.amxx] Found 51 maps in maps folder
L 06/18/2020 - 23:38:04: [killlog.amxx] [VALET]:  round start [T] score: 0 [CT] score: 0!
L 06/18/2020 - 23:38:07: [mapchooser4.amxx] xvars for mapchooser 4 setuped.
L 06/18/2020 - 23:39:49: [killlog.amxx] [VALET]:  round end [T] score: 0 [CT] score: 0!
L 06/18/2020 - 23:39:57: [killlog.amxx] [VALET]:  round start [T] score: 0 [CT] score: 1!
L 06/18/2020 - 23:41:42: [killlog.amxx] [VALET]:  round end [T] score: 0 [CT] score: 1!
L 06/18/2020 - 23:41:50: [killlog.amxx] [VALET]:  round start [T] score: 0 [CT] score: 2!
L 06/18/2020 - 23:43:35: [killlog.amxx] [VALET]:  round end [T] score: 0 [CT] score: 2!
L 06/18/2020 - 23:43:43: [killlog.amxx] [VALET]:  round start [T] score: 0 [CT] score: 3!
L 06/18/2020 - 23:45:28: [killlog.amxx] [VALET]:  round end [T] score: 0 [CT] score: 3!
L 06/18/2020 - 23:45:36: [killlog.amxx] [VALET]:  round start [T] score: 0 [CT] score: 4!
L 06/18/2020 - 23:47:21: [killlog.amxx] [VALET]:  round end [T] score: 0 [CT] score: 4!
L 06/18/2020 - 23:47:29: [killlog.amxx] [VALET]:  round start [T] score: 0 [CT] score: 5!
L 06/18/2020 - 23:49:14: [killlog.amxx] [VALET]:  round end [T] score: 0 [CT] score: 5!
L 06/18/2020 - 23:49:22: [killlog.amxx] [VALET]:  round start [T] score: 0 [CT] score: 6!
L 06/18/2020 - 23:51:07: [killlog.amxx] [VALET]:  round end [T] score: 0 [CT] score: 6!
L 06/18/2020 - 23:51:15: [killlog.amxx] [VALET]:  round start [T] score: 0 [CT] score: 7!
L 06/18/2020 - 23:53:00: [killlog.amxx] [VALET]:  round end [T] score: 0 [CT] score: 7!
L 06/18/2020 - 23:53:08: [killlog.amxx] [VALET]:  round start [T] score: 0 [CT] score: 8!
L 06/18/2020 - 23:54:53: [killlog.amxx] [VALET]:  round end [T] score: 0 [CT] score: 8!
L 06/18/2020 - 23:55:01: [killlog.amxx] [VALET]:  round start [T] score: 0 [CT] score: 9!
L 06/18/2020 - 23:56:46: [killlog.amxx] [VALET]:  round end [T] score: 0 [CT] score: 9!
L 06/18/2020 - 23:56:54: [killlog.amxx] [VALET]:  round start [T] score: 0 [CT] score: 10!
L 06/18/2020 - 23:58:39: [killlog.amxx] [VALET]:  round end [T] score: 0 [CT] score: 10!
L 06/18/2020 - 23:58:47: [killlog.amxx] [VALET]:  round start [T] score: 0 [CT] score: 11!
