L 05/21/2020 - 00:02:49: [mapchooser4.amxx] Vote: Voting for the nextmap started
L 05/21/2020 - 00:02:51: [mapchooser4.amxx] [4ka] shura chose aim_headshot
L 05/21/2020 - 00:02:51: [mapchooser4.amxx] [4ka]lptsk chose aim_ak-colt
L 05/21/2020 - 00:02:53: [mapchooser4.amxx] KABAN chose to keep the current nextmap (de_cpl_mill)
L 05/21/2020 - 00:02:55: [mapchooser4.amxx] [4ka] Sanych chose aim_headshot
L 05/21/2020 - 00:02:55: [mapchooser4.amxx] [4ka]tsk chose de_train
L 05/21/2020 - 00:02:59: [mapchooser4.amxx] Vote: Voting for the nextmap finished. The nextmap will be aim_headshot
L 05/21/2020 - 00:04:48: -------- Mapchange to aim_headshot --------
L 05/21/2020 - 00:04:48: [mapchooser4.amxx] Found 51 maps in maps folder
L 05/21/2020 - 00:04:49: [admin.amxx] Login: "RAZ DVA<183><STEAM_0:1:55760822><>" became an admin (account "STEAM_0:1:55760822") (access "abcdefghijklmnopqrstu") (address "94.25.170.134")
L 05/21/2020 - 00:04:56: [mapchooser4.amxx] xvars for mapchooser 4 setuped.
L 05/21/2020 - 00:58:40: [mapchooser4.amxx] Vote: Voting for the nextmap started
L 05/21/2020 - 00:58:50: [mapchooser4.amxx] Vote: Voting for the nextmap finished. The nextmap will be de_dust
L 05/21/2020 - 01:00:57: -------- Mapchange to de_dust --------
L 05/21/2020 - 01:00:57: [mapchooser4.amxx] Found 51 maps in maps folder
L 05/21/2020 - 01:01:04: [mapchooser4.amxx] xvars for mapchooser 4 setuped.
L 05/21/2020 - 01:43:48: [mapchooser4.amxx] Vote: Voting for the nextmap started
L 05/21/2020 - 01:43:58: [mapchooser4.amxx] Vote: Voting for the nextmap finished. The nextmap will be de_dust2
L 05/21/2020 - 01:57:05: -------- Mapchange to de_dust2 --------
L 05/21/2020 - 01:57:05: [mapchooser4.amxx] Found 51 maps in maps folder
L 05/21/2020 - 01:57:12: [mapchooser4.amxx] xvars for mapchooser 4 setuped.
L 05/21/2020 - 02:39:56: [mapchooser4.amxx] Vote: Voting for the nextmap started
L 05/21/2020 - 02:40:06: [mapchooser4.amxx] Vote: Voting for the nextmap finished. The nextmap will be de_inferno
L 05/21/2020 - 02:53:13: -------- Mapchange to de_inferno --------
L 05/21/2020 - 02:53:13: [mapchooser4.amxx] Found 51 maps in maps folder
L 05/21/2020 - 02:53:20: [mapchooser4.amxx] xvars for mapchooser 4 setuped.
L 05/21/2020 - 03:36:05: [mapchooser4.amxx] Vote: Voting for the nextmap started
L 05/21/2020 - 03:36:15: [mapchooser4.amxx] Vote: Voting for the nextmap finished. The nextmap will be de_nuke
L 05/21/2020 - 03:49:22: -------- Mapchange to de_nuke --------
L 05/21/2020 - 03:49:22: [mapchooser4.amxx] Found 51 maps in maps folder
L 05/21/2020 - 03:49:29: [mapchooser4.amxx] xvars for mapchooser 4 setuped.
L 05/21/2020 - 04:32:13: [mapchooser4.amxx] Vote: Voting for the nextmap started
L 05/21/2020 - 04:32:23: [mapchooser4.amxx] Vote: Voting for the nextmap finished. The nextmap will be cs_assault
L 05/21/2020 - 04:45:30: -------- Mapchange to cs_assault --------
L 05/21/2020 - 04:45:30: [mapchooser4.amxx] Found 51 maps in maps folder
L 05/21/2020 - 04:45:37: [mapchooser4.amxx] xvars for mapchooser 4 setuped.
L 05/21/2020 - 05:28:21: [mapchooser4.amxx] Vote: Voting for the nextmap started
L 05/21/2020 - 05:28:31: [mapchooser4.amxx] Vote: Voting for the nextmap finished. The nextmap will be cs_italy
L 05/21/2020 - 05:41:38: -------- Mapchange to cs_italy --------
L 05/21/2020 - 05:41:39: [mapchooser4.amxx] Found 51 maps in maps folder
L 05/21/2020 - 05:41:46: [mapchooser4.amxx] xvars for mapchooser 4 setuped.
L 05/21/2020 - 06:24:30: [mapchooser4.amxx] Vote: Voting for the nextmap started
L 05/21/2020 - 06:24:40: [mapchooser4.amxx] Vote: Voting for the nextmap finished. The nextmap will be de_train
L 05/21/2020 - 06:37:47: -------- Mapchange to de_train --------
L 05/21/2020 - 06:37:47: [mapchooser4.amxx] Found 51 maps in maps folder
L 05/21/2020 - 06:37:54: [mapchooser4.amxx] xvars for mapchooser 4 setuped.
L 05/21/2020 - 07:20:38: [mapchooser4.amxx] Vote: Voting for the nextmap started
L 05/21/2020 - 07:20:48: [mapchooser4.amxx] Vote: Voting for the nextmap finished. The nextmap will be aim_ak-colt
L 05/21/2020 - 07:33:55: -------- Mapchange to aim_ak-colt --------
L 05/21/2020 - 07:33:55: [mapchooser4.amxx] Found 51 maps in maps folder
L 05/21/2020 - 07:34:02: [mapchooser4.amxx] xvars for mapchooser 4 setuped.
L 05/21/2020 - 08:16:46: [mapchooser4.amxx] Vote: Voting for the nextmap started
L 05/21/2020 - 08:16:56: [mapchooser4.amxx] Vote: Voting for the nextmap finished. The nextmap will be aim_aztecplace
L 05/21/2020 - 08:30:03: -------- Mapchange to aim_aztecplace --------
L 05/21/2020 - 08:30:03: [mapchooser4.amxx] Found 51 maps in maps folder
L 05/21/2020 - 08:30:11: [mapchooser4.amxx] xvars for mapchooser 4 setuped.
L 05/21/2020 - 09:12:55: [mapchooser4.amxx] Vote: Voting for the nextmap started
L 05/21/2020 - 09:13:05: [mapchooser4.amxx] Vote: Voting for the nextmap finished. The nextmap will be aim_headshot
L 05/21/2020 - 09:26:11: -------- Mapchange to aim_headshot --------
L 05/21/2020 - 09:26:12: [mapchooser4.amxx] Found 51 maps in maps folder
L 05/21/2020 - 09:26:19: [mapchooser4.amxx] xvars for mapchooser 4 setuped.
L 05/21/2020 - 10:09:03: [mapchooser4.amxx] Vote: Voting for the nextmap started
L 05/21/2020 - 10:09:13: [mapchooser4.amxx] Vote: Voting for the nextmap finished. The nextmap will be aim_map
L 05/21/2020 - 10:22:20: -------- Mapchange to aim_map --------
L 05/21/2020 - 10:22:20: [mapchooser4.amxx] Found 51 maps in maps folder
L 05/21/2020 - 10:22:27: [mapchooser4.amxx] xvars for mapchooser 4 setuped.
L 05/21/2020 - 11:05:11: [mapchooser4.amxx] Vote: Voting for the nextmap started
L 05/21/2020 - 11:05:21: [mapchooser4.amxx] Vote: Voting for the nextmap finished. The nextmap will be cs_16fighter
L 05/21/2020 - 11:18:28: -------- Mapchange to cs_16fighter --------
L 05/21/2020 - 11:18:28: [mapchooser4.amxx] Found 51 maps in maps folder
L 05/21/2020 - 11:18:35: [mapchooser4.amxx] xvars for mapchooser 4 setuped.
L 05/21/2020 - 12:01:19: [mapchooser4.amxx] Vote: Voting for the nextmap started
L 05/21/2020 - 12:01:29: [mapchooser4.amxx] Vote: Voting for the nextmap finished. The nextmap will be cs_pf_dust
L 05/21/2020 - 12:14:36: -------- Mapchange to cs_pf_dust --------
L 05/21/2020 - 12:14:36: [mapchooser4.amxx] Found 51 maps in maps folder
L 05/21/2020 - 12:14:43: [mapchooser4.amxx] xvars for mapchooser 4 setuped.
L 05/21/2020 - 12:57:27: [mapchooser4.amxx] Vote: Voting for the nextmap started
L 05/21/2020 - 12:57:37: [mapchooser4.amxx] Vote: Voting for the nextmap finished. The nextmap will be fy_iceworld_2002
L 05/21/2020 - 13:10:44: -------- Mapchange to fy_iceworld_2002 --------
L 05/21/2020 - 13:10:45: [mapchooser4.amxx] Found 51 maps in maps folder
L 05/21/2020 - 13:10:52: [mapchooser4.amxx] xvars for mapchooser 4 setuped.
L 05/21/2020 - 13:53:36: [mapchooser4.amxx] Vote: Voting for the nextmap started
L 05/21/2020 - 13:53:46: [mapchooser4.amxx] Vote: Voting for the nextmap finished. The nextmap will be cs_mansion
L 05/21/2020 - 14:06:53: -------- Mapchange to cs_mansion --------
L 05/21/2020 - 14:06:53: [mapchooser4.amxx] Found 51 maps in maps folder
L 05/21/2020 - 14:07:00: [mapchooser4.amxx] xvars for mapchooser 4 setuped.
L 05/21/2020 - 14:49:44: [mapchooser4.amxx] Vote: Voting for the nextmap started
L 05/21/2020 - 14:49:54: [mapchooser4.amxx] Vote: Voting for the nextmap finished. The nextmap will be de_mirage
L 05/21/2020 - 15:03:01: -------- Mapchange to de_mirage --------
L 05/21/2020 - 15:03:02: [mapchooser4.amxx] Found 51 maps in maps folder
L 05/21/2020 - 15:03:09: [mapchooser4.amxx] xvars for mapchooser 4 setuped.
L 05/21/2020 - 15:45:53: [mapchooser4.amxx] Vote: Voting for the nextmap started
L 05/21/2020 - 15:46:03: [mapchooser4.amxx] Vote: Voting for the nextmap finished. The nextmap will be fy_snow
L 05/21/2020 - 15:59:10: -------- Mapchange to fy_snow --------
L 05/21/2020 - 15:59:10: [mapchooser4.amxx] Found 51 maps in maps folder
L 05/21/2020 - 15:59:17: [mapchooser4.amxx] xvars for mapchooser 4 setuped.
L 05/21/2020 - 16:42:01: [mapchooser4.amxx] Vote: Voting for the nextmap started
L 05/21/2020 - 16:42:11: [mapchooser4.amxx] Vote: Voting for the nextmap finished. The nextmap will be de_dust2_2x2
L 05/21/2020 - 16:55:18: -------- Mapchange to de_dust2_2x2 --------
L 05/21/2020 - 16:55:18: [mapchooser4.amxx] Found 51 maps in maps folder
L 05/21/2020 - 16:55:25: [mapchooser4.amxx] xvars for mapchooser 4 setuped.
L 05/21/2020 - 17:38:49: [mapchooser4.amxx] Vote: Voting for the nextmap started
L 05/21/2020 - 17:38:59: [mapchooser4.amxx] Vote: Voting for the nextmap finished. The nextmap will be de_inferno_2x2
L 05/21/2020 - 17:52:06: -------- Mapchange to de_inferno_2x2 --------
L 05/21/2020 - 17:52:06: [mapchooser4.amxx] Found 51 maps in maps folder
L 05/21/2020 - 17:52:13: [mapchooser4.amxx] xvars for mapchooser 4 setuped.
L 05/21/2020 - 18:34:57: [mapchooser4.amxx] Vote: Voting for the nextmap started
L 05/21/2020 - 18:35:07: [mapchooser4.amxx] Vote: Voting for the nextmap finished. The nextmap will be de_sniper
L 05/21/2020 - 18:48:15: -------- Mapchange to de_sniper --------
L 05/21/2020 - 18:48:15: [mapchooser4.amxx] Found 51 maps in maps folder
L 05/21/2020 - 18:48:22: [mapchooser4.amxx] xvars for mapchooser 4 setuped.
L 05/21/2020 - 19:31:06: [mapchooser4.amxx] Vote: Voting for the nextmap started
L 05/21/2020 - 19:31:16: [mapchooser4.amxx] Vote: Voting for the nextmap finished. The nextmap will be de_snipe_it5
L 05/21/2020 - 19:44:23: -------- Mapchange to de_snipe_it5 --------
L 05/21/2020 - 19:44:23: [mapchooser4.amxx] Found 51 maps in maps folder
L 05/21/2020 - 19:44:31: [mapchooser4.amxx] xvars for mapchooser 4 setuped.
L 05/21/2020 - 20:08:34: -------- Mapchange to de_dust2_2x2 --------
L 05/21/2020 - 20:08:34: [mapchooser4.amxx] Found 51 maps in maps folder
L 05/21/2020 - 20:08:41: [mapchooser4.amxx] xvars for mapchooser 4 setuped.
L 05/21/2020 - 20:16:48: -------- Mapchange to de_dust2_2x2 --------
L 05/21/2020 - 20:16:48: [mapchooser4.amxx] Found 51 maps in maps folder
L 05/21/2020 - 20:16:55: -------- Mapchange to de_dust2_2x2 --------
L 05/21/2020 - 20:16:55: [mapchooser4.amxx] Found 51 maps in maps folder
L 05/21/2020 - 20:17:02: [mapchooser4.amxx] xvars for mapchooser 4 setuped.
L 05/21/2020 - 20:17:46: [admin.amxx] Login: "RAZ DVA<190><STEAM_0:1:55760822><>" became an admin (account "STEAM_0:1:55760822") (access "abcdefghijklmnopqrstu") (address "94.25.171.74")
L 05/21/2020 - 20:19:01: [admincmd.amxx] Cmd: "RAZ DVA<190><STEAM_0:1:55760822><>" changelevel "de_dust2"
L 05/21/2020 - 20:19:03: -------- Mapchange to de_dust2 --------
L 05/21/2020 - 20:19:03: [mapchooser4.amxx] Found 51 maps in maps folder
L 05/21/2020 - 20:19:03: [admin.amxx] Login: "RAZ DVA<190><STEAM_0:1:55760822><>" became an admin (account "STEAM_0:1:55760822") (access "abcdefghijklmnopqrstu") (address "94.25.171.74")
L 05/21/2020 - 20:19:10: [mapchooser4.amxx] xvars for mapchooser 4 setuped.
L 05/21/2020 - 20:19:28: [admincmd.amxx] Cmd: "RAZ DVA<190><STEAM_0:1:55760822><>" changelevel "de_dust2_2x2"
L 05/21/2020 - 20:19:30: -------- Mapchange to de_dust2_2x2 --------
L 05/21/2020 - 20:19:30: [mapchooser4.amxx] Found 51 maps in maps folder
L 05/21/2020 - 20:19:30: [admin.amxx] Login: "RAZ DVA<190><STEAM_0:1:55760822><>" became an admin (account "STEAM_0:1:55760822") (access "abcdefghijklmnopqrstu") (address "94.25.171.74")
L 05/21/2020 - 20:19:37: [mapchooser4.amxx] xvars for mapchooser 4 setuped.
L 05/21/2020 - 20:22:35: [admincmd.amxx] Cmd: "RAZ DVA<190><STEAM_0:1:55760822><>" changelevel "de_dust2_2x2"
L 05/21/2020 - 20:22:37: -------- Mapchange to de_dust2_2x2 --------
L 05/21/2020 - 20:22:37: [mapchooser4.amxx] Found 51 maps in maps folder
L 05/21/2020 - 20:22:37: [admin.amxx] Login: "RAZ DVA<190><STEAM_0:1:55760822><>" became an admin (account "STEAM_0:1:55760822") (access "abcdefghijklmnopqrstu") (address "94.25.171.74")
L 05/21/2020 - 20:22:44: [autorr.amxx] Cmd: "RAZ DVA<190><STEAM_0:1:55760822><>" used amx_switchall to switch all players to the opposite team
L 05/21/2020 - 20:22:44: [mapchooser4.amxx] xvars for mapchooser 4 setuped.
L 05/21/2020 - 20:22:52: [autorr.amxx] Cmd: "RAZ DVA<190><STEAM_0:1:55760822><>" used amx_switchall to switch all players to the opposite team
L 05/21/2020 - 20:23:55: [autorr.amxx] Cmd: "RAZ DVA<190><STEAM_0:1:55760822><>" used amx_switchall to switch all players to the opposite team
L 05/21/2020 - 20:24:47: [autorr.amxx] Cmd: "RAZ DVA<190><STEAM_0:1:55760822><>" used amx_restart to restart the game at round 1
L 05/21/2020 - 20:35:16: [admincmd.amxx] Cmd: "RAZ DVA<190><STEAM_0:1:55760822><>" set cvar (name "mp_forcecamera") (value "1")
L 05/21/2020 - 21:07:43: [mapchooser4.amxx] Vote: Voting for the nextmap started
L 05/21/2020 - 21:07:46: [mapchooser4.amxx] Jeroz chose de_cbble
L 05/21/2020 - 21:07:46: [mapchooser4.amxx] Frap chose de_cbble
L 05/21/2020 - 21:07:48: [mapchooser4.amxx] KABAN chose aim_aztecplace
L 05/21/2020 - 21:07:48: [mapchooser4.amxx] necnec chose de_cbble
L 05/21/2020 - 21:07:49: [mapchooser4.amxx] RAZ DVA chose fy_train
L 05/21/2020 - 21:07:49: [mapchooser4.amxx] [4ka] Sanych chose aim_aztecplace
L 05/21/2020 - 21:07:53: [mapchooser4.amxx] Vote: Voting for the nextmap finished. The nextmap will be de_cbble
L 05/21/2020 - 21:08:29: -------- Mapchange to de_inferno --------
L 05/21/2020 - 21:08:29: [mapchooser4.amxx] Found 51 maps in maps folder
L 05/21/2020 - 21:08:29: [admin.amxx] Login: "RAZ DVA<190><STEAM_0:1:55760822><>" became an admin (account "STEAM_0:1:55760822") (access "abcdefghijklmnopqrstu") (address "94.25.171.74")
L 05/21/2020 - 21:08:36: [mapchooser4.amxx] xvars for mapchooser 4 setuped.
L 05/21/2020 - 21:51:50: [mapchooser4.amxx] Vote: Voting for the nextmap started
L 05/21/2020 - 21:51:52: [mapchooser4.amxx] RAZ DVA chose de_sniper
L 05/21/2020 - 21:51:53: [mapchooser4.amxx] [4ka] Sanych chose de_sniper
L 05/21/2020 - 21:51:53: [mapchooser4.amxx] Frap chose cs_mansion
L 05/21/2020 - 21:51:59: [mapchooser4.amxx] Morpheme chose de_cpl_mill
L 05/21/2020 - 21:52:00: [mapchooser4.amxx] KABAN chose cs_mansion
L 05/21/2020 - 21:52:00: [mapchooser4.amxx] Vote: Voting for the nextmap finished. The nextmap will be de_sniper
L 05/21/2020 - 21:53:49: -------- Mapchange to de_sniper --------
L 05/21/2020 - 21:53:49: [mapchooser4.amxx] Found 51 maps in maps folder
L 05/21/2020 - 21:53:50: [admin.amxx] Login: "RAZ DVA<190><STEAM_0:1:55760822><>" became an admin (account "STEAM_0:1:55760822") (access "abcdefghijklmnopqrstu") (address "94.25.171.74")
L 05/21/2020 - 21:53:56: -------- Mapchange to de_aztec --------
L 05/21/2020 - 21:53:56: [mapchooser4.amxx] Found 51 maps in maps folder
L 05/21/2020 - 21:53:56: [admin.amxx] Login: "RAZ DVA<190><STEAM_0:1:55760822><>" became an admin (account "STEAM_0:1:55760822") (access "abcdefghijklmnopqrstu") (address "94.25.171.74")
L 05/21/2020 - 21:54:03: [mapchooser4.amxx] xvars for mapchooser 4 setuped.
L 05/21/2020 - 22:58:32: [mapchooser4.amxx] Vote: Voting for the nextmap started
L 05/21/2020 - 22:58:42: [mapchooser4.amxx] Vote: Voting for the nextmap finished. The nextmap will be de_dust
L 05/21/2020 - 23:00:42: -------- Mapchange to de_dust --------
L 05/21/2020 - 23:00:42: [mapchooser4.amxx] Found 51 maps in maps folder
L 05/21/2020 - 23:00:49: [mapchooser4.amxx] xvars for mapchooser 4 setuped.
L 05/21/2020 - 23:43:34: [mapchooser4.amxx] Vote: Voting for the nextmap started
L 05/21/2020 - 23:43:44: [mapchooser4.amxx] Vote: Voting for the nextmap finished. The nextmap will be de_dust2
