L 04/17/2020 - 00:05:35: [mapchooser.amxx] Vote: Voting for the nextmap started
L 04/17/2020 - 00:05:50: [mapchooser.amxx] Vote: Voting for the nextmap finished. The nextmap will be fy_pool_day
L 04/17/2020 - 00:08:29: -------- Mapchange to fy_pool_day --------
L 04/17/2020 - 00:36:29: [mapchooser.amxx] Vote: Voting for the nextmap started
L 04/17/2020 - 00:36:44: [mapchooser.amxx] Vote: Voting for the nextmap finished. The nextmap will be cs_militia
L 04/17/2020 - 00:39:24: -------- Mapchange to cs_militia --------
L 04/17/2020 - 01:07:23: [mapchooser.amxx] Vote: Voting for the nextmap started
L 04/17/2020 - 01:07:38: [mapchooser.amxx] Vote: Voting for the nextmap finished. The nextmap will be de_train
L 04/17/2020 - 01:10:18: -------- Mapchange to de_train --------
L 04/17/2020 - 01:38:18: [mapchooser.amxx] Vote: Voting for the nextmap started
L 04/17/2020 - 01:38:33: [mapchooser.amxx] Vote: Voting for the nextmap finished. The nextmap will be aim_ak-colt
L 04/17/2020 - 01:41:13: -------- Mapchange to aim_ak-colt --------
L 04/17/2020 - 02:09:12: [mapchooser.amxx] Vote: Voting for the nextmap started
L 04/17/2020 - 02:09:27: [mapchooser.amxx] Vote: Voting for the nextmap finished. The nextmap will be aim_headshot
L 04/17/2020 - 02:12:07: -------- Mapchange to aim_headshot --------
L 04/17/2020 - 02:40:07: [mapchooser.amxx] Vote: Voting for the nextmap started
L 04/17/2020 - 02:40:22: [mapchooser.amxx] Vote: Voting for the nextmap finished. The nextmap will be aim_map
L 04/17/2020 - 02:43:01: -------- Mapchange to aim_map --------
L 04/17/2020 - 03:11:01: [mapchooser.amxx] Vote: Voting for the nextmap started
L 04/17/2020 - 03:11:16: [mapchooser.amxx] Vote: Voting for the nextmap finished. The nextmap will be cs_16fighter
L 04/17/2020 - 03:13:55: -------- Mapchange to cs_16fighter --------
L 04/17/2020 - 03:41:55: [mapchooser.amxx] Vote: Voting for the nextmap started
L 04/17/2020 - 03:42:10: [mapchooser.amxx] Vote: Voting for the nextmap finished. The nextmap will be cs_pf_dust
L 04/17/2020 - 03:44:50: -------- Mapchange to cs_pf_dust --------
L 04/17/2020 - 04:12:49: [mapchooser.amxx] Vote: Voting for the nextmap started
L 04/17/2020 - 04:13:04: [mapchooser.amxx] Vote: Voting for the nextmap finished. The nextmap will be fy_iceworld_2002
L 04/17/2020 - 04:15:44: -------- Mapchange to fy_iceworld_2002 --------
L 04/17/2020 - 04:43:43: [mapchooser.amxx] Vote: Voting for the nextmap started
L 04/17/2020 - 04:43:58: [mapchooser.amxx] Vote: Voting for the nextmap finished. The nextmap will be cs_mansion
L 04/17/2020 - 04:46:38: -------- Mapchange to cs_mansion --------
L 04/17/2020 - 05:14:39: [mapchooser.amxx] Vote: Voting for the nextmap started
L 04/17/2020 - 05:14:54: [mapchooser.amxx] Vote: Voting for the nextmap finished. The nextmap will be de_dust2_2x2
L 04/17/2020 - 05:17:33: -------- Mapchange to de_dust2_2x2 --------
L 04/17/2020 - 05:45:33: [mapchooser.amxx] Vote: Voting for the nextmap started
L 04/17/2020 - 05:45:48: [mapchooser.amxx] Vote: Voting for the nextmap finished. The nextmap will be de_inferno_2x2
L 04/17/2020 - 05:48:28: -------- Mapchange to de_inferno_2x2 --------
L 04/17/2020 - 06:16:29: [mapchooser.amxx] Vote: Voting for the nextmap started
L 04/17/2020 - 06:16:44: [mapchooser.amxx] Vote: Voting for the nextmap finished. The nextmap will be de_sniper
L 04/17/2020 - 06:19:24: -------- Mapchange to de_sniper --------
L 04/17/2020 - 06:47:24: [mapchooser.amxx] Vote: Voting for the nextmap started
L 04/17/2020 - 06:47:39: [mapchooser.amxx] Vote: Voting for the nextmap finished. The nextmap will be de_snipe_it5
L 04/17/2020 - 06:50:19: -------- Mapchange to de_snipe_it5 --------
L 04/17/2020 - 07:18:18: [mapchooser.amxx] Vote: Voting for the nextmap started
L 04/17/2020 - 07:18:33: [mapchooser.amxx] Vote: Voting for the nextmap finished. The nextmap will be de_mipt
L 04/17/2020 - 07:21:13: -------- Mapchange to de_mipt --------
L 04/17/2020 - 07:49:13: [mapchooser.amxx] Vote: Voting for the nextmap started
L 04/17/2020 - 07:49:28: [mapchooser.amxx] Vote: Voting for the nextmap finished. The nextmap will be cs_discounter
L 04/17/2020 - 07:52:08: -------- Mapchange to cs_discounter --------
L 04/17/2020 - 08:20:07: [mapchooser.amxx] Vote: Voting for the nextmap started
L 04/17/2020 - 08:20:22: [mapchooser.amxx] Vote: Voting for the nextmap finished. The nextmap will be cs_rats2
L 04/17/2020 - 08:23:02: -------- Mapchange to cs_rats2 --------
L 04/17/2020 - 08:51:02: [mapchooser.amxx] Vote: Voting for the nextmap started
L 04/17/2020 - 08:51:17: [mapchooser.amxx] Vote: Voting for the nextmap finished. The nextmap will be de_aztec
L 04/17/2020 - 08:53:57: -------- Mapchange to de_aztec --------
L 04/17/2020 - 09:21:56: [mapchooser.amxx] Vote: Voting for the nextmap started
L 04/17/2020 - 09:22:11: [mapchooser.amxx] Vote: Voting for the nextmap finished. The nextmap will be cs_siege
L 04/17/2020 - 09:24:51: -------- Mapchange to cs_siege --------
L 04/17/2020 - 09:52:50: [mapchooser.amxx] Vote: Voting for the nextmap started
L 04/17/2020 - 09:53:05: [mapchooser.amxx] Vote: Voting for the nextmap finished. The nextmap will be de_cbble
L 04/17/2020 - 09:55:45: -------- Mapchange to de_cbble --------
L 04/17/2020 - 10:23:44: [mapchooser.amxx] Vote: Voting for the nextmap started
L 04/17/2020 - 10:23:59: [mapchooser.amxx] Vote: Voting for the nextmap finished. The nextmap will be de_dust
L 04/17/2020 - 10:26:39: -------- Mapchange to de_dust --------
L 04/17/2020 - 10:54:40: [mapchooser.amxx] Vote: Voting for the nextmap started
L 04/17/2020 - 10:54:55: [mapchooser.amxx] Vote: Voting for the nextmap finished. The nextmap will be de_rats
L 04/17/2020 - 10:57:35: -------- Mapchange to de_rats --------
L 04/17/2020 - 11:25:36: [mapchooser.amxx] Vote: Voting for the nextmap started
L 04/17/2020 - 11:25:51: [mapchooser.amxx] Vote: Voting for the nextmap finished. The nextmap will be de_prodigy
L 04/17/2020 - 11:28:31: -------- Mapchange to de_prodigy --------
L 04/17/2020 - 11:56:30: [mapchooser.amxx] Vote: Voting for the nextmap started
L 04/17/2020 - 11:56:45: [mapchooser.amxx] Vote: Voting for the nextmap finished. The nextmap will be cs_assault
L 04/17/2020 - 11:59:25: -------- Mapchange to cs_assault --------
L 04/17/2020 - 12:27:25: [mapchooser.amxx] Vote: Voting for the nextmap started
L 04/17/2020 - 12:27:40: [mapchooser.amxx] Vote: Voting for the nextmap finished. The nextmap will be cs_italy
L 04/17/2020 - 12:30:20: -------- Mapchange to cs_italy --------
L 04/17/2020 - 12:58:20: [mapchooser.amxx] Vote: Voting for the nextmap started
L 04/17/2020 - 12:58:35: [mapchooser.amxx] Vote: Voting for the nextmap finished. The nextmap will be cs_estate
L 04/17/2020 - 13:01:15: -------- Mapchange to cs_estate --------
L 04/17/2020 - 13:29:14: [mapchooser.amxx] Vote: Voting for the nextmap started
L 04/17/2020 - 13:29:29: [mapchooser.amxx] Vote: Voting for the nextmap finished. The nextmap will be fy_pool_day
L 04/17/2020 - 13:32:09: -------- Mapchange to fy_pool_day --------
L 04/17/2020 - 14:00:08: [mapchooser.amxx] Vote: Voting for the nextmap started
L 04/17/2020 - 14:00:23: [mapchooser.amxx] Vote: Voting for the nextmap finished. The nextmap will be cs_militia
L 04/17/2020 - 14:03:04: -------- Mapchange to cs_militia --------
L 04/17/2020 - 14:31:03: [mapchooser.amxx] Vote: Voting for the nextmap started
L 04/17/2020 - 14:31:18: [mapchooser.amxx] Vote: Voting for the nextmap finished. The nextmap will be de_train
L 04/17/2020 - 14:33:58: -------- Mapchange to de_train --------
L 04/17/2020 - 15:01:57: [mapchooser.amxx] Vote: Voting for the nextmap started
L 04/17/2020 - 15:02:13: [mapchooser.amxx] Vote: Voting for the nextmap finished. The nextmap will be aim_ak-colt
L 04/17/2020 - 15:04:52: -------- Mapchange to aim_ak-colt --------
L 04/17/2020 - 15:32:53: [mapchooser.amxx] Vote: Voting for the nextmap started
L 04/17/2020 - 15:33:08: [mapchooser.amxx] Vote: Voting for the nextmap finished. The nextmap will be aim_headshot
L 04/17/2020 - 15:35:48: -------- Mapchange to aim_headshot --------
L 04/17/2020 - 16:03:48: [mapchooser.amxx] Vote: Voting for the nextmap started
L 04/17/2020 - 16:04:03: [mapchooser.amxx] Vote: Voting for the nextmap finished. The nextmap will be aim_map
L 04/17/2020 - 16:06:43: -------- Mapchange to aim_map --------
L 04/17/2020 - 16:34:42: [mapchooser.amxx] Vote: Voting for the nextmap started
L 04/17/2020 - 16:34:57: [mapchooser.amxx] Vote: Voting for the nextmap finished. The nextmap will be cs_16fighter
L 04/17/2020 - 16:37:37: -------- Mapchange to cs_16fighter --------
L 04/17/2020 - 17:05:36: [mapchooser.amxx] Vote: Voting for the nextmap started
L 04/17/2020 - 17:05:51: [mapchooser.amxx] Vote: Voting for the nextmap finished. The nextmap will be cs_pf_dust
L 04/17/2020 - 17:08:31: -------- Mapchange to cs_pf_dust --------
