L 04/13/2020 - 00:03:34: [mapchooser.amxx] Vote: Voting for the nextmap started
L 04/13/2020 - 00:03:49: [mapchooser.amxx] Vote: Voting for the nextmap finished. The nextmap will be cs_siege
L 04/13/2020 - 00:05:53: -------- Mapchange to cs_siege --------
L 04/13/2020 - 00:33:52: [mapchooser.amxx] Vote: Voting for the nextmap started
L 04/13/2020 - 00:34:07: [mapchooser.amxx] Vote: Voting for the nextmap finished. The nextmap will be de_cbble
L 04/13/2020 - 00:36:11: -------- Mapchange to de_cbble --------
L 04/13/2020 - 01:04:10: [mapchooser.amxx] Vote: Voting for the nextmap started
L 04/13/2020 - 01:04:25: [mapchooser.amxx] Vote: Voting for the nextmap finished. The nextmap will be de_dust
L 04/13/2020 - 01:06:28: -------- Mapchange to de_dust --------
L 04/13/2020 - 01:34:28: [mapchooser.amxx] Vote: Voting for the nextmap started
L 04/13/2020 - 01:34:43: [mapchooser.amxx] Vote: Voting for the nextmap finished. The nextmap will be de_rats
L 04/13/2020 - 01:36:47: -------- Mapchange to de_rats --------
L 04/13/2020 - 02:04:47: [mapchooser.amxx] Vote: Voting for the nextmap started
L 04/13/2020 - 02:05:02: [mapchooser.amxx] Vote: Voting for the nextmap finished. The nextmap will be de_prodigy
L 04/13/2020 - 02:07:06: -------- Mapchange to de_prodigy --------
L 04/13/2020 - 02:35:05: [mapchooser.amxx] Vote: Voting for the nextmap started
L 04/13/2020 - 02:35:20: [mapchooser.amxx] Vote: Voting for the nextmap finished. The nextmap will be cs_assault
L 04/13/2020 - 02:37:24: -------- Mapchange to cs_assault --------
L 04/13/2020 - 03:05:23: [mapchooser.amxx] Vote: Voting for the nextmap started
L 04/13/2020 - 03:05:38: [mapchooser.amxx] Vote: Voting for the nextmap finished. The nextmap will be cs_italy
L 04/13/2020 - 03:07:42: -------- Mapchange to cs_italy --------
L 04/13/2020 - 03:35:41: [mapchooser.amxx] Vote: Voting for the nextmap started
L 04/13/2020 - 03:35:56: [mapchooser.amxx] Vote: Voting for the nextmap finished. The nextmap will be cs_estate
L 04/13/2020 - 03:38:00: -------- Mapchange to cs_estate --------
L 04/13/2020 - 04:05:59: [mapchooser.amxx] Vote: Voting for the nextmap started
L 04/13/2020 - 04:06:14: [mapchooser.amxx] Vote: Voting for the nextmap finished. The nextmap will be fy_pool_day
L 04/13/2020 - 04:08:18: -------- Mapchange to fy_pool_day --------
L 04/13/2020 - 04:36:17: [mapchooser.amxx] Vote: Voting for the nextmap started
L 04/13/2020 - 04:36:32: [mapchooser.amxx] Vote: Voting for the nextmap finished. The nextmap will be cs_militia
L 04/13/2020 - 04:38:36: -------- Mapchange to cs_militia --------
L 04/13/2020 - 05:06:35: [mapchooser.amxx] Vote: Voting for the nextmap started
L 04/13/2020 - 05:06:50: [mapchooser.amxx] Vote: Voting for the nextmap finished. The nextmap will be de_train
L 04/13/2020 - 05:08:54: -------- Mapchange to de_train --------
L 04/13/2020 - 05:36:53: [mapchooser.amxx] Vote: Voting for the nextmap started
L 04/13/2020 - 05:37:08: [mapchooser.amxx] Vote: Voting for the nextmap finished. The nextmap will be aim_ak-colt
L 04/13/2020 - 05:39:12: -------- Mapchange to aim_ak-colt --------
L 04/13/2020 - 06:07:11: [mapchooser.amxx] Vote: Voting for the nextmap started
L 04/13/2020 - 06:07:26: [mapchooser.amxx] Vote: Voting for the nextmap finished. The nextmap will be aim_headshot
L 04/13/2020 - 06:09:29: -------- Mapchange to aim_headshot --------
L 04/13/2020 - 06:37:29: [mapchooser.amxx] Vote: Voting for the nextmap started
L 04/13/2020 - 06:37:44: [mapchooser.amxx] Vote: Voting for the nextmap finished. The nextmap will be aim_map
L 04/13/2020 - 06:39:47: -------- Mapchange to aim_map --------
L 04/13/2020 - 07:07:46: [mapchooser.amxx] Vote: Voting for the nextmap started
L 04/13/2020 - 07:08:01: [mapchooser.amxx] Vote: Voting for the nextmap finished. The nextmap will be cs_16fighter
L 04/13/2020 - 07:10:05: -------- Mapchange to cs_16fighter --------
L 04/13/2020 - 07:38:04: [mapchooser.amxx] Vote: Voting for the nextmap started
L 04/13/2020 - 07:38:19: [mapchooser.amxx] Vote: Voting for the nextmap finished. The nextmap will be cs_pf_dust
L 04/13/2020 - 07:40:22: -------- Mapchange to cs_pf_dust --------
L 04/13/2020 - 08:08:21: [mapchooser.amxx] Vote: Voting for the nextmap started
L 04/13/2020 - 08:08:36: [mapchooser.amxx] Vote: Voting for the nextmap finished. The nextmap will be fy_iceworld_2002
L 04/13/2020 - 08:10:40: -------- Mapchange to fy_iceworld_2002 --------
L 04/13/2020 - 08:38:39: [mapchooser.amxx] Vote: Voting for the nextmap started
L 04/13/2020 - 08:38:54: [mapchooser.amxx] Vote: Voting for the nextmap finished. The nextmap will be cs_mansion
L 04/13/2020 - 08:40:58: -------- Mapchange to cs_mansion --------
L 04/13/2020 - 09:08:58: [mapchooser.amxx] Vote: Voting for the nextmap started
L 04/13/2020 - 09:09:13: [mapchooser.amxx] Vote: Voting for the nextmap finished. The nextmap will be de_dust2_2x2
L 04/13/2020 - 09:11:16: -------- Mapchange to de_dust2_2x2 --------
L 04/13/2020 - 09:39:15: [mapchooser.amxx] Vote: Voting for the nextmap started
L 04/13/2020 - 09:39:30: [mapchooser.amxx] Vote: Voting for the nextmap finished. The nextmap will be de_inferno_2x2
L 04/13/2020 - 09:41:34: -------- Mapchange to de_inferno_2x2 --------
L 04/13/2020 - 10:09:33: [mapchooser.amxx] Vote: Voting for the nextmap started
L 04/13/2020 - 10:09:48: [mapchooser.amxx] Vote: Voting for the nextmap finished. The nextmap will be de_sniper
L 04/13/2020 - 10:11:53: -------- Mapchange to de_sniper --------
L 04/13/2020 - 10:39:52: [mapchooser.amxx] Vote: Voting for the nextmap started
L 04/13/2020 - 10:40:07: [mapchooser.amxx] Vote: Voting for the nextmap finished. The nextmap will be de_snipe_it5
L 04/13/2020 - 10:42:11: -------- Mapchange to de_snipe_it5 --------
L 04/13/2020 - 11:10:10: [mapchooser.amxx] Vote: Voting for the nextmap started
L 04/13/2020 - 11:10:25: [mapchooser.amxx] Vote: Voting for the nextmap finished. The nextmap will be de_mipt
L 04/13/2020 - 11:12:29: -------- Mapchange to de_mipt --------
L 04/13/2020 - 11:40:28: [mapchooser.amxx] Vote: Voting for the nextmap started
L 04/13/2020 - 11:40:43: [mapchooser.amxx] Vote: Voting for the nextmap finished. The nextmap will be cs_discounter
L 04/13/2020 - 11:42:47: -------- Mapchange to cs_discounter --------
L 04/13/2020 - 12:10:46: [mapchooser.amxx] Vote: Voting for the nextmap started
L 04/13/2020 - 12:11:01: [mapchooser.amxx] Vote: Voting for the nextmap finished. The nextmap will be cs_rats2
L 04/13/2020 - 12:13:05: -------- Mapchange to cs_rats2 --------
L 04/13/2020 - 12:41:05: [mapchooser.amxx] Vote: Voting for the nextmap started
L 04/13/2020 - 12:41:20: [mapchooser.amxx] Vote: Voting for the nextmap finished. The nextmap will be de_aztec
L 04/13/2020 - 12:43:23: -------- Mapchange to de_aztec --------
L 04/13/2020 - 13:11:23: [mapchooser.amxx] Vote: Voting for the nextmap started
L 04/13/2020 - 13:11:38: [mapchooser.amxx] Vote: Voting for the nextmap finished. The nextmap will be cs_siege
L 04/13/2020 - 13:13:41: -------- Mapchange to cs_siege --------
L 04/13/2020 - 13:41:40: [mapchooser.amxx] Vote: Voting for the nextmap started
L 04/13/2020 - 13:41:55: [mapchooser.amxx] Vote: Voting for the nextmap finished. The nextmap will be de_cbble
L 04/13/2020 - 13:44:00: -------- Mapchange to de_cbble --------
L 04/13/2020 - 14:11:59: [mapchooser.amxx] Vote: Voting for the nextmap started
L 04/13/2020 - 14:12:14: [mapchooser.amxx] Vote: Voting for the nextmap finished. The nextmap will be de_dust
L 04/13/2020 - 14:14:18: -------- Mapchange to de_dust --------
L 04/13/2020 - 14:42:17: [mapchooser.amxx] Vote: Voting for the nextmap started
L 04/13/2020 - 14:42:32: [mapchooser.amxx] Vote: Voting for the nextmap finished. The nextmap will be de_rats
L 04/13/2020 - 14:44:36: -------- Mapchange to de_rats --------
L 04/13/2020 - 15:12:37: [mapchooser.amxx] Vote: Voting for the nextmap started
L 04/13/2020 - 15:12:52: [mapchooser.amxx] Vote: Voting for the nextmap finished. The nextmap will be de_prodigy
L 04/13/2020 - 15:14:57: -------- Mapchange to de_prodigy --------
L 04/13/2020 - 15:42:57: [mapchooser.amxx] Vote: Voting for the nextmap started
L 04/13/2020 - 15:43:12: [mapchooser.amxx] Vote: Voting for the nextmap finished. The nextmap will be cs_assault
L 04/13/2020 - 15:45:16: -------- Mapchange to cs_assault --------
L 04/13/2020 - 16:13:15: [mapchooser.amxx] Vote: Voting for the nextmap started
L 04/13/2020 - 16:13:31: [mapchooser.amxx] Vote: Voting for the nextmap finished. The nextmap will be cs_italy
L 04/13/2020 - 16:15:34: -------- Mapchange to cs_italy --------
L 04/13/2020 - 16:43:34: [mapchooser.amxx] Vote: Voting for the nextmap started
L 04/13/2020 - 16:43:49: [mapchooser.amxx] Vote: Voting for the nextmap finished. The nextmap will be cs_estate
L 04/13/2020 - 16:45:53: -------- Mapchange to cs_estate --------
L 04/13/2020 - 17:13:53: [mapchooser.amxx] Vote: Voting for the nextmap started
L 04/13/2020 - 17:14:08: [mapchooser.amxx] Vote: Voting for the nextmap finished. The nextmap will be fy_pool_day
L 04/13/2020 - 17:16:12: -------- Mapchange to fy_pool_day --------
L 04/13/2020 - 17:44:11: [mapchooser.amxx] Vote: Voting for the nextmap started
L 04/13/2020 - 17:44:26: [mapchooser.amxx] Vote: Voting for the nextmap finished. The nextmap will be cs_militia
L 04/13/2020 - 17:46:30: -------- Mapchange to cs_militia --------
L 04/13/2020 - 18:14:30: [mapchooser.amxx] Vote: Voting for the nextmap started
L 04/13/2020 - 18:14:45: [mapchooser.amxx] Vote: Voting for the nextmap finished. The nextmap will be de_train
L 04/13/2020 - 18:16:49: -------- Mapchange to de_train --------
L 04/13/2020 - 18:44:49: [mapchooser.amxx] Vote: Voting for the nextmap started
L 04/13/2020 - 18:45:04: [mapchooser.amxx] Vote: Voting for the nextmap finished. The nextmap will be aim_ak-colt
L 04/13/2020 - 18:47:07: -------- Mapchange to aim_ak-colt --------
L 04/13/2020 - 19:15:07: [mapchooser.amxx] Vote: Voting for the nextmap started
L 04/13/2020 - 19:15:22: [mapchooser.amxx] Vote: Voting for the nextmap finished. The nextmap will be aim_headshot
L 04/13/2020 - 19:17:25: -------- Mapchange to aim_headshot --------
L 04/13/2020 - 19:45:25: [mapchooser.amxx] Vote: Voting for the nextmap started
L 04/13/2020 - 19:45:40: [mapchooser.amxx] Vote: Voting for the nextmap finished. The nextmap will be aim_map
L 04/13/2020 - 19:47:44: -------- Mapchange to aim_map --------
L 04/13/2020 - 19:53:19: [admin.amxx] Login: "Diablo<55><STEAM_0:1:21335723><>" became an admin (account "STEAM_0:1:21335723") (access "abcdefghijklmnopqrstu") (address "176.99.188.247")
L 04/13/2020 - 20:01:07: [mapsmenu.amxx] Vote: "Diablo<55><STEAM_0:1:21335723><>" vote maps (map#1 "cs_16fighter") (map#2 "fy_iceworld_2002") (map#3 "de_dust2_2x2") (map#4 "")
L 04/13/2020 - 20:01:19: [mapsmenu.amxx] Vote: Voting successful. Map will be changed to de_dust2_2x2
L 04/13/2020 - 20:01:22: [mapsmenu.amxx] Vote: Result accepted
L 04/13/2020 - 20:01:24: -------- Mapchange to de_dust2_2x2 --------
L 04/13/2020 - 20:01:25: [admin.amxx] Login: "Diablo<55><STEAM_0:1:21335723><>" became an admin (account "STEAM_0:1:21335723") (access "abcdefghijklmnopqrstu") (address "176.99.188.247")
L 04/13/2020 - 20:07:03: -------- Mapchange to de_dust2 --------
L 04/13/2020 - 20:07:03: [admin.amxx] Login: "Diablo<55><STEAM_0:1:21335723><>" became an admin (account "STEAM_0:1:21335723") (access "abcdefghijklmnopqrstu") (address "176.99.188.247")
L 04/13/2020 - 20:35:02: [mapchooser.amxx] Vote: Voting for the nextmap started
L 04/13/2020 - 20:35:17: [mapchooser.amxx] Vote: Voting for the nextmap finished. The nextmap will be de_prodigy
L 04/13/2020 - 20:35:56: -------- Mapchange to de_aztec --------
L 04/13/2020 - 20:35:58: [admin.amxx] Login: "Diablo<55><STEAM_0:1:21335723><>" became an admin (account "STEAM_0:1:21335723") (access "abcdefghijklmnopqrstu") (address "176.99.188.247")
L 04/13/2020 - 21:03:57: [mapchooser.amxx] Vote: Voting for the nextmap started
L 04/13/2020 - 21:04:12: [mapchooser.amxx] Vote: Voting for the nextmap finished. The nextmap will be de_train
L 04/13/2020 - 21:06:18: -------- Mapchange to de_train --------
L 04/13/2020 - 21:14:20: -------- Mapchange to cs_discounter --------
L 04/13/2020 - 21:42:34: [mapchooser.amxx] Vote: Voting for the nextmap started
L 04/13/2020 - 21:42:49: [mapchooser.amxx] Vote: Voting for the nextmap finished. The nextmap will be de_inferno_2x2
L 04/13/2020 - 21:44:42: -------- Mapchange to de_inferno_2x2 --------
L 04/13/2020 - 22:12:41: [mapchooser.amxx] Vote: Voting for the nextmap started
L 04/13/2020 - 22:12:56: [mapchooser.amxx] Vote: Voting for the nextmap finished. The nextmap will be de_sniper
L 04/13/2020 - 22:15:04: -------- Mapchange to de_sniper --------
L 04/13/2020 - 22:43:08: [mapchooser.amxx] Vote: Voting for the nextmap started
L 04/13/2020 - 22:43:23: [mapchooser.amxx] Vote: Voting for the nextmap finished. The nextmap will be de_snipe_it5
L 04/13/2020 - 22:45:31: -------- Mapchange to de_snipe_it5 --------
L 04/13/2020 - 23:13:30: [mapchooser.amxx] Vote: Voting for the nextmap started
L 04/13/2020 - 23:13:45: [mapchooser.amxx] Vote: Voting for the nextmap finished. The nextmap will be de_mipt
L 04/13/2020 - 23:15:53: -------- Mapchange to de_mipt --------
L 04/13/2020 - 23:43:54: [mapchooser.amxx] Vote: Voting for the nextmap started
L 04/13/2020 - 23:44:09: [mapchooser.amxx] Vote: Voting for the nextmap finished. The nextmap will be cs_discounter
L 04/13/2020 - 23:46:17: -------- Mapchange to cs_discounter --------
