L 05/23/2020 - 00:08:34: [mapchooser4.amxx] Vote: Voting for the nextmap started
L 05/23/2020 - 00:08:44: [mapchooser4.amxx] Vote: Voting for the nextmap finished. The nextmap will be de_aztec
L 05/23/2020 - 00:10:51: -------- Mapchange to de_aztec --------
L 05/23/2020 - 00:10:51: [mapchooser4.amxx] Found 51 maps in maps folder
L 05/23/2020 - 00:10:59: [mapchooser4.amxx] xvars for mapchooser 4 setuped.
L 05/23/2020 - 00:53:58: [mapchooser4.amxx] Vote: Voting for the nextmap started
L 05/23/2020 - 00:54:08: [mapchooser4.amxx] Vote: Voting for the nextmap finished. The nextmap will be de_cbble
L 05/23/2020 - 00:56:15: -------- Mapchange to de_cbble --------
L 05/23/2020 - 00:56:15: [mapchooser4.amxx] Found 51 maps in maps folder
L 05/23/2020 - 00:56:23: [mapchooser4.amxx] xvars for mapchooser 4 setuped.
L 05/23/2020 - 01:39:07: [mapchooser4.amxx] Vote: Voting for the nextmap started
L 05/23/2020 - 01:39:17: [mapchooser4.amxx] Vote: Voting for the nextmap finished. The nextmap will be de_cpl_mill
L 05/23/2020 - 01:41:39: -------- Mapchange to de_cpl_mill --------
L 05/23/2020 - 01:41:39: [mapchooser4.amxx] Found 51 maps in maps folder
L 05/23/2020 - 01:41:46: [mapchooser4.amxx] xvars for mapchooser 4 setuped.
L 05/23/2020 - 02:24:30: [mapchooser4.amxx] Vote: Voting for the nextmap started
L 05/23/2020 - 02:24:41: [mapchooser4.amxx] Vote: Voting for the nextmap finished. The nextmap will be de_dust
L 05/23/2020 - 02:27:03: -------- Mapchange to de_dust --------
L 05/23/2020 - 02:27:03: [mapchooser4.amxx] Found 51 maps in maps folder
L 05/23/2020 - 02:27:10: [mapchooser4.amxx] xvars for mapchooser 4 setuped.
L 05/23/2020 - 03:09:54: [mapchooser4.amxx] Vote: Voting for the nextmap started
L 05/23/2020 - 03:10:04: [mapchooser4.amxx] Vote: Voting for the nextmap finished. The nextmap will be de_dust2
L 05/23/2020 - 03:12:27: -------- Mapchange to de_dust2 --------
L 05/23/2020 - 03:12:27: [mapchooser4.amxx] Found 51 maps in maps folder
L 05/23/2020 - 03:12:34: [mapchooser4.amxx] xvars for mapchooser 4 setuped.
L 05/23/2020 - 03:55:18: [mapchooser4.amxx] Vote: Voting for the nextmap started
L 05/23/2020 - 03:55:28: [mapchooser4.amxx] Vote: Voting for the nextmap finished. The nextmap will be de_inferno
L 05/23/2020 - 03:57:50: -------- Mapchange to de_inferno --------
L 05/23/2020 - 03:57:50: [mapchooser4.amxx] Found 51 maps in maps folder
L 05/23/2020 - 03:57:58: [mapchooser4.amxx] xvars for mapchooser 4 setuped.
L 05/23/2020 - 04:40:42: [mapchooser4.amxx] Vote: Voting for the nextmap started
L 05/23/2020 - 04:40:52: [mapchooser4.amxx] Vote: Voting for the nextmap finished. The nextmap will be de_nuke
L 05/23/2020 - 04:43:14: -------- Mapchange to de_nuke --------
L 05/23/2020 - 04:43:14: [mapchooser4.amxx] Found 51 maps in maps folder
L 05/23/2020 - 04:43:22: [mapchooser4.amxx] xvars for mapchooser 4 setuped.
L 05/23/2020 - 05:26:06: [mapchooser4.amxx] Vote: Voting for the nextmap started
L 05/23/2020 - 05:26:16: [mapchooser4.amxx] Vote: Voting for the nextmap finished. The nextmap will be cs_assault
L 05/23/2020 - 05:28:38: -------- Mapchange to cs_assault --------
L 05/23/2020 - 05:28:38: [mapchooser4.amxx] Found 51 maps in maps folder
L 05/23/2020 - 05:28:46: [mapchooser4.amxx] xvars for mapchooser 4 setuped.
L 05/23/2020 - 06:11:30: [mapchooser4.amxx] Vote: Voting for the nextmap started
L 05/23/2020 - 06:11:40: [mapchooser4.amxx] Vote: Voting for the nextmap finished. The nextmap will be cs_italy
L 05/23/2020 - 06:14:02: -------- Mapchange to cs_italy --------
L 05/23/2020 - 06:14:02: [mapchooser4.amxx] Found 51 maps in maps folder
L 05/23/2020 - 06:14:10: [mapchooser4.amxx] xvars for mapchooser 4 setuped.
L 05/23/2020 - 06:56:54: [mapchooser4.amxx] Vote: Voting for the nextmap started
L 05/23/2020 - 06:57:04: [mapchooser4.amxx] Vote: Voting for the nextmap finished. The nextmap will be de_train
L 05/23/2020 - 06:59:26: -------- Mapchange to de_train --------
L 05/23/2020 - 06:59:26: [mapchooser4.amxx] Found 51 maps in maps folder
L 05/23/2020 - 06:59:33: [mapchooser4.amxx] xvars for mapchooser 4 setuped.
L 05/23/2020 - 07:42:18: [mapchooser4.amxx] Vote: Voting for the nextmap started
L 05/23/2020 - 07:42:28: [mapchooser4.amxx] Vote: Voting for the nextmap finished. The nextmap will be aim_ak-colt
L 05/23/2020 - 07:44:50: -------- Mapchange to aim_ak-colt --------
L 05/23/2020 - 07:44:50: [mapchooser4.amxx] Found 51 maps in maps folder
L 05/23/2020 - 07:44:57: [mapchooser4.amxx] xvars for mapchooser 4 setuped.
L 05/23/2020 - 08:27:41: [mapchooser4.amxx] Vote: Voting for the nextmap started
L 05/23/2020 - 08:27:51: [mapchooser4.amxx] Vote: Voting for the nextmap finished. The nextmap will be aim_aztecplace
L 05/23/2020 - 08:30:14: -------- Mapchange to aim_aztecplace --------
L 05/23/2020 - 08:30:14: [mapchooser4.amxx] Found 51 maps in maps folder
L 05/23/2020 - 08:30:21: [mapchooser4.amxx] xvars for mapchooser 4 setuped.
L 05/23/2020 - 09:13:05: [mapchooser4.amxx] Vote: Voting for the nextmap started
L 05/23/2020 - 09:13:15: [mapchooser4.amxx] Vote: Voting for the nextmap finished. The nextmap will be aim_headshot
L 05/23/2020 - 09:15:37: -------- Mapchange to aim_headshot --------
L 05/23/2020 - 09:15:37: [mapchooser4.amxx] Found 51 maps in maps folder
L 05/23/2020 - 09:15:45: [mapchooser4.amxx] xvars for mapchooser 4 setuped.
L 05/23/2020 - 09:58:29: [mapchooser4.amxx] Vote: Voting for the nextmap started
L 05/23/2020 - 09:58:39: [mapchooser4.amxx] Vote: Voting for the nextmap finished. The nextmap will be aim_map
L 05/23/2020 - 10:01:01: -------- Mapchange to aim_map --------
L 05/23/2020 - 10:01:01: [mapchooser4.amxx] Found 51 maps in maps folder
L 05/23/2020 - 10:01:08: [mapchooser4.amxx] xvars for mapchooser 4 setuped.
L 05/23/2020 - 10:43:52: [mapchooser4.amxx] Vote: Voting for the nextmap started
L 05/23/2020 - 10:44:02: [mapchooser4.amxx] Vote: Voting for the nextmap finished. The nextmap will be cs_16fighter
L 05/23/2020 - 10:46:25: -------- Mapchange to cs_16fighter --------
L 05/23/2020 - 10:46:25: [mapchooser4.amxx] Found 51 maps in maps folder
L 05/23/2020 - 10:46:32: [mapchooser4.amxx] xvars for mapchooser 4 setuped.
L 05/23/2020 - 11:29:16: [mapchooser4.amxx] Vote: Voting for the nextmap started
L 05/23/2020 - 11:29:26: [mapchooser4.amxx] Vote: Voting for the nextmap finished. The nextmap will be cs_pf_dust
L 05/23/2020 - 11:31:48: -------- Mapchange to cs_pf_dust --------
L 05/23/2020 - 11:31:49: [mapchooser4.amxx] Found 51 maps in maps folder
L 05/23/2020 - 11:31:56: [mapchooser4.amxx] xvars for mapchooser 4 setuped.
L 05/23/2020 - 12:14:40: [mapchooser4.amxx] Vote: Voting for the nextmap started
L 05/23/2020 - 12:14:50: [mapchooser4.amxx] Vote: Voting for the nextmap finished. The nextmap will be fy_iceworld_2002
L 05/23/2020 - 12:17:12: -------- Mapchange to fy_iceworld_2002 --------
L 05/23/2020 - 12:17:12: [mapchooser4.amxx] Found 51 maps in maps folder
L 05/23/2020 - 12:17:19: [mapchooser4.amxx] xvars for mapchooser 4 setuped.
L 05/23/2020 - 13:00:03: [mapchooser4.amxx] Vote: Voting for the nextmap started
L 05/23/2020 - 13:00:13: [mapchooser4.amxx] Vote: Voting for the nextmap finished. The nextmap will be cs_mansion
L 05/23/2020 - 13:02:36: -------- Mapchange to cs_mansion --------
L 05/23/2020 - 13:02:36: [mapchooser4.amxx] Found 51 maps in maps folder
L 05/23/2020 - 13:02:43: [mapchooser4.amxx] xvars for mapchooser 4 setuped.
L 05/23/2020 - 13:45:27: [mapchooser4.amxx] Vote: Voting for the nextmap started
L 05/23/2020 - 13:45:37: [mapchooser4.amxx] Vote: Voting for the nextmap finished. The nextmap will be de_mirage
L 05/23/2020 - 13:48:00: -------- Mapchange to de_mirage --------
L 05/23/2020 - 13:48:00: [mapchooser4.amxx] Found 51 maps in maps folder
L 05/23/2020 - 13:48:07: [mapchooser4.amxx] xvars for mapchooser 4 setuped.
L 05/23/2020 - 14:30:51: [mapchooser4.amxx] Vote: Voting for the nextmap started
L 05/23/2020 - 14:31:01: [mapchooser4.amxx] Vote: Voting for the nextmap finished. The nextmap will be fy_snow
L 05/23/2020 - 14:33:23: -------- Mapchange to fy_snow --------
L 05/23/2020 - 14:33:24: [mapchooser4.amxx] Found 51 maps in maps folder
L 05/23/2020 - 14:33:31: [mapchooser4.amxx] xvars for mapchooser 4 setuped.
L 05/23/2020 - 15:16:15: [mapchooser4.amxx] Vote: Voting for the nextmap started
L 05/23/2020 - 15:16:25: [mapchooser4.amxx] Vote: Voting for the nextmap finished. The nextmap will be de_dust2_2x2
L 05/23/2020 - 15:18:47: -------- Mapchange to de_dust2_2x2 --------
L 05/23/2020 - 15:18:47: [mapchooser4.amxx] Found 51 maps in maps folder
L 05/23/2020 - 15:18:54: [mapchooser4.amxx] xvars for mapchooser 4 setuped.
L 05/23/2020 - 16:01:39: [mapchooser4.amxx] Vote: Voting for the nextmap started
L 05/23/2020 - 16:01:49: [mapchooser4.amxx] Vote: Voting for the nextmap finished. The nextmap will be de_inferno_2x2
L 05/23/2020 - 16:04:11: -------- Mapchange to de_inferno_2x2 --------
L 05/23/2020 - 16:04:11: [mapchooser4.amxx] Found 51 maps in maps folder
L 05/23/2020 - 16:04:18: [mapchooser4.amxx] xvars for mapchooser 4 setuped.
L 05/23/2020 - 16:47:02: [mapchooser4.amxx] Vote: Voting for the nextmap started
L 05/23/2020 - 16:47:12: [mapchooser4.amxx] Vote: Voting for the nextmap finished. The nextmap will be de_sniper
L 05/23/2020 - 16:49:35: -------- Mapchange to de_sniper --------
L 05/23/2020 - 16:49:35: [mapchooser4.amxx] Found 51 maps in maps folder
L 05/23/2020 - 16:49:42: [mapchooser4.amxx] xvars for mapchooser 4 setuped.
L 05/23/2020 - 17:14:41: [admin.amxx] Login: "RAZ DVA<237><STEAM_0:1:55760822><>" became an admin (account "STEAM_0:1:55760822") (access "abcdefghijklmnopqrstu") (address "94.25.171.77")
L 05/23/2020 - 17:15:05: [admincmd.amxx] Cmd: "RAZ DVA<237><STEAM_0:1:55760822><>" set cvar (name "amx_deadchat") (value "1")
L 05/23/2020 - 17:18:34: [admin.amxx] Login: "RAZ DVA<238><STEAM_0:1:55760822><>" became an admin (account "STEAM_0:1:55760822") (access "abcdefghijklmnopqrstu") (address "94.25.171.77")
L 05/23/2020 - 17:25:20: [admin.amxx] Login: "RAZ DVA<239><STEAM_0:1:55760822><>" became an admin (account "STEAM_0:1:55760822") (access "abcdefghijklmnopqrstu") (address "94.25.171.77")
L 05/23/2020 - 17:32:26: [mapchooser4.amxx] Vote: Voting for the nextmap started
L 05/23/2020 - 17:32:36: [mapchooser4.amxx] Vote: Voting for the nextmap finished. The nextmap will be de_snipe_it5
L 05/23/2020 - 17:34:59: -------- Mapchange to de_snipe_it5 --------
L 05/23/2020 - 17:34:59: [mapchooser4.amxx] Found 51 maps in maps folder
L 05/23/2020 - 17:35:06: [mapchooser4.amxx] xvars for mapchooser 4 setuped.
L 05/23/2020 - 17:35:12: [admin.amxx] Login: "RAZ DVA<240><STEAM_0:1:55760822><>" became an admin (account "STEAM_0:1:55760822") (access "abcdefghijklmnopqrstu") (address "94.25.171.77")
L 05/23/2020 - 17:35:47: [admincmd.amxx] Cmd: "RAZ DVA<240><STEAM_0:1:55760822><>" changelevel "awp_india"
L 05/23/2020 - 17:35:49: -------- Mapchange to awp_india --------
L 05/23/2020 - 17:35:49: [mapchooser4.amxx] Found 51 maps in maps folder
L 05/23/2020 - 17:35:50: [admin.amxx] Login: "RAZ DVA<240><STEAM_0:1:55760822><>" became an admin (account "STEAM_0:1:55760822") (access "abcdefghijklmnopqrstu") (address "94.25.171.77")
L 05/23/2020 - 17:35:57: [mapchooser4.amxx] xvars for mapchooser 4 setuped.
L 05/23/2020 - 18:18:41: [mapchooser4.amxx] Vote: Voting for the nextmap started
L 05/23/2020 - 18:18:51: [mapchooser4.amxx] Vote: Voting for the nextmap finished. The nextmap will be cs_discounter
L 05/23/2020 - 18:21:13: -------- Mapchange to cs_discounter --------
L 05/23/2020 - 18:21:13: [mapchooser4.amxx] Found 51 maps in maps folder
L 05/23/2020 - 18:21:20: [mapchooser4.amxx] xvars for mapchooser 4 setuped.
L 05/23/2020 - 19:04:04: [mapchooser4.amxx] Vote: Voting for the nextmap started
L 05/23/2020 - 19:04:14: [mapchooser4.amxx] Vote: Voting for the nextmap finished. The nextmap will be cs_rats2
L 05/23/2020 - 19:06:37: -------- Mapchange to cs_rats2 --------
L 05/23/2020 - 19:06:37: [mapchooser4.amxx] Found 51 maps in maps folder
L 05/23/2020 - 19:06:44: [mapchooser4.amxx] xvars for mapchooser 4 setuped.
L 05/23/2020 - 19:20:43: -------- Mapchange to de_dust2 --------
L 05/23/2020 - 19:20:44: [mapchooser4.amxx] Found 51 maps in maps folder
L 05/23/2020 - 19:20:52: [mapchooser4.amxx] xvars for mapchooser 4 setuped.
L 05/23/2020 - 19:28:48: -------- Mapchange to de_dust2 --------
L 05/23/2020 - 19:28:48: [mapchooser4.amxx] Found 51 maps in maps folder
L 05/23/2020 - 19:28:56: [mapchooser4.amxx] xvars for mapchooser 4 setuped.
L 05/23/2020 - 19:31:28: -------- Mapchange to de_dust2 --------
L 05/23/2020 - 19:31:28: [mapchooser4.amxx] Found 51 maps in maps folder
L 05/23/2020 - 19:31:36: [mapchooser4.amxx] xvars for mapchooser 4 setuped.
L 05/23/2020 - 19:36:33: [admin.amxx] Login: "RAZ DVA<1><STEAM_0:1:55760822><>" became an admin (account "STEAM_0:1:55760822") (access "abcdefghijklmnopqrstu") (address "94.25.171.77")
L 05/23/2020 - 19:41:21: [admin.amxx] Login: "RAZ DVA<2><STEAM_0:1:55760822><>" became an admin (account "STEAM_0:1:55760822") (access "abcdefghijklmnopqrstu") (address "94.25.171.77")
L 05/23/2020 - 19:41:40: [admin.amxx] Login: "Diablo<3><STEAM_0:1:21335723><>" became an admin (account "STEAM_0:1:21335723") (access "abcdefghijklmnopqrstu") (address "176.99.175.167")
L 05/23/2020 - 20:00:24: [admin.amxx] Login: "RAZ DVA<4><STEAM_0:1:55760822><>" became an admin (account "STEAM_0:1:55760822") (access "abcdefghijklmnopqrstu") (address "94.25.171.77")
L 05/23/2020 - 20:00:46: [admincmd.amxx] Cmd: "RAZ DVA<4><STEAM_0:1:55760822><>" changelevel "de_dust2"
L 05/23/2020 - 20:00:48: -------- Mapchange to de_dust2 --------
L 05/23/2020 - 20:00:48: [mapchooser4.amxx] Found 51 maps in maps folder
L 05/23/2020 - 20:00:49: [admin.amxx] Login: "RAZ DVA<4><STEAM_0:1:55760822><>" became an admin (account "STEAM_0:1:55760822") (access "abcdefghijklmnopqrstu") (address "94.25.171.77")
L 05/23/2020 - 20:00:49: [admin.amxx] Login: "RAZ DVA<4><STEAM_0:1:55760822><>" became an admin (account "STEAM_0:1:55760822") (access "abcdefghijklmnopqrstu") (address "94.25.171.77")
L 05/23/2020 - 20:00:49: [admin.amxx] Login: "RAZ DVA<5><STEAM_0:1:55760822><>" became an admin (account "STEAM_0:1:55760822") (access "abcdefghijklmnopqrstu") (address "94.25.171.77")
L 05/23/2020 - 20:00:56: [mapchooser4.amxx] xvars for mapchooser 4 setuped.
L 05/23/2020 - 20:02:13: [admincmd.amxx] Cmd: "RAZ DVA<5><STEAM_0:1:55760822><>" changelevel "de_dust2"
L 05/23/2020 - 20:02:15: -------- Mapchange to de_dust2 --------
L 05/23/2020 - 20:02:15: [mapchooser4.amxx] Found 51 maps in maps folder
L 05/23/2020 - 20:02:16: [admin.amxx] Login: "RAZ DVA<5><STEAM_0:1:55760822><>" became an admin (account "STEAM_0:1:55760822") (access "abcdefghijklmnopqrstu") (address "94.25.171.77")
L 05/23/2020 - 20:02:22: [mapchooser4.amxx] xvars for mapchooser 4 setuped.
L 05/23/2020 - 20:03:03: [admincmd.amxx] Cmd: "RAZ DVA<5><STEAM_0:1:55760822><>" set cvar (name "autorr_round") (value "20")
L 05/23/2020 - 20:03:08: [admincmd.amxx] Cmd: "RAZ DVA<5><STEAM_0:1:55760822><>" set cvar (name "autorr_enable") (value "1")
L 05/23/2020 - 20:03:52: [admincmd.amxx] Cmd: "RAZ DVA<5><STEAM_0:1:55760822><>" set cvar (name "autorr_round") (value "2")
L 05/23/2020 - 20:04:33: [autorr.amxx] Cmd: "RAZ DVA<5><STEAM_0:1:55760822><>" used amx_switchall to switch all players to the opposite team
L 05/23/2020 - 20:12:49: [admin.amxx] Login: "RAZ DVA<6><STEAM_0:1:55760822><>" became an admin (account "STEAM_0:1:55760822") (access "abcdefghijklmnopqrstu") (address "94.25.171.77")
L 05/23/2020 - 20:13:49: -------- Mapchange to de_dust2 --------
L 05/23/2020 - 20:13:49: [mapchooser4.amxx] Found 51 maps in maps folder
L 05/23/2020 - 20:13:58: [mapchooser4.amxx] xvars for mapchooser 4 setuped.
L 05/23/2020 - 20:14:07: [admin.amxx] Login: "RAZ DVA<1><STEAM_0:1:55760822><>" became an admin (account "STEAM_0:1:55760822") (access "abcdefghijklmnopqrstu") (address "94.25.171.77")
L 05/23/2020 - 20:19:39: [admin.amxx] Login: "RAZ DVA<2><STEAM_0:1:55760822><>" became an admin (account "STEAM_0:1:55760822") (access "abcdefghijklmnopqrstu") (address "94.25.171.77")
L 05/23/2020 - 20:41:42: [mapchooser4.amxx] Vote: Voting for the nextmap started
L 05/23/2020 - 20:41:52: [mapchooser4.amxx] Vote: Voting for the nextmap finished. The nextmap will be de_aztec
L 05/23/2020 - 20:43:59: -------- Mapchange to de_aztec --------
L 05/23/2020 - 20:43:59: [mapchooser4.amxx] Found 51 maps in maps folder
L 05/23/2020 - 20:44:06: [mapchooser4.amxx] xvars for mapchooser 4 setuped.
L 05/23/2020 - 21:11:50: [mapchooser4.amxx] Vote: Voting for the nextmap started
L 05/23/2020 - 21:12:00: [mapchooser4.amxx] Vote: Voting for the nextmap finished. The nextmap will be de_cbble
L 05/23/2020 - 21:14:07: -------- Mapchange to de_cbble --------
L 05/23/2020 - 21:14:07: [mapchooser4.amxx] Found 51 maps in maps folder
L 05/23/2020 - 21:14:15: [mapchooser4.amxx] xvars for mapchooser 4 setuped.
L 05/23/2020 - 21:25:44: [mapchooser4.amxx] Vote: Voting for the nextmap started
L 05/23/2020 - 21:25:51: [mapchooser4.amxx] Frap chose cs_rats2
L 05/23/2020 - 21:25:54: [mapchooser4.amxx] Vote: Voting for the nextmap finished. The nextmap will be cs_rats2
L 05/23/2020 - 21:26:05: -------- Mapchange to cs_rats2 --------
L 05/23/2020 - 21:26:05: [mapchooser4.amxx] Found 51 maps in maps folder
L 05/23/2020 - 21:26:12: [mapchooser4.amxx] xvars for mapchooser 4 setuped.
L 05/23/2020 - 21:29:15: [admin.amxx] Login: "RAZ DVA<5><STEAM_0:1:55760822><>" became an admin (account "STEAM_0:1:55760822") (access "abcdefghijklmnopqrstu") (address "94.25.171.77")
L 05/23/2020 - 21:29:48: [admincmd.amxx] Cmd: "RAZ DVA<5><STEAM_0:1:55760822><>" changelevel "de_dust2_2x2"
L 05/23/2020 - 21:29:50: -------- Mapchange to de_dust2_2x2 --------
L 05/23/2020 - 21:29:51: [mapchooser4.amxx] Found 51 maps in maps folder
L 05/23/2020 - 21:29:51: [admin.amxx] Login: "RAZ DVA<5><STEAM_0:1:55760822><>" became an admin (account "STEAM_0:1:55760822") (access "abcdefghijklmnopqrstu") (address "94.25.171.77")
L 05/23/2020 - 21:29:58: [mapchooser4.amxx] xvars for mapchooser 4 setuped.
L 05/23/2020 - 21:30:21: [admincmd.amxx] Cmd: "RAZ DVA<5><STEAM_0:1:55760822><>" set cvar (name "mp_timelimit") (value "0")
L 05/23/2020 - 21:31:23: [admincmd.amxx] Cmd: "RAZ DVA<5><STEAM_0:1:55760822><>" set cvar (name "mp_forcechasecam") (value "2")
L 05/23/2020 - 21:41:25: [admin.amxx] Login: "Diablo<8><STEAM_0:1:21335723><>" became an admin (account "STEAM_0:1:21335723") (access "abcdefghijklmnopqrstu") (address "176.99.175.167")
L 05/23/2020 - 21:54:43: [admincmd.amxx] Cmd: "RAZ DVA<5><STEAM_0:1:55760822><>" set cvar (name "autorr_autoswitchall") (value "1")
L 05/23/2020 - 21:56:16: [admincmd.amxx] Cmd: "RAZ DVA<5><STEAM_0:1:55760822><>" set cvar (name "autorr_saylastround") (value "1")
L 05/23/2020 - 23:05:20: [admin.amxx] Login: "RAZ DVA<12><STEAM_0:1:55760822><>" became an admin (account "STEAM_0:1:55760822") (access "abcdefghijklmnopqrstu") (address "94.25.171.77")
