L 04/12/2020 - 00:21:23: -------- Mapchange to aim_ak-colt --------
L 04/12/2020 - 00:49:23: [mapchooser.amxx] Vote: Voting for the nextmap started
L 04/12/2020 - 00:49:38: [mapchooser.amxx] Vote: Voting for the nextmap finished. The nextmap will be aim_headshot
L 04/12/2020 - 01:13:25: -------- Mapchange to aim_headshot --------
L 04/12/2020 - 01:41:25: [mapchooser.amxx] Vote: Voting for the nextmap started
L 04/12/2020 - 01:41:40: [mapchooser.amxx] Vote: Voting for the nextmap finished. The nextmap will be aim_map
L 04/12/2020 - 02:05:27: -------- Mapchange to aim_map --------
L 04/12/2020 - 02:33:27: [mapchooser.amxx] Vote: Voting for the nextmap started
L 04/12/2020 - 02:33:42: [mapchooser.amxx] Vote: Voting for the nextmap finished. The nextmap will be cs_16fighter
L 04/12/2020 - 02:57:29: -------- Mapchange to cs_16fighter --------
L 04/12/2020 - 03:25:29: [mapchooser.amxx] Vote: Voting for the nextmap started
L 04/12/2020 - 03:25:44: [mapchooser.amxx] Vote: Voting for the nextmap finished. The nextmap will be cs_pf_dust
L 04/12/2020 - 03:49:31: -------- Mapchange to cs_pf_dust --------
L 04/12/2020 - 04:17:31: [mapchooser.amxx] Vote: Voting for the nextmap started
L 04/12/2020 - 04:17:46: [mapchooser.amxx] Vote: Voting for the nextmap finished. The nextmap will be fy_iceworld_2002
L 04/12/2020 - 04:41:33: -------- Mapchange to fy_iceworld_2002 --------
L 04/12/2020 - 05:09:33: [mapchooser.amxx] Vote: Voting for the nextmap started
L 04/12/2020 - 05:09:48: [mapchooser.amxx] Vote: Voting for the nextmap finished. The nextmap will be cs_mansion
L 04/12/2020 - 05:33:35: -------- Mapchange to cs_mansion --------
L 04/12/2020 - 06:01:35: [mapchooser.amxx] Vote: Voting for the nextmap started
L 04/12/2020 - 06:01:50: [mapchooser.amxx] Vote: Voting for the nextmap finished. The nextmap will be de_dust2_2x2
L 04/12/2020 - 06:25:37: -------- Mapchange to de_dust2_2x2 --------
L 04/12/2020 - 06:53:38: [mapchooser.amxx] Vote: Voting for the nextmap started
L 04/12/2020 - 06:53:53: [mapchooser.amxx] Vote: Voting for the nextmap finished. The nextmap will be de_inferno_2x2
L 04/12/2020 - 07:17:40: -------- Mapchange to de_inferno_2x2 --------
L 04/12/2020 - 07:45:41: [mapchooser.amxx] Vote: Voting for the nextmap started
L 04/12/2020 - 07:45:56: [mapchooser.amxx] Vote: Voting for the nextmap finished. The nextmap will be de_sniper
L 04/12/2020 - 08:09:45: -------- Mapchange to de_sniper --------
L 04/12/2020 - 08:37:45: [mapchooser.amxx] Vote: Voting for the nextmap started
L 04/12/2020 - 08:38:00: [mapchooser.amxx] Vote: Voting for the nextmap finished. The nextmap will be de_snipe_it5
L 04/12/2020 - 09:01:47: -------- Mapchange to de_snipe_it5 --------
L 04/12/2020 - 09:29:47: [mapchooser.amxx] Vote: Voting for the nextmap started
L 04/12/2020 - 09:30:02: [mapchooser.amxx] Vote: Voting for the nextmap finished. The nextmap will be de_mipt
L 04/12/2020 - 09:53:49: -------- Mapchange to de_mipt --------
L 04/12/2020 - 10:21:50: [mapchooser.amxx] Vote: Voting for the nextmap started
L 04/12/2020 - 10:22:05: [mapchooser.amxx] Vote: Voting for the nextmap finished. The nextmap will be cs_discounter
L 04/12/2020 - 10:45:53: -------- Mapchange to cs_discounter --------
L 04/12/2020 - 11:13:52: [mapchooser.amxx] Vote: Voting for the nextmap started
L 04/12/2020 - 11:14:07: [mapchooser.amxx] Vote: Voting for the nextmap finished. The nextmap will be cs_rats2
L 04/12/2020 - 11:37:55: -------- Mapchange to cs_rats2 --------
L 04/12/2020 - 12:05:55: [mapchooser.amxx] Vote: Voting for the nextmap started
L 04/12/2020 - 12:06:10: [mapchooser.amxx] Vote: Voting for the nextmap finished. The nextmap will be de_aztec
L 04/12/2020 - 12:29:57: -------- Mapchange to de_aztec --------
L 04/12/2020 - 12:57:57: [mapchooser.amxx] Vote: Voting for the nextmap started
L 04/12/2020 - 12:58:12: [mapchooser.amxx] Vote: Voting for the nextmap finished. The nextmap will be cs_siege
L 04/12/2020 - 13:21:59: -------- Mapchange to cs_siege --------
L 04/12/2020 - 13:49:59: [mapchooser.amxx] Vote: Voting for the nextmap started
L 04/12/2020 - 13:50:14: [mapchooser.amxx] Vote: Voting for the nextmap finished. The nextmap will be de_cbble
L 04/12/2020 - 14:14:02: -------- Mapchange to de_cbble --------
L 04/12/2020 - 14:42:02: [mapchooser.amxx] Vote: Voting for the nextmap started
L 04/12/2020 - 14:42:17: [mapchooser.amxx] Vote: Voting for the nextmap finished. The nextmap will be de_dust
L 04/12/2020 - 15:06:04: -------- Mapchange to de_dust --------
L 04/12/2020 - 15:34:04: [mapchooser.amxx] Vote: Voting for the nextmap started
L 04/12/2020 - 15:34:19: [mapchooser.amxx] Vote: Voting for the nextmap finished. The nextmap will be de_rats
L 04/12/2020 - 15:58:07: -------- Mapchange to de_rats --------
L 04/12/2020 - 16:26:06: [mapchooser.amxx] Vote: Voting for the nextmap started
L 04/12/2020 - 16:26:21: [mapchooser.amxx] Vote: Voting for the nextmap finished. The nextmap will be de_prodigy
L 04/12/2020 - 16:40:52: -------- Mapchange to fy_pool_day --------
L 04/12/2020 - 16:43:15: -------- Mapchange to de_dust2_2x2 --------
L 04/12/2020 - 16:52:17: -------- Mapchange to de_dust2 --------
L 04/12/2020 - 17:18:41: [admin.amxx] Login: "Diablo<37><STEAM_0:1:21335723><>" became an admin (account "STEAM_0:1:21335723") (access "abcdefghijklmnopqrstu") (address "176.99.188.247")
L 04/12/2020 - 17:20:16: [mapchooser.amxx] Vote: Voting for the nextmap started
L 04/12/2020 - 17:20:31: [mapchooser.amxx] Vote: Voting for the nextmap finished. The nextmap will be cs_assault
L 04/12/2020 - 17:22:37: -------- Mapchange to cs_assault --------
L 04/12/2020 - 17:22:37: [admin.amxx] Login: "Diablo<37><STEAM_0:1:21335723><>" became an admin (account "STEAM_0:1:21335723") (access "abcdefghijklmnopqrstu") (address "176.99.188.247")
L 04/12/2020 - 17:22:54: -------- Mapchange to de_inferno --------
L 04/12/2020 - 17:22:54: -------- Mapchange to de_inferno --------
L 04/12/2020 - 17:22:55: [admin.amxx] Login: "Diablo<37><STEAM_0:1:21335723><>" became an admin (account "STEAM_0:1:21335723") (access "abcdefghijklmnopqrstu") (address "176.99.188.247")
L 04/12/2020 - 17:22:55: [admin.amxx] Login: "Diablo<37><STEAM_0:1:21335723><>" became an admin (account "STEAM_0:1:21335723") (access "abcdefghijklmnopqrstu") (address "176.99.188.247")
L 04/12/2020 - 17:22:55: [admin.amxx] Login: "Diablo<37><STEAM_0:1:21335723><>" became an admin (account "STEAM_0:1:21335723") (access "abcdefghijklmnopqrstu") (address "176.99.188.247")
L 04/12/2020 - 17:22:55: [admin.amxx] Login: "Diablo<38><STEAM_0:1:21335723><>" became an admin (account "STEAM_0:1:21335723") (access "abcdefghijklmnopqrstu") (address "176.99.188.247")
L 04/12/2020 - 17:23:08: -------- Mapchange to cs_assault --------
L 04/12/2020 - 17:23:08: [admin.amxx] Login: "Diablo<38><STEAM_0:1:21335723><>" became an admin (account "STEAM_0:1:21335723") (access "abcdefghijklmnopqrstu") (address "176.99.188.247")
L 04/12/2020 - 17:32:18: -------- Mapchange to de_inferno --------
L 04/12/2020 - 17:32:18: [admin.amxx] Login: "Diablo<38><STEAM_0:1:21335723><>" became an admin (account "STEAM_0:1:21335723") (access "abcdefghijklmnopqrstu") (address "176.99.188.247")
L 04/12/2020 - 17:50:07: -------- Mapchange to de_aztec --------
L 04/12/2020 - 17:50:07: [admin.amxx] Login: "Diablo<38><STEAM_0:1:21335723><>" became an admin (account "STEAM_0:1:21335723") (access "abcdefghijklmnopqrstu") (address "176.99.188.247")
L 04/12/2020 - 18:14:17: -------- Mapchange to de_nuke --------
L 04/12/2020 - 18:14:17: [admin.amxx] Login: "Diablo<38><STEAM_0:1:21335723><>" became an admin (account "STEAM_0:1:21335723") (access "abcdefghijklmnopqrstu") (address "176.99.188.247")
L 04/12/2020 - 18:23:33: -------- Mapchange to fy_pool_day --------
L 04/12/2020 - 18:23:33: [admin.amxx] Login: "Diablo<38><STEAM_0:1:21335723><>" became an admin (account "STEAM_0:1:21335723") (access "abcdefghijklmnopqrstu") (address "176.99.188.247")
L 04/12/2020 - 18:32:22: -------- Mapchange to de_dust2_2x2 --------
L 04/12/2020 - 18:32:22: [admin.amxx] Login: "Diablo<38><STEAM_0:1:21335723><>" became an admin (account "STEAM_0:1:21335723") (access "abcdefghijklmnopqrstu") (address "176.99.188.247")
L 04/12/2020 - 19:00:21: [mapchooser.amxx] Vote: Voting for the nextmap started
L 04/12/2020 - 19:00:36: [mapchooser.amxx] Vote: Voting for the nextmap finished. The nextmap will be fy_iceworld_2002
L 04/12/2020 - 19:02:40: -------- Mapchange to fy_iceworld_2002 --------
L 04/12/2020 - 19:30:39: [mapchooser.amxx] Vote: Voting for the nextmap started
L 04/12/2020 - 19:30:55: [mapchooser.amxx] Vote: Voting for the nextmap finished. The nextmap will be cs_mansion
L 04/12/2020 - 19:32:58: -------- Mapchange to cs_mansion --------
L 04/12/2020 - 20:00:57: [mapchooser.amxx] Vote: Voting for the nextmap started
L 04/12/2020 - 20:01:12: [mapchooser.amxx] Vote: Voting for the nextmap finished. The nextmap will be de_dust2_2x2
L 04/12/2020 - 20:03:16: -------- Mapchange to de_dust2_2x2 --------
L 04/12/2020 - 20:31:19: [mapchooser.amxx] Vote: Voting for the nextmap started
L 04/12/2020 - 20:31:34: [mapchooser.amxx] Vote: Voting for the nextmap finished. The nextmap will be de_inferno_2x2
L 04/12/2020 - 20:33:38: -------- Mapchange to de_inferno_2x2 --------
L 04/12/2020 - 21:01:39: [mapchooser.amxx] Vote: Voting for the nextmap started
L 04/12/2020 - 21:01:54: [mapchooser.amxx] Vote: Voting for the nextmap finished. The nextmap will be de_sniper
L 04/12/2020 - 21:03:58: -------- Mapchange to de_sniper --------
L 04/12/2020 - 21:31:59: [mapchooser.amxx] Vote: Voting for the nextmap started
L 04/12/2020 - 21:32:14: [mapchooser.amxx] Vote: Voting for the nextmap finished. The nextmap will be de_snipe_it5
L 04/12/2020 - 21:34:18: -------- Mapchange to de_snipe_it5 --------
L 04/12/2020 - 22:02:20: [mapchooser.amxx] Vote: Voting for the nextmap started
L 04/12/2020 - 22:02:35: [mapchooser.amxx] Vote: Voting for the nextmap finished. The nextmap will be de_mipt
L 04/12/2020 - 22:04:38: -------- Mapchange to de_mipt --------
L 04/12/2020 - 22:32:39: [mapchooser.amxx] Vote: Voting for the nextmap started
L 04/12/2020 - 22:32:54: [mapchooser.amxx] Vote: Voting for the nextmap finished. The nextmap will be cs_discounter
L 04/12/2020 - 22:34:58: -------- Mapchange to cs_discounter --------
L 04/12/2020 - 23:02:58: [mapchooser.amxx] Vote: Voting for the nextmap started
L 04/12/2020 - 23:03:13: [mapchooser.amxx] Vote: Voting for the nextmap finished. The nextmap will be cs_rats2
L 04/12/2020 - 23:05:17: -------- Mapchange to cs_rats2 --------
L 04/12/2020 - 23:33:16: [mapchooser.amxx] Vote: Voting for the nextmap started
L 04/12/2020 - 23:33:31: [mapchooser.amxx] Vote: Voting for the nextmap finished. The nextmap will be de_aztec
L 04/12/2020 - 23:35:35: -------- Mapchange to de_aztec --------
