L 05/02/2020 - 00:13:41: [mapchooser4.amxx] Vote: Voting for the nextmap started
L 05/02/2020 - 00:13:52: [mapchooser4.amxx] Vote: Voting for the nextmap finished. The nextmap will be de_snipe_it5
L 05/02/2020 - 00:15:56: -------- Mapchange to de_snipe_it5 --------
L 05/02/2020 - 00:15:56: [mapchooser4.amxx] Found 51 maps in maps folder
L 05/02/2020 - 00:16:03: [mapchooser4.amxx] xvars for mapchooser 4 setuped.
L 05/02/2020 - 01:13:47: [mapchooser4.amxx] Vote: Voting for the nextmap started
L 05/02/2020 - 01:13:57: [mapchooser4.amxx] Vote: Voting for the nextmap finished. The nextmap will be awp_india
L 05/02/2020 - 01:16:16: -------- Mapchange to awp_india --------
L 05/02/2020 - 01:16:16: [mapchooser4.amxx] Found 51 maps in maps folder
L 05/02/2020 - 01:16:23: [mapchooser4.amxx] xvars for mapchooser 4 setuped.
L 05/02/2020 - 02:14:07: [mapchooser4.amxx] Vote: Voting for the nextmap started
L 05/02/2020 - 02:14:17: [mapchooser4.amxx] Vote: Voting for the nextmap finished. The nextmap will be cs_discounter
L 05/02/2020 - 02:16:36: -------- Mapchange to cs_discounter --------
L 05/02/2020 - 02:16:36: [mapchooser4.amxx] Found 51 maps in maps folder
L 05/02/2020 - 02:16:44: [mapchooser4.amxx] xvars for mapchooser 4 setuped.
L 05/02/2020 - 03:14:28: [mapchooser4.amxx] Vote: Voting for the nextmap started
L 05/02/2020 - 03:14:38: [mapchooser4.amxx] Vote: Voting for the nextmap finished. The nextmap will be cs_rats2
L 05/02/2020 - 03:16:57: -------- Mapchange to cs_rats2 --------
L 05/02/2020 - 03:16:57: [mapchooser4.amxx] Found 51 maps in maps folder
L 05/02/2020 - 03:17:04: [mapchooser4.amxx] xvars for mapchooser 4 setuped.
L 05/02/2020 - 04:14:48: [mapchooser4.amxx] Vote: Voting for the nextmap started
L 05/02/2020 - 04:14:58: [mapchooser4.amxx] Vote: Voting for the nextmap finished. The nextmap will be de_rats
L 05/02/2020 - 04:17:17: -------- Mapchange to de_rats --------
L 05/02/2020 - 04:17:17: [mapchooser4.amxx] Found 51 maps in maps folder
L 05/02/2020 - 04:17:25: [mapchooser4.amxx] xvars for mapchooser 4 setuped.
L 05/02/2020 - 05:15:09: [mapchooser4.amxx] Vote: Voting for the nextmap started
L 05/02/2020 - 05:15:19: [mapchooser4.amxx] Vote: Voting for the nextmap finished. The nextmap will be fy_pool_day
L 05/02/2020 - 05:17:38: -------- Mapchange to fy_pool_day --------
L 05/02/2020 - 05:17:38: [mapchooser4.amxx] Found 51 maps in maps folder
L 05/02/2020 - 05:17:45: [mapchooser4.amxx] xvars for mapchooser 4 setuped.
L 05/02/2020 - 06:15:29: [mapchooser4.amxx] Vote: Voting for the nextmap started
L 05/02/2020 - 06:15:39: [mapchooser4.amxx] Vote: Voting for the nextmap finished. The nextmap will be fy_train
L 05/02/2020 - 06:17:58: -------- Mapchange to fy_train --------
L 05/02/2020 - 06:17:58: [mapchooser4.amxx] Found 51 maps in maps folder
L 05/02/2020 - 06:18:05: [mapchooser4.amxx] xvars for mapchooser 4 setuped.
L 05/02/2020 - 07:15:49: [mapchooser4.amxx] Vote: Voting for the nextmap started
L 05/02/2020 - 07:15:59: [mapchooser4.amxx] Vote: Voting for the nextmap finished. The nextmap will be de_aztec
L 05/02/2020 - 07:18:18: -------- Mapchange to de_aztec --------
L 05/02/2020 - 07:18:18: [mapchooser4.amxx] Found 51 maps in maps folder
L 05/02/2020 - 07:18:25: [mapchooser4.amxx] xvars for mapchooser 4 setuped.
L 05/02/2020 - 08:16:09: [mapchooser4.amxx] Vote: Voting for the nextmap started
L 05/02/2020 - 08:16:19: [mapchooser4.amxx] Vote: Voting for the nextmap finished. The nextmap will be de_cbble
L 05/02/2020 - 08:18:38: -------- Mapchange to de_cbble --------
L 05/02/2020 - 08:18:39: [mapchooser4.amxx] Found 51 maps in maps folder
L 05/02/2020 - 08:18:46: [mapchooser4.amxx] xvars for mapchooser 4 setuped.
L 05/02/2020 - 09:16:30: [mapchooser4.amxx] Vote: Voting for the nextmap started
L 05/02/2020 - 09:16:40: [mapchooser4.amxx] Vote: Voting for the nextmap finished. The nextmap will be de_cpl_mill
L 05/02/2020 - 09:18:59: -------- Mapchange to de_cpl_mill --------
L 05/02/2020 - 09:18:59: [mapchooser4.amxx] Found 51 maps in maps folder
L 05/02/2020 - 09:19:06: [mapchooser4.amxx] xvars for mapchooser 4 setuped.
L 05/02/2020 - 10:16:50: [mapchooser4.amxx] Vote: Voting for the nextmap started
L 05/02/2020 - 10:17:00: [mapchooser4.amxx] Vote: Voting for the nextmap finished. The nextmap will be de_dust
L 05/02/2020 - 10:19:19: -------- Mapchange to de_dust --------
L 05/02/2020 - 10:19:19: [mapchooser4.amxx] Found 51 maps in maps folder
L 05/02/2020 - 10:19:26: [mapchooser4.amxx] xvars for mapchooser 4 setuped.
L 05/02/2020 - 11:17:10: [mapchooser4.amxx] Vote: Voting for the nextmap started
L 05/02/2020 - 11:17:20: [mapchooser4.amxx] Vote: Voting for the nextmap finished. The nextmap will be de_dust2
L 05/02/2020 - 11:19:39: -------- Mapchange to de_dust2 --------
L 05/02/2020 - 11:19:39: [mapchooser4.amxx] Found 51 maps in maps folder
L 05/02/2020 - 11:19:47: [mapchooser4.amxx] xvars for mapchooser 4 setuped.
L 05/02/2020 - 12:17:31: [mapchooser4.amxx] Vote: Voting for the nextmap started
L 05/02/2020 - 12:17:41: [mapchooser4.amxx] Vote: Voting for the nextmap finished. The nextmap will be de_inferno
L 05/02/2020 - 12:20:00: -------- Mapchange to de_inferno --------
L 05/02/2020 - 12:20:00: [mapchooser4.amxx] Found 51 maps in maps folder
L 05/02/2020 - 12:20:08: [mapchooser4.amxx] xvars for mapchooser 4 setuped.
L 05/02/2020 - 13:17:52: [mapchooser4.amxx] Vote: Voting for the nextmap started
L 05/02/2020 - 13:18:02: [mapchooser4.amxx] Vote: Voting for the nextmap finished. The nextmap will be de_nuke
L 05/02/2020 - 13:20:21: -------- Mapchange to de_nuke --------
L 05/02/2020 - 13:20:22: [mapchooser4.amxx] Found 51 maps in maps folder
L 05/02/2020 - 13:20:30: [mapchooser4.amxx] xvars for mapchooser 4 setuped.
L 05/02/2020 - 14:18:14: [mapchooser4.amxx] Vote: Voting for the nextmap started
L 05/02/2020 - 14:18:24: [mapchooser4.amxx] Vote: Voting for the nextmap finished. The nextmap will be cs_assault
L 05/02/2020 - 14:20:43: -------- Mapchange to cs_assault --------
L 05/02/2020 - 14:20:43: [mapchooser4.amxx] Found 51 maps in maps folder
L 05/02/2020 - 14:20:50: [mapchooser4.amxx] xvars for mapchooser 4 setuped.
L 05/02/2020 - 15:18:34: [mapchooser4.amxx] Vote: Voting for the nextmap started
L 05/02/2020 - 15:18:44: [mapchooser4.amxx] Vote: Voting for the nextmap finished. The nextmap will be cs_italy
L 05/02/2020 - 15:21:03: -------- Mapchange to cs_italy --------
L 05/02/2020 - 15:21:04: [mapchooser4.amxx] Found 51 maps in maps folder
L 05/02/2020 - 15:21:11: [mapchooser4.amxx] xvars for mapchooser 4 setuped.
L 05/02/2020 - 16:18:55: [mapchooser4.amxx] Vote: Voting for the nextmap started
L 05/02/2020 - 16:19:05: [mapchooser4.amxx] Vote: Voting for the nextmap finished. The nextmap will be de_train
L 05/02/2020 - 16:21:24: -------- Mapchange to de_train --------
L 05/02/2020 - 16:21:25: [mapchooser4.amxx] Found 51 maps in maps folder
L 05/02/2020 - 16:21:32: [mapchooser4.amxx] xvars for mapchooser 4 setuped.
L 05/02/2020 - 17:19:16: [mapchooser4.amxx] Vote: Voting for the nextmap started
L 05/02/2020 - 17:19:26: [mapchooser4.amxx] Vote: Voting for the nextmap finished. The nextmap will be aim_ak-colt
L 05/02/2020 - 17:21:45: -------- Mapchange to aim_ak-colt --------
L 05/02/2020 - 17:21:45: [mapchooser4.amxx] Found 51 maps in maps folder
L 05/02/2020 - 17:21:52: [mapchooser4.amxx] xvars for mapchooser 4 setuped.
L 05/02/2020 - 18:02:57: -------- Mapchange to de_dust2_2x2 --------
L 05/02/2020 - 18:02:58: [mapchooser4.amxx] Found 51 maps in maps folder
L 05/02/2020 - 18:03:05: [mapchooser4.amxx] xvars for mapchooser 4 setuped.
L 05/02/2020 - 18:03:27: [admin.amxx] Login: "RAZ DVA<549><STEAM_0:1:55760822><>" became an admin (account "STEAM_0:1:55760822") (access "cdefjuz") (address "94.25.173.254")
L 05/02/2020 - 18:21:21: -------- Mapchange to fy_pool_day --------
L 05/02/2020 - 18:21:21: [mapchooser4.amxx] Found 51 maps in maps folder
L 05/02/2020 - 18:21:21: [admin.amxx] Login: "RAZ DVA<549><STEAM_0:1:55760822><>" became an admin (account "STEAM_0:1:55760822") (access "cdefjuz") (address "94.25.173.254")
L 05/02/2020 - 18:21:28: [mapchooser4.amxx] xvars for mapchooser 4 setuped.
L 05/02/2020 - 18:31:11: [admincmd.amxx] Cmd: "RAZ DVA<549><STEAM_0:1:55760822><>" changelevel "de_aztec"
L 05/02/2020 - 18:31:13: -------- Mapchange to de_aztec --------
L 05/02/2020 - 18:31:14: [mapchooser4.amxx] Found 51 maps in maps folder
L 05/02/2020 - 18:31:14: [admin.amxx] Login: "RAZ DVA<549><STEAM_0:1:55760822><>" became an admin (account "STEAM_0:1:55760822") (access "cdefjuz") (address "94.25.173.254")
L 05/02/2020 - 18:31:21: [mapchooser4.amxx] xvars for mapchooser 4 setuped.
L 05/02/2020 - 19:29:20: [mapchooser4.amxx] Vote: Voting for the nextmap started
L 05/02/2020 - 19:29:30: [mapchooser4.amxx] Vote: Voting for the nextmap finished. The nextmap will be cs_16fighter
L 05/02/2020 - 19:31:34: -------- Mapchange to cs_16fighter --------
L 05/02/2020 - 19:31:34: [mapchooser4.amxx] Found 51 maps in maps folder
L 05/02/2020 - 19:31:41: [mapchooser4.amxx] xvars for mapchooser 4 setuped.
L 05/02/2020 - 20:29:25: [mapchooser4.amxx] Vote: Voting for the nextmap started
L 05/02/2020 - 20:29:35: [mapchooser4.amxx] Vote: Voting for the nextmap finished. The nextmap will be cs_pf_dust
L 05/02/2020 - 20:31:54: -------- Mapchange to cs_pf_dust --------
L 05/02/2020 - 20:31:54: [mapchooser4.amxx] Found 51 maps in maps folder
L 05/02/2020 - 20:32:01: [mapchooser4.amxx] xvars for mapchooser 4 setuped.
L 05/02/2020 - 21:47:17: -------- Mapchange to de_inferno --------
L 05/02/2020 - 21:47:18: [mapchooser4.amxx] Found 51 maps in maps folder
L 05/02/2020 - 21:47:25: [mapchooser4.amxx] xvars for mapchooser 4 setuped.
L 05/02/2020 - 22:45:24: [mapchooser4.amxx] Vote: Voting for the nextmap started
L 05/02/2020 - 22:45:34: [mapchooser4.amxx] Vote: Voting for the nextmap finished. The nextmap will be cs_mansion
L 05/02/2020 - 22:47:40: -------- Mapchange to cs_mansion --------
L 05/02/2020 - 22:47:40: [mapchooser4.amxx] Found 51 maps in maps folder
L 05/02/2020 - 22:47:47: [mapchooser4.amxx] xvars for mapchooser 4 setuped.
L 05/02/2020 - 23:45:31: [mapchooser4.amxx] Vote: Voting for the nextmap started
L 05/02/2020 - 23:45:41: [mapchooser4.amxx] Vote: Voting for the nextmap finished. The nextmap will be de_mirage
L 05/02/2020 - 23:48:01: -------- Mapchange to de_mirage --------
L 05/02/2020 - 23:48:02: [mapchooser4.amxx] Found 51 maps in maps folder
L 05/02/2020 - 23:48:09: [mapchooser4.amxx] xvars for mapchooser 4 setuped.
