L 04/29/2020 - 00:49:37: [mapchooser4.amxx] Vote: Voting for the nextmap started
L 04/29/2020 - 00:49:47: [mapchooser4.amxx] Vote: Voting for the nextmap finished. The nextmap will be de_dust2
L 04/29/2020 - 00:52:09: -------- Mapchange to de_dust2 --------
L 04/29/2020 - 00:52:09: [mapchooser4.amxx] Found 51 maps in maps folder
L 04/29/2020 - 00:52:16: [mapchooser4.amxx] xvars for mapchooser 4 setuped.
L 04/29/2020 - 01:50:00: [mapchooser4.amxx] Vote: Voting for the nextmap started
L 04/29/2020 - 01:50:10: [mapchooser4.amxx] Vote: Voting for the nextmap finished. The nextmap will be de_inferno
L 04/29/2020 - 01:52:32: -------- Mapchange to de_inferno --------
L 04/29/2020 - 01:52:32: [mapchooser4.amxx] Found 51 maps in maps folder
L 04/29/2020 - 01:52:39: [mapchooser4.amxx] xvars for mapchooser 4 setuped.
L 04/29/2020 - 02:50:26: [mapchooser4.amxx] Vote: Voting for the nextmap started
L 04/29/2020 - 02:50:36: [mapchooser4.amxx] Vote: Voting for the nextmap finished. The nextmap will be de_nuke
L 04/29/2020 - 02:52:58: -------- Mapchange to de_nuke --------
L 04/29/2020 - 02:52:59: [mapchooser4.amxx] Found 51 maps in maps folder
L 04/29/2020 - 02:53:06: [mapchooser4.amxx] xvars for mapchooser 4 setuped.
L 04/29/2020 - 03:50:50: [mapchooser4.amxx] Vote: Voting for the nextmap started
L 04/29/2020 - 03:51:00: [mapchooser4.amxx] Vote: Voting for the nextmap finished. The nextmap will be cs_assault
L 04/29/2020 - 03:53:22: -------- Mapchange to cs_assault --------
L 04/29/2020 - 03:53:23: [mapchooser4.amxx] Found 51 maps in maps folder
L 04/29/2020 - 03:53:30: [mapchooser4.amxx] xvars for mapchooser 4 setuped.
L 04/29/2020 - 04:51:14: [mapchooser4.amxx] Vote: Voting for the nextmap started
L 04/29/2020 - 04:51:24: [mapchooser4.amxx] Vote: Voting for the nextmap finished. The nextmap will be cs_italy
L 04/29/2020 - 04:53:46: -------- Mapchange to cs_italy --------
L 04/29/2020 - 04:53:46: [mapchooser4.amxx] Found 51 maps in maps folder
L 04/29/2020 - 04:53:53: [mapchooser4.amxx] xvars for mapchooser 4 setuped.
L 04/29/2020 - 05:51:37: [mapchooser4.amxx] Vote: Voting for the nextmap started
L 04/29/2020 - 05:51:47: [mapchooser4.amxx] Vote: Voting for the nextmap finished. The nextmap will be de_train
L 04/29/2020 - 05:54:09: -------- Mapchange to de_train --------
L 04/29/2020 - 05:54:10: [mapchooser4.amxx] Found 51 maps in maps folder
L 04/29/2020 - 05:54:17: [mapchooser4.amxx] xvars for mapchooser 4 setuped.
L 04/29/2020 - 06:52:01: [mapchooser4.amxx] Vote: Voting for the nextmap started
L 04/29/2020 - 06:52:11: [mapchooser4.amxx] Vote: Voting for the nextmap finished. The nextmap will be aim_ak-colt
L 04/29/2020 - 06:54:32: -------- Mapchange to aim_ak-colt --------
L 04/29/2020 - 06:54:33: [mapchooser4.amxx] Found 51 maps in maps folder
L 04/29/2020 - 06:54:40: [mapchooser4.amxx] xvars for mapchooser 4 setuped.
L 04/29/2020 - 07:52:24: [mapchooser4.amxx] Vote: Voting for the nextmap started
L 04/29/2020 - 07:52:34: [mapchooser4.amxx] Vote: Voting for the nextmap finished. The nextmap will be aim_aztecplace
L 04/29/2020 - 07:54:56: -------- Mapchange to aim_aztecplace --------
L 04/29/2020 - 07:54:56: [mapchooser4.amxx] Found 51 maps in maps folder
L 04/29/2020 - 07:55:03: [mapchooser4.amxx] xvars for mapchooser 4 setuped.
L 04/29/2020 - 08:52:47: [mapchooser4.amxx] Vote: Voting for the nextmap started
L 04/29/2020 - 08:52:57: [mapchooser4.amxx] Vote: Voting for the nextmap finished. The nextmap will be aim_headshot
L 04/29/2020 - 08:55:19: -------- Mapchange to aim_headshot --------
L 04/29/2020 - 08:55:19: [mapchooser4.amxx] Found 51 maps in maps folder
L 04/29/2020 - 08:55:26: [mapchooser4.amxx] xvars for mapchooser 4 setuped.
L 04/29/2020 - 09:53:10: [mapchooser4.amxx] Vote: Voting for the nextmap started
L 04/29/2020 - 09:53:20: [mapchooser4.amxx] Vote: Voting for the nextmap finished. The nextmap will be aim_map
L 04/29/2020 - 09:55:42: -------- Mapchange to aim_map --------
L 04/29/2020 - 09:55:42: [mapchooser4.amxx] Found 51 maps in maps folder
L 04/29/2020 - 09:55:49: [mapchooser4.amxx] xvars for mapchooser 4 setuped.
L 04/29/2020 - 10:53:33: [mapchooser4.amxx] Vote: Voting for the nextmap started
L 04/29/2020 - 10:53:43: [mapchooser4.amxx] Vote: Voting for the nextmap finished. The nextmap will be cs_16fighter
L 04/29/2020 - 10:56:05: -------- Mapchange to cs_16fighter --------
L 04/29/2020 - 10:56:05: [mapchooser4.amxx] Found 51 maps in maps folder
L 04/29/2020 - 10:56:12: [mapchooser4.amxx] xvars for mapchooser 4 setuped.
L 04/29/2020 - 11:53:56: [mapchooser4.amxx] Vote: Voting for the nextmap started
L 04/29/2020 - 11:54:06: [mapchooser4.amxx] Vote: Voting for the nextmap finished. The nextmap will be cs_pf_dust
L 04/29/2020 - 11:56:28: -------- Mapchange to cs_pf_dust --------
L 04/29/2020 - 11:56:28: [mapchooser4.amxx] Found 51 maps in maps folder
L 04/29/2020 - 11:56:35: [mapchooser4.amxx] xvars for mapchooser 4 setuped.
L 04/29/2020 - 12:54:19: [mapchooser4.amxx] Vote: Voting for the nextmap started
L 04/29/2020 - 12:54:29: [mapchooser4.amxx] Vote: Voting for the nextmap finished. The nextmap will be fy_iceworld_2002
L 04/29/2020 - 12:56:51: -------- Mapchange to fy_iceworld_2002 --------
L 04/29/2020 - 12:56:51: [mapchooser4.amxx] Found 51 maps in maps folder
L 04/29/2020 - 12:56:59: [mapchooser4.amxx] xvars for mapchooser 4 setuped.
L 04/29/2020 - 13:54:43: [mapchooser4.amxx] Vote: Voting for the nextmap started
L 04/29/2020 - 13:54:53: [mapchooser4.amxx] Vote: Voting for the nextmap finished. The nextmap will be cs_mansion
L 04/29/2020 - 13:57:15: -------- Mapchange to cs_mansion --------
L 04/29/2020 - 13:57:15: [mapchooser4.amxx] Found 51 maps in maps folder
L 04/29/2020 - 13:57:22: [mapchooser4.amxx] xvars for mapchooser 4 setuped.
L 04/29/2020 - 14:55:06: [mapchooser4.amxx] Vote: Voting for the nextmap started
L 04/29/2020 - 14:55:17: [mapchooser4.amxx] Vote: Voting for the nextmap finished. The nextmap will be de_mirage
L 04/29/2020 - 14:57:38: -------- Mapchange to de_mirage --------
L 04/29/2020 - 14:57:39: [mapchooser4.amxx] Found 51 maps in maps folder
L 04/29/2020 - 14:57:46: [mapchooser4.amxx] xvars for mapchooser 4 setuped.
L 04/29/2020 - 15:55:30: [mapchooser4.amxx] Vote: Voting for the nextmap started
L 04/29/2020 - 15:55:40: [mapchooser4.amxx] Vote: Voting for the nextmap finished. The nextmap will be fy_snow
L 04/29/2020 - 15:58:02: -------- Mapchange to fy_snow --------
L 04/29/2020 - 15:58:02: [mapchooser4.amxx] Found 51 maps in maps folder
L 04/29/2020 - 15:58:09: [mapchooser4.amxx] xvars for mapchooser 4 setuped.
L 04/29/2020 - 16:55:53: [mapchooser4.amxx] Vote: Voting for the nextmap started
L 04/29/2020 - 16:56:03: [mapchooser4.amxx] Vote: Voting for the nextmap finished. The nextmap will be de_dust2_2x2
L 04/29/2020 - 16:58:25: -------- Mapchange to de_dust2_2x2 --------
L 04/29/2020 - 16:58:25: [mapchooser4.amxx] Found 51 maps in maps folder
L 04/29/2020 - 16:58:33: [mapchooser4.amxx] xvars for mapchooser 4 setuped.
L 04/29/2020 - 17:56:17: [mapchooser4.amxx] Vote: Voting for the nextmap started
L 04/29/2020 - 17:56:27: [mapchooser4.amxx] Vote: Voting for the nextmap finished. The nextmap will be de_inferno_2x2
L 04/29/2020 - 17:58:48: -------- Mapchange to de_inferno_2x2 --------
L 04/29/2020 - 17:58:49: [mapchooser4.amxx] Found 51 maps in maps folder
L 04/29/2020 - 17:58:56: [mapchooser4.amxx] xvars for mapchooser 4 setuped.
L 04/29/2020 - 18:30:30: -------- Mapchange to aim_map --------
L 04/29/2020 - 18:30:31: [mapchooser4.amxx] Found 51 maps in maps folder
L 04/29/2020 - 18:30:38: [mapchooser4.amxx] xvars for mapchooser 4 setuped.
L 04/29/2020 - 19:28:52: [mapchooser4.amxx] Vote: Voting for the nextmap started
L 04/29/2020 - 19:29:02: [mapchooser4.amxx] Vote: Voting for the nextmap finished. The nextmap will be de_snipe_it5
L 04/29/2020 - 19:31:03: -------- Mapchange to de_snipe_it5 --------
L 04/29/2020 - 19:31:04: [mapchooser4.amxx] Found 51 maps in maps folder
L 04/29/2020 - 19:31:12: [mapchooser4.amxx] xvars for mapchooser 4 setuped.
L 04/29/2020 - 20:00:38: -------- Mapchange to de_dust2_2x2 --------
L 04/29/2020 - 20:00:39: [mapchooser4.amxx] Found 51 maps in maps folder
L 04/29/2020 - 20:00:46: [mapchooser4.amxx] xvars for mapchooser 4 setuped.
L 04/29/2020 - 20:39:14: -------- Mapchange to de_aztec --------
L 04/29/2020 - 20:39:15: [mapchooser4.amxx] Found 51 maps in maps folder
L 04/29/2020 - 20:39:22: [mapchooser4.amxx] xvars for mapchooser 4 setuped.
L 04/29/2020 - 20:56:33: [admin.amxx] Login: "Diablo<299><STEAM_0:1:21335723><>" became an admin (account "STEAM_0:1:21335723") (access "abcdefghijklmnopqrstu") (address "176.99.162.171")
L 04/29/2020 - 21:21:45: [admin.amxx] Login: "GUSINBERG<300><STEAM_0:1:55760822><>" became an admin (account "STEAM_0:1:55760822") (access "cdefjuz") (address "81.200.27.239")
L 04/29/2020 - 21:37:21: [mapchooser4.amxx] Vote: Voting for the nextmap started
L 04/29/2020 - 21:37:31: [mapchooser4.amxx] Vote: Voting for the nextmap finished. The nextmap will be cs_rats2
L 04/29/2020 - 21:39:38: -------- Mapchange to cs_rats2 --------
L 04/29/2020 - 21:39:42: [mapchooser4.amxx] Found 51 maps in maps folder
L 04/29/2020 - 21:39:49: [mapchooser4.amxx] xvars for mapchooser 4 setuped.
L 04/29/2020 - 22:37:33: [mapchooser4.amxx] Vote: Voting for the nextmap started
L 04/29/2020 - 22:37:43: [mapchooser4.amxx] Vote: Voting for the nextmap finished. The nextmap will be de_rats
L 04/29/2020 - 22:40:06: -------- Mapchange to de_rats --------
L 04/29/2020 - 22:40:08: [mapchooser4.amxx] Found 51 maps in maps folder
L 04/29/2020 - 22:40:15: [mapchooser4.amxx] xvars for mapchooser 4 setuped.
L 04/29/2020 - 23:03:13: [admin.amxx] Login: "GUSINBERG<305><STEAM_0:1:55760822><>" became an admin (account "STEAM_0:1:55760822") (access "cdefjuz") (address "94.25.173.234")
L 04/29/2020 - 23:03:34: [admincmd.amxx] Cmd: "GUSINBERG<305><STEAM_0:1:55760822><>" changelevel "de_dust2_2x2"
L 04/29/2020 - 23:03:36: -------- Mapchange to de_dust2_2x2 --------
L 04/29/2020 - 23:03:36: [mapchooser4.amxx] Found 51 maps in maps folder
L 04/29/2020 - 23:03:37: [admin.amxx] Login: "GUSINBERG<305><STEAM_0:1:55760822><>" became an admin (account "STEAM_0:1:55760822") (access "cdefjuz") (address "94.25.173.234")
L 04/29/2020 - 23:03:44: [mapchooser4.amxx] xvars for mapchooser 4 setuped.
L 04/29/2020 - 23:12:22: [adminvote.amxx] Vote: "[DS-HOST.RU] Vasya and Valet<0><><>" vote custom (question "necnec - valet?") (option#1 "Yes") (option#2 "No")
L 04/29/2020 - 23:12:34: [adminvote.amxx] Vote: Voting successful (got "4") (needed "1") (result "necnec - valet? - Yes")
L 04/29/2020 - 23:17:13: -------- Mapchange to de_inferno --------
L 04/29/2020 - 23:17:14: [mapchooser4.amxx] Found 51 maps in maps folder
L 04/29/2020 - 23:17:14: [admin.amxx] Login: "GUSINBERG<305><STEAM_0:1:55760822><>" became an admin (account "STEAM_0:1:55760822") (access "cdefjuz") (address "94.25.173.234")
L 04/29/2020 - 23:17:21: [mapchooser4.amxx] xvars for mapchooser 4 setuped.
L 04/29/2020 - 23:58:05: [admin.amxx] Login: "Diablo<316><STEAM_0:1:21335723><>" became an admin (account "STEAM_0:1:21335723") (access "abcdefghijklmnopqrstu") (address "176.99.162.171")
