L 04/15/2020 - 00:05:31: -------- Mapchange to de_inferno_2x2 --------
L 04/15/2020 - 00:33:30: [mapchooser.amxx] Vote: Voting for the nextmap started
L 04/15/2020 - 00:33:45: [mapchooser.amxx] Vote: Voting for the nextmap finished. The nextmap will be de_sniper
L 04/15/2020 - 00:40:21: -------- Mapchange to de_sniper --------
L 04/15/2020 - 01:08:21: [mapchooser.amxx] Vote: Voting for the nextmap started
L 04/15/2020 - 01:08:36: [mapchooser.amxx] Vote: Voting for the nextmap finished. The nextmap will be de_snipe_it5
L 04/15/2020 - 01:15:11: -------- Mapchange to de_snipe_it5 --------
L 04/15/2020 - 01:43:12: [mapchooser.amxx] Vote: Voting for the nextmap started
L 04/15/2020 - 01:43:27: [mapchooser.amxx] Vote: Voting for the nextmap finished. The nextmap will be de_mipt
L 04/15/2020 - 01:50:03: -------- Mapchange to de_mipt --------
L 04/15/2020 - 02:18:03: [mapchooser.amxx] Vote: Voting for the nextmap started
L 04/15/2020 - 02:18:18: [mapchooser.amxx] Vote: Voting for the nextmap finished. The nextmap will be cs_discounter
L 04/15/2020 - 02:24:53: -------- Mapchange to cs_discounter --------
L 04/15/2020 - 02:52:53: [mapchooser.amxx] Vote: Voting for the nextmap started
L 04/15/2020 - 02:53:08: [mapchooser.amxx] Vote: Voting for the nextmap finished. The nextmap will be cs_rats2
L 04/15/2020 - 02:59:44: -------- Mapchange to cs_rats2 --------
L 04/15/2020 - 03:27:43: [mapchooser.amxx] Vote: Voting for the nextmap started
L 04/15/2020 - 03:27:58: [mapchooser.amxx] Vote: Voting for the nextmap finished. The nextmap will be de_aztec
L 04/15/2020 - 03:34:34: -------- Mapchange to de_aztec --------
L 04/15/2020 - 04:02:33: [mapchooser.amxx] Vote: Voting for the nextmap started
L 04/15/2020 - 04:02:48: [mapchooser.amxx] Vote: Voting for the nextmap finished. The nextmap will be cs_siege
L 04/15/2020 - 04:09:23: -------- Mapchange to cs_siege --------
L 04/15/2020 - 04:37:23: [mapchooser.amxx] Vote: Voting for the nextmap started
L 04/15/2020 - 04:37:38: [mapchooser.amxx] Vote: Voting for the nextmap finished. The nextmap will be de_cbble
L 04/15/2020 - 04:44:14: -------- Mapchange to de_cbble --------
L 04/15/2020 - 05:12:13: [mapchooser.amxx] Vote: Voting for the nextmap started
L 04/15/2020 - 05:12:28: [mapchooser.amxx] Vote: Voting for the nextmap finished. The nextmap will be de_dust
L 04/15/2020 - 05:19:04: -------- Mapchange to de_dust --------
L 04/15/2020 - 05:47:03: [mapchooser.amxx] Vote: Voting for the nextmap started
L 04/15/2020 - 05:47:18: [mapchooser.amxx] Vote: Voting for the nextmap finished. The nextmap will be de_rats
L 04/15/2020 - 05:53:54: -------- Mapchange to de_rats --------
L 04/15/2020 - 06:21:53: [mapchooser.amxx] Vote: Voting for the nextmap started
L 04/15/2020 - 06:22:08: [mapchooser.amxx] Vote: Voting for the nextmap finished. The nextmap will be de_prodigy
L 04/15/2020 - 06:28:44: -------- Mapchange to de_prodigy --------
L 04/15/2020 - 06:56:43: [mapchooser.amxx] Vote: Voting for the nextmap started
L 04/15/2020 - 06:56:58: [mapchooser.amxx] Vote: Voting for the nextmap finished. The nextmap will be cs_assault
L 04/15/2020 - 07:03:34: -------- Mapchange to cs_assault --------
L 04/15/2020 - 07:31:34: [mapchooser.amxx] Vote: Voting for the nextmap started
L 04/15/2020 - 07:31:49: [mapchooser.amxx] Vote: Voting for the nextmap finished. The nextmap will be cs_italy
L 04/15/2020 - 07:38:24: -------- Mapchange to cs_italy --------
L 04/15/2020 - 08:06:24: [mapchooser.amxx] Vote: Voting for the nextmap started
L 04/15/2020 - 08:06:39: [mapchooser.amxx] Vote: Voting for the nextmap finished. The nextmap will be cs_estate
L 04/15/2020 - 08:13:14: -------- Mapchange to cs_estate --------
L 04/15/2020 - 08:41:14: [mapchooser.amxx] Vote: Voting for the nextmap started
L 04/15/2020 - 08:41:29: [mapchooser.amxx] Vote: Voting for the nextmap finished. The nextmap will be fy_pool_day
L 04/15/2020 - 08:48:04: -------- Mapchange to fy_pool_day --------
L 04/15/2020 - 09:16:04: [mapchooser.amxx] Vote: Voting for the nextmap started
L 04/15/2020 - 09:16:19: [mapchooser.amxx] Vote: Voting for the nextmap finished. The nextmap will be cs_militia
L 04/15/2020 - 09:22:55: -------- Mapchange to cs_militia --------
L 04/15/2020 - 09:50:54: [mapchooser.amxx] Vote: Voting for the nextmap started
L 04/15/2020 - 09:51:09: [mapchooser.amxx] Vote: Voting for the nextmap finished. The nextmap will be de_train
L 04/15/2020 - 09:57:45: -------- Mapchange to de_train --------
L 04/15/2020 - 10:25:44: [mapchooser.amxx] Vote: Voting for the nextmap started
L 04/15/2020 - 10:25:59: [mapchooser.amxx] Vote: Voting for the nextmap finished. The nextmap will be aim_ak-colt
L 04/15/2020 - 10:32:35: -------- Mapchange to aim_ak-colt --------
L 04/15/2020 - 11:00:34: [mapchooser.amxx] Vote: Voting for the nextmap started
L 04/15/2020 - 11:00:49: [mapchooser.amxx] Vote: Voting for the nextmap finished. The nextmap will be aim_headshot
L 04/15/2020 - 11:07:25: -------- Mapchange to aim_headshot --------
L 04/15/2020 - 11:35:24: [mapchooser.amxx] Vote: Voting for the nextmap started
L 04/15/2020 - 11:35:39: [mapchooser.amxx] Vote: Voting for the nextmap finished. The nextmap will be aim_map
L 04/15/2020 - 11:42:15: -------- Mapchange to aim_map --------
L 04/15/2020 - 12:10:14: [mapchooser.amxx] Vote: Voting for the nextmap started
L 04/15/2020 - 12:10:29: [mapchooser.amxx] Vote: Voting for the nextmap finished. The nextmap will be cs_16fighter
L 04/15/2020 - 12:17:04: -------- Mapchange to cs_16fighter --------
L 04/15/2020 - 12:45:04: [mapchooser.amxx] Vote: Voting for the nextmap started
L 04/15/2020 - 12:45:19: [mapchooser.amxx] Vote: Voting for the nextmap finished. The nextmap will be cs_pf_dust
L 04/15/2020 - 12:51:55: -------- Mapchange to cs_pf_dust --------
L 04/15/2020 - 13:19:54: [mapchooser.amxx] Vote: Voting for the nextmap started
L 04/15/2020 - 13:20:09: [mapchooser.amxx] Vote: Voting for the nextmap finished. The nextmap will be fy_iceworld_2002
L 04/15/2020 - 13:26:45: -------- Mapchange to fy_iceworld_2002 --------
L 04/15/2020 - 13:54:44: [mapchooser.amxx] Vote: Voting for the nextmap started
L 04/15/2020 - 13:54:59: [mapchooser.amxx] Vote: Voting for the nextmap finished. The nextmap will be cs_mansion
L 04/15/2020 - 14:01:37: -------- Mapchange to cs_mansion --------
L 04/15/2020 - 14:29:37: [mapchooser.amxx] Vote: Voting for the nextmap started
L 04/15/2020 - 14:29:52: [mapchooser.amxx] Vote: Voting for the nextmap finished. The nextmap will be de_dust2_2x2
L 04/15/2020 - 14:36:28: -------- Mapchange to de_dust2_2x2 --------
L 04/15/2020 - 15:04:28: [mapchooser.amxx] Vote: Voting for the nextmap started
L 04/15/2020 - 15:04:43: [mapchooser.amxx] Vote: Voting for the nextmap finished. The nextmap will be de_inferno_2x2
L 04/15/2020 - 15:11:19: -------- Mapchange to de_inferno_2x2 --------
L 04/15/2020 - 15:39:18: [mapchooser.amxx] Vote: Voting for the nextmap started
L 04/15/2020 - 15:39:34: [mapchooser.amxx] Vote: Voting for the nextmap finished. The nextmap will be de_sniper
L 04/15/2020 - 15:46:10: -------- Mapchange to de_sniper --------
L 04/15/2020 - 16:14:10: [mapchooser.amxx] Vote: Voting for the nextmap started
L 04/15/2020 - 16:14:25: [mapchooser.amxx] Vote: Voting for the nextmap finished. The nextmap will be de_snipe_it5
L 04/15/2020 - 16:21:00: -------- Mapchange to de_snipe_it5 --------
L 04/15/2020 - 16:49:01: [mapchooser.amxx] Vote: Voting for the nextmap started
L 04/15/2020 - 16:49:16: [mapchooser.amxx] Vote: Voting for the nextmap finished. The nextmap will be de_mipt
L 04/15/2020 - 16:55:51: -------- Mapchange to de_mipt --------
L 04/15/2020 - 17:23:52: [mapchooser.amxx] Vote: Voting for the nextmap started
L 04/15/2020 - 17:24:07: [mapchooser.amxx] Vote: Voting for the nextmap finished. The nextmap will be cs_discounter
L 04/15/2020 - 17:30:43: -------- Mapchange to cs_discounter --------
L 04/15/2020 - 17:58:43: [mapchooser.amxx] Vote: Voting for the nextmap started
L 04/15/2020 - 17:58:58: [mapchooser.amxx] Vote: Voting for the nextmap finished. The nextmap will be cs_rats2
L 04/15/2020 - 18:05:35: -------- Mapchange to cs_rats2 --------
L 04/15/2020 - 18:33:35: [mapchooser.amxx] Vote: Voting for the nextmap started
L 04/15/2020 - 18:33:50: [mapchooser.amxx] Vote: Voting for the nextmap finished. The nextmap will be de_aztec
L 04/15/2020 - 18:40:25: -------- Mapchange to de_aztec --------
L 04/15/2020 - 19:08:29: [mapchooser.amxx] Vote: Voting for the nextmap started
L 04/15/2020 - 19:08:44: [mapchooser.amxx] Vote: Voting for the nextmap finished. The nextmap will be cs_siege
L 04/15/2020 - 19:15:19: -------- Mapchange to cs_siege --------
L 04/15/2020 - 19:43:20: [mapchooser.amxx] Vote: Voting for the nextmap started
L 04/15/2020 - 19:43:35: [mapchooser.amxx] Vote: Voting for the nextmap finished. The nextmap will be de_cbble
L 04/15/2020 - 19:56:18: -------- Mapchange to de_dust2 --------
L 04/15/2020 - 20:24:18: [mapchooser.amxx] Vote: Voting for the nextmap started
L 04/15/2020 - 20:24:34: [mapchooser.amxx] Vote: Voting for the nextmap finished. The nextmap will be de_nuke
L 04/15/2020 - 20:26:39: -------- Mapchange to de_nuke --------
L 04/15/2020 - 20:53:51: -------- Mapchange to de_inferno --------
L 04/15/2020 - 21:21:50: [mapchooser.amxx] Vote: Voting for the nextmap started
L 04/15/2020 - 21:22:05: [mapchooser.amxx] Vote: Voting for the nextmap finished. The nextmap will be cs_discounter
L 04/15/2020 - 21:23:50: -------- Mapchange to de_aztec --------
L 04/15/2020 - 21:51:50: [mapchooser.amxx] Vote: Voting for the nextmap started
L 04/15/2020 - 21:52:05: [mapchooser.amxx] Vote: Voting for the nextmap finished. The nextmap will be cs_assault
L 04/15/2020 - 21:54:13: -------- Mapchange to cs_assault --------
L 04/15/2020 - 22:22:13: [mapchooser.amxx] Vote: Voting for the nextmap started
L 04/15/2020 - 22:22:28: [mapchooser.amxx] Vote: Voting for the nextmap finished. The nextmap will be cs_italy
L 04/15/2020 - 22:24:37: -------- Mapchange to cs_italy --------
L 04/15/2020 - 22:52:41: [mapchooser.amxx] Vote: Voting for the nextmap started
L 04/15/2020 - 22:52:56: [mapchooser.amxx] Vote: Voting for the nextmap finished. The nextmap will be cs_estate
L 04/15/2020 - 22:55:04: -------- Mapchange to cs_estate --------
L 04/15/2020 - 23:23:04: [mapchooser.amxx] Vote: Voting for the nextmap started
L 04/15/2020 - 23:23:19: [mapchooser.amxx] Vote: Voting for the nextmap finished. The nextmap will be fy_pool_day
L 04/15/2020 - 23:25:27: -------- Mapchange to fy_pool_day --------
L 04/15/2020 - 23:53:28: [mapchooser.amxx] Vote: Voting for the nextmap started
L 04/15/2020 - 23:53:43: [mapchooser.amxx] Vote: Voting for the nextmap finished. The nextmap will be cs_militia
L 04/15/2020 - 23:55:51: -------- Mapchange to cs_militia --------
