L 04/21/2020 - 00:10:01: [mapchooser4.amxx] Vote: Voting for the nextmap started
L 04/21/2020 - 00:10:11: [mapchooser4.amxx] Vote: Voting for the nextmap finished. The nextmap will be cs_16fighter
L 04/21/2020 - 00:12:31: -------- Mapchange to cs_16fighter --------
L 04/21/2020 - 00:12:32: [mapchooser4.amxx] Found 47 maps in maps folder
L 04/21/2020 - 00:12:39: [mapchooser4.amxx] xvars for mapchooser 4 setuped.
L 04/21/2020 - 00:40:23: [mapchooser4.amxx] Vote: Voting for the nextmap started
L 04/21/2020 - 00:40:33: [mapchooser4.amxx] Vote: Voting for the nextmap finished. The nextmap will be cs_pf_dust
L 04/21/2020 - 00:42:54: -------- Mapchange to cs_pf_dust --------
L 04/21/2020 - 00:42:54: [mapchooser4.amxx] Found 47 maps in maps folder
L 04/21/2020 - 00:43:01: [mapchooser4.amxx] xvars for mapchooser 4 setuped.
L 04/21/2020 - 01:10:45: [mapchooser4.amxx] Vote: Voting for the nextmap started
L 04/21/2020 - 01:10:55: [mapchooser4.amxx] Vote: Voting for the nextmap finished. The nextmap will be fy_iceworld_2002
L 04/21/2020 - 01:13:16: -------- Mapchange to fy_iceworld_2002 --------
L 04/21/2020 - 01:13:16: [mapchooser4.amxx] Found 47 maps in maps folder
L 04/21/2020 - 01:13:23: [mapchooser4.amxx] xvars for mapchooser 4 setuped.
L 04/21/2020 - 01:41:08: [mapchooser4.amxx] Vote: Voting for the nextmap started
L 04/21/2020 - 01:41:18: [mapchooser4.amxx] Vote: Voting for the nextmap finished. The nextmap will be cs_mansion
L 04/21/2020 - 01:43:38: -------- Mapchange to cs_mansion --------
L 04/21/2020 - 01:43:39: [mapchooser4.amxx] Found 47 maps in maps folder
L 04/21/2020 - 01:43:46: [mapchooser4.amxx] xvars for mapchooser 4 setuped.
L 04/21/2020 - 02:11:30: [mapchooser4.amxx] Vote: Voting for the nextmap started
L 04/21/2020 - 02:11:40: [mapchooser4.amxx] Vote: Voting for the nextmap finished. The nextmap will be de_dust2_2x2
L 04/21/2020 - 02:14:01: -------- Mapchange to de_dust2_2x2 --------
L 04/21/2020 - 02:14:01: [mapchooser4.amxx] Found 47 maps in maps folder
L 04/21/2020 - 02:14:08: [mapchooser4.amxx] xvars for mapchooser 4 setuped.
L 04/21/2020 - 02:41:52: [mapchooser4.amxx] Vote: Voting for the nextmap started
L 04/21/2020 - 02:42:02: [mapchooser4.amxx] Vote: Voting for the nextmap finished. The nextmap will be de_inferno_2x2
L 04/21/2020 - 02:44:23: -------- Mapchange to de_inferno_2x2 --------
L 04/21/2020 - 02:44:23: [mapchooser4.amxx] Found 47 maps in maps folder
L 04/21/2020 - 02:44:31: [mapchooser4.amxx] xvars for mapchooser 4 setuped.
L 04/21/2020 - 03:12:15: [mapchooser4.amxx] Vote: Voting for the nextmap started
L 04/21/2020 - 03:12:25: [mapchooser4.amxx] Vote: Voting for the nextmap finished. The nextmap will be de_sniper
L 04/21/2020 - 03:14:46: -------- Mapchange to de_sniper --------
L 04/21/2020 - 03:14:46: [mapchooser4.amxx] Found 47 maps in maps folder
L 04/21/2020 - 03:14:53: [mapchooser4.amxx] xvars for mapchooser 4 setuped.
L 04/21/2020 - 03:42:37: [mapchooser4.amxx] Vote: Voting for the nextmap started
L 04/21/2020 - 03:42:47: [mapchooser4.amxx] Vote: Voting for the nextmap finished. The nextmap will be de_snipe_it5
L 04/21/2020 - 03:45:08: -------- Mapchange to de_snipe_it5 --------
L 04/21/2020 - 03:45:08: [mapchooser4.amxx] Found 47 maps in maps folder
L 04/21/2020 - 03:45:15: [mapchooser4.amxx] xvars for mapchooser 4 setuped.
L 04/21/2020 - 04:12:59: [mapchooser4.amxx] Vote: Voting for the nextmap started
L 04/21/2020 - 04:13:09: [mapchooser4.amxx] Vote: Voting for the nextmap finished. The nextmap will be de_mipt
L 04/21/2020 - 04:15:30: -------- Mapchange to de_mipt --------
L 04/21/2020 - 04:15:31: [mapchooser4.amxx] Found 47 maps in maps folder
L 04/21/2020 - 04:15:38: [mapchooser4.amxx] xvars for mapchooser 4 setuped.
L 04/21/2020 - 04:43:22: [mapchooser4.amxx] Vote: Voting for the nextmap started
L 04/21/2020 - 04:43:32: [mapchooser4.amxx] Vote: Voting for the nextmap finished. The nextmap will be cs_discounter
L 04/21/2020 - 04:45:53: -------- Mapchange to cs_discounter --------
L 04/21/2020 - 04:45:53: [mapchooser4.amxx] Found 47 maps in maps folder
L 04/21/2020 - 04:46:01: [mapchooser4.amxx] xvars for mapchooser 4 setuped.
L 04/21/2020 - 05:13:45: [mapchooser4.amxx] Vote: Voting for the nextmap started
L 04/21/2020 - 05:13:55: [mapchooser4.amxx] Vote: Voting for the nextmap finished. The nextmap will be cs_rats2
L 04/21/2020 - 05:16:16: -------- Mapchange to cs_rats2 --------
L 04/21/2020 - 05:16:16: [mapchooser4.amxx] Found 47 maps in maps folder
L 04/21/2020 - 05:16:23: [mapchooser4.amxx] xvars for mapchooser 4 setuped.
L 04/21/2020 - 05:44:07: [mapchooser4.amxx] Vote: Voting for the nextmap started
L 04/21/2020 - 05:44:17: [mapchooser4.amxx] Vote: Voting for the nextmap finished. The nextmap will be de_rats
L 04/21/2020 - 05:46:38: -------- Mapchange to de_rats --------
L 04/21/2020 - 05:46:38: [mapchooser4.amxx] Found 47 maps in maps folder
L 04/21/2020 - 05:46:46: [mapchooser4.amxx] xvars for mapchooser 4 setuped.
L 04/21/2020 - 06:14:30: [mapchooser4.amxx] Vote: Voting for the nextmap started
L 04/21/2020 - 06:14:40: [mapchooser4.amxx] Vote: Voting for the nextmap finished. The nextmap will be fy_pool_day
L 04/21/2020 - 06:17:00: -------- Mapchange to fy_pool_day --------
L 04/21/2020 - 06:17:00: [mapchooser4.amxx] Found 47 maps in maps folder
L 04/21/2020 - 06:17:07: [mapchooser4.amxx] xvars for mapchooser 4 setuped.
L 04/21/2020 - 06:44:52: [mapchooser4.amxx] Vote: Voting for the nextmap started
L 04/21/2020 - 06:45:02: [mapchooser4.amxx] Vote: Voting for the nextmap finished. The nextmap will be fy_train
L 04/21/2020 - 06:47:22: -------- Mapchange to fy_train --------
L 04/21/2020 - 06:47:23: [mapchooser4.amxx] Found 47 maps in maps folder
L 04/21/2020 - 06:47:30: [mapchooser4.amxx] xvars for mapchooser 4 setuped.
L 04/21/2020 - 07:15:14: [mapchooser4.amxx] Vote: Voting for the nextmap started
L 04/21/2020 - 07:15:24: [mapchooser4.amxx] Vote: Voting for the nextmap finished. The nextmap will be de_aztec
L 04/21/2020 - 07:17:44: -------- Mapchange to de_aztec --------
L 04/21/2020 - 07:17:45: [mapchooser4.amxx] Found 47 maps in maps folder
L 04/21/2020 - 07:17:52: [mapchooser4.amxx] xvars for mapchooser 4 setuped.
L 04/21/2020 - 07:45:36: [mapchooser4.amxx] Vote: Voting for the nextmap started
L 04/21/2020 - 07:45:46: [mapchooser4.amxx] Vote: Voting for the nextmap finished. The nextmap will be de_cbble
L 04/21/2020 - 07:48:07: -------- Mapchange to de_cbble --------
L 04/21/2020 - 07:48:07: [mapchooser4.amxx] Found 47 maps in maps folder
L 04/21/2020 - 07:48:14: [mapchooser4.amxx] xvars for mapchooser 4 setuped.
L 04/21/2020 - 08:15:58: [mapchooser4.amxx] Vote: Voting for the nextmap started
L 04/21/2020 - 08:16:08: [mapchooser4.amxx] Vote: Voting for the nextmap finished. The nextmap will be de_cpl_mill
L 04/21/2020 - 08:18:29: -------- Mapchange to de_cpl_mill --------
L 04/21/2020 - 08:18:29: [mapchooser4.amxx] Found 47 maps in maps folder
L 04/21/2020 - 08:18:36: [mapchooser4.amxx] xvars for mapchooser 4 setuped.
L 04/21/2020 - 08:46:20: [mapchooser4.amxx] Vote: Voting for the nextmap started
L 04/21/2020 - 08:46:30: [mapchooser4.amxx] Vote: Voting for the nextmap finished. The nextmap will be de_dust
L 04/21/2020 - 08:48:51: -------- Mapchange to de_dust --------
L 04/21/2020 - 08:48:52: [mapchooser4.amxx] Found 47 maps in maps folder
L 04/21/2020 - 08:48:59: [mapchooser4.amxx] xvars for mapchooser 4 setuped.
L 04/21/2020 - 09:16:43: [mapchooser4.amxx] Vote: Voting for the nextmap started
L 04/21/2020 - 09:16:53: [mapchooser4.amxx] Vote: Voting for the nextmap finished. The nextmap will be de_dust2
L 04/21/2020 - 09:19:13: -------- Mapchange to de_dust2 --------
L 04/21/2020 - 09:19:14: [mapchooser4.amxx] Found 47 maps in maps folder
L 04/21/2020 - 09:19:21: [mapchooser4.amxx] xvars for mapchooser 4 setuped.
L 04/21/2020 - 09:47:05: [mapchooser4.amxx] Vote: Voting for the nextmap started
L 04/21/2020 - 09:47:15: [mapchooser4.amxx] Vote: Voting for the nextmap finished. The nextmap will be de_inferno
L 04/21/2020 - 09:49:36: -------- Mapchange to de_inferno --------
L 04/21/2020 - 09:49:36: [mapchooser4.amxx] Found 47 maps in maps folder
L 04/21/2020 - 09:49:43: [mapchooser4.amxx] xvars for mapchooser 4 setuped.
L 04/21/2020 - 10:17:27: [mapchooser4.amxx] Vote: Voting for the nextmap started
L 04/21/2020 - 10:17:37: [mapchooser4.amxx] Vote: Voting for the nextmap finished. The nextmap will be de_nuke
L 04/21/2020 - 10:19:58: -------- Mapchange to de_nuke --------
L 04/21/2020 - 10:19:58: [mapchooser4.amxx] Found 47 maps in maps folder
L 04/21/2020 - 10:20:06: [mapchooser4.amxx] xvars for mapchooser 4 setuped.
L 04/21/2020 - 10:47:50: [mapchooser4.amxx] Vote: Voting for the nextmap started
L 04/21/2020 - 10:48:00: [mapchooser4.amxx] Vote: Voting for the nextmap finished. The nextmap will be cs_assault
L 04/21/2020 - 10:50:21: -------- Mapchange to cs_assault --------
L 04/21/2020 - 10:50:21: [mapchooser4.amxx] Found 47 maps in maps folder
L 04/21/2020 - 10:50:28: [mapchooser4.amxx] xvars for mapchooser 4 setuped.
L 04/21/2020 - 11:18:12: [mapchooser4.amxx] Vote: Voting for the nextmap started
L 04/21/2020 - 11:18:22: [mapchooser4.amxx] Vote: Voting for the nextmap finished. The nextmap will be cs_italy
L 04/21/2020 - 11:20:43: -------- Mapchange to cs_italy --------
L 04/21/2020 - 11:20:43: [mapchooser4.amxx] Found 47 maps in maps folder
L 04/21/2020 - 11:20:50: [mapchooser4.amxx] xvars for mapchooser 4 setuped.
L 04/21/2020 - 11:48:34: [mapchooser4.amxx] Vote: Voting for the nextmap started
L 04/21/2020 - 11:48:45: [mapchooser4.amxx] Vote: Voting for the nextmap finished. The nextmap will be de_train
L 04/21/2020 - 11:51:05: -------- Mapchange to de_train --------
L 04/21/2020 - 11:51:06: [mapchooser4.amxx] Found 47 maps in maps folder
L 04/21/2020 - 11:51:13: [mapchooser4.amxx] xvars for mapchooser 4 setuped.
L 04/21/2020 - 12:18:57: [mapchooser4.amxx] Vote: Voting for the nextmap started
L 04/21/2020 - 12:19:07: [mapchooser4.amxx] Vote: Voting for the nextmap finished. The nextmap will be aim_ak-colt
L 04/21/2020 - 12:21:28: -------- Mapchange to aim_ak-colt --------
L 04/21/2020 - 12:21:28: [mapchooser4.amxx] Found 47 maps in maps folder
L 04/21/2020 - 12:21:35: [mapchooser4.amxx] xvars for mapchooser 4 setuped.
L 04/21/2020 - 12:49:19: [mapchooser4.amxx] Vote: Voting for the nextmap started
L 04/21/2020 - 12:49:29: [mapchooser4.amxx] Vote: Voting for the nextmap finished. The nextmap will be aim_aztecplace
L 04/21/2020 - 12:51:50: -------- Mapchange to aim_aztecplace --------
L 04/21/2020 - 12:51:50: [mapchooser4.amxx] Found 47 maps in maps folder
L 04/21/2020 - 12:51:57: [mapchooser4.amxx] xvars for mapchooser 4 setuped.
L 04/21/2020 - 13:19:41: [mapchooser4.amxx] Vote: Voting for the nextmap started
L 04/21/2020 - 13:19:51: [mapchooser4.amxx] Vote: Voting for the nextmap finished. The nextmap will be aim_headshot
L 04/21/2020 - 13:22:12: -------- Mapchange to aim_headshot --------
L 04/21/2020 - 13:22:12: [mapchooser4.amxx] Found 47 maps in maps folder
L 04/21/2020 - 13:22:19: [mapchooser4.amxx] xvars for mapchooser 4 setuped.
L 04/21/2020 - 13:50:04: [mapchooser4.amxx] Vote: Voting for the nextmap started
L 04/21/2020 - 13:50:14: [mapchooser4.amxx] Vote: Voting for the nextmap finished. The nextmap will be aim_map
L 04/21/2020 - 13:52:34: -------- Mapchange to aim_map --------
L 04/21/2020 - 13:52:34: [mapchooser4.amxx] Found 47 maps in maps folder
L 04/21/2020 - 13:52:42: [mapchooser4.amxx] xvars for mapchooser 4 setuped.
L 04/21/2020 - 14:20:26: [mapchooser4.amxx] Vote: Voting for the nextmap started
L 04/21/2020 - 14:20:36: [mapchooser4.amxx] Vote: Voting for the nextmap finished. The nextmap will be cs_16fighter
L 04/21/2020 - 14:22:56: -------- Mapchange to cs_16fighter --------
L 04/21/2020 - 14:22:57: [mapchooser4.amxx] Found 47 maps in maps folder
L 04/21/2020 - 14:23:04: [mapchooser4.amxx] xvars for mapchooser 4 setuped.
L 04/21/2020 - 14:50:48: [mapchooser4.amxx] Vote: Voting for the nextmap started
L 04/21/2020 - 14:50:58: [mapchooser4.amxx] Vote: Voting for the nextmap finished. The nextmap will be cs_pf_dust
L 04/21/2020 - 14:53:18: -------- Mapchange to cs_pf_dust --------
L 04/21/2020 - 14:53:19: [mapchooser4.amxx] Found 47 maps in maps folder
L 04/21/2020 - 14:53:26: [mapchooser4.amxx] xvars for mapchooser 4 setuped.
L 04/21/2020 - 15:21:10: [mapchooser4.amxx] Vote: Voting for the nextmap started
L 04/21/2020 - 15:21:20: [mapchooser4.amxx] Vote: Voting for the nextmap finished. The nextmap will be fy_iceworld_2002
L 04/21/2020 - 15:23:41: -------- Mapchange to fy_iceworld_2002 --------
L 04/21/2020 - 15:23:41: [mapchooser4.amxx] Found 47 maps in maps folder
L 04/21/2020 - 15:23:48: [mapchooser4.amxx] xvars for mapchooser 4 setuped.
L 04/21/2020 - 15:51:32: [mapchooser4.amxx] Vote: Voting for the nextmap started
L 04/21/2020 - 15:51:42: [mapchooser4.amxx] Vote: Voting for the nextmap finished. The nextmap will be cs_mansion
L 04/21/2020 - 15:54:03: -------- Mapchange to cs_mansion --------
L 04/21/2020 - 15:54:04: [mapchooser4.amxx] Found 47 maps in maps folder
L 04/21/2020 - 15:54:11: [mapchooser4.amxx] xvars for mapchooser 4 setuped.
L 04/21/2020 - 16:21:55: [mapchooser4.amxx] Vote: Voting for the nextmap started
L 04/21/2020 - 16:22:05: [mapchooser4.amxx] Vote: Voting for the nextmap finished. The nextmap will be de_dust2_2x2
L 04/21/2020 - 16:24:26: -------- Mapchange to de_dust2_2x2 --------
L 04/21/2020 - 16:24:26: [mapchooser4.amxx] Found 47 maps in maps folder
L 04/21/2020 - 16:24:34: [mapchooser4.amxx] xvars for mapchooser 4 setuped.
L 04/21/2020 - 16:52:18: [mapchooser4.amxx] Vote: Voting for the nextmap started
L 04/21/2020 - 16:52:28: [mapchooser4.amxx] Vote: Voting for the nextmap finished. The nextmap will be de_inferno_2x2
L 04/21/2020 - 16:54:49: -------- Mapchange to de_inferno_2x2 --------
L 04/21/2020 - 16:54:49: [mapchooser4.amxx] Found 47 maps in maps folder
L 04/21/2020 - 16:54:56: [mapchooser4.amxx] xvars for mapchooser 4 setuped.
L 04/21/2020 - 17:22:40: [mapchooser4.amxx] Vote: Voting for the nextmap started
L 04/21/2020 - 17:22:50: [mapchooser4.amxx] Vote: Voting for the nextmap finished. The nextmap will be de_sniper
L 04/21/2020 - 17:25:12: -------- Mapchange to de_sniper --------
L 04/21/2020 - 17:25:13: [mapchooser4.amxx] Found 47 maps in maps folder
L 04/21/2020 - 17:25:20: [mapchooser4.amxx] xvars for mapchooser 4 setuped.
L 04/21/2020 - 17:53:04: [mapchooser4.amxx] Vote: Voting for the nextmap started
L 04/21/2020 - 17:53:14: [mapchooser4.amxx] Vote: Voting for the nextmap finished. The nextmap will be de_snipe_it5
L 04/21/2020 - 17:55:35: -------- Mapchange to de_snipe_it5 --------
L 04/21/2020 - 17:55:35: [mapchooser4.amxx] Found 47 maps in maps folder
L 04/21/2020 - 17:55:42: [mapchooser4.amxx] xvars for mapchooser 4 setuped.
L 04/21/2020 - 18:23:26: [mapchooser4.amxx] Vote: Voting for the nextmap started
L 04/21/2020 - 18:23:37: [mapchooser4.amxx] Vote: Voting for the nextmap finished. The nextmap will be de_mipt
L 04/21/2020 - 18:25:58: -------- Mapchange to de_mipt --------
L 04/21/2020 - 18:25:59: [mapchooser4.amxx] Found 47 maps in maps folder
L 04/21/2020 - 18:26:06: [mapchooser4.amxx] xvars for mapchooser 4 setuped.
L 04/21/2020 - 18:53:50: [mapchooser4.amxx] Vote: Voting for the nextmap started
L 04/21/2020 - 18:54:00: [mapchooser4.amxx] Vote: Voting for the nextmap finished. The nextmap will be cs_discounter
L 04/21/2020 - 18:56:21: -------- Mapchange to cs_discounter --------
L 04/21/2020 - 18:56:22: [mapchooser4.amxx] Found 47 maps in maps folder
L 04/21/2020 - 18:56:29: [mapchooser4.amxx] xvars for mapchooser 4 setuped.
L 04/21/2020 - 19:24:13: [mapchooser4.amxx] Vote: Voting for the nextmap started
L 04/21/2020 - 19:24:23: [mapchooser4.amxx] Vote: Voting for the nextmap finished. The nextmap will be cs_rats2
L 04/21/2020 - 19:26:44: -------- Mapchange to cs_rats2 --------
L 04/21/2020 - 19:26:44: [mapchooser4.amxx] Found 47 maps in maps folder
L 04/21/2020 - 19:26:52: [mapchooser4.amxx] xvars for mapchooser 4 setuped.
L 04/21/2020 - 19:54:36: [mapchooser4.amxx] Vote: Voting for the nextmap started
L 04/21/2020 - 19:54:46: [mapchooser4.amxx] Vote: Voting for the nextmap finished. The nextmap will be de_rats
L 04/21/2020 - 19:57:07: -------- Mapchange to de_rats --------
L 04/21/2020 - 19:57:09: [mapchooser4.amxx] Found 47 maps in maps folder
L 04/21/2020 - 19:57:16: [mapchooser4.amxx] xvars for mapchooser 4 setuped.
L 04/21/2020 - 20:17:54: [admin.amxx] Login: "GUSINBERG<40><STEAM_0:1:55760822><>" became an admin (account "STEAM_0:1:55760822") (access "cdefjuz") (address "94.25.173.184")
L 04/21/2020 - 20:20:53: [admincmd.amxx] Cmd: "GUSINBERG<40><STEAM_0:1:55760822><>" changelevel "de_dust2_2x2"
L 04/21/2020 - 20:20:55: -------- Mapchange to de_dust2_2x2 --------
L 04/21/2020 - 20:20:56: [mapchooser4.amxx] Found 47 maps in maps folder
L 04/21/2020 - 20:20:56: [admin.amxx] Login: "GUSINBERG<40><STEAM_0:1:55760822><>" became an admin (account "STEAM_0:1:55760822") (access "cdefjuz") (address "94.25.173.184")
L 04/21/2020 - 20:21:03: [mapchooser4.amxx] xvars for mapchooser 4 setuped.
L 04/21/2020 - 20:49:42: [mapchooser4.amxx] Vote: Voting for the nextmap started
L 04/21/2020 - 20:49:52: [mapchooser4.amxx] Vote: Voting for the nextmap finished. The nextmap will be fy_train
L 04/21/2020 - 20:51:58: -------- Mapchange to fy_train --------
L 04/21/2020 - 20:51:58: [mapchooser4.amxx] Found 47 maps in maps folder
L 04/21/2020 - 20:52:06: [mapchooser4.amxx] xvars for mapchooser 4 setuped.
L 04/21/2020 - 21:19:50: [mapchooser4.amxx] Vote: Voting for the nextmap started
L 04/21/2020 - 21:20:00: [mapchooser4.amxx] Vote: Voting for the nextmap finished. The nextmap will be de_aztec
L 04/21/2020 - 21:22:21: -------- Mapchange to de_aztec --------
L 04/21/2020 - 21:22:22: [mapchooser4.amxx] Found 47 maps in maps folder
L 04/21/2020 - 21:22:29: [mapchooser4.amxx] xvars for mapchooser 4 setuped.
L 04/21/2020 - 21:50:13: [mapchooser4.amxx] Vote: Voting for the nextmap started
L 04/21/2020 - 21:50:23: [mapchooser4.amxx] Vote: Voting for the nextmap finished. The nextmap will be de_cbble
L 04/21/2020 - 21:52:44: -------- Mapchange to de_cbble --------
L 04/21/2020 - 21:52:45: [mapchooser4.amxx] Found 47 maps in maps folder
L 04/21/2020 - 21:52:52: [mapchooser4.amxx] xvars for mapchooser 4 setuped.
L 04/21/2020 - 22:20:36: [mapchooser4.amxx] Vote: Voting for the nextmap started
L 04/21/2020 - 22:20:46: [mapchooser4.amxx] Vote: Voting for the nextmap finished. The nextmap will be de_cpl_mill
L 04/21/2020 - 22:23:07: -------- Mapchange to de_cpl_mill --------
L 04/21/2020 - 22:23:08: [mapchooser4.amxx] Found 47 maps in maps folder
L 04/21/2020 - 22:23:15: [mapchooser4.amxx] xvars for mapchooser 4 setuped.
L 04/21/2020 - 22:50:59: [mapchooser4.amxx] Vote: Voting for the nextmap started
L 04/21/2020 - 22:51:09: [mapchooser4.amxx] Vote: Voting for the nextmap finished. The nextmap will be de_dust
L 04/21/2020 - 22:53:30: -------- Mapchange to de_dust --------
L 04/21/2020 - 22:53:31: [mapchooser4.amxx] Found 47 maps in maps folder
L 04/21/2020 - 22:53:38: [mapchooser4.amxx] xvars for mapchooser 4 setuped.
L 04/21/2020 - 23:21:22: [mapchooser4.amxx] Vote: Voting for the nextmap started
L 04/21/2020 - 23:21:32: [mapchooser4.amxx] Vote: Voting for the nextmap finished. The nextmap will be de_dust2
L 04/21/2020 - 23:23:53: -------- Mapchange to de_dust2 --------
L 04/21/2020 - 23:23:54: [mapchooser4.amxx] Found 47 maps in maps folder
L 04/21/2020 - 23:24:01: [mapchooser4.amxx] xvars for mapchooser 4 setuped.
L 04/21/2020 - 23:30:33: -------- Mapchange to de_inferno --------
L 04/21/2020 - 23:30:33: [mapchooser4.amxx] Found 47 maps in maps folder
L 04/21/2020 - 23:30:40: [mapchooser4.amxx] xvars for mapchooser 4 setuped.
L 04/21/2020 - 23:36:18: [admin.amxx] Login: "GUSINBERG<49><STEAM_0:1:55760822><>" became an admin (account "STEAM_0:1:55760822") (access "cdefjuz") (address "94.25.172.46")
L 04/21/2020 - 23:47:41: -------- Mapchange to de_dust2_2x2 --------
L 04/21/2020 - 23:47:42: [mapchooser4.amxx] Found 47 maps in maps folder
L 04/21/2020 - 23:47:42: [admin.amxx] Login: "GUSINBERG<49><STEAM_0:1:55760822><>" became an admin (account "STEAM_0:1:55760822") (access "cdefjuz") (address "94.25.172.46")
L 04/21/2020 - 23:47:49: [mapchooser4.amxx] xvars for mapchooser 4 setuped.
