L 05/03/2020 - 00:45:53: [mapchooser4.amxx] Vote: Voting for the nextmap started
L 05/03/2020 - 00:46:03: [mapchooser4.amxx] Vote: Voting for the nextmap finished. The nextmap will be fy_snow
L 05/03/2020 - 00:48:23: -------- Mapchange to fy_snow --------
L 05/03/2020 - 00:48:23: [mapchooser4.amxx] Found 51 maps in maps folder
L 05/03/2020 - 00:48:30: [mapchooser4.amxx] xvars for mapchooser 4 setuped.
L 05/03/2020 - 01:46:14: [mapchooser4.amxx] Vote: Voting for the nextmap started
L 05/03/2020 - 01:46:24: [mapchooser4.amxx] Vote: Voting for the nextmap finished. The nextmap will be de_dust2_2x2
L 05/03/2020 - 01:48:44: -------- Mapchange to de_dust2_2x2 --------
L 05/03/2020 - 01:48:44: [mapchooser4.amxx] Found 51 maps in maps folder
L 05/03/2020 - 01:48:52: [mapchooser4.amxx] xvars for mapchooser 4 setuped.
L 05/03/2020 - 02:46:36: [mapchooser4.amxx] Vote: Voting for the nextmap started
L 05/03/2020 - 02:46:46: [mapchooser4.amxx] Vote: Voting for the nextmap finished. The nextmap will be de_inferno_2x2
L 05/03/2020 - 02:49:06: -------- Mapchange to de_inferno_2x2 --------
L 05/03/2020 - 02:49:06: [mapchooser4.amxx] Found 51 maps in maps folder
L 05/03/2020 - 02:49:13: [mapchooser4.amxx] xvars for mapchooser 4 setuped.
L 05/03/2020 - 03:46:57: [mapchooser4.amxx] Vote: Voting for the nextmap started
L 05/03/2020 - 03:47:07: [mapchooser4.amxx] Vote: Voting for the nextmap finished. The nextmap will be de_sniper
L 05/03/2020 - 03:49:28: -------- Mapchange to de_sniper --------
L 05/03/2020 - 03:49:28: [mapchooser4.amxx] Found 51 maps in maps folder
L 05/03/2020 - 03:49:35: [mapchooser4.amxx] xvars for mapchooser 4 setuped.
L 05/03/2020 - 04:47:19: [mapchooser4.amxx] Vote: Voting for the nextmap started
L 05/03/2020 - 04:47:30: [mapchooser4.amxx] Vote: Voting for the nextmap finished. The nextmap will be de_snipe_it5
L 05/03/2020 - 04:49:49: -------- Mapchange to de_snipe_it5 --------
L 05/03/2020 - 04:49:50: [mapchooser4.amxx] Found 51 maps in maps folder
L 05/03/2020 - 04:49:57: [mapchooser4.amxx] xvars for mapchooser 4 setuped.
L 05/03/2020 - 05:47:41: [mapchooser4.amxx] Vote: Voting for the nextmap started
L 05/03/2020 - 05:47:51: [mapchooser4.amxx] Vote: Voting for the nextmap finished. The nextmap will be awp_india
L 05/03/2020 - 05:50:11: -------- Mapchange to awp_india --------
L 05/03/2020 - 05:50:11: [mapchooser4.amxx] Found 51 maps in maps folder
L 05/03/2020 - 05:50:18: [mapchooser4.amxx] xvars for mapchooser 4 setuped.
L 05/03/2020 - 06:48:02: [mapchooser4.amxx] Vote: Voting for the nextmap started
L 05/03/2020 - 06:48:12: [mapchooser4.amxx] Vote: Voting for the nextmap finished. The nextmap will be cs_discounter
L 05/03/2020 - 06:50:33: -------- Mapchange to cs_discounter --------
L 05/03/2020 - 06:50:34: [mapchooser4.amxx] Found 51 maps in maps folder
L 05/03/2020 - 06:50:41: [mapchooser4.amxx] xvars for mapchooser 4 setuped.
L 05/03/2020 - 07:48:25: [mapchooser4.amxx] Vote: Voting for the nextmap started
L 05/03/2020 - 07:48:35: [mapchooser4.amxx] Vote: Voting for the nextmap finished. The nextmap will be cs_rats2
L 05/03/2020 - 07:50:55: -------- Mapchange to cs_rats2 --------
L 05/03/2020 - 07:50:56: [mapchooser4.amxx] Found 51 maps in maps folder
L 05/03/2020 - 07:51:03: [mapchooser4.amxx] xvars for mapchooser 4 setuped.
L 05/03/2020 - 08:48:47: [mapchooser4.amxx] Vote: Voting for the nextmap started
L 05/03/2020 - 08:48:57: [mapchooser4.amxx] Vote: Voting for the nextmap finished. The nextmap will be de_rats
L 05/03/2020 - 08:51:17: -------- Mapchange to de_rats --------
L 05/03/2020 - 08:51:17: [mapchooser4.amxx] Found 51 maps in maps folder
L 05/03/2020 - 08:51:24: [mapchooser4.amxx] xvars for mapchooser 4 setuped.
L 05/03/2020 - 09:49:08: [mapchooser4.amxx] Vote: Voting for the nextmap started
L 05/03/2020 - 09:49:18: [mapchooser4.amxx] Vote: Voting for the nextmap finished. The nextmap will be fy_pool_day
L 05/03/2020 - 09:51:38: -------- Mapchange to fy_pool_day --------
L 05/03/2020 - 09:51:38: [mapchooser4.amxx] Found 51 maps in maps folder
L 05/03/2020 - 09:51:46: [mapchooser4.amxx] xvars for mapchooser 4 setuped.
L 05/03/2020 - 10:49:30: [mapchooser4.amxx] Vote: Voting for the nextmap started
L 05/03/2020 - 10:49:40: [mapchooser4.amxx] Vote: Voting for the nextmap finished. The nextmap will be fy_train
L 05/03/2020 - 10:52:00: -------- Mapchange to fy_train --------
L 05/03/2020 - 10:52:00: [mapchooser4.amxx] Found 51 maps in maps folder
L 05/03/2020 - 10:52:07: [mapchooser4.amxx] xvars for mapchooser 4 setuped.
L 05/03/2020 - 11:49:51: [mapchooser4.amxx] Vote: Voting for the nextmap started
L 05/03/2020 - 11:50:01: [mapchooser4.amxx] Vote: Voting for the nextmap finished. The nextmap will be de_aztec
L 05/03/2020 - 11:52:21: -------- Mapchange to de_aztec --------
L 05/03/2020 - 11:52:21: [mapchooser4.amxx] Found 51 maps in maps folder
L 05/03/2020 - 11:52:28: [mapchooser4.amxx] xvars for mapchooser 4 setuped.
L 05/03/2020 - 12:50:13: [mapchooser4.amxx] Vote: Voting for the nextmap started
L 05/03/2020 - 12:50:23: [mapchooser4.amxx] Vote: Voting for the nextmap finished. The nextmap will be de_cbble
L 05/03/2020 - 12:52:43: -------- Mapchange to de_cbble --------
L 05/03/2020 - 12:52:43: [mapchooser4.amxx] Found 51 maps in maps folder
L 05/03/2020 - 12:52:50: [mapchooser4.amxx] xvars for mapchooser 4 setuped.
L 05/03/2020 - 13:50:34: [mapchooser4.amxx] Vote: Voting for the nextmap started
L 05/03/2020 - 13:50:44: [mapchooser4.amxx] Vote: Voting for the nextmap finished. The nextmap will be de_cpl_mill
L 05/03/2020 - 13:53:04: -------- Mapchange to de_cpl_mill --------
L 05/03/2020 - 13:53:04: [mapchooser4.amxx] Found 51 maps in maps folder
L 05/03/2020 - 13:53:11: [mapchooser4.amxx] xvars for mapchooser 4 setuped.
L 05/03/2020 - 14:50:55: [mapchooser4.amxx] Vote: Voting for the nextmap started
L 05/03/2020 - 14:51:06: [mapchooser4.amxx] Vote: Voting for the nextmap finished. The nextmap will be de_dust
L 05/03/2020 - 14:53:26: -------- Mapchange to de_dust --------
L 05/03/2020 - 14:53:26: [mapchooser4.amxx] Found 51 maps in maps folder
L 05/03/2020 - 14:53:33: [mapchooser4.amxx] xvars for mapchooser 4 setuped.
L 05/03/2020 - 15:51:17: [mapchooser4.amxx] Vote: Voting for the nextmap started
L 05/03/2020 - 15:51:21: [mapchooser4.amxx] lipetsk.ru chose de_train
L 05/03/2020 - 15:51:27: [mapchooser4.amxx] Vote: Voting for the nextmap finished. The nextmap will be de_train
L 05/03/2020 - 15:53:47: -------- Mapchange to de_train --------
L 05/03/2020 - 15:53:47: [mapchooser4.amxx] Found 51 maps in maps folder
L 05/03/2020 - 15:53:55: [mapchooser4.amxx] xvars for mapchooser 4 setuped.
L 05/03/2020 - 16:04:39: [mapchooser4.amxx] Vote: Voting for the nextmap started
L 05/03/2020 - 16:04:47: [mapchooser4.amxx] lipetsk.ru chose de_dust2
L 05/03/2020 - 16:04:49: [mapchooser4.amxx] Vote: Voting for the nextmap finished. The nextmap will be de_dust2
L 05/03/2020 - 16:05:00: -------- Mapchange to de_dust2 --------
L 05/03/2020 - 16:05:00: [mapchooser4.amxx] Found 51 maps in maps folder
L 05/03/2020 - 16:05:07: [mapchooser4.amxx] xvars for mapchooser 4 setuped.
L 05/03/2020 - 17:03:06: [mapchooser4.amxx] Vote: Voting for the nextmap started
L 05/03/2020 - 17:03:16: [mapchooser4.amxx] Vote: Voting for the nextmap finished. The nextmap will be de_nuke
L 05/03/2020 - 17:05:25: -------- Mapchange to de_nuke --------
L 05/03/2020 - 17:05:26: [mapchooser4.amxx] Found 51 maps in maps folder
L 05/03/2020 - 17:05:33: [mapchooser4.amxx] xvars for mapchooser 4 setuped.
L 05/03/2020 - 18:03:17: [mapchooser4.amxx] Vote: Voting for the nextmap started
L 05/03/2020 - 18:03:27: [mapchooser4.amxx] Vote: Voting for the nextmap finished. The nextmap will be cs_assault
L 05/03/2020 - 18:05:51: -------- Mapchange to cs_assault --------
L 05/03/2020 - 18:05:51: [mapchooser4.amxx] Found 51 maps in maps folder
L 05/03/2020 - 18:05:59: [mapchooser4.amxx] xvars for mapchooser 4 setuped.
L 05/03/2020 - 19:03:30: -------- Mapchange to de_dust2_2x2 --------
L 05/03/2020 - 19:03:30: [mapchooser4.amxx] Found 51 maps in maps folder
L 05/03/2020 - 19:03:37: [mapchooser4.amxx] xvars for mapchooser 4 setuped.
L 05/03/2020 - 20:21:36: [mapchooser4.amxx] Vote: Voting for the nextmap started
L 05/03/2020 - 20:21:47: [mapchooser4.amxx] Vote: Voting for the nextmap finished. The nextmap will be de_train
L 05/03/2020 - 20:23:45: -------- Mapchange to de_train --------
L 05/03/2020 - 20:23:46: [mapchooser4.amxx] Found 51 maps in maps folder
L 05/03/2020 - 20:23:53: [mapchooser4.amxx] xvars for mapchooser 4 setuped.
L 05/03/2020 - 20:50:02: -------- Mapchange to de_dust2_2x2 --------
L 05/03/2020 - 20:50:02: [mapchooser4.amxx] Found 51 maps in maps folder
L 05/03/2020 - 20:50:09: [mapchooser4.amxx] xvars for mapchooser 4 setuped.
L 05/03/2020 - 20:51:36: [admin.amxx] Login: "RAZ DVA<583><STEAM_0:1:55760822><>" became an admin (account "STEAM_0:1:55760822") (access "cdefjuz") (address "81.200.27.239")
L 05/03/2020 - 20:58:48: [admin.amxx] Login: "RAZ DVA<583><STEAM_0:1:55760822><>" became an admin (account "STEAM_0:1:55760822") (access "cdefjuz") (address "81.200.27.239")
L 05/03/2020 - 21:00:21: [admin.amxx] Login: "RAZ DVA<584><STEAM_0:1:55760822><>" became an admin (account "STEAM_0:1:55760822") (access "cdefjuz") (address "94.25.173.242")
L 05/03/2020 - 21:19:44: [admincmd.amxx] Cmd: "RAZ DVA<584><STEAM_0:1:55760822><>" changelevel "de_inferno_2x2"
L 05/03/2020 - 21:19:46: -------- Mapchange to de_inferno_2x2 --------
L 05/03/2020 - 21:19:46: [mapchooser4.amxx] Found 51 maps in maps folder
L 05/03/2020 - 21:19:47: [admin.amxx] Login: "RAZ DVA<584><STEAM_0:1:55760822><>" became an admin (account "STEAM_0:1:55760822") (access "cdefjuz") (address "94.25.173.242")
L 05/03/2020 - 21:19:54: [mapchooser4.amxx] xvars for mapchooser 4 setuped.
L 05/03/2020 - 21:19:58: -------- Mapchange to de_aztec --------
L 05/03/2020 - 21:19:58: [mapchooser4.amxx] Found 51 maps in maps folder
L 05/03/2020 - 21:19:58: [admin.amxx] Login: "RAZ DVA<584><STEAM_0:1:55760822><>" became an admin (account "STEAM_0:1:55760822") (access "cdefjuz") (address "94.25.173.242")
L 05/03/2020 - 21:20:05: [mapchooser4.amxx] xvars for mapchooser 4 setuped.
L 05/03/2020 - 22:05:11: [admincmd.amxx] Cmd: "RAZ DVA<584><STEAM_0:1:55760822><>" changelevel "de_inferno"
L 05/03/2020 - 22:05:13: -------- Mapchange to de_inferno --------
L 05/03/2020 - 22:05:13: [mapchooser4.amxx] Found 51 maps in maps folder
L 05/03/2020 - 22:05:13: [admin.amxx] Login: "RAZ DVA<584><STEAM_0:1:55760822><>" became an admin (account "STEAM_0:1:55760822") (access "cdefjuz") (address "94.25.173.242")
L 05/03/2020 - 22:05:20: [mapchooser4.amxx] xvars for mapchooser 4 setuped.
L 05/03/2020 - 23:03:19: [mapchooser4.amxx] Vote: Voting for the nextmap started
L 05/03/2020 - 23:03:29: [mapchooser4.amxx] Vote: Voting for the nextmap finished. The nextmap will be cs_16fighter
L 05/03/2020 - 23:05:34: -------- Mapchange to cs_16fighter --------
L 05/03/2020 - 23:05:35: [mapchooser4.amxx] Found 51 maps in maps folder
L 05/03/2020 - 23:05:42: [mapchooser4.amxx] xvars for mapchooser 4 setuped.
