L 05/12/2020 - 00:04:24: [mapchooser4.amxx] Vote: Voting for the nextmap started
L 05/12/2020 - 00:04:34: [mapchooser4.amxx] Vote: Voting for the nextmap finished. The nextmap will be fy_snow
L 05/12/2020 - 00:09:29: -------- Mapchange to fy_snow --------
L 05/12/2020 - 00:09:29: [mapchooser4.amxx] Found 51 maps in maps folder
L 05/12/2020 - 00:09:36: [mapchooser4.amxx] xvars for mapchooser 4 setuped.
L 05/12/2020 - 00:52:20: [mapchooser4.amxx] Vote: Voting for the nextmap started
L 05/12/2020 - 00:52:30: [mapchooser4.amxx] Vote: Voting for the nextmap finished. The nextmap will be de_dust2_2x2
L 05/12/2020 - 00:57:25: -------- Mapchange to de_dust2_2x2 --------
L 05/12/2020 - 00:57:25: [mapchooser4.amxx] Found 51 maps in maps folder
L 05/12/2020 - 00:57:33: [mapchooser4.amxx] xvars for mapchooser 4 setuped.
L 05/12/2020 - 01:40:17: [mapchooser4.amxx] Vote: Voting for the nextmap started
L 05/12/2020 - 01:40:27: [mapchooser4.amxx] Vote: Voting for the nextmap finished. The nextmap will be de_inferno_2x2
L 05/12/2020 - 01:45:22: -------- Mapchange to de_inferno_2x2 --------
L 05/12/2020 - 01:45:22: [mapchooser4.amxx] Found 51 maps in maps folder
L 05/12/2020 - 01:45:29: [mapchooser4.amxx] xvars for mapchooser 4 setuped.
L 05/12/2020 - 02:28:13: [mapchooser4.amxx] Vote: Voting for the nextmap started
L 05/12/2020 - 02:28:23: [mapchooser4.amxx] Vote: Voting for the nextmap finished. The nextmap will be de_sniper
L 05/12/2020 - 02:33:19: -------- Mapchange to de_sniper --------
L 05/12/2020 - 02:33:19: [mapchooser4.amxx] Found 51 maps in maps folder
L 05/12/2020 - 02:33:26: [mapchooser4.amxx] xvars for mapchooser 4 setuped.
L 05/12/2020 - 03:16:10: [mapchooser4.amxx] Vote: Voting for the nextmap started
L 05/12/2020 - 03:16:20: [mapchooser4.amxx] Vote: Voting for the nextmap finished. The nextmap will be de_snipe_it5
L 05/12/2020 - 03:21:16: -------- Mapchange to de_snipe_it5 --------
L 05/12/2020 - 03:21:16: [mapchooser4.amxx] Found 51 maps in maps folder
L 05/12/2020 - 03:21:23: [mapchooser4.amxx] xvars for mapchooser 4 setuped.
L 05/12/2020 - 04:04:07: [mapchooser4.amxx] Vote: Voting for the nextmap started
L 05/12/2020 - 04:04:17: [mapchooser4.amxx] Vote: Voting for the nextmap finished. The nextmap will be awp_india
L 05/12/2020 - 04:09:12: -------- Mapchange to awp_india --------
L 05/12/2020 - 04:09:12: [mapchooser4.amxx] Found 51 maps in maps folder
L 05/12/2020 - 04:09:20: [mapchooser4.amxx] xvars for mapchooser 4 setuped.
L 05/12/2020 - 04:52:04: [mapchooser4.amxx] Vote: Voting for the nextmap started
L 05/12/2020 - 04:52:14: [mapchooser4.amxx] Vote: Voting for the nextmap finished. The nextmap will be cs_discounter
L 05/12/2020 - 04:57:09: -------- Mapchange to cs_discounter --------
L 05/12/2020 - 04:57:09: [mapchooser4.amxx] Found 51 maps in maps folder
L 05/12/2020 - 04:57:16: [mapchooser4.amxx] xvars for mapchooser 4 setuped.
L 05/12/2020 - 05:40:00: [mapchooser4.amxx] Vote: Voting for the nextmap started
L 05/12/2020 - 05:40:10: [mapchooser4.amxx] Vote: Voting for the nextmap finished. The nextmap will be cs_rats2
L 05/12/2020 - 05:45:06: -------- Mapchange to cs_rats2 --------
L 05/12/2020 - 05:45:06: [mapchooser4.amxx] Found 51 maps in maps folder
L 05/12/2020 - 05:45:13: [mapchooser4.amxx] xvars for mapchooser 4 setuped.
L 05/12/2020 - 06:27:57: [mapchooser4.amxx] Vote: Voting for the nextmap started
L 05/12/2020 - 06:28:07: [mapchooser4.amxx] Vote: Voting for the nextmap finished. The nextmap will be de_rats
L 05/12/2020 - 06:33:03: -------- Mapchange to de_rats --------
L 05/12/2020 - 06:33:03: [mapchooser4.amxx] Found 51 maps in maps folder
L 05/12/2020 - 06:33:10: [mapchooser4.amxx] xvars for mapchooser 4 setuped.
L 05/12/2020 - 07:15:54: [mapchooser4.amxx] Vote: Voting for the nextmap started
L 05/12/2020 - 07:16:04: [mapchooser4.amxx] Vote: Voting for the nextmap finished. The nextmap will be fy_pool_day
L 05/12/2020 - 07:20:59: -------- Mapchange to fy_pool_day --------
L 05/12/2020 - 07:20:59: [mapchooser4.amxx] Found 51 maps in maps folder
L 05/12/2020 - 07:21:06: [mapchooser4.amxx] xvars for mapchooser 4 setuped.
L 05/12/2020 - 08:03:51: [mapchooser4.amxx] Vote: Voting for the nextmap started
L 05/12/2020 - 08:04:01: [mapchooser4.amxx] Vote: Voting for the nextmap finished. The nextmap will be fy_train
L 05/12/2020 - 08:08:56: -------- Mapchange to fy_train --------
L 05/12/2020 - 08:08:56: [mapchooser4.amxx] Found 51 maps in maps folder
L 05/12/2020 - 08:09:03: [mapchooser4.amxx] xvars for mapchooser 4 setuped.
L 05/12/2020 - 08:51:47: [mapchooser4.amxx] Vote: Voting for the nextmap started
L 05/12/2020 - 08:51:57: [mapchooser4.amxx] Vote: Voting for the nextmap finished. The nextmap will be de_aztec
L 05/12/2020 - 08:56:52: -------- Mapchange to de_aztec --------
L 05/12/2020 - 08:56:53: [mapchooser4.amxx] Found 51 maps in maps folder
L 05/12/2020 - 08:57:00: [mapchooser4.amxx] xvars for mapchooser 4 setuped.
L 05/12/2020 - 09:39:44: [mapchooser4.amxx] Vote: Voting for the nextmap started
L 05/12/2020 - 09:39:54: [mapchooser4.amxx] Vote: Voting for the nextmap finished. The nextmap will be de_cbble
L 05/12/2020 - 09:44:49: -------- Mapchange to de_cbble --------
L 05/12/2020 - 09:44:49: [mapchooser4.amxx] Found 51 maps in maps folder
L 05/12/2020 - 09:44:57: [mapchooser4.amxx] xvars for mapchooser 4 setuped.
L 05/12/2020 - 10:27:41: [mapchooser4.amxx] Vote: Voting for the nextmap started
L 05/12/2020 - 10:27:51: [mapchooser4.amxx] Vote: Voting for the nextmap finished. The nextmap will be de_cpl_mill
L 05/12/2020 - 10:32:46: -------- Mapchange to de_cpl_mill --------
L 05/12/2020 - 10:32:46: [mapchooser4.amxx] Found 51 maps in maps folder
L 05/12/2020 - 10:32:53: [mapchooser4.amxx] xvars for mapchooser 4 setuped.
L 05/12/2020 - 11:15:37: [mapchooser4.amxx] Vote: Voting for the nextmap started
L 05/12/2020 - 11:15:47: [mapchooser4.amxx] Vote: Voting for the nextmap finished. The nextmap will be de_dust
L 05/12/2020 - 11:20:43: -------- Mapchange to de_dust --------
L 05/12/2020 - 11:20:43: [mapchooser4.amxx] Found 51 maps in maps folder
L 05/12/2020 - 11:20:50: [mapchooser4.amxx] xvars for mapchooser 4 setuped.
L 05/12/2020 - 12:03:34: [mapchooser4.amxx] Vote: Voting for the nextmap started
L 05/12/2020 - 12:03:44: [mapchooser4.amxx] Vote: Voting for the nextmap finished. The nextmap will be de_dust2
L 05/12/2020 - 12:08:39: -------- Mapchange to de_dust2 --------
L 05/12/2020 - 12:08:39: [mapchooser4.amxx] Found 51 maps in maps folder
L 05/12/2020 - 12:08:46: [mapchooser4.amxx] xvars for mapchooser 4 setuped.
L 05/12/2020 - 12:51:31: [mapchooser4.amxx] Vote: Voting for the nextmap started
L 05/12/2020 - 12:51:41: [mapchooser4.amxx] Vote: Voting for the nextmap finished. The nextmap will be de_inferno
L 05/12/2020 - 12:56:36: -------- Mapchange to de_inferno --------
L 05/12/2020 - 12:56:36: [mapchooser4.amxx] Found 51 maps in maps folder
L 05/12/2020 - 12:56:43: [mapchooser4.amxx] xvars for mapchooser 4 setuped.
L 05/12/2020 - 13:39:27: [mapchooser4.amxx] Vote: Voting for the nextmap started
L 05/12/2020 - 13:39:37: [mapchooser4.amxx] Vote: Voting for the nextmap finished. The nextmap will be de_nuke
L 05/12/2020 - 13:44:33: -------- Mapchange to de_nuke --------
L 05/12/2020 - 13:44:33: [mapchooser4.amxx] Found 51 maps in maps folder
L 05/12/2020 - 13:44:40: [mapchooser4.amxx] xvars for mapchooser 4 setuped.
L 05/12/2020 - 14:27:24: [mapchooser4.amxx] Vote: Voting for the nextmap started
L 05/12/2020 - 14:27:34: [mapchooser4.amxx] Vote: Voting for the nextmap finished. The nextmap will be cs_assault
L 05/12/2020 - 14:32:29: -------- Mapchange to cs_assault --------
L 05/12/2020 - 14:32:30: [mapchooser4.amxx] Found 51 maps in maps folder
L 05/12/2020 - 14:32:37: [mapchooser4.amxx] xvars for mapchooser 4 setuped.
L 05/12/2020 - 15:15:21: [mapchooser4.amxx] Vote: Voting for the nextmap started
L 05/12/2020 - 15:15:31: [mapchooser4.amxx] Vote: Voting for the nextmap finished. The nextmap will be cs_italy
L 05/12/2020 - 15:20:26: -------- Mapchange to cs_italy --------
L 05/12/2020 - 15:20:26: [mapchooser4.amxx] Found 51 maps in maps folder
L 05/12/2020 - 15:20:34: [mapchooser4.amxx] xvars for mapchooser 4 setuped.
L 05/12/2020 - 16:03:18: [mapchooser4.amxx] Vote: Voting for the nextmap started
L 05/12/2020 - 16:03:28: [mapchooser4.amxx] Vote: Voting for the nextmap finished. The nextmap will be de_train
L 05/12/2020 - 16:08:23: -------- Mapchange to de_train --------
L 05/12/2020 - 16:08:23: [mapchooser4.amxx] Found 51 maps in maps folder
L 05/12/2020 - 16:08:30: [mapchooser4.amxx] xvars for mapchooser 4 setuped.
L 05/12/2020 - 16:51:15: [mapchooser4.amxx] Vote: Voting for the nextmap started
L 05/12/2020 - 16:51:25: [mapchooser4.amxx] Vote: Voting for the nextmap finished. The nextmap will be aim_ak-colt
L 05/12/2020 - 16:56:20: -------- Mapchange to aim_ak-colt --------
L 05/12/2020 - 16:56:20: [mapchooser4.amxx] Found 51 maps in maps folder
L 05/12/2020 - 16:56:27: [mapchooser4.amxx] xvars for mapchooser 4 setuped.
L 05/12/2020 - 17:39:11: [mapchooser4.amxx] Vote: Voting for the nextmap started
L 05/12/2020 - 17:39:21: [mapchooser4.amxx] Vote: Voting for the nextmap finished. The nextmap will be aim_aztecplace
L 05/12/2020 - 17:44:16: -------- Mapchange to aim_aztecplace --------
L 05/12/2020 - 17:44:16: [mapchooser4.amxx] Found 51 maps in maps folder
L 05/12/2020 - 17:44:24: [mapchooser4.amxx] xvars for mapchooser 4 setuped.
L 05/12/2020 - 18:27:08: [mapchooser4.amxx] Vote: Voting for the nextmap started
L 05/12/2020 - 18:27:18: [mapchooser4.amxx] Vote: Voting for the nextmap finished. The nextmap will be aim_headshot
L 05/12/2020 - 18:32:13: -------- Mapchange to aim_headshot --------
L 05/12/2020 - 18:32:13: [mapchooser4.amxx] Found 51 maps in maps folder
L 05/12/2020 - 18:32:21: [mapchooser4.amxx] xvars for mapchooser 4 setuped.
L 05/12/2020 - 19:15:05: [mapchooser4.amxx] Vote: Voting for the nextmap started
L 05/12/2020 - 19:15:15: [mapchooser4.amxx] Vote: Voting for the nextmap finished. The nextmap will be aim_map
L 05/12/2020 - 19:20:10: -------- Mapchange to aim_map --------
L 05/12/2020 - 19:20:10: [mapchooser4.amxx] Found 51 maps in maps folder
L 05/12/2020 - 19:20:17: [mapchooser4.amxx] xvars for mapchooser 4 setuped.
L 05/12/2020 - 20:03:01: [mapchooser4.amxx] Vote: Voting for the nextmap started
L 05/12/2020 - 20:03:11: [mapchooser4.amxx] Vote: Voting for the nextmap finished. The nextmap will be cs_16fighter
L 05/12/2020 - 20:08:06: -------- Mapchange to cs_16fighter --------
L 05/12/2020 - 20:08:06: [mapchooser4.amxx] Found 51 maps in maps folder
L 05/12/2020 - 20:08:14: [mapchooser4.amxx] xvars for mapchooser 4 setuped.
L 05/12/2020 - 20:50:58: [mapchooser4.amxx] Vote: Voting for the nextmap started
L 05/12/2020 - 20:51:08: [mapchooser4.amxx] Vote: Voting for the nextmap finished. The nextmap will be cs_pf_dust
L 05/12/2020 - 20:56:03: -------- Mapchange to cs_pf_dust --------
L 05/12/2020 - 20:56:03: [mapchooser4.amxx] Found 51 maps in maps folder
L 05/12/2020 - 20:56:10: [mapchooser4.amxx] xvars for mapchooser 4 setuped.
L 05/12/2020 - 21:10:09: [admin.amxx] Login: "RAZ DVA<58><STEAM_0:1:55760822><>" became an admin (account "STEAM_0:1:55760822") (access "cdefjuz") (address "94.25.175.49")
L 05/12/2020 - 21:11:20: [admin.amxx] Login: "RAZ DVA<59><STEAM_0:1:55760822><>" became an admin (account "STEAM_0:1:55760822") (access "cdefjuz") (address "94.25.175.49")
L 05/12/2020 - 21:20:09: -------- Mapchange to cs_pf_dust --------
L 05/12/2020 - 21:20:09: [mapchooser4.amxx] Found 51 maps in maps folder
L 05/12/2020 - 21:20:09: [admin.amxx] Login: "RAZ DVA<59><STEAM_0:1:55760822><>" became an admin (account "STEAM_0:1:55760822") (access "abcdefghijklmnopqrstu") (address "94.25.175.49")
L 05/12/2020 - 21:20:16: [mapchooser4.amxx] xvars for mapchooser 4 setuped.
L 05/12/2020 - 21:26:04: [admin.amxx] Login: "RAZ DVA<65><STEAM_0:1:55760822><>" became an admin (account "STEAM_0:1:55760822") (access "abcdefghijklmnopqrstu") (address "94.25.175.49")
L 05/12/2020 - 21:28:17: [admin.amxx] Login: "RAZ DVA<67><STEAM_0:1:55760822><>" became an admin (account "STEAM_0:1:55760822") (access "abcdefghijklmnopqrstu") (address "94.25.175.49")
L 05/12/2020 - 21:46:21: [admin.amxx] Login: "RAZ DVA<71><STEAM_0:1:55760822><>" became an admin (account "STEAM_0:1:55760822") (access "abcdefghijklmnopqrstu") (address "94.25.175.49")
L 05/12/2020 - 22:01:15: [mapchooser4.amxx] Vote: Voting for the nextmap started
L 05/12/2020 - 22:01:17: [mapchooser4.amxx] [4ka] Sanych chose cs_italy
L 05/12/2020 - 22:01:18: [mapchooser4.amxx] necnec chose de_aztec
L 05/12/2020 - 22:01:19: [mapchooser4.amxx] KABAN chose de_dust2_2x2
L 05/12/2020 - 22:01:19: [mapchooser4.amxx] +q chose de_dust2_2x2
L 05/12/2020 - 22:01:20: [mapchooser4.amxx] Morpheme chose de_dust2_2x2
L 05/12/2020 - 22:01:26: [mapchooser4.amxx] Vote: Voting for the nextmap finished. The nextmap will be de_dust2_2x2
L 05/12/2020 - 22:03:10: [admin.amxx] Login: "RAZ DVA<75><STEAM_0:1:55760822><>" became an admin (account "STEAM_0:1:55760822") (access "abcdefghijklmnopqrstu") (address "94.25.175.49")
L 05/12/2020 - 22:03:35: -------- Mapchange to de_dust2_2x2 --------
L 05/12/2020 - 22:03:36: [mapchooser4.amxx] Found 51 maps in maps folder
L 05/12/2020 - 22:03:36: [admin.amxx] Login: "RAZ DVA<75><STEAM_0:1:55760822><>" became an admin (account "STEAM_0:1:55760822") (access "abcdefghijklmnopqrstu") (address "94.25.175.49")
L 05/12/2020 - 22:03:43: [mapchooser4.amxx] xvars for mapchooser 4 setuped.
L 05/12/2020 - 22:03:57: [admincmd.amxx] Cmd: "RAZ DVA<75><STEAM_0:1:55760822><>" changelevel "de_aztec"
L 05/12/2020 - 22:03:59: -------- Mapchange to de_aztec --------
L 05/12/2020 - 22:03:59: [mapchooser4.amxx] Found 51 maps in maps folder
L 05/12/2020 - 22:04:00: [admin.amxx] Login: "RAZ DVA<75><STEAM_0:1:55760822><>" became an admin (account "STEAM_0:1:55760822") (access "abcdefghijklmnopqrstu") (address "94.25.175.49")
L 05/12/2020 - 22:04:06: [mapchooser4.amxx] xvars for mapchooser 4 setuped.
L 05/12/2020 - 22:30:32: [admincmd.amxx] Cmd: "RAZ DVA<75><STEAM_0:1:55760822><>" changelevel "de_nuke"
L 05/12/2020 - 22:30:35: -------- Mapchange to de_nuke --------
L 05/12/2020 - 22:30:35: [mapchooser4.amxx] Found 51 maps in maps folder
L 05/12/2020 - 22:30:35: [admin.amxx] Login: "RAZ DVA<75><STEAM_0:1:55760822><>" became an admin (account "STEAM_0:1:55760822") (access "abcdefghijklmnopqrstu") (address "94.25.175.49")
L 05/12/2020 - 22:30:42: [mapchooser4.amxx] xvars for mapchooser 4 setuped.
L 05/12/2020 - 22:58:41: [mapchooser4.amxx] Vote: Voting for the nextmap started
L 05/12/2020 - 22:58:44: [mapchooser4.amxx] Jeroz chose cs_rats2
L 05/12/2020 - 22:58:44: [mapchooser4.amxx] +q chose de_cpl_mill
L 05/12/2020 - 22:58:44: [mapchooser4.amxx] [4ka]lipetsk.ru chose de_cpl_mill
L 05/12/2020 - 22:58:45: [mapchooser4.amxx] [4ka] Sanych chose cs_mansion
L 05/12/2020 - 22:58:46: [mapchooser4.amxx] Frap chose cs_mansion
L 05/12/2020 - 22:58:47: [mapchooser4.amxx] KABAN chose to keep the current nextmap (de_dust2_2x2)
L 05/12/2020 - 22:58:47: [mapchooser4.amxx] Egor chose fy_pool_day
L 05/12/2020 - 22:58:51: [mapchooser4.amxx] Vote: Voting for the nextmap finished. The nextmap will be cs_mansion
L 05/12/2020 - 23:00:44: [admincmd.amxx] Cmd: "RAZ DVA<75><STEAM_0:1:55760822><>" changelevel "de_dust2"
L 05/12/2020 - 23:00:46: -------- Mapchange to de_dust2 --------
L 05/12/2020 - 23:00:46: [mapchooser4.amxx] Found 51 maps in maps folder
L 05/12/2020 - 23:00:46: [admin.amxx] Login: "RAZ DVA<75><STEAM_0:1:55760822><>" became an admin (account "STEAM_0:1:55760822") (access "abcdefghijklmnopqrstu") (address "94.25.175.49")
L 05/12/2020 - 23:00:53: [mapchooser4.amxx] xvars for mapchooser 4 setuped.
L 05/12/2020 - 23:29:07: [mapchooser4.amxx] Vote: Voting for the nextmap started
L 05/12/2020 - 23:29:10: [mapchooser4.amxx] [4ka] Sanych chose de_dust
L 05/12/2020 - 23:29:10: [mapchooser4.amxx] [4ka]lipetsk.ru chose de_dust
L 05/12/2020 - 23:29:10: [mapchooser4.amxx] Frap chose de_dust
L 05/12/2020 - 23:29:11: [mapchooser4.amxx] segor's_friend chose map extending
L 05/12/2020 - 23:29:11: [mapchooser4.amxx] Jeroz chose de_rats
L 05/12/2020 - 23:29:11: [mapchooser4.amxx] necnec chose cs_discounter
L 05/12/2020 - 23:29:11: [mapchooser4.amxx] +q chose de_dust
L 05/12/2020 - 23:29:12: [mapchooser4.amxx] ERECTOR chose de_dust
L 05/12/2020 - 23:29:12: [mapchooser4.amxx] zelzelzel chose de_dust
L 05/12/2020 - 23:29:13: [mapchooser4.amxx] RAZ DVA chose aim_aztecplace
L 05/12/2020 - 23:29:13: [mapchooser4.amxx] KABAN chose to keep the current nextmap (de_inferno_2x2)
L 05/12/2020 - 23:29:14: [mapchooser4.amxx] Morpheme chose map extending
L 05/12/2020 - 23:29:14: [mapchooser4.amxx] Egor chose de_dust
L 05/12/2020 - 23:29:17: [mapchooser4.amxx] Vote: Voting for the nextmap finished. The nextmap will be de_dust
L 05/12/2020 - 23:31:07: -------- Mapchange to de_dust --------
L 05/12/2020 - 23:31:07: [mapchooser4.amxx] Found 51 maps in maps folder
L 05/12/2020 - 23:31:14: [mapchooser4.amxx] xvars for mapchooser 4 setuped.
L 05/12/2020 - 23:35:32: -------- Mapchange to de_inferno --------
L 05/12/2020 - 23:35:33: [mapchooser4.amxx] Found 51 maps in maps folder
L 05/12/2020 - 23:35:40: [mapchooser4.amxx] xvars for mapchooser 4 setuped.
