L 04/24/2020 - 00:20:29: [mapchooser4.amxx] Vote: Voting for the nextmap started
L 04/24/2020 - 00:20:39: [mapchooser4.amxx] Vote: Voting for the nextmap finished. The nextmap will be aim_headshot
L 04/24/2020 - 00:22:57: -------- Mapchange to aim_headshot --------
L 04/24/2020 - 00:22:57: [mapchooser4.amxx] Found 47 maps in maps folder
L 04/24/2020 - 00:23:04: [mapchooser4.amxx] xvars for mapchooser 4 setuped.
L 04/24/2020 - 00:50:48: [mapchooser4.amxx] Vote: Voting for the nextmap started
L 04/24/2020 - 00:50:58: [mapchooser4.amxx] Vote: Voting for the nextmap finished. The nextmap will be aim_map
L 04/24/2020 - 00:53:16: -------- Mapchange to aim_map --------
L 04/24/2020 - 00:53:17: [mapchooser4.amxx] Found 47 maps in maps folder
L 04/24/2020 - 00:53:24: [mapchooser4.amxx] xvars for mapchooser 4 setuped.
L 04/24/2020 - 01:21:08: [mapchooser4.amxx] Vote: Voting for the nextmap started
L 04/24/2020 - 01:21:18: [mapchooser4.amxx] Vote: Voting for the nextmap finished. The nextmap will be cs_16fighter
L 04/24/2020 - 01:23:36: -------- Mapchange to cs_16fighter --------
L 04/24/2020 - 01:23:37: [mapchooser4.amxx] Found 47 maps in maps folder
L 04/24/2020 - 01:23:44: [mapchooser4.amxx] xvars for mapchooser 4 setuped.
L 04/24/2020 - 01:51:28: [mapchooser4.amxx] Vote: Voting for the nextmap started
L 04/24/2020 - 01:51:38: [mapchooser4.amxx] Vote: Voting for the nextmap finished. The nextmap will be cs_pf_dust
L 04/24/2020 - 01:53:56: -------- Mapchange to cs_pf_dust --------
L 04/24/2020 - 01:53:56: [mapchooser4.amxx] Found 47 maps in maps folder
L 04/24/2020 - 01:54:03: [mapchooser4.amxx] xvars for mapchooser 4 setuped.
L 04/24/2020 - 02:21:47: [mapchooser4.amxx] Vote: Voting for the nextmap started
L 04/24/2020 - 02:21:57: [mapchooser4.amxx] Vote: Voting for the nextmap finished. The nextmap will be fy_iceworld_2002
L 04/24/2020 - 02:24:16: -------- Mapchange to fy_iceworld_2002 --------
L 04/24/2020 - 02:24:16: [mapchooser4.amxx] Found 47 maps in maps folder
L 04/24/2020 - 02:24:23: [mapchooser4.amxx] xvars for mapchooser 4 setuped.
L 04/24/2020 - 02:52:07: [mapchooser4.amxx] Vote: Voting for the nextmap started
L 04/24/2020 - 02:52:17: [mapchooser4.amxx] Vote: Voting for the nextmap finished. The nextmap will be cs_mansion
L 04/24/2020 - 02:54:36: -------- Mapchange to cs_mansion --------
L 04/24/2020 - 02:54:36: [mapchooser4.amxx] Found 47 maps in maps folder
L 04/24/2020 - 02:54:43: [mapchooser4.amxx] xvars for mapchooser 4 setuped.
L 04/24/2020 - 03:22:28: [mapchooser4.amxx] Vote: Voting for the nextmap started
L 04/24/2020 - 03:22:38: [mapchooser4.amxx] Vote: Voting for the nextmap finished. The nextmap will be de_dust2_2x2
L 04/24/2020 - 03:24:56: -------- Mapchange to de_dust2_2x2 --------
L 04/24/2020 - 03:24:56: [mapchooser4.amxx] Found 47 maps in maps folder
L 04/24/2020 - 03:25:04: [mapchooser4.amxx] xvars for mapchooser 4 setuped.
L 04/24/2020 - 03:52:48: [mapchooser4.amxx] Vote: Voting for the nextmap started
L 04/24/2020 - 03:52:58: [mapchooser4.amxx] Vote: Voting for the nextmap finished. The nextmap will be de_inferno_2x2
L 04/24/2020 - 03:55:16: -------- Mapchange to de_inferno_2x2 --------
L 04/24/2020 - 03:55:16: [mapchooser4.amxx] Found 47 maps in maps folder
L 04/24/2020 - 03:55:23: [mapchooser4.amxx] xvars for mapchooser 4 setuped.
L 04/24/2020 - 04:23:07: [mapchooser4.amxx] Vote: Voting for the nextmap started
L 04/24/2020 - 04:23:17: [mapchooser4.amxx] Vote: Voting for the nextmap finished. The nextmap will be de_sniper
L 04/24/2020 - 04:25:36: -------- Mapchange to de_sniper --------
L 04/24/2020 - 04:25:36: [mapchooser4.amxx] Found 47 maps in maps folder
L 04/24/2020 - 04:25:44: [mapchooser4.amxx] xvars for mapchooser 4 setuped.
L 04/24/2020 - 04:53:28: [mapchooser4.amxx] Vote: Voting for the nextmap started
L 04/24/2020 - 04:53:38: [mapchooser4.amxx] Vote: Voting for the nextmap finished. The nextmap will be de_snipe_it5
L 04/24/2020 - 04:55:56: -------- Mapchange to de_snipe_it5 --------
L 04/24/2020 - 04:55:56: [mapchooser4.amxx] Found 47 maps in maps folder
L 04/24/2020 - 04:56:04: [mapchooser4.amxx] xvars for mapchooser 4 setuped.
L 04/24/2020 - 05:23:48: [mapchooser4.amxx] Vote: Voting for the nextmap started
L 04/24/2020 - 05:23:58: [mapchooser4.amxx] Vote: Voting for the nextmap finished. The nextmap will be de_mipt
L 04/24/2020 - 05:26:16: -------- Mapchange to de_mipt --------
L 04/24/2020 - 05:26:17: [mapchooser4.amxx] Found 47 maps in maps folder
L 04/24/2020 - 05:26:24: [mapchooser4.amxx] xvars for mapchooser 4 setuped.
L 04/24/2020 - 05:54:08: [mapchooser4.amxx] Vote: Voting for the nextmap started
L 04/24/2020 - 05:54:18: [mapchooser4.amxx] Vote: Voting for the nextmap finished. The nextmap will be cs_discounter
L 04/24/2020 - 05:56:36: -------- Mapchange to cs_discounter --------
L 04/24/2020 - 05:56:36: [mapchooser4.amxx] Found 47 maps in maps folder
L 04/24/2020 - 05:56:43: [mapchooser4.amxx] xvars for mapchooser 4 setuped.
L 04/24/2020 - 06:24:27: [mapchooser4.amxx] Vote: Voting for the nextmap started
L 04/24/2020 - 06:24:38: [mapchooser4.amxx] Vote: Voting for the nextmap finished. The nextmap will be cs_rats2
L 04/24/2020 - 06:26:56: -------- Mapchange to cs_rats2 --------
L 04/24/2020 - 06:26:57: [mapchooser4.amxx] Found 47 maps in maps folder
L 04/24/2020 - 06:27:04: [mapchooser4.amxx] xvars for mapchooser 4 setuped.
L 04/24/2020 - 06:54:48: [mapchooser4.amxx] Vote: Voting for the nextmap started
L 04/24/2020 - 06:54:58: [mapchooser4.amxx] Vote: Voting for the nextmap finished. The nextmap will be de_rats
L 04/24/2020 - 06:57:16: -------- Mapchange to de_rats --------
L 04/24/2020 - 06:57:16: [mapchooser4.amxx] Found 47 maps in maps folder
L 04/24/2020 - 06:57:24: [mapchooser4.amxx] xvars for mapchooser 4 setuped.
L 04/24/2020 - 07:25:08: [mapchooser4.amxx] Vote: Voting for the nextmap started
L 04/24/2020 - 07:25:18: [mapchooser4.amxx] Vote: Voting for the nextmap finished. The nextmap will be fy_pool_day
L 04/24/2020 - 07:27:36: -------- Mapchange to fy_pool_day --------
L 04/24/2020 - 07:27:36: [mapchooser4.amxx] Found 47 maps in maps folder
L 04/24/2020 - 07:27:43: [mapchooser4.amxx] xvars for mapchooser 4 setuped.
L 04/24/2020 - 07:55:27: [mapchooser4.amxx] Vote: Voting for the nextmap started
L 04/24/2020 - 07:55:37: [mapchooser4.amxx] Vote: Voting for the nextmap finished. The nextmap will be fy_train
L 04/24/2020 - 07:57:56: -------- Mapchange to fy_train --------
L 04/24/2020 - 07:57:56: [mapchooser4.amxx] Found 47 maps in maps folder
L 04/24/2020 - 07:58:03: [mapchooser4.amxx] xvars for mapchooser 4 setuped.
L 04/24/2020 - 08:25:47: [mapchooser4.amxx] Vote: Voting for the nextmap started
L 04/24/2020 - 08:25:57: [mapchooser4.amxx] Vote: Voting for the nextmap finished. The nextmap will be de_aztec
L 04/24/2020 - 08:28:15: -------- Mapchange to de_aztec --------
L 04/24/2020 - 08:28:15: [mapchooser4.amxx] Found 47 maps in maps folder
L 04/24/2020 - 08:28:22: [mapchooser4.amxx] xvars for mapchooser 4 setuped.
L 04/24/2020 - 08:56:06: [mapchooser4.amxx] Vote: Voting for the nextmap started
L 04/24/2020 - 08:56:17: [mapchooser4.amxx] Vote: Voting for the nextmap finished. The nextmap will be de_cbble
L 04/24/2020 - 08:58:35: -------- Mapchange to de_cbble --------
L 04/24/2020 - 08:58:35: [mapchooser4.amxx] Found 47 maps in maps folder
L 04/24/2020 - 08:58:42: [mapchooser4.amxx] xvars for mapchooser 4 setuped.
L 04/24/2020 - 09:26:26: [mapchooser4.amxx] Vote: Voting for the nextmap started
L 04/24/2020 - 09:26:36: [mapchooser4.amxx] Vote: Voting for the nextmap finished. The nextmap will be de_cpl_mill
L 04/24/2020 - 09:28:55: -------- Mapchange to de_cpl_mill --------
L 04/24/2020 - 09:28:55: [mapchooser4.amxx] Found 47 maps in maps folder
L 04/24/2020 - 09:29:02: [mapchooser4.amxx] xvars for mapchooser 4 setuped.
L 04/24/2020 - 09:56:46: [mapchooser4.amxx] Vote: Voting for the nextmap started
L 04/24/2020 - 09:56:56: [mapchooser4.amxx] Vote: Voting for the nextmap finished. The nextmap will be de_dust
L 04/24/2020 - 09:59:15: -------- Mapchange to de_dust --------
L 04/24/2020 - 09:59:15: [mapchooser4.amxx] Found 47 maps in maps folder
L 04/24/2020 - 09:59:22: [mapchooser4.amxx] xvars for mapchooser 4 setuped.
L 04/24/2020 - 10:27:06: [mapchooser4.amxx] Vote: Voting for the nextmap started
L 04/24/2020 - 10:27:16: [mapchooser4.amxx] Vote: Voting for the nextmap finished. The nextmap will be de_dust2
L 04/24/2020 - 10:29:34: -------- Mapchange to de_dust2 --------
L 04/24/2020 - 10:29:34: [mapchooser4.amxx] Found 47 maps in maps folder
L 04/24/2020 - 10:29:42: [mapchooser4.amxx] xvars for mapchooser 4 setuped.
L 04/24/2020 - 10:57:26: [mapchooser4.amxx] Vote: Voting for the nextmap started
L 04/24/2020 - 10:57:36: [mapchooser4.amxx] Vote: Voting for the nextmap finished. The nextmap will be de_inferno
L 04/24/2020 - 10:59:54: -------- Mapchange to de_inferno --------
L 04/24/2020 - 10:59:54: [mapchooser4.amxx] Found 47 maps in maps folder
L 04/24/2020 - 11:00:01: [mapchooser4.amxx] xvars for mapchooser 4 setuped.
L 04/24/2020 - 11:27:45: [mapchooser4.amxx] Vote: Voting for the nextmap started
L 04/24/2020 - 11:27:55: [mapchooser4.amxx] Vote: Voting for the nextmap finished. The nextmap will be de_nuke
L 04/24/2020 - 11:30:14: -------- Mapchange to de_nuke --------
L 04/24/2020 - 11:30:14: [mapchooser4.amxx] Found 47 maps in maps folder
L 04/24/2020 - 11:30:21: [mapchooser4.amxx] xvars for mapchooser 4 setuped.
L 04/24/2020 - 11:58:05: [mapchooser4.amxx] Vote: Voting for the nextmap started
L 04/24/2020 - 11:58:15: [mapchooser4.amxx] Vote: Voting for the nextmap finished. The nextmap will be cs_assault
L 04/24/2020 - 12:00:34: -------- Mapchange to cs_assault --------
L 04/24/2020 - 12:00:34: [mapchooser4.amxx] Found 47 maps in maps folder
L 04/24/2020 - 12:00:41: [mapchooser4.amxx] xvars for mapchooser 4 setuped.
L 04/24/2020 - 12:28:25: [mapchooser4.amxx] Vote: Voting for the nextmap started
L 04/24/2020 - 12:28:35: [mapchooser4.amxx] Vote: Voting for the nextmap finished. The nextmap will be cs_italy
L 04/24/2020 - 12:30:54: -------- Mapchange to cs_italy --------
L 04/24/2020 - 12:30:54: [mapchooser4.amxx] Found 47 maps in maps folder
L 04/24/2020 - 12:31:01: [mapchooser4.amxx] xvars for mapchooser 4 setuped.
L 04/24/2020 - 12:58:45: [mapchooser4.amxx] Vote: Voting for the nextmap started
L 04/24/2020 - 12:58:55: [mapchooser4.amxx] Vote: Voting for the nextmap finished. The nextmap will be de_train
L 04/24/2020 - 13:01:14: -------- Mapchange to de_train --------
L 04/24/2020 - 13:01:15: [mapchooser4.amxx] Found 47 maps in maps folder
L 04/24/2020 - 13:01:22: [mapchooser4.amxx] xvars for mapchooser 4 setuped.
L 04/24/2020 - 13:29:06: [mapchooser4.amxx] Vote: Voting for the nextmap started
L 04/24/2020 - 13:29:16: [mapchooser4.amxx] Vote: Voting for the nextmap finished. The nextmap will be aim_ak-colt
L 04/24/2020 - 13:31:34: -------- Mapchange to aim_ak-colt --------
L 04/24/2020 - 13:31:34: [mapchooser4.amxx] Found 47 maps in maps folder
L 04/24/2020 - 13:31:42: [mapchooser4.amxx] xvars for mapchooser 4 setuped.
L 04/24/2020 - 13:59:26: [mapchooser4.amxx] Vote: Voting for the nextmap started
L 04/24/2020 - 13:59:36: [mapchooser4.amxx] Vote: Voting for the nextmap finished. The nextmap will be aim_aztecplace
L 04/24/2020 - 14:01:54: -------- Mapchange to aim_aztecplace --------
L 04/24/2020 - 14:01:54: [mapchooser4.amxx] Found 47 maps in maps folder
L 04/24/2020 - 14:02:01: [mapchooser4.amxx] xvars for mapchooser 4 setuped.
L 04/24/2020 - 14:29:45: [mapchooser4.amxx] Vote: Voting for the nextmap started
L 04/24/2020 - 14:29:55: [mapchooser4.amxx] Vote: Voting for the nextmap finished. The nextmap will be aim_headshot
L 04/24/2020 - 14:32:14: -------- Mapchange to aim_headshot --------
L 04/24/2020 - 14:32:14: [mapchooser4.amxx] Found 47 maps in maps folder
L 04/24/2020 - 14:32:21: [mapchooser4.amxx] xvars for mapchooser 4 setuped.
L 04/24/2020 - 15:00:05: [mapchooser4.amxx] Vote: Voting for the nextmap started
L 04/24/2020 - 15:00:16: [mapchooser4.amxx] Vote: Voting for the nextmap finished. The nextmap will be aim_map
L 04/24/2020 - 15:02:34: -------- Mapchange to aim_map --------
L 04/24/2020 - 15:02:34: [mapchooser4.amxx] Found 47 maps in maps folder
L 04/24/2020 - 15:02:41: [mapchooser4.amxx] xvars for mapchooser 4 setuped.
L 04/24/2020 - 15:30:25: [mapchooser4.amxx] Vote: Voting for the nextmap started
L 04/24/2020 - 15:30:35: [mapchooser4.amxx] Vote: Voting for the nextmap finished. The nextmap will be cs_16fighter
L 04/24/2020 - 15:32:53: -------- Mapchange to cs_16fighter --------
L 04/24/2020 - 15:32:53: [mapchooser4.amxx] Found 47 maps in maps folder
L 04/24/2020 - 15:33:00: [mapchooser4.amxx] xvars for mapchooser 4 setuped.
L 04/24/2020 - 16:00:44: [mapchooser4.amxx] Vote: Voting for the nextmap started
L 04/24/2020 - 16:00:55: [mapchooser4.amxx] Vote: Voting for the nextmap finished. The nextmap will be cs_pf_dust
L 04/24/2020 - 16:03:13: -------- Mapchange to cs_pf_dust --------
L 04/24/2020 - 16:03:13: [mapchooser4.amxx] Found 47 maps in maps folder
L 04/24/2020 - 16:03:20: [mapchooser4.amxx] xvars for mapchooser 4 setuped.
L 04/24/2020 - 16:31:04: [mapchooser4.amxx] Vote: Voting for the nextmap started
L 04/24/2020 - 16:31:14: [mapchooser4.amxx] Vote: Voting for the nextmap finished. The nextmap will be fy_iceworld_2002
L 04/24/2020 - 16:33:33: -------- Mapchange to fy_iceworld_2002 --------
L 04/24/2020 - 16:33:33: [mapchooser4.amxx] Found 47 maps in maps folder
L 04/24/2020 - 16:33:40: [mapchooser4.amxx] xvars for mapchooser 4 setuped.
L 04/24/2020 - 17:01:24: [mapchooser4.amxx] Vote: Voting for the nextmap started
L 04/24/2020 - 17:01:34: [mapchooser4.amxx] Vote: Voting for the nextmap finished. The nextmap will be cs_mansion
L 04/24/2020 - 17:03:52: -------- Mapchange to cs_mansion --------
L 04/24/2020 - 17:03:53: [mapchooser4.amxx] Found 47 maps in maps folder
L 04/24/2020 - 17:04:00: [mapchooser4.amxx] xvars for mapchooser 4 setuped.
L 04/24/2020 - 17:31:44: [mapchooser4.amxx] Vote: Voting for the nextmap started
L 04/24/2020 - 17:31:54: [mapchooser4.amxx] Vote: Voting for the nextmap finished. The nextmap will be de_dust2_2x2
L 04/24/2020 - 17:34:12: -------- Mapchange to de_dust2_2x2 --------
L 04/24/2020 - 17:34:13: [mapchooser4.amxx] Found 47 maps in maps folder
L 04/24/2020 - 17:34:20: [mapchooser4.amxx] xvars for mapchooser 4 setuped.
L 04/24/2020 - 18:02:04: [mapchooser4.amxx] Vote: Voting for the nextmap started
L 04/24/2020 - 18:02:14: [mapchooser4.amxx] Vote: Voting for the nextmap finished. The nextmap will be de_inferno_2x2
L 04/24/2020 - 18:04:32: -------- Mapchange to de_inferno_2x2 --------
L 04/24/2020 - 18:04:33: [mapchooser4.amxx] Found 47 maps in maps folder
L 04/24/2020 - 18:04:40: [mapchooser4.amxx] xvars for mapchooser 4 setuped.
L 04/24/2020 - 18:32:24: [mapchooser4.amxx] Vote: Voting for the nextmap started
L 04/24/2020 - 18:32:34: [mapchooser4.amxx] Vote: Voting for the nextmap finished. The nextmap will be de_sniper
L 04/24/2020 - 18:34:53: -------- Mapchange to de_sniper --------
L 04/24/2020 - 18:34:53: [mapchooser4.amxx] Found 47 maps in maps folder
L 04/24/2020 - 18:35:00: [mapchooser4.amxx] xvars for mapchooser 4 setuped.
L 04/24/2020 - 18:52:59: [mapchooser4.amxx] Vote: Voting for the nextmap started
L 04/24/2020 - 18:53:03: [mapchooser4.amxx] Frap chose cs_italy
L 04/24/2020 - 18:53:09: [mapchooser4.amxx] Vote: Voting for the nextmap finished. The nextmap will be cs_italy
L 04/24/2020 - 18:53:17: -------- Mapchange to cs_italy --------
L 04/24/2020 - 18:53:17: [mapchooser4.amxx] Found 47 maps in maps folder
L 04/24/2020 - 18:53:24: [mapchooser4.amxx] xvars for mapchooser 4 setuped.
L 04/24/2020 - 18:58:11: [admin.amxx] Login: "GUSINBERG<110><STEAM_0:1:55760822><>" became an admin (account "STEAM_0:1:55760822") (access "cdefjuz") (address "94.25.173.250")
L 04/24/2020 - 18:59:26: [admin.amxx] Login: "(1)GUSINBERG<113><STEAM_0:1:55760822><>" became an admin (account "STEAM_0:1:55760822") (access "cdefjuz") (address "81.200.27.239")
L 04/24/2020 - 18:59:34: [admin.amxx] Login: "GUSINBERG<114><STEAM_0:1:55760822><>" became an admin (account "STEAM_0:1:55760822") (access "cdefjuz") (address "81.200.27.239")
L 04/24/2020 - 19:02:51: [admincmd.amxx] Cmd: "GUSINBERG<114><STEAM_0:1:55760822><>" changelevel "de_dust2_2x2"
L 04/24/2020 - 19:02:53: -------- Mapchange to de_dust2_2x2 --------
L 04/24/2020 - 19:02:54: [mapchooser4.amxx] Found 47 maps in maps folder
L 04/24/2020 - 19:02:54: [admin.amxx] Login: "GUSINBERG<114><STEAM_0:1:55760822><>" became an admin (account "STEAM_0:1:55760822") (access "cdefjuz") (address "81.200.27.239")
L 04/24/2020 - 19:03:01: [mapchooser4.amxx] xvars for mapchooser 4 setuped.
L 04/24/2020 - 19:16:56: [admin.amxx] Login: "GUSINBERG<116><STEAM_0:1:55760822><>" became an admin (account "STEAM_0:1:55760822") (access "cdefjuz") (address "81.200.27.239")
L 04/24/2020 - 19:31:00: [mapchooser4.amxx] Vote: Voting for the nextmap started
L 04/24/2020 - 19:31:02: [mapchooser4.amxx] GUSINBERG chose de_aztec
L 04/24/2020 - 19:31:03: [mapchooser4.amxx] KABAN chose fy_pool_day
L 04/24/2020 - 19:31:03: [mapchooser4.amxx] necnec chose de_aztec
L 04/24/2020 - 19:31:04: [mapchooser4.amxx] DG chose fy_pool_day
L 04/24/2020 - 19:31:05: [mapchooser4.amxx] Neat_Ops chose de_aztec
L 04/24/2020 - 19:31:10: [mapchooser4.amxx] Vote: Voting for the nextmap finished. The nextmap will be de_aztec
L 04/24/2020 - 19:33:17: -------- Mapchange to de_aztec --------
L 04/24/2020 - 19:33:17: [mapchooser4.amxx] Found 47 maps in maps folder
L 04/24/2020 - 19:33:17: [admin.amxx] Login: "GUSINBERG<116><STEAM_0:1:55760822><>" became an admin (account "STEAM_0:1:55760822") (access "cdefjuz") (address "81.200.27.239")
L 04/24/2020 - 19:33:24: [mapchooser4.amxx] xvars for mapchooser 4 setuped.
L 04/24/2020 - 20:01:38: [mapchooser4.amxx] Vote: Voting for the nextmap started
L 04/24/2020 - 20:01:40: [mapchooser4.amxx] arsh chose to keep the current nextmap (cs_rats2)
L 04/24/2020 - 20:01:40: [mapchooser4.amxx] TeadyBear_RS chose fy_train
L 04/24/2020 - 20:01:41: [mapchooser4.amxx] KABAN chose de_inferno
L 04/24/2020 - 20:01:41: [mapchooser4.amxx] GUSINBERG chose fy_train
L 04/24/2020 - 20:01:42: [mapchooser4.amxx] Neat_Ops chose de_inferno
L 04/24/2020 - 20:01:43: [mapchooser4.amxx] Frap chose de_inferno
L 04/24/2020 - 20:01:48: [mapchooser4.amxx] Vote: Voting for the nextmap finished. The nextmap will be de_inferno
L 04/24/2020 - 20:03:40: -------- Mapchange to de_inferno --------
L 04/24/2020 - 20:03:40: [mapchooser4.amxx] Found 47 maps in maps folder
L 04/24/2020 - 20:03:40: [admin.amxx] Login: "GUSINBERG<116><STEAM_0:1:55760822><>" became an admin (account "STEAM_0:1:55760822") (access "cdefjuz") (address "81.200.27.239")
L 04/24/2020 - 20:03:47: [mapchooser4.amxx] xvars for mapchooser 4 setuped.
L 04/24/2020 - 20:31:46: [mapchooser4.amxx] Vote: Voting for the nextmap started
L 04/24/2020 - 20:31:48: [mapchooser4.amxx] zhmmm chose cs_assault
L 04/24/2020 - 20:31:48: [mapchooser4.amxx] Frap chose cs_assault
L 04/24/2020 - 20:31:48: [mapchooser4.amxx] segor's_friend chose fy_iceworld_2002
L 04/24/2020 - 20:31:48: [mapchooser4.amxx] segor chose fy_iceworld_2002
L 04/24/2020 - 20:31:50: [mapchooser4.amxx] Neat_Ops chose cs_assault
L 04/24/2020 - 20:31:54: [mapchooser4.amxx] GUSINBERG chose de_dust2
L 04/24/2020 - 20:31:56: [mapchooser4.amxx] Vote: Voting for the nextmap finished. The nextmap will be cs_assault
L 04/24/2020 - 20:33:46: -------- Mapchange to de_dust2 --------
L 04/24/2020 - 20:33:46: [mapchooser4.amxx] Found 47 maps in maps folder
L 04/24/2020 - 20:33:46: [admin.amxx] Login: "GUSINBERG<116><STEAM_0:1:55760822><>" became an admin (account "STEAM_0:1:55760822") (access "cdefjuz") (address "81.200.27.239")
L 04/24/2020 - 20:33:53: [mapchooser4.amxx] xvars for mapchooser 4 setuped.
L 04/24/2020 - 21:01:52: [mapchooser4.amxx] Vote: Voting for the nextmap started
L 04/24/2020 - 21:01:58: [mapchooser4.amxx] segor's_friend chose to keep the current nextmap (fy_pool_day)
L 04/24/2020 - 21:02:02: [mapchooser4.amxx] Vote: Voting for the nextmap finished. The nextmap will be fy_pool_day
L 04/24/2020 - 21:04:06: -------- Mapchange to fy_pool_day --------
L 04/24/2020 - 21:04:07: [mapchooser4.amxx] Found 47 maps in maps folder
L 04/24/2020 - 21:04:15: [mapchooser4.amxx] xvars for mapchooser 4 setuped.
L 04/24/2020 - 21:33:29: [mapchooser4.amxx] Vote: Voting for the nextmap started
L 04/24/2020 - 21:33:33: [mapchooser4.amxx] segor's_friend chose map extending
L 04/24/2020 - 21:33:36: [mapchooser4.amxx] segor chose map extending
L 04/24/2020 - 21:33:39: [mapchooser4.amxx] Vote: Voting for the nextmap finished. Map fy_pool_day will be extended to next 14. minutes
L 04/24/2020 - 21:48:59: [mapchooser4.amxx] Vote: Voting for the nextmap started
L 04/24/2020 - 21:49:01: [mapchooser4.amxx] segor chose map extending
L 04/24/2020 - 21:49:04: [mapchooser4.amxx] segor's_friend chose map extending
L 04/24/2020 - 21:49:09: [mapchooser4.amxx] Vote: Voting for the nextmap finished. Map fy_pool_day will be extended to next 14. minutes
L 04/24/2020 - 22:03:59: [mapchooser4.amxx] Vote: Voting for the nextmap started
L 04/24/2020 - 22:04:01: [mapchooser4.amxx] segor chose cs_rats2
L 04/24/2020 - 22:04:04: [mapchooser4.amxx] segor's_friend chose map extending
L 04/24/2020 - 22:04:09: [mapchooser4.amxx] Vote: Voting for the nextmap finished. The nextmap will be cs_rats2
L 04/24/2020 - 22:05:41: -------- Mapchange to cs_rats2 --------
L 04/24/2020 - 22:05:42: [mapchooser4.amxx] Found 47 maps in maps folder
L 04/24/2020 - 22:05:49: [mapchooser4.amxx] xvars for mapchooser 4 setuped.
L 04/24/2020 - 23:03:33: [mapchooser4.amxx] Vote: Voting for the nextmap started
L 04/24/2020 - 23:03:43: [mapchooser4.amxx] Vote: Voting for the nextmap finished. The nextmap will be de_aztec
L 04/24/2020 - 23:07:15: -------- Mapchange to de_aztec --------
L 04/24/2020 - 23:07:16: [mapchooser4.amxx] Found 47 maps in maps folder
L 04/24/2020 - 23:07:23: [mapchooser4.amxx] xvars for mapchooser 4 setuped.
L 04/24/2020 - 23:43:41: [admin.amxx] Login: "GUSINBERG<145><STEAM_0:1:55760822><>" became an admin (account "STEAM_0:1:55760822") (access "cdefjuz") (address "81.200.27.239")
L 04/24/2020 - 23:49:50: -------- Mapchange to cs_mansion --------
L 04/24/2020 - 23:49:51: [mapchooser4.amxx] Found 47 maps in maps folder
L 04/24/2020 - 23:49:51: [admin.amxx] Login: "GUSINBERG<145><STEAM_0:1:55760822><>" became an admin (account "STEAM_0:1:55760822") (access "cdefjuz") (address "81.200.27.239")
L 04/24/2020 - 23:49:51: [admin.amxx] Login: "GUSINBERG<145><STEAM_0:1:55760822><>" became an admin (account "STEAM_0:1:55760822") (access "cdefjuz") (address "81.200.27.239")
L 04/24/2020 - 23:49:51: [admin.amxx] Login: "GUSINBERG<146><STEAM_0:1:55760822><>" became an admin (account "STEAM_0:1:55760822") (access "cdefjuz") (address "81.200.27.239")
L 04/24/2020 - 23:49:58: [mapchooser4.amxx] xvars for mapchooser 4 setuped.
