L 05/01/2020 - 01:08:40: [mapchooser4.amxx] Vote: Voting for the nextmap started
L 05/01/2020 - 01:08:50: [mapchooser4.amxx] Vote: Voting for the nextmap finished. The nextmap will be de_cbble
L 05/01/2020 - 01:10:45: -------- Mapchange to de_cbble --------
L 05/01/2020 - 01:10:46: [mapchooser4.amxx] Found 51 maps in maps folder
L 05/01/2020 - 01:10:53: [mapchooser4.amxx] xvars for mapchooser 4 setuped.
L 05/01/2020 - 02:08:37: [mapchooser4.amxx] Vote: Voting for the nextmap started
L 05/01/2020 - 02:08:47: [mapchooser4.amxx] Vote: Voting for the nextmap finished. The nextmap will be de_cpl_mill
L 05/01/2020 - 02:25:57: -------- Mapchange to de_cpl_mill --------
L 05/01/2020 - 02:25:57: [mapchooser4.amxx] Found 51 maps in maps folder
L 05/01/2020 - 02:26:05: [mapchooser4.amxx] xvars for mapchooser 4 setuped.
L 05/01/2020 - 03:23:49: [mapchooser4.amxx] Vote: Voting for the nextmap started
L 05/01/2020 - 03:23:59: [mapchooser4.amxx] Vote: Voting for the nextmap finished. The nextmap will be de_dust
L 05/01/2020 - 03:41:09: -------- Mapchange to de_dust --------
L 05/01/2020 - 03:41:10: [mapchooser4.amxx] Found 51 maps in maps folder
L 05/01/2020 - 03:41:17: [mapchooser4.amxx] xvars for mapchooser 4 setuped.
L 05/01/2020 - 04:39:01: [mapchooser4.amxx] Vote: Voting for the nextmap started
L 05/01/2020 - 04:39:11: [mapchooser4.amxx] Vote: Voting for the nextmap finished. The nextmap will be de_dust2
L 05/01/2020 - 04:56:21: -------- Mapchange to de_dust2 --------
L 05/01/2020 - 04:56:22: [mapchooser4.amxx] Found 51 maps in maps folder
L 05/01/2020 - 04:56:29: [mapchooser4.amxx] xvars for mapchooser 4 setuped.
L 05/01/2020 - 05:54:13: [mapchooser4.amxx] Vote: Voting for the nextmap started
L 05/01/2020 - 05:54:23: [mapchooser4.amxx] Vote: Voting for the nextmap finished. The nextmap will be de_inferno
L 05/01/2020 - 06:11:33: -------- Mapchange to de_inferno --------
L 05/01/2020 - 06:11:33: [mapchooser4.amxx] Found 51 maps in maps folder
L 05/01/2020 - 06:11:40: [mapchooser4.amxx] xvars for mapchooser 4 setuped.
L 05/01/2020 - 07:09:24: [mapchooser4.amxx] Vote: Voting for the nextmap started
L 05/01/2020 - 07:09:35: [mapchooser4.amxx] Vote: Voting for the nextmap finished. The nextmap will be de_nuke
L 05/01/2020 - 07:26:45: -------- Mapchange to de_nuke --------
L 05/01/2020 - 07:26:45: [mapchooser4.amxx] Found 51 maps in maps folder
L 05/01/2020 - 07:26:52: [mapchooser4.amxx] xvars for mapchooser 4 setuped.
L 05/01/2020 - 08:24:36: [mapchooser4.amxx] Vote: Voting for the nextmap started
L 05/01/2020 - 08:24:46: [mapchooser4.amxx] Vote: Voting for the nextmap finished. The nextmap will be cs_assault
L 05/01/2020 - 08:41:57: -------- Mapchange to cs_assault --------
L 05/01/2020 - 08:41:57: [mapchooser4.amxx] Found 51 maps in maps folder
L 05/01/2020 - 08:42:04: [mapchooser4.amxx] xvars for mapchooser 4 setuped.
L 05/01/2020 - 09:39:48: [mapchooser4.amxx] Vote: Voting for the nextmap started
L 05/01/2020 - 09:39:58: [mapchooser4.amxx] Vote: Voting for the nextmap finished. The nextmap will be cs_italy
L 05/01/2020 - 09:57:08: -------- Mapchange to cs_italy --------
L 05/01/2020 - 09:57:09: [mapchooser4.amxx] Found 51 maps in maps folder
L 05/01/2020 - 09:57:16: [mapchooser4.amxx] xvars for mapchooser 4 setuped.
L 05/01/2020 - 10:55:00: [mapchooser4.amxx] Vote: Voting for the nextmap started
L 05/01/2020 - 10:55:10: [mapchooser4.amxx] Vote: Voting for the nextmap finished. The nextmap will be de_train
L 05/01/2020 - 11:12:20: -------- Mapchange to de_train --------
L 05/01/2020 - 11:12:20: [mapchooser4.amxx] Found 51 maps in maps folder
L 05/01/2020 - 11:12:27: [mapchooser4.amxx] xvars for mapchooser 4 setuped.
L 05/01/2020 - 12:10:11: [mapchooser4.amxx] Vote: Voting for the nextmap started
L 05/01/2020 - 12:10:22: [mapchooser4.amxx] Vote: Voting for the nextmap finished. The nextmap will be aim_ak-colt
L 05/01/2020 - 12:27:32: -------- Mapchange to aim_ak-colt --------
L 05/01/2020 - 12:27:32: [mapchooser4.amxx] Found 51 maps in maps folder
L 05/01/2020 - 12:27:39: [mapchooser4.amxx] xvars for mapchooser 4 setuped.
L 05/01/2020 - 13:25:23: [mapchooser4.amxx] Vote: Voting for the nextmap started
L 05/01/2020 - 13:25:33: [mapchooser4.amxx] Vote: Voting for the nextmap finished. The nextmap will be aim_aztecplace
L 05/01/2020 - 13:42:43: -------- Mapchange to aim_aztecplace --------
L 05/01/2020 - 13:42:43: [mapchooser4.amxx] Found 51 maps in maps folder
L 05/01/2020 - 13:42:51: [mapchooser4.amxx] xvars for mapchooser 4 setuped.
L 05/01/2020 - 14:40:35: [mapchooser4.amxx] Vote: Voting for the nextmap started
L 05/01/2020 - 14:40:45: [mapchooser4.amxx] Vote: Voting for the nextmap finished. The nextmap will be aim_headshot
L 05/01/2020 - 14:57:55: -------- Mapchange to aim_headshot --------
L 05/01/2020 - 14:57:55: [mapchooser4.amxx] Found 51 maps in maps folder
L 05/01/2020 - 14:58:02: [mapchooser4.amxx] xvars for mapchooser 4 setuped.
L 05/01/2020 - 15:55:46: [mapchooser4.amxx] Vote: Voting for the nextmap started
L 05/01/2020 - 15:55:56: [mapchooser4.amxx] Vote: Voting for the nextmap finished. The nextmap will be aim_map
L 05/01/2020 - 16:13:06: -------- Mapchange to aim_map --------
L 05/01/2020 - 16:13:06: [mapchooser4.amxx] Found 51 maps in maps folder
L 05/01/2020 - 16:13:14: [mapchooser4.amxx] xvars for mapchooser 4 setuped.
L 05/01/2020 - 17:10:58: [mapchooser4.amxx] Vote: Voting for the nextmap started
L 05/01/2020 - 17:11:08: [mapchooser4.amxx] Vote: Voting for the nextmap finished. The nextmap will be cs_16fighter
L 05/01/2020 - 17:28:18: -------- Mapchange to cs_16fighter --------
L 05/01/2020 - 17:28:18: [mapchooser4.amxx] Found 51 maps in maps folder
L 05/01/2020 - 17:28:25: [mapchooser4.amxx] xvars for mapchooser 4 setuped.
L 05/01/2020 - 17:45:24: [mapchooser4.amxx] Vote: Voting for the nextmap started
L 05/01/2020 - 17:45:30: [mapchooser4.amxx] archie chose de_dust2_2x2
L 05/01/2020 - 17:45:33: [mapchooser4.amxx] felagund chose de_dust2_2x2
L 05/01/2020 - 17:45:34: [mapchooser4.amxx] Vote: Voting for the nextmap finished. The nextmap will be de_dust2_2x2
L 05/01/2020 - 17:45:46: -------- Mapchange to de_dust2_2x2 --------
L 05/01/2020 - 17:45:46: [mapchooser4.amxx] Found 51 maps in maps folder
L 05/01/2020 - 17:45:53: [mapchooser4.amxx] xvars for mapchooser 4 setuped.
L 05/01/2020 - 18:13:46: [admin.amxx] Login: "RAZ DVA<514><STEAM_0:1:55760822><>" became an admin (account "STEAM_0:1:55760822") (access "cdefjuz") (address "94.25.173.241")
L 05/01/2020 - 19:14:37: [mapchooser4.amxx] Vote: Voting for the nextmap started
L 05/01/2020 - 19:14:47: [mapchooser4.amxx] Vote: Voting for the nextmap finished. The nextmap will be fy_iceworld_2002
L 05/01/2020 - 19:16:51: -------- Mapchange to fy_iceworld_2002 --------
L 05/01/2020 - 19:16:53: [mapchooser4.amxx] Found 51 maps in maps folder
L 05/01/2020 - 19:17:01: [mapchooser4.amxx] xvars for mapchooser 4 setuped.
L 05/01/2020 - 20:14:45: [mapchooser4.amxx] Vote: Voting for the nextmap started
L 05/01/2020 - 20:14:55: [mapchooser4.amxx] Vote: Voting for the nextmap finished. The nextmap will be cs_mansion
L 05/01/2020 - 20:47:59: -------- Mapchange to cs_mansion --------
L 05/01/2020 - 20:48:00: [mapchooser4.amxx] Found 51 maps in maps folder
L 05/01/2020 - 20:48:07: [mapchooser4.amxx] xvars for mapchooser 4 setuped.
L 05/01/2020 - 21:34:51: [mapchooser4.amxx] Vote: Voting for the nextmap started
L 05/01/2020 - 21:34:54: [mapchooser4.amxx] Frap chose cs_assault
L 05/01/2020 - 21:34:55: [mapchooser4.amxx] KABAN chose de_inferno_2x2
L 05/01/2020 - 21:35:01: [mapchooser4.amxx] Vote: Voting for the nextmap finished. The nextmap will be cs_assault
L 05/01/2020 - 21:35:14: -------- Mapchange to cs_assault --------
L 05/01/2020 - 21:35:14: [mapchooser4.amxx] Found 51 maps in maps folder
L 05/01/2020 - 21:35:21: [mapchooser4.amxx] xvars for mapchooser 4 setuped.
L 05/01/2020 - 22:14:20: [mapchooser4.amxx] Vote: Voting for the nextmap started
L 05/01/2020 - 22:14:30: [mapchooser4.amxx] Vote: Voting for the nextmap finished. The nextmap will be fy_snow
L 05/01/2020 - 22:14:42: -------- Mapchange to fy_snow --------
L 05/01/2020 - 22:14:42: [mapchooser4.amxx] Found 51 maps in maps folder
L 05/01/2020 - 22:14:49: [mapchooser4.amxx] xvars for mapchooser 4 setuped.
L 05/01/2020 - 22:31:46: -------- Mapchange to de_dust2_2x2 --------
L 05/01/2020 - 22:31:46: [mapchooser4.amxx] Found 51 maps in maps folder
L 05/01/2020 - 22:31:53: [mapchooser4.amxx] xvars for mapchooser 4 setuped.
L 05/01/2020 - 22:37:24: -------- Mapchange to de_dust2 --------
L 05/01/2020 - 22:37:24: [mapchooser4.amxx] Found 51 maps in maps folder
L 05/01/2020 - 22:37:31: [mapchooser4.amxx] xvars for mapchooser 4 setuped.
L 05/01/2020 - 22:40:10: [admin.amxx] Login: "RAZ DVA<538><STEAM_0:1:55760822><>" became an admin (account "STEAM_0:1:55760822") (access "cdefjuz") (address "81.200.27.239")
L 05/01/2020 - 23:15:35: -------- Mapchange to de_inferno --------
L 05/01/2020 - 23:15:35: [mapchooser4.amxx] Found 51 maps in maps folder
L 05/01/2020 - 23:15:36: [admin.amxx] Login: "RAZ DVA<538><STEAM_0:1:55760822><>" became an admin (account "STEAM_0:1:55760822") (access "cdefjuz") (address "81.200.27.239")
L 05/01/2020 - 23:15:42: [mapchooser4.amxx] xvars for mapchooser 4 setuped.
