L 04/27/2020 - 00:56:58: [mapchooser4.amxx] Vote: Voting for the nextmap started
L 04/27/2020 - 00:57:08: [mapchooser4.amxx] Vote: Voting for the nextmap finished. The nextmap will be de_train
L 04/27/2020 - 00:59:28: -------- Mapchange to de_train --------
L 04/27/2020 - 00:59:29: [mapchooser4.amxx] Found 51 maps in maps folder
L 04/27/2020 - 00:59:36: [mapchooser4.amxx] xvars for mapchooser 4 setuped.
L 04/27/2020 - 01:57:20: [mapchooser4.amxx] Vote: Voting for the nextmap started
L 04/27/2020 - 01:57:30: [mapchooser4.amxx] Vote: Voting for the nextmap finished. The nextmap will be aim_ak-colt
L 04/27/2020 - 01:59:50: -------- Mapchange to aim_ak-colt --------
L 04/27/2020 - 01:59:51: [mapchooser4.amxx] Found 51 maps in maps folder
L 04/27/2020 - 01:59:58: [mapchooser4.amxx] xvars for mapchooser 4 setuped.
L 04/27/2020 - 02:57:42: [mapchooser4.amxx] Vote: Voting for the nextmap started
L 04/27/2020 - 02:57:52: [mapchooser4.amxx] Vote: Voting for the nextmap finished. The nextmap will be aim_aztecplace
L 04/27/2020 - 03:00:12: -------- Mapchange to aim_aztecplace --------
L 04/27/2020 - 03:00:14: [mapchooser4.amxx] Found 51 maps in maps folder
L 04/27/2020 - 03:00:21: [mapchooser4.amxx] xvars for mapchooser 4 setuped.
L 04/27/2020 - 03:58:05: [mapchooser4.amxx] Vote: Voting for the nextmap started
L 04/27/2020 - 03:58:15: [mapchooser4.amxx] Vote: Voting for the nextmap finished. The nextmap will be aim_headshot
L 04/27/2020 - 04:00:35: -------- Mapchange to aim_headshot --------
L 04/27/2020 - 04:00:36: [mapchooser4.amxx] Found 51 maps in maps folder
L 04/27/2020 - 04:00:43: [mapchooser4.amxx] xvars for mapchooser 4 setuped.
L 04/27/2020 - 04:58:27: [mapchooser4.amxx] Vote: Voting for the nextmap started
L 04/27/2020 - 04:58:37: [mapchooser4.amxx] Vote: Voting for the nextmap finished. The nextmap will be aim_map
L 04/27/2020 - 05:00:58: -------- Mapchange to aim_map --------
L 04/27/2020 - 05:00:58: [mapchooser4.amxx] Found 51 maps in maps folder
L 04/27/2020 - 05:01:05: [mapchooser4.amxx] xvars for mapchooser 4 setuped.
L 04/27/2020 - 05:58:49: [mapchooser4.amxx] Vote: Voting for the nextmap started
L 04/27/2020 - 05:58:59: [mapchooser4.amxx] Vote: Voting for the nextmap finished. The nextmap will be cs_16fighter
L 04/27/2020 - 06:01:19: -------- Mapchange to cs_16fighter --------
L 04/27/2020 - 06:01:20: [mapchooser4.amxx] Found 51 maps in maps folder
L 04/27/2020 - 06:01:27: [mapchooser4.amxx] xvars for mapchooser 4 setuped.
L 04/27/2020 - 06:59:11: [mapchooser4.amxx] Vote: Voting for the nextmap started
L 04/27/2020 - 06:59:21: [mapchooser4.amxx] Vote: Voting for the nextmap finished. The nextmap will be cs_pf_dust
L 04/27/2020 - 07:01:41: -------- Mapchange to cs_pf_dust --------
L 04/27/2020 - 07:01:41: [mapchooser4.amxx] Found 51 maps in maps folder
L 04/27/2020 - 07:01:48: [mapchooser4.amxx] xvars for mapchooser 4 setuped.
L 04/27/2020 - 07:59:32: [mapchooser4.amxx] Vote: Voting for the nextmap started
L 04/27/2020 - 07:59:42: [mapchooser4.amxx] Vote: Voting for the nextmap finished. The nextmap will be fy_iceworld_2002
L 04/27/2020 - 08:02:03: -------- Mapchange to fy_iceworld_2002 --------
L 04/27/2020 - 08:02:03: [mapchooser4.amxx] Found 51 maps in maps folder
L 04/27/2020 - 08:02:10: [mapchooser4.amxx] xvars for mapchooser 4 setuped.
L 04/27/2020 - 08:59:54: [mapchooser4.amxx] Vote: Voting for the nextmap started
L 04/27/2020 - 09:00:04: [mapchooser4.amxx] Vote: Voting for the nextmap finished. The nextmap will be cs_mansion
L 04/27/2020 - 09:02:24: -------- Mapchange to cs_mansion --------
L 04/27/2020 - 09:02:25: [mapchooser4.amxx] Found 51 maps in maps folder
L 04/27/2020 - 09:02:32: [mapchooser4.amxx] xvars for mapchooser 4 setuped.
L 04/27/2020 - 10:00:16: [mapchooser4.amxx] Vote: Voting for the nextmap started
L 04/27/2020 - 10:00:26: [mapchooser4.amxx] Vote: Voting for the nextmap finished. The nextmap will be de_mirage
L 04/27/2020 - 10:02:46: -------- Mapchange to de_mirage --------
L 04/27/2020 - 10:02:47: [mapchooser4.amxx] Found 51 maps in maps folder
L 04/27/2020 - 10:02:54: [mapchooser4.amxx] xvars for mapchooser 4 setuped.
L 04/27/2020 - 11:00:38: [mapchooser4.amxx] Vote: Voting for the nextmap started
L 04/27/2020 - 11:00:48: [mapchooser4.amxx] Vote: Voting for the nextmap finished. The nextmap will be fy_snow
L 04/27/2020 - 11:03:08: -------- Mapchange to fy_snow --------
L 04/27/2020 - 11:03:08: [mapchooser4.amxx] Found 51 maps in maps folder
L 04/27/2020 - 11:03:15: [mapchooser4.amxx] xvars for mapchooser 4 setuped.
L 04/27/2020 - 12:00:59: [mapchooser4.amxx] Vote: Voting for the nextmap started
L 04/27/2020 - 12:01:09: [mapchooser4.amxx] Vote: Voting for the nextmap finished. The nextmap will be de_dust2_2x2
L 04/27/2020 - 12:03:30: -------- Mapchange to de_dust2_2x2 --------
L 04/27/2020 - 12:03:30: [mapchooser4.amxx] Found 51 maps in maps folder
L 04/27/2020 - 12:03:37: [mapchooser4.amxx] xvars for mapchooser 4 setuped.
L 04/27/2020 - 13:01:21: [mapchooser4.amxx] Vote: Voting for the nextmap started
L 04/27/2020 - 13:01:31: [mapchooser4.amxx] Vote: Voting for the nextmap finished. The nextmap will be de_inferno_2x2
L 04/27/2020 - 13:03:51: -------- Mapchange to de_inferno_2x2 --------
L 04/27/2020 - 13:03:52: [mapchooser4.amxx] Found 51 maps in maps folder
L 04/27/2020 - 13:03:59: [mapchooser4.amxx] xvars for mapchooser 4 setuped.
L 04/27/2020 - 14:01:43: [mapchooser4.amxx] Vote: Voting for the nextmap started
L 04/27/2020 - 14:01:53: [mapchooser4.amxx] Vote: Voting for the nextmap finished. The nextmap will be de_sniper
L 04/27/2020 - 14:04:15: -------- Mapchange to de_sniper --------
L 04/27/2020 - 14:04:15: [mapchooser4.amxx] Found 51 maps in maps folder
L 04/27/2020 - 14:04:22: [mapchooser4.amxx] xvars for mapchooser 4 setuped.
L 04/27/2020 - 15:02:06: [mapchooser4.amxx] Vote: Voting for the nextmap started
L 04/27/2020 - 15:02:16: [mapchooser4.amxx] Vote: Voting for the nextmap finished. The nextmap will be de_snipe_it5
L 04/27/2020 - 15:04:37: -------- Mapchange to de_snipe_it5 --------
L 04/27/2020 - 15:04:37: [mapchooser4.amxx] Found 51 maps in maps folder
L 04/27/2020 - 15:04:44: [mapchooser4.amxx] xvars for mapchooser 4 setuped.
L 04/27/2020 - 16:02:28: [mapchooser4.amxx] Vote: Voting for the nextmap started
L 04/27/2020 - 16:02:38: [mapchooser4.amxx] Vote: Voting for the nextmap finished. The nextmap will be awp_india
L 04/27/2020 - 16:04:58: -------- Mapchange to awp_india --------
L 04/27/2020 - 16:04:59: [mapchooser4.amxx] Found 51 maps in maps folder
L 04/27/2020 - 16:05:06: [mapchooser4.amxx] xvars for mapchooser 4 setuped.
L 04/27/2020 - 17:02:50: [mapchooser4.amxx] Vote: Voting for the nextmap started
L 04/27/2020 - 17:03:00: [mapchooser4.amxx] Vote: Voting for the nextmap finished. The nextmap will be cs_discounter
L 04/27/2020 - 17:05:21: -------- Mapchange to cs_discounter --------
L 04/27/2020 - 17:05:22: [mapchooser4.amxx] Found 51 maps in maps folder
L 04/27/2020 - 17:05:29: [mapchooser4.amxx] xvars for mapchooser 4 setuped.
L 04/27/2020 - 18:03:13: [mapchooser4.amxx] Vote: Voting for the nextmap started
L 04/27/2020 - 18:03:23: [mapchooser4.amxx] Vote: Voting for the nextmap finished. The nextmap will be cs_rats2
L 04/27/2020 - 18:05:44: -------- Mapchange to cs_rats2 --------
L 04/27/2020 - 18:05:44: [mapchooser4.amxx] Found 51 maps in maps folder
L 04/27/2020 - 18:05:52: [mapchooser4.amxx] xvars for mapchooser 4 setuped.
L 04/27/2020 - 19:03:36: [mapchooser4.amxx] Vote: Voting for the nextmap started
L 04/27/2020 - 19:03:46: [mapchooser4.amxx] Vote: Voting for the nextmap finished. The nextmap will be de_rats
L 04/27/2020 - 19:06:06: -------- Mapchange to de_rats --------
L 04/27/2020 - 19:06:07: [mapchooser4.amxx] Found 51 maps in maps folder
L 04/27/2020 - 19:06:14: [mapchooser4.amxx] xvars for mapchooser 4 setuped.
L 04/27/2020 - 19:45:39: [admin.amxx] Login: "GUSINBERG<211><STEAM_0:1:55760822><>" became an admin (account "STEAM_0:1:55760822") (access "cdefjuz") (address "81.200.27.239")
L 04/27/2020 - 19:45:57: [admincmd.amxx] Cmd: "GUSINBERG<211><STEAM_0:1:55760822><>" changelevel "de_prodigy"
L 04/27/2020 - 19:45:59: -------- Mapchange to de_prodigy --------
L 04/27/2020 - 19:46:00: [mapchooser4.amxx] Found 51 maps in maps folder
L 04/27/2020 - 19:46:00: [admin.amxx] Login: "GUSINBERG<211><STEAM_0:1:55760822><>" became an admin (account "STEAM_0:1:55760822") (access "cdefjuz") (address "81.200.27.239")
L 04/27/2020 - 19:46:07: [mapchooser4.amxx] xvars for mapchooser 4 setuped.
L 04/27/2020 - 19:48:03: [admincmd.amxx] Cmd: "GUSINBERG<211><STEAM_0:1:55760822><>" changelevel "de_nuke"
L 04/27/2020 - 19:48:05: -------- Mapchange to de_nuke --------
L 04/27/2020 - 19:48:06: [mapchooser4.amxx] Found 51 maps in maps folder
L 04/27/2020 - 19:48:06: [admin.amxx] Login: "GUSINBERG<211><STEAM_0:1:55760822><>" became an admin (account "STEAM_0:1:55760822") (access "cdefjuz") (address "81.200.27.239")
L 04/27/2020 - 19:48:13: [mapchooser4.amxx] xvars for mapchooser 4 setuped.
L 04/27/2020 - 19:52:23: -------- Mapchange to de_dust2_2x2 --------
L 04/27/2020 - 19:52:23: [mapchooser4.amxx] Found 51 maps in maps folder
L 04/27/2020 - 19:52:24: [admin.amxx] Login: "GUSINBERG<211><STEAM_0:1:55760822><>" became an admin (account "STEAM_0:1:55760822") (access "cdefjuz") (address "81.200.27.239")
L 04/27/2020 - 19:52:31: [mapchooser4.amxx] xvars for mapchooser 4 setuped.
L 04/27/2020 - 20:02:12: [admincmd.amxx] Cmd: "GUSINBERG<211><STEAM_0:1:55760822><>" changelevel "de_nuke"
L 04/27/2020 - 20:02:14: -------- Mapchange to de_nuke --------
L 04/27/2020 - 20:02:15: [mapchooser4.amxx] Found 51 maps in maps folder
L 04/27/2020 - 20:02:15: [admin.amxx] Login: "GUSINBERG<211><STEAM_0:1:55760822><>" became an admin (account "STEAM_0:1:55760822") (access "cdefjuz") (address "81.200.27.239")
L 04/27/2020 - 20:02:22: [mapchooser4.amxx] xvars for mapchooser 4 setuped.
L 04/27/2020 - 20:03:35: [admin.amxx] Login: "Diablo<221><STEAM_0:1:21335723><>" became an admin (account "STEAM_0:1:21335723") (access "abcdefghijklmnopqrstu") (address "176.99.162.171")
L 04/27/2020 - 20:24:51: [plmenu.amxx] Cmd: "Diablo<221><STEAM_0:1:21335723><>" slay "Neat_Ops<219><STEAM_0:0:541153683><>"
L 04/27/2020 - 20:25:49: [plmenu.amxx] Cmd: "Diablo<221><STEAM_0:1:21335723><>" slay "Neat_Ops<219><STEAM_0:0:541153683><>"
L 04/27/2020 - 20:27:17: [admincmd.amxx] Cmd: "Diablo<221><STEAM_0:1:21335723><>" slap with 0 damage "Neat_Ops<219><STEAM_0:0:541153683><>"
L 04/27/2020 - 20:27:20: [admincmd.amxx] Cmd: "Diablo<221><STEAM_0:1:21335723><>" slap with 0 damage "Neat_Ops<219><STEAM_0:0:541153683><>"
L 04/27/2020 - 20:27:22: [admincmd.amxx] Cmd: "Diablo<221><STEAM_0:1:21335723><>" slap with 0 damage "Neat_Ops<219><STEAM_0:0:541153683><>"
L 04/27/2020 - 20:27:22: [admincmd.amxx] Cmd: "Diablo<221><STEAM_0:1:21335723><>" slap with 0 damage "Neat_Ops<219><STEAM_0:0:541153683><>"
L 04/27/2020 - 20:27:23: [admincmd.amxx] Cmd: "Diablo<221><STEAM_0:1:21335723><>" slap with 0 damage "Neat_Ops<219><STEAM_0:0:541153683><>"
L 04/27/2020 - 20:27:23: [admincmd.amxx] Cmd: "Diablo<221><STEAM_0:1:21335723><>" slap with 0 damage "Neat_Ops<219><STEAM_0:0:541153683><>"
L 04/27/2020 - 20:27:23: [admincmd.amxx] Cmd: "Diablo<221><STEAM_0:1:21335723><>" slap with 0 damage "Neat_Ops<219><STEAM_0:0:541153683><>"
L 04/27/2020 - 20:27:24: [admincmd.amxx] Cmd: "Diablo<221><STEAM_0:1:21335723><>" slap with 0 damage "Neat_Ops<219><STEAM_0:0:541153683><>"
L 04/27/2020 - 20:27:24: [admincmd.amxx] Cmd: "Diablo<221><STEAM_0:1:21335723><>" slap with 0 damage "Neat_Ops<219><STEAM_0:0:541153683><>"
L 04/27/2020 - 20:27:24: [admincmd.amxx] Cmd: "Diablo<221><STEAM_0:1:21335723><>" slap with 0 damage "Neat_Ops<219><STEAM_0:0:541153683><>"
L 04/27/2020 - 20:27:24: [admincmd.amxx] Cmd: "Diablo<221><STEAM_0:1:21335723><>" slap with 0 damage "Neat_Ops<219><STEAM_0:0:541153683><>"
L 04/27/2020 - 20:27:24: [admincmd.amxx] Cmd: "Diablo<221><STEAM_0:1:21335723><>" slap with 0 damage "Neat_Ops<219><STEAM_0:0:541153683><>"
L 04/27/2020 - 20:27:25: [admincmd.amxx] Cmd: "Diablo<221><STEAM_0:1:21335723><>" slap with 0 damage "Neat_Ops<219><STEAM_0:0:541153683><>"
L 04/27/2020 - 20:27:25: [admincmd.amxx] Cmd: "Diablo<221><STEAM_0:1:21335723><>" slap with 0 damage "Neat_Ops<219><STEAM_0:0:541153683><>"
L 04/27/2020 - 20:27:25: [admincmd.amxx] Cmd: "Diablo<221><STEAM_0:1:21335723><>" slap with 0 damage "Neat_Ops<219><STEAM_0:0:541153683><>"
L 04/27/2020 - 20:27:29: [admincmd.amxx] Cmd: "Diablo<221><STEAM_0:1:21335723><>" slay "Neat_Ops<219><STEAM_0:0:541153683><>"
L 04/27/2020 - 20:28:28: [admincmd.amxx] Kick: "Diablo<221><STEAM_0:1:21335723><>" kick "Neat_Ops<219><STEAM_0:0:541153683><>" (reason "")
L 04/27/2020 - 20:33:41: -------- Mapchange to de_mirage --------
L 04/27/2020 - 20:33:41: [mapchooser4.amxx] Found 51 maps in maps folder
L 04/27/2020 - 20:33:41: -------- Mapchange to de_mirage --------
L 04/27/2020 - 20:33:41: [mapchooser4.amxx] Found 51 maps in maps folder
L 04/27/2020 - 20:33:41: [admin.amxx] Login: "Diablo<221><STEAM_0:1:21335723><>" became an admin (account "STEAM_0:1:21335723") (access "abcdefghijklmnopqrstu") (address "176.99.162.171")
L 04/27/2020 - 20:33:41: [admin.amxx] Login: "GUSINBERG<211><STEAM_0:1:55760822><>" became an admin (account "STEAM_0:1:55760822") (access "cdefjuz") (address "81.200.27.239")
L 04/27/2020 - 20:33:41: [admin.amxx] Login: "GUSINBERG<211><STEAM_0:1:55760822><>" became an admin (account "STEAM_0:1:55760822") (access "cdefjuz") (address "81.200.27.239")
L 04/27/2020 - 20:33:41: [admin.amxx] Login: "Diablo<221><STEAM_0:1:21335723><>" became an admin (account "STEAM_0:1:21335723") (access "abcdefghijklmnopqrstu") (address "176.99.162.171")
L 04/27/2020 - 20:33:42: -------- Mapchange to de_mirage --------
L 04/27/2020 - 20:33:42: [mapchooser4.amxx] Found 51 maps in maps folder
L 04/27/2020 - 20:33:42: [admin.amxx] Login: "GUSINBERG<211><STEAM_0:1:55760822><>" became an admin (account "STEAM_0:1:55760822") (access "cdefjuz") (address "81.200.27.239")
L 04/27/2020 - 20:33:42: [admin.amxx] Login: "Diablo<221><STEAM_0:1:21335723><>" became an admin (account "STEAM_0:1:21335723") (access "abcdefghijklmnopqrstu") (address "176.99.162.171")
L 04/27/2020 - 20:33:42: [admin.amxx] Login: "GUSINBERG<211><STEAM_0:1:55760822><>" became an admin (account "STEAM_0:1:55760822") (access "cdefjuz") (address "81.200.27.239")
L 04/27/2020 - 20:33:42: [admin.amxx] Login: "Diablo<221><STEAM_0:1:21335723><>" became an admin (account "STEAM_0:1:21335723") (access "abcdefghijklmnopqrstu") (address "176.99.162.171")
L 04/27/2020 - 20:33:42: [admin.amxx] Login: "GUSINBERG<211><STEAM_0:1:55760822><>" became an admin (account "STEAM_0:1:55760822") (access "cdefjuz") (address "81.200.27.239")
L 04/27/2020 - 20:33:42: [admin.amxx] Login: "Diablo<221><STEAM_0:1:21335723><>" became an admin (account "STEAM_0:1:21335723") (access "abcdefghijklmnopqrstu") (address "176.99.162.171")
L 04/27/2020 - 20:33:49: [mapchooser4.amxx] xvars for mapchooser 4 setuped.
L 04/27/2020 - 20:39:49: [admincmd.amxx] Cmd: "Diablo<221><STEAM_0:1:21335723><>" server console (cmdline "sv_restart 1")
L 04/27/2020 - 21:04:23: -------- Mapchange to de_inferno --------
L 04/27/2020 - 21:04:23: [mapchooser4.amxx] Found 51 maps in maps folder
L 04/27/2020 - 21:04:23: [admin.amxx] Login: "Diablo<221><STEAM_0:1:21335723><>" became an admin (account "STEAM_0:1:21335723") (access "abcdefghijklmnopqrstu") (address "176.99.162.171")
L 04/27/2020 - 21:04:23: [admin.amxx] Login: "GUSINBERG<211><STEAM_0:1:55760822><>" became an admin (account "STEAM_0:1:55760822") (access "cdefjuz") (address "81.200.27.239")
L 04/27/2020 - 21:04:30: [mapchooser4.amxx] xvars for mapchooser 4 setuped.
L 04/27/2020 - 22:02:29: [mapchooser4.amxx] Vote: Voting for the nextmap started
L 04/27/2020 - 22:02:39: [mapchooser4.amxx] Vote: Voting for the nextmap finished. The nextmap will be de_nuke
L 04/27/2020 - 22:04:44: -------- Mapchange to de_nuke --------
L 04/27/2020 - 22:04:45: [mapchooser4.amxx] Found 51 maps in maps folder
L 04/27/2020 - 22:04:52: [mapchooser4.amxx] xvars for mapchooser 4 setuped.
L 04/27/2020 - 23:41:44: -------- Mapchange to cs_discounter --------
L 04/27/2020 - 23:41:46: [mapchooser4.amxx] Found 51 maps in maps folder
L 04/27/2020 - 23:41:54: [mapchooser4.amxx] xvars for mapchooser 4 setuped.
