L 05/27/2020 - 20:52:19: [mapchooser4.amxx] Vote: Voting for the nextmap started
L 05/27/2020 - 20:52:22: [mapchooser4.amxx] Frap elegir de_inferno_2x2
L 05/27/2020 - 20:52:25: [mapchooser4.amxx] necnec elegir de_inferno_2x2
L 05/27/2020 - 20:52:25: [mapchooser4.amxx] [4ka] shura elegir de_inferno_2x2
L 05/27/2020 - 20:52:29: [mapchooser4.amxx] Vote: Voting for the nextmap finished. The nextmap will be de_inferno_2x2
L 05/27/2020 - 20:52:40: -------- Mapchange to de_inferno_2x2 --------
L 05/27/2020 - 20:52:41: [mapchooser4.amxx] Found 51 maps in maps folder
L 05/27/2020 - 20:52:48: [mapchooser4.amxx] xvars for mapchooser 4 setuped.
L 05/27/2020 - 21:31:52: [admin.amxx] Login: "RAZ DVA<99><STEAM_0:1:55760822><>" became an admin (account "STEAM_0:1:55760822") (access "abcdefghijklmnopqrstu") (address "81.200.27.239")
L 05/27/2020 - 21:33:07: -------- Mapchange to de_aztec --------
L 05/27/2020 - 21:33:07: [mapchooser4.amxx] Found 51 maps in maps folder
L 05/27/2020 - 21:33:07: [admin.amxx] Login: "RAZ DVA<99><STEAM_0:1:55760822><>" became an admin (account "STEAM_0:1:55760822") (access "abcdefghijklmnopqrstu") (address "81.200.27.239")
L 05/27/2020 - 21:33:14: [mapchooser4.amxx] xvars for mapchooser 4 setuped.
L 05/27/2020 - 22:02:40: -------- Mapchange to de_dust2 --------
L 05/27/2020 - 22:02:40: [mapchooser4.amxx] Found 51 maps in maps folder
L 05/27/2020 - 22:02:41: [admin.amxx] Login: "RAZ DVA<99><STEAM_0:1:55760822><>" became an admin (account "STEAM_0:1:55760822") (access "abcdefghijklmnopqrstu") (address "81.200.27.239")
L 05/27/2020 - 22:02:47: [mapchooser4.amxx] xvars for mapchooser 4 setuped.
L 05/27/2020 - 22:34:55: [admin.amxx] Login: "RAZ DVA<111><STEAM_0:1:55760822><>" became an admin (account "STEAM_0:1:55760822") (access "abcdefghijklmnopqrstu") (address "81.200.27.239")
L 05/27/2020 - 23:49:01: [mapchooser4.amxx] Vote: Voting for the nextmap started
L 05/27/2020 - 23:49:07: [mapchooser4.amxx] Frap elegir cs_italy
L 05/27/2020 - 23:49:12: [mapchooser4.amxx] Vote: Voting for the nextmap finished. The nextmap will be cs_italy
L 05/27/2020 - 23:49:23: -------- Mapchange to cs_italy --------
L 05/27/2020 - 23:49:24: [mapchooser4.amxx] Found 51 maps in maps folder
L 05/27/2020 - 23:49:31: [mapchooser4.amxx] xvars for mapchooser 4 setuped.
