L 05/19/2020 - 00:20:33: [mapchooser4.amxx] Vote: Voting for the nextmap started
L 05/19/2020 - 00:20:43: [mapchooser4.amxx] Vote: Voting for the nextmap finished. The nextmap will be aim_ak-colt
L 05/19/2020 - 00:22:54: -------- Mapchange to aim_ak-colt --------
L 05/19/2020 - 00:22:54: [mapchooser4.amxx] Found 51 maps in maps folder
L 05/19/2020 - 00:23:01: [mapchooser4.amxx] xvars for mapchooser 4 setuped.
L 05/19/2020 - 00:50:45: [mapchooser4.amxx] Vote: Voting for the nextmap started
L 05/19/2020 - 00:50:55: [mapchooser4.amxx] Vote: Voting for the nextmap finished. The nextmap will be aim_aztecplace
L 05/19/2020 - 00:53:21: -------- Mapchange to aim_aztecplace --------
L 05/19/2020 - 00:53:21: [mapchooser4.amxx] Found 51 maps in maps folder
L 05/19/2020 - 00:53:29: [mapchooser4.amxx] xvars for mapchooser 4 setuped.
L 05/19/2020 - 01:21:13: [mapchooser4.amxx] Vote: Voting for the nextmap started
L 05/19/2020 - 01:21:23: [mapchooser4.amxx] Vote: Voting for the nextmap finished. The nextmap will be aim_headshot
L 05/19/2020 - 01:23:49: -------- Mapchange to aim_headshot --------
L 05/19/2020 - 01:23:49: [mapchooser4.amxx] Found 51 maps in maps folder
L 05/19/2020 - 01:23:56: [mapchooser4.amxx] xvars for mapchooser 4 setuped.
L 05/19/2020 - 01:51:40: [mapchooser4.amxx] Vote: Voting for the nextmap started
L 05/19/2020 - 01:51:50: [mapchooser4.amxx] Vote: Voting for the nextmap finished. The nextmap will be aim_map
L 05/19/2020 - 01:54:16: -------- Mapchange to aim_map --------
L 05/19/2020 - 01:54:17: [mapchooser4.amxx] Found 51 maps in maps folder
L 05/19/2020 - 01:54:24: [mapchooser4.amxx] xvars for mapchooser 4 setuped.
L 05/19/2020 - 02:22:08: [mapchooser4.amxx] Vote: Voting for the nextmap started
L 05/19/2020 - 02:22:18: [mapchooser4.amxx] Vote: Voting for the nextmap finished. The nextmap will be cs_16fighter
L 05/19/2020 - 02:24:44: -------- Mapchange to cs_16fighter --------
L 05/19/2020 - 02:24:44: [mapchooser4.amxx] Found 51 maps in maps folder
L 05/19/2020 - 02:24:51: [mapchooser4.amxx] xvars for mapchooser 4 setuped.
L 05/19/2020 - 02:52:35: [mapchooser4.amxx] Vote: Voting for the nextmap started
L 05/19/2020 - 02:52:45: [mapchooser4.amxx] Vote: Voting for the nextmap finished. The nextmap will be cs_pf_dust
L 05/19/2020 - 02:55:12: -------- Mapchange to cs_pf_dust --------
L 05/19/2020 - 02:55:12: [mapchooser4.amxx] Found 51 maps in maps folder
L 05/19/2020 - 02:55:19: [mapchooser4.amxx] xvars for mapchooser 4 setuped.
L 05/19/2020 - 03:23:03: [mapchooser4.amxx] Vote: Voting for the nextmap started
L 05/19/2020 - 03:23:13: [mapchooser4.amxx] Vote: Voting for the nextmap finished. The nextmap will be fy_iceworld_2002
L 05/19/2020 - 03:25:39: -------- Mapchange to fy_iceworld_2002 --------
L 05/19/2020 - 03:25:39: [mapchooser4.amxx] Found 51 maps in maps folder
L 05/19/2020 - 03:25:46: [mapchooser4.amxx] xvars for mapchooser 4 setuped.
L 05/19/2020 - 03:53:30: [mapchooser4.amxx] Vote: Voting for the nextmap started
L 05/19/2020 - 03:53:40: [mapchooser4.amxx] Vote: Voting for the nextmap finished. The nextmap will be cs_mansion
L 05/19/2020 - 03:56:07: -------- Mapchange to cs_mansion --------
L 05/19/2020 - 03:56:07: [mapchooser4.amxx] Found 51 maps in maps folder
L 05/19/2020 - 03:56:14: [mapchooser4.amxx] xvars for mapchooser 4 setuped.
L 05/19/2020 - 04:23:58: [mapchooser4.amxx] Vote: Voting for the nextmap started
L 05/19/2020 - 04:24:08: [mapchooser4.amxx] Vote: Voting for the nextmap finished. The nextmap will be de_mirage
L 05/19/2020 - 04:26:34: -------- Mapchange to de_mirage --------
L 05/19/2020 - 04:26:35: [mapchooser4.amxx] Found 51 maps in maps folder
L 05/19/2020 - 04:26:42: [mapchooser4.amxx] xvars for mapchooser 4 setuped.
L 05/19/2020 - 04:54:26: [mapchooser4.amxx] Vote: Voting for the nextmap started
L 05/19/2020 - 04:54:36: [mapchooser4.amxx] Vote: Voting for the nextmap finished. The nextmap will be fy_snow
L 05/19/2020 - 04:57:02: -------- Mapchange to fy_snow --------
L 05/19/2020 - 04:57:02: [mapchooser4.amxx] Found 51 maps in maps folder
L 05/19/2020 - 04:57:09: [mapchooser4.amxx] xvars for mapchooser 4 setuped.
L 05/19/2020 - 05:24:53: [mapchooser4.amxx] Vote: Voting for the nextmap started
L 05/19/2020 - 05:25:03: [mapchooser4.amxx] Vote: Voting for the nextmap finished. The nextmap will be de_dust2_2x2
L 05/19/2020 - 05:27:30: -------- Mapchange to de_dust2_2x2 --------
L 05/19/2020 - 05:27:30: [mapchooser4.amxx] Found 51 maps in maps folder
L 05/19/2020 - 05:27:37: [mapchooser4.amxx] xvars for mapchooser 4 setuped.
L 05/19/2020 - 05:55:21: [mapchooser4.amxx] Vote: Voting for the nextmap started
L 05/19/2020 - 05:55:31: [mapchooser4.amxx] Vote: Voting for the nextmap finished. The nextmap will be de_inferno_2x2
L 05/19/2020 - 05:57:57: -------- Mapchange to de_inferno_2x2 --------
L 05/19/2020 - 05:57:57: [mapchooser4.amxx] Found 51 maps in maps folder
L 05/19/2020 - 05:58:05: [mapchooser4.amxx] xvars for mapchooser 4 setuped.
L 05/19/2020 - 06:25:49: [mapchooser4.amxx] Vote: Voting for the nextmap started
L 05/19/2020 - 06:25:59: [mapchooser4.amxx] Vote: Voting for the nextmap finished. The nextmap will be de_sniper
L 05/19/2020 - 06:28:25: -------- Mapchange to de_sniper --------
L 05/19/2020 - 06:28:25: [mapchooser4.amxx] Found 51 maps in maps folder
L 05/19/2020 - 06:28:32: [mapchooser4.amxx] xvars for mapchooser 4 setuped.
L 05/19/2020 - 06:56:16: [mapchooser4.amxx] Vote: Voting for the nextmap started
L 05/19/2020 - 06:56:26: [mapchooser4.amxx] Vote: Voting for the nextmap finished. The nextmap will be de_snipe_it5
L 05/19/2020 - 06:58:52: -------- Mapchange to de_snipe_it5 --------
L 05/19/2020 - 06:58:52: [mapchooser4.amxx] Found 51 maps in maps folder
L 05/19/2020 - 06:59:00: [mapchooser4.amxx] xvars for mapchooser 4 setuped.
L 05/19/2020 - 07:26:44: [mapchooser4.amxx] Vote: Voting for the nextmap started
L 05/19/2020 - 07:26:54: [mapchooser4.amxx] Vote: Voting for the nextmap finished. The nextmap will be awp_india
L 05/19/2020 - 07:29:20: -------- Mapchange to awp_india --------
L 05/19/2020 - 07:29:20: [mapchooser4.amxx] Found 51 maps in maps folder
L 05/19/2020 - 07:29:27: [mapchooser4.amxx] xvars for mapchooser 4 setuped.
L 05/19/2020 - 07:57:11: [mapchooser4.amxx] Vote: Voting for the nextmap started
L 05/19/2020 - 07:57:21: [mapchooser4.amxx] Vote: Voting for the nextmap finished. The nextmap will be cs_discounter
L 05/19/2020 - 07:59:48: -------- Mapchange to cs_discounter --------
L 05/19/2020 - 07:59:48: [mapchooser4.amxx] Found 51 maps in maps folder
L 05/19/2020 - 07:59:55: [mapchooser4.amxx] xvars for mapchooser 4 setuped.
L 05/19/2020 - 08:27:39: [mapchooser4.amxx] Vote: Voting for the nextmap started
L 05/19/2020 - 08:27:49: [mapchooser4.amxx] Vote: Voting for the nextmap finished. The nextmap will be cs_rats2
L 05/19/2020 - 08:30:15: -------- Mapchange to cs_rats2 --------
L 05/19/2020 - 08:30:16: [mapchooser4.amxx] Found 51 maps in maps folder
L 05/19/2020 - 08:30:23: [mapchooser4.amxx] xvars for mapchooser 4 setuped.
L 05/19/2020 - 08:58:07: [mapchooser4.amxx] Vote: Voting for the nextmap started
L 05/19/2020 - 08:58:17: [mapchooser4.amxx] Vote: Voting for the nextmap finished. The nextmap will be de_rats
L 05/19/2020 - 09:00:43: -------- Mapchange to de_rats --------
L 05/19/2020 - 09:00:43: [mapchooser4.amxx] Found 51 maps in maps folder
L 05/19/2020 - 09:00:50: [mapchooser4.amxx] xvars for mapchooser 4 setuped.
L 05/19/2020 - 09:28:34: [mapchooser4.amxx] Vote: Voting for the nextmap started
L 05/19/2020 - 09:28:44: [mapchooser4.amxx] Vote: Voting for the nextmap finished. The nextmap will be fy_pool_day
L 05/19/2020 - 09:31:10: -------- Mapchange to fy_pool_day --------
L 05/19/2020 - 09:31:11: [mapchooser4.amxx] Found 51 maps in maps folder
L 05/19/2020 - 09:31:18: [mapchooser4.amxx] xvars for mapchooser 4 setuped.
L 05/19/2020 - 09:59:02: [mapchooser4.amxx] Vote: Voting for the nextmap started
L 05/19/2020 - 09:59:12: [mapchooser4.amxx] Vote: Voting for the nextmap finished. The nextmap will be fy_train
L 05/19/2020 - 10:01:38: -------- Mapchange to fy_train --------
L 05/19/2020 - 10:01:38: [mapchooser4.amxx] Found 51 maps in maps folder
L 05/19/2020 - 10:01:45: [mapchooser4.amxx] xvars for mapchooser 4 setuped.
L 05/19/2020 - 10:29:29: [mapchooser4.amxx] Vote: Voting for the nextmap started
L 05/19/2020 - 10:29:39: [mapchooser4.amxx] Vote: Voting for the nextmap finished. The nextmap will be de_aztec
L 05/19/2020 - 10:32:06: -------- Mapchange to de_aztec --------
L 05/19/2020 - 10:32:06: [mapchooser4.amxx] Found 51 maps in maps folder
L 05/19/2020 - 10:32:13: [mapchooser4.amxx] xvars for mapchooser 4 setuped.
L 05/19/2020 - 10:59:57: [mapchooser4.amxx] Vote: Voting for the nextmap started
L 05/19/2020 - 11:00:07: [mapchooser4.amxx] Vote: Voting for the nextmap finished. The nextmap will be de_cbble
L 05/19/2020 - 11:02:33: -------- Mapchange to de_cbble --------
L 05/19/2020 - 11:02:33: [mapchooser4.amxx] Found 51 maps in maps folder
L 05/19/2020 - 11:02:41: [mapchooser4.amxx] xvars for mapchooser 4 setuped.
L 05/19/2020 - 11:30:25: [mapchooser4.amxx] Vote: Voting for the nextmap started
L 05/19/2020 - 11:30:35: [mapchooser4.amxx] Vote: Voting for the nextmap finished. The nextmap will be de_cpl_mill
L 05/19/2020 - 11:33:01: -------- Mapchange to de_cpl_mill --------
L 05/19/2020 - 11:33:01: [mapchooser4.amxx] Found 51 maps in maps folder
L 05/19/2020 - 11:33:08: [mapchooser4.amxx] xvars for mapchooser 4 setuped.
L 05/19/2020 - 12:00:52: [mapchooser4.amxx] Vote: Voting for the nextmap started
L 05/19/2020 - 12:01:02: [mapchooser4.amxx] Vote: Voting for the nextmap finished. The nextmap will be de_dust
L 05/19/2020 - 12:03:29: -------- Mapchange to de_dust --------
L 05/19/2020 - 12:03:29: [mapchooser4.amxx] Found 51 maps in maps folder
L 05/19/2020 - 12:03:36: [mapchooser4.amxx] xvars for mapchooser 4 setuped.
L 05/19/2020 - 12:31:20: [mapchooser4.amxx] Vote: Voting for the nextmap started
L 05/19/2020 - 12:31:30: [mapchooser4.amxx] Vote: Voting for the nextmap finished. The nextmap will be de_dust2
L 05/19/2020 - 12:33:56: -------- Mapchange to de_dust2 --------
L 05/19/2020 - 12:33:56: [mapchooser4.amxx] Found 51 maps in maps folder
L 05/19/2020 - 12:34:04: [mapchooser4.amxx] xvars for mapchooser 4 setuped.
L 05/19/2020 - 13:01:48: [mapchooser4.amxx] Vote: Voting for the nextmap started
L 05/19/2020 - 13:01:58: [mapchooser4.amxx] Vote: Voting for the nextmap finished. The nextmap will be de_inferno
L 05/19/2020 - 13:04:24: -------- Mapchange to de_inferno --------
L 05/19/2020 - 13:04:24: [mapchooser4.amxx] Found 51 maps in maps folder
L 05/19/2020 - 13:04:31: [mapchooser4.amxx] xvars for mapchooser 4 setuped.
L 05/19/2020 - 13:32:15: [mapchooser4.amxx] Vote: Voting for the nextmap started
L 05/19/2020 - 13:32:25: [mapchooser4.amxx] Vote: Voting for the nextmap finished. The nextmap will be de_nuke
L 05/19/2020 - 13:34:52: -------- Mapchange to de_nuke --------
L 05/19/2020 - 13:34:52: [mapchooser4.amxx] Found 51 maps in maps folder
L 05/19/2020 - 13:34:59: [mapchooser4.amxx] xvars for mapchooser 4 setuped.
L 05/19/2020 - 14:02:43: [mapchooser4.amxx] Vote: Voting for the nextmap started
L 05/19/2020 - 14:02:53: [mapchooser4.amxx] Vote: Voting for the nextmap finished. The nextmap will be cs_assault
L 05/19/2020 - 14:05:20: -------- Mapchange to cs_assault --------
L 05/19/2020 - 14:05:20: [mapchooser4.amxx] Found 51 maps in maps folder
L 05/19/2020 - 14:05:27: [mapchooser4.amxx] xvars for mapchooser 4 setuped.
L 05/19/2020 - 14:33:11: [mapchooser4.amxx] Vote: Voting for the nextmap started
L 05/19/2020 - 14:33:21: [mapchooser4.amxx] Vote: Voting for the nextmap finished. The nextmap will be cs_italy
L 05/19/2020 - 14:35:47: -------- Mapchange to cs_italy --------
L 05/19/2020 - 14:35:48: [mapchooser4.amxx] Found 51 maps in maps folder
L 05/19/2020 - 14:35:55: [mapchooser4.amxx] xvars for mapchooser 4 setuped.
L 05/19/2020 - 15:03:39: [mapchooser4.amxx] Vote: Voting for the nextmap started
L 05/19/2020 - 15:03:49: [mapchooser4.amxx] Vote: Voting for the nextmap finished. The nextmap will be de_train
L 05/19/2020 - 15:06:15: -------- Mapchange to de_train --------
L 05/19/2020 - 15:06:15: [mapchooser4.amxx] Found 51 maps in maps folder
L 05/19/2020 - 15:06:22: [mapchooser4.amxx] xvars for mapchooser 4 setuped.
L 05/19/2020 - 15:34:06: [mapchooser4.amxx] Vote: Voting for the nextmap started
L 05/19/2020 - 15:34:16: [mapchooser4.amxx] Vote: Voting for the nextmap finished. The nextmap will be aim_ak-colt
L 05/19/2020 - 15:36:43: -------- Mapchange to aim_ak-colt --------
L 05/19/2020 - 15:36:43: [mapchooser4.amxx] Found 51 maps in maps folder
L 05/19/2020 - 15:36:50: [mapchooser4.amxx] xvars for mapchooser 4 setuped.
L 05/19/2020 - 16:04:34: [mapchooser4.amxx] Vote: Voting for the nextmap started
L 05/19/2020 - 16:04:44: [mapchooser4.amxx] Vote: Voting for the nextmap finished. The nextmap will be aim_aztecplace
L 05/19/2020 - 16:07:10: -------- Mapchange to aim_aztecplace --------
L 05/19/2020 - 16:07:10: [mapchooser4.amxx] Found 51 maps in maps folder
L 05/19/2020 - 16:07:17: [mapchooser4.amxx] xvars for mapchooser 4 setuped.
L 05/19/2020 - 16:35:01: [mapchooser4.amxx] Vote: Voting for the nextmap started
L 05/19/2020 - 16:35:11: [mapchooser4.amxx] Vote: Voting for the nextmap finished. The nextmap will be aim_headshot
L 05/19/2020 - 16:37:38: -------- Mapchange to aim_headshot --------
L 05/19/2020 - 16:37:38: [mapchooser4.amxx] Found 51 maps in maps folder
L 05/19/2020 - 16:37:45: [mapchooser4.amxx] xvars for mapchooser 4 setuped.
L 05/19/2020 - 17:05:29: [mapchooser4.amxx] Vote: Voting for the nextmap started
L 05/19/2020 - 17:05:39: [mapchooser4.amxx] Vote: Voting for the nextmap finished. The nextmap will be aim_map
L 05/19/2020 - 17:08:05: -------- Mapchange to aim_map --------
L 05/19/2020 - 17:08:05: [mapchooser4.amxx] Found 51 maps in maps folder
L 05/19/2020 - 17:08:12: [mapchooser4.amxx] xvars for mapchooser 4 setuped.
L 05/19/2020 - 17:35:56: [mapchooser4.amxx] Vote: Voting for the nextmap started
L 05/19/2020 - 17:36:06: [mapchooser4.amxx] Vote: Voting for the nextmap finished. The nextmap will be cs_16fighter
L 05/19/2020 - 17:38:33: -------- Mapchange to cs_16fighter --------
L 05/19/2020 - 17:38:33: [mapchooser4.amxx] Found 51 maps in maps folder
L 05/19/2020 - 17:38:40: [mapchooser4.amxx] xvars for mapchooser 4 setuped.
L 05/19/2020 - 18:06:24: [mapchooser4.amxx] Vote: Voting for the nextmap started
L 05/19/2020 - 18:06:34: [mapchooser4.amxx] Vote: Voting for the nextmap finished. The nextmap will be cs_pf_dust
L 05/19/2020 - 18:09:00: -------- Mapchange to cs_pf_dust --------
L 05/19/2020 - 18:09:00: [mapchooser4.amxx] Found 51 maps in maps folder
L 05/19/2020 - 18:09:08: [mapchooser4.amxx] xvars for mapchooser 4 setuped.
L 05/19/2020 - 18:36:52: [mapchooser4.amxx] Vote: Voting for the nextmap started
L 05/19/2020 - 18:37:02: [mapchooser4.amxx] Vote: Voting for the nextmap finished. The nextmap will be fy_iceworld_2002
L 05/19/2020 - 18:39:28: -------- Mapchange to fy_iceworld_2002 --------
L 05/19/2020 - 18:39:28: [mapchooser4.amxx] Found 51 maps in maps folder
L 05/19/2020 - 18:39:35: [mapchooser4.amxx] xvars for mapchooser 4 setuped.
L 05/19/2020 - 19:07:19: [mapchooser4.amxx] Vote: Voting for the nextmap started
L 05/19/2020 - 19:07:29: [mapchooser4.amxx] Vote: Voting for the nextmap finished. The nextmap will be cs_mansion
L 05/19/2020 - 19:09:55: -------- Mapchange to cs_mansion --------
L 05/19/2020 - 19:09:56: [mapchooser4.amxx] Found 51 maps in maps folder
L 05/19/2020 - 19:10:03: [mapchooser4.amxx] xvars for mapchooser 4 setuped.
L 05/19/2020 - 19:37:47: [mapchooser4.amxx] Vote: Voting for the nextmap started
L 05/19/2020 - 19:37:57: [mapchooser4.amxx] Vote: Voting for the nextmap finished. The nextmap will be de_mirage
L 05/19/2020 - 19:40:23: -------- Mapchange to de_mirage --------
L 05/19/2020 - 19:40:23: [mapchooser4.amxx] Found 51 maps in maps folder
L 05/19/2020 - 19:40:30: [mapchooser4.amxx] xvars for mapchooser 4 setuped.
L 05/19/2020 - 20:08:14: [mapchooser4.amxx] Vote: Voting for the nextmap started
L 05/19/2020 - 20:08:25: [mapchooser4.amxx] Vote: Voting for the nextmap finished. The nextmap will be fy_snow
L 05/19/2020 - 20:10:51: -------- Mapchange to fy_snow --------
L 05/19/2020 - 20:10:51: [mapchooser4.amxx] Found 51 maps in maps folder
L 05/19/2020 - 20:10:58: [mapchooser4.amxx] xvars for mapchooser 4 setuped.
L 05/19/2020 - 20:38:42: [mapchooser4.amxx] Vote: Voting for the nextmap started
L 05/19/2020 - 20:38:52: [mapchooser4.amxx] Vote: Voting for the nextmap finished. The nextmap will be de_dust2_2x2
L 05/19/2020 - 20:41:19: -------- Mapchange to de_dust2_2x2 --------
L 05/19/2020 - 20:41:19: [mapchooser4.amxx] Found 51 maps in maps folder
L 05/19/2020 - 20:41:26: [mapchooser4.amxx] xvars for mapchooser 4 setuped.
L 05/19/2020 - 21:28:55: [mapchooser4.amxx] Vote: Voting for the nextmap started
L 05/19/2020 - 21:28:55: [mapchooser4.amxx] da_ti_osel chose de_rats
L 05/19/2020 - 21:29:00: [mapchooser4.amxx] necnec chose de_rats
L 05/19/2020 - 21:29:05: [mapchooser4.amxx] Vote: Voting for the nextmap finished. The nextmap will be de_rats
L 05/19/2020 - 21:30:58: -------- Mapchange to de_rats --------
L 05/19/2020 - 21:30:58: [mapchooser4.amxx] Found 51 maps in maps folder
L 05/19/2020 - 21:31:05: [mapchooser4.amxx] xvars for mapchooser 4 setuped.
L 05/19/2020 - 21:31:15: -------- Mapchange to fy_snow --------
L 05/19/2020 - 21:31:15: [mapchooser4.amxx] Found 51 maps in maps folder
L 05/19/2020 - 21:31:22: [mapchooser4.amxx] xvars for mapchooser 4 setuped.
L 05/19/2020 - 21:43:30: [admin.amxx] Login: "RAZ DVA<150><STEAM_0:1:55760822><>" became an admin (account "STEAM_0:1:55760822") (access "abcdefghijklmnopqrstu") (address "94.25.174.149")
L 05/19/2020 - 21:49:12: -------- Mapchange to de_aztec --------
L 05/19/2020 - 21:49:12: [mapchooser4.amxx] Found 51 maps in maps folder
L 05/19/2020 - 21:49:13: [admin.amxx] Login: "RAZ DVA<150><STEAM_0:1:55760822><>" became an admin (account "STEAM_0:1:55760822") (access "abcdefghijklmnopqrstu") (address "94.25.174.149")
L 05/19/2020 - 21:49:20: [mapchooser4.amxx] xvars for mapchooser 4 setuped.
L 05/19/2020 - 22:17:19: [mapchooser4.amxx] Vote: Voting for the nextmap started
L 05/19/2020 - 22:17:19: [mapchooser4.amxx] da_ti_osel chose cs_italy
L 05/19/2020 - 22:17:20: [mapchooser4.amxx] Frap chose cs_italy
L 05/19/2020 - 22:17:22: [mapchooser4.amxx] necnec chose de_dust2
L 05/19/2020 - 22:17:22: [mapchooser4.amxx] RAZ DVA chose de_dust2
L 05/19/2020 - 22:17:29: [mapchooser4.amxx] Vote: Voting for the nextmap finished. The nextmap will be cs_italy
L 05/19/2020 - 22:19:34: -------- Mapchange to cs_italy --------
L 05/19/2020 - 22:19:34: [mapchooser4.amxx] Found 51 maps in maps folder
L 05/19/2020 - 22:19:34: [admin.amxx] Login: "RAZ DVA<150><STEAM_0:1:55760822><>" became an admin (account "STEAM_0:1:55760822") (access "abcdefghijklmnopqrstu") (address "94.25.174.149")
L 05/19/2020 - 22:19:41: [mapchooser4.amxx] xvars for mapchooser 4 setuped.
L 05/19/2020 - 22:19:48: -------- Mapchange to de_dust2 --------
L 05/19/2020 - 22:19:49: [mapchooser4.amxx] Found 51 maps in maps folder
L 05/19/2020 - 22:19:49: [admin.amxx] Login: "RAZ DVA<150><STEAM_0:1:55760822><>" became an admin (account "STEAM_0:1:55760822") (access "abcdefghijklmnopqrstu") (address "94.25.174.149")
L 05/19/2020 - 22:19:56: [mapchooser4.amxx] xvars for mapchooser 4 setuped.
L 05/19/2020 - 22:25:49: -------- Mapchange to de_dust2_2x2 --------
L 05/19/2020 - 22:25:49: [mapchooser4.amxx] Found 51 maps in maps folder
L 05/19/2020 - 22:25:49: [admin.amxx] Login: "RAZ DVA<150><STEAM_0:1:55760822><>" became an admin (account "STEAM_0:1:55760822") (access "abcdefghijklmnopqrstu") (address "94.25.174.149")
L 05/19/2020 - 22:25:49: [admin.amxx] Login: "RAZ DVA<150><STEAM_0:1:55760822><>" became an admin (account "STEAM_0:1:55760822") (access "abcdefghijklmnopqrstu") (address "94.25.174.149")
L 05/19/2020 - 22:25:49: [admin.amxx] Login: "RAZ DVA<158><STEAM_0:1:55760822><>" became an admin (account "STEAM_0:1:55760822") (access "abcdefghijklmnopqrstu") (address "94.25.174.149")
L 05/19/2020 - 22:25:56: [mapchooser4.amxx] xvars for mapchooser 4 setuped.
L 05/19/2020 - 22:30:12: -------- Mapchange to de_dust2 --------
L 05/19/2020 - 22:30:12: [mapchooser4.amxx] Found 51 maps in maps folder
L 05/19/2020 - 22:30:13: [admin.amxx] Login: "RAZ DVA<158><STEAM_0:1:55760822><>" became an admin (account "STEAM_0:1:55760822") (access "abcdefghijklmnopqrstu") (address "94.25.174.149")
L 05/19/2020 - 22:30:20: [mapchooser4.amxx] xvars for mapchooser 4 setuped.
L 05/19/2020 - 22:58:19: [mapchooser4.amxx] Vote: Voting for the nextmap started
L 05/19/2020 - 22:58:21: [mapchooser4.amxx] [4ka] Sanych chose cs_mansion
L 05/19/2020 - 22:58:22: [mapchooser4.amxx] RAZ DVA chose de_train
L 05/19/2020 - 22:58:22: [mapchooser4.amxx] Frap chose map extending
L 05/19/2020 - 22:58:22: [mapchooser4.amxx] Jeroz chose cs_mansion
L 05/19/2020 - 22:58:23: [mapchooser4.amxx] necnec chose map extending
L 05/19/2020 - 22:58:23: [mapchooser4.amxx] KABAN chose map extending
L 05/19/2020 - 22:58:24: [mapchooser4.amxx] archie chose map extending
L 05/19/2020 - 22:58:24: [mapchooser4.amxx] [4ka] RUmata chose de_train
L 05/19/2020 - 22:58:29: [mapchooser4.amxx] Vote: Voting for the nextmap finished. Map de_dust2 will be extended to next 14. minutes
L 05/19/2020 - 23:13:19: [mapchooser4.amxx] Vote: Voting for the nextmap started
L 05/19/2020 - 23:13:20: [mapchooser4.amxx] [4ka]tsk chose fy_train
L 05/19/2020 - 23:13:21: [mapchooser4.amxx] KABAN chose map extending
L 05/19/2020 - 23:13:21: [mapchooser4.amxx] Jeroz chose de_cbble
L 05/19/2020 - 23:13:21: [mapchooser4.amxx] RAZ DVA chose de_cpl_mill
L 05/19/2020 - 23:13:21: [mapchooser4.amxx] [4ka] Sanych chose de_mipt
L 05/19/2020 - 23:13:22: [mapchooser4.amxx] Frap chose map extending
L 05/19/2020 - 23:13:22: [mapchooser4.amxx] [4ka]lipetsk.ru chose de_cpl_mill
L 05/19/2020 - 23:13:24: [mapchooser4.amxx] [4ka] RUmata chose de_mipt
L 05/19/2020 - 23:13:29: [mapchooser4.amxx] Vote: Voting for the nextmap finished. The nextmap will be de_mipt
L 05/19/2020 - 23:15:33: -------- Mapchange to de_mipt --------
L 05/19/2020 - 23:15:33: [mapchooser4.amxx] Found 51 maps in maps folder
L 05/19/2020 - 23:15:33: -------- Mapchange to de_inferno --------
L 05/19/2020 - 23:15:33: [mapchooser4.amxx] Found 51 maps in maps folder
L 05/19/2020 - 23:15:34: [admin.amxx] Login: "RAZ DVA<158><STEAM_0:1:55760822><>" became an admin (account "STEAM_0:1:55760822") (access "abcdefghijklmnopqrstu") (address "94.25.174.149")
L 05/19/2020 - 23:15:34: [admin.amxx] Login: "RAZ DVA<158><STEAM_0:1:55760822><>" became an admin (account "STEAM_0:1:55760822") (access "abcdefghijklmnopqrstu") (address "94.25.174.149")
L 05/19/2020 - 23:15:34: [admin.amxx] Login: "RAZ DVA<158><STEAM_0:1:55760822><>" became an admin (account "STEAM_0:1:55760822") (access "abcdefghijklmnopqrstu") (address "94.25.174.149")
L 05/19/2020 - 23:15:41: [mapchooser4.amxx] xvars for mapchooser 4 setuped.
L 05/19/2020 - 23:58:40: [mapchooser4.amxx] Vote: Voting for the nextmap started
L 05/19/2020 - 23:58:50: [mapchooser4.amxx] Vote: Voting for the nextmap finished. The nextmap will be de_aztec
