L 05/14/2020 - 00:15:11: [mapchooser4.amxx] Vote: Voting for the nextmap started
L 05/14/2020 - 00:15:21: [mapchooser4.amxx] Vote: Voting for the nextmap finished. The nextmap will be aim_ak-colt
L 05/14/2020 - 00:19:35: -------- Mapchange to aim_ak-colt --------
L 05/14/2020 - 00:19:35: [mapchooser4.amxx] Found 51 maps in maps folder
L 05/14/2020 - 00:19:42: [mapchooser4.amxx] xvars for mapchooser 4 setuped.
L 05/14/2020 - 00:47:26: [mapchooser4.amxx] Vote: Voting for the nextmap started
L 05/14/2020 - 00:47:36: [mapchooser4.amxx] Vote: Voting for the nextmap finished. The nextmap will be aim_aztecplace
L 05/14/2020 - 00:51:50: -------- Mapchange to aim_aztecplace --------
L 05/14/2020 - 00:51:50: [mapchooser4.amxx] Found 51 maps in maps folder
L 05/14/2020 - 00:51:57: [mapchooser4.amxx] xvars for mapchooser 4 setuped.
L 05/14/2020 - 01:19:41: [mapchooser4.amxx] Vote: Voting for the nextmap started
L 05/14/2020 - 01:19:51: [mapchooser4.amxx] Vote: Voting for the nextmap finished. The nextmap will be aim_headshot
L 05/14/2020 - 01:24:05: -------- Mapchange to aim_headshot --------
L 05/14/2020 - 01:24:05: [mapchooser4.amxx] Found 51 maps in maps folder
L 05/14/2020 - 01:24:13: [mapchooser4.amxx] xvars for mapchooser 4 setuped.
L 05/14/2020 - 01:51:57: [mapchooser4.amxx] Vote: Voting for the nextmap started
L 05/14/2020 - 01:52:07: [mapchooser4.amxx] Vote: Voting for the nextmap finished. The nextmap will be aim_map
L 05/14/2020 - 01:56:21: -------- Mapchange to aim_map --------
L 05/14/2020 - 01:56:21: [mapchooser4.amxx] Found 51 maps in maps folder
L 05/14/2020 - 01:56:28: [mapchooser4.amxx] xvars for mapchooser 4 setuped.
L 05/14/2020 - 02:24:12: [mapchooser4.amxx] Vote: Voting for the nextmap started
L 05/14/2020 - 02:24:22: [mapchooser4.amxx] Vote: Voting for the nextmap finished. The nextmap will be cs_16fighter
L 05/14/2020 - 02:28:36: -------- Mapchange to cs_16fighter --------
L 05/14/2020 - 02:28:36: [mapchooser4.amxx] Found 51 maps in maps folder
L 05/14/2020 - 02:28:43: [mapchooser4.amxx] xvars for mapchooser 4 setuped.
L 05/14/2020 - 02:56:27: [mapchooser4.amxx] Vote: Voting for the nextmap started
L 05/14/2020 - 02:56:37: [mapchooser4.amxx] Vote: Voting for the nextmap finished. The nextmap will be cs_pf_dust
L 05/14/2020 - 03:00:51: -------- Mapchange to cs_pf_dust --------
L 05/14/2020 - 03:00:51: [mapchooser4.amxx] Found 51 maps in maps folder
L 05/14/2020 - 03:00:58: [mapchooser4.amxx] xvars for mapchooser 4 setuped.
L 05/14/2020 - 03:28:42: [mapchooser4.amxx] Vote: Voting for the nextmap started
L 05/14/2020 - 03:28:52: [mapchooser4.amxx] Vote: Voting for the nextmap finished. The nextmap will be fy_iceworld_2002
L 05/14/2020 - 03:33:06: -------- Mapchange to fy_iceworld_2002 --------
L 05/14/2020 - 03:33:06: [mapchooser4.amxx] Found 51 maps in maps folder
L 05/14/2020 - 03:33:13: [mapchooser4.amxx] xvars for mapchooser 4 setuped.
L 05/14/2020 - 04:00:57: [mapchooser4.amxx] Vote: Voting for the nextmap started
L 05/14/2020 - 04:01:07: [mapchooser4.amxx] Vote: Voting for the nextmap finished. The nextmap will be cs_mansion
L 05/14/2020 - 04:05:22: -------- Mapchange to cs_mansion --------
L 05/14/2020 - 04:05:22: [mapchooser4.amxx] Found 51 maps in maps folder
L 05/14/2020 - 04:05:29: [mapchooser4.amxx] xvars for mapchooser 4 setuped.
L 05/14/2020 - 04:33:13: [mapchooser4.amxx] Vote: Voting for the nextmap started
L 05/14/2020 - 04:33:23: [mapchooser4.amxx] Vote: Voting for the nextmap finished. The nextmap will be de_mirage
L 05/14/2020 - 04:37:37: -------- Mapchange to de_mirage --------
L 05/14/2020 - 04:37:37: [mapchooser4.amxx] Found 51 maps in maps folder
L 05/14/2020 - 04:37:44: [mapchooser4.amxx] xvars for mapchooser 4 setuped.
L 05/14/2020 - 05:05:28: [mapchooser4.amxx] Vote: Voting for the nextmap started
L 05/14/2020 - 05:05:38: [mapchooser4.amxx] Vote: Voting for the nextmap finished. The nextmap will be fy_snow
L 05/14/2020 - 05:09:52: -------- Mapchange to fy_snow --------
L 05/14/2020 - 05:09:52: [mapchooser4.amxx] Found 51 maps in maps folder
L 05/14/2020 - 05:10:00: [mapchooser4.amxx] xvars for mapchooser 4 setuped.
L 05/14/2020 - 05:37:44: [mapchooser4.amxx] Vote: Voting for the nextmap started
L 05/14/2020 - 05:37:54: [mapchooser4.amxx] Vote: Voting for the nextmap finished. The nextmap will be de_dust2_2x2
L 05/14/2020 - 05:42:08: -------- Mapchange to de_dust2_2x2 --------
L 05/14/2020 - 05:42:08: [mapchooser4.amxx] Found 51 maps in maps folder
L 05/14/2020 - 05:42:15: [mapchooser4.amxx] xvars for mapchooser 4 setuped.
L 05/14/2020 - 06:09:59: [mapchooser4.amxx] Vote: Voting for the nextmap started
L 05/14/2020 - 06:10:09: [mapchooser4.amxx] Vote: Voting for the nextmap finished. The nextmap will be de_inferno_2x2
L 05/14/2020 - 06:14:23: -------- Mapchange to de_inferno_2x2 --------
L 05/14/2020 - 06:14:23: [mapchooser4.amxx] Found 51 maps in maps folder
L 05/14/2020 - 06:14:30: [mapchooser4.amxx] xvars for mapchooser 4 setuped.
L 05/14/2020 - 06:42:14: [mapchooser4.amxx] Vote: Voting for the nextmap started
L 05/14/2020 - 06:42:24: [mapchooser4.amxx] Vote: Voting for the nextmap finished. The nextmap will be de_sniper
L 05/14/2020 - 06:46:39: -------- Mapchange to de_sniper --------
L 05/14/2020 - 06:46:39: [mapchooser4.amxx] Found 51 maps in maps folder
L 05/14/2020 - 06:46:46: [mapchooser4.amxx] xvars for mapchooser 4 setuped.
L 05/14/2020 - 07:14:30: [mapchooser4.amxx] Vote: Voting for the nextmap started
L 05/14/2020 - 07:14:40: [mapchooser4.amxx] Vote: Voting for the nextmap finished. The nextmap will be de_snipe_it5
L 05/14/2020 - 07:18:54: -------- Mapchange to de_snipe_it5 --------
L 05/14/2020 - 07:18:54: [mapchooser4.amxx] Found 51 maps in maps folder
L 05/14/2020 - 07:19:02: [mapchooser4.amxx] xvars for mapchooser 4 setuped.
L 05/14/2020 - 07:46:46: [mapchooser4.amxx] Vote: Voting for the nextmap started
L 05/14/2020 - 07:46:56: [mapchooser4.amxx] Vote: Voting for the nextmap finished. The nextmap will be awp_india
L 05/14/2020 - 07:51:09: -------- Mapchange to awp_india --------
L 05/14/2020 - 07:51:10: [mapchooser4.amxx] Found 51 maps in maps folder
L 05/14/2020 - 07:51:17: [mapchooser4.amxx] xvars for mapchooser 4 setuped.
L 05/14/2020 - 08:19:01: [mapchooser4.amxx] Vote: Voting for the nextmap started
L 05/14/2020 - 08:19:11: [mapchooser4.amxx] Vote: Voting for the nextmap finished. The nextmap will be cs_discounter
L 05/14/2020 - 08:23:25: -------- Mapchange to cs_discounter --------
L 05/14/2020 - 08:23:25: [mapchooser4.amxx] Found 51 maps in maps folder
L 05/14/2020 - 08:23:32: [mapchooser4.amxx] xvars for mapchooser 4 setuped.
L 05/14/2020 - 08:51:16: [mapchooser4.amxx] Vote: Voting for the nextmap started
L 05/14/2020 - 08:51:26: [mapchooser4.amxx] Vote: Voting for the nextmap finished. The nextmap will be cs_rats2
L 05/14/2020 - 08:55:41: -------- Mapchange to cs_rats2 --------
L 05/14/2020 - 08:55:41: [mapchooser4.amxx] Found 51 maps in maps folder
L 05/14/2020 - 08:55:48: [mapchooser4.amxx] xvars for mapchooser 4 setuped.
L 05/14/2020 - 09:23:32: [mapchooser4.amxx] Vote: Voting for the nextmap started
L 05/14/2020 - 09:23:42: [mapchooser4.amxx] Vote: Voting for the nextmap finished. The nextmap will be de_rats
L 05/14/2020 - 09:27:56: -------- Mapchange to de_rats --------
L 05/14/2020 - 09:27:56: [mapchooser4.amxx] Found 51 maps in maps folder
L 05/14/2020 - 09:28:04: [mapchooser4.amxx] xvars for mapchooser 4 setuped.
L 05/14/2020 - 09:55:48: [mapchooser4.amxx] Vote: Voting for the nextmap started
L 05/14/2020 - 09:55:58: [mapchooser4.amxx] Vote: Voting for the nextmap finished. The nextmap will be fy_pool_day
L 05/14/2020 - 10:00:12: -------- Mapchange to fy_pool_day --------
L 05/14/2020 - 10:00:12: [mapchooser4.amxx] Found 51 maps in maps folder
L 05/14/2020 - 10:00:19: [mapchooser4.amxx] xvars for mapchooser 4 setuped.
L 05/14/2020 - 10:28:03: [mapchooser4.amxx] Vote: Voting for the nextmap started
L 05/14/2020 - 10:28:13: [mapchooser4.amxx] Vote: Voting for the nextmap finished. The nextmap will be fy_train
L 05/14/2020 - 10:32:27: -------- Mapchange to fy_train --------
L 05/14/2020 - 10:32:27: [mapchooser4.amxx] Found 51 maps in maps folder
L 05/14/2020 - 10:32:34: [mapchooser4.amxx] xvars for mapchooser 4 setuped.
L 05/14/2020 - 11:00:18: [mapchooser4.amxx] Vote: Voting for the nextmap started
L 05/14/2020 - 11:00:28: [mapchooser4.amxx] Vote: Voting for the nextmap finished. The nextmap will be de_aztec
L 05/14/2020 - 11:04:42: -------- Mapchange to de_aztec --------
L 05/14/2020 - 11:04:43: [mapchooser4.amxx] Found 51 maps in maps folder
L 05/14/2020 - 11:04:50: [mapchooser4.amxx] xvars for mapchooser 4 setuped.
L 05/14/2020 - 11:32:34: [mapchooser4.amxx] Vote: Voting for the nextmap started
L 05/14/2020 - 11:32:44: [mapchooser4.amxx] Vote: Voting for the nextmap finished. The nextmap will be de_cbble
L 05/14/2020 - 11:36:58: -------- Mapchange to de_cbble --------
L 05/14/2020 - 11:36:58: [mapchooser4.amxx] Found 51 maps in maps folder
L 05/14/2020 - 11:37:05: [mapchooser4.amxx] xvars for mapchooser 4 setuped.
L 05/14/2020 - 12:04:49: [mapchooser4.amxx] Vote: Voting for the nextmap started
L 05/14/2020 - 12:04:59: [mapchooser4.amxx] Vote: Voting for the nextmap finished. The nextmap will be de_cpl_mill
L 05/14/2020 - 12:09:13: -------- Mapchange to de_cpl_mill --------
L 05/14/2020 - 12:09:13: [mapchooser4.amxx] Found 51 maps in maps folder
L 05/14/2020 - 12:09:21: [mapchooser4.amxx] xvars for mapchooser 4 setuped.
L 05/14/2020 - 12:37:05: [mapchooser4.amxx] Vote: Voting for the nextmap started
L 05/14/2020 - 12:37:15: [mapchooser4.amxx] Vote: Voting for the nextmap finished. The nextmap will be de_dust
L 05/14/2020 - 12:41:29: -------- Mapchange to de_dust --------
L 05/14/2020 - 12:41:29: [mapchooser4.amxx] Found 51 maps in maps folder
L 05/14/2020 - 12:41:36: [mapchooser4.amxx] xvars for mapchooser 4 setuped.
L 05/14/2020 - 13:09:20: [mapchooser4.amxx] Vote: Voting for the nextmap started
L 05/14/2020 - 13:09:30: [mapchooser4.amxx] Vote: Voting for the nextmap finished. The nextmap will be de_dust2
L 05/14/2020 - 13:13:44: -------- Mapchange to de_dust2 --------
L 05/14/2020 - 13:13:44: [mapchooser4.amxx] Found 51 maps in maps folder
L 05/14/2020 - 13:13:51: [mapchooser4.amxx] xvars for mapchooser 4 setuped.
L 05/14/2020 - 13:41:35: [mapchooser4.amxx] Vote: Voting for the nextmap started
L 05/14/2020 - 13:41:45: [mapchooser4.amxx] Vote: Voting for the nextmap finished. The nextmap will be de_inferno
L 05/14/2020 - 13:45:59: -------- Mapchange to de_inferno --------
L 05/14/2020 - 13:46:00: [mapchooser4.amxx] Found 51 maps in maps folder
L 05/14/2020 - 13:46:07: [mapchooser4.amxx] xvars for mapchooser 4 setuped.
L 05/14/2020 - 14:13:51: [mapchooser4.amxx] Vote: Voting for the nextmap started
L 05/14/2020 - 14:14:01: [mapchooser4.amxx] Vote: Voting for the nextmap finished. The nextmap will be de_nuke
L 05/14/2020 - 14:18:15: -------- Mapchange to de_nuke --------
L 05/14/2020 - 14:18:15: [mapchooser4.amxx] Found 51 maps in maps folder
L 05/14/2020 - 14:18:22: [mapchooser4.amxx] xvars for mapchooser 4 setuped.
L 05/14/2020 - 14:46:06: [mapchooser4.amxx] Vote: Voting for the nextmap started
L 05/14/2020 - 14:46:16: [mapchooser4.amxx] Vote: Voting for the nextmap finished. The nextmap will be cs_assault
L 05/14/2020 - 14:50:30: -------- Mapchange to cs_assault --------
L 05/14/2020 - 14:50:31: [mapchooser4.amxx] Found 51 maps in maps folder
L 05/14/2020 - 14:50:38: [mapchooser4.amxx] xvars for mapchooser 4 setuped.
L 05/14/2020 - 15:18:22: [mapchooser4.amxx] Vote: Voting for the nextmap started
L 05/14/2020 - 15:18:32: [mapchooser4.amxx] Vote: Voting for the nextmap finished. The nextmap will be cs_italy
L 05/14/2020 - 15:22:46: -------- Mapchange to cs_italy --------
L 05/14/2020 - 15:22:46: [mapchooser4.amxx] Found 51 maps in maps folder
L 05/14/2020 - 15:22:53: [mapchooser4.amxx] xvars for mapchooser 4 setuped.
L 05/14/2020 - 15:50:37: [mapchooser4.amxx] Vote: Voting for the nextmap started
L 05/14/2020 - 15:50:47: [mapchooser4.amxx] Vote: Voting for the nextmap finished. The nextmap will be de_train
L 05/14/2020 - 15:55:01: -------- Mapchange to de_train --------
L 05/14/2020 - 15:55:02: [mapchooser4.amxx] Found 51 maps in maps folder
L 05/14/2020 - 15:55:09: [mapchooser4.amxx] xvars for mapchooser 4 setuped.
L 05/14/2020 - 16:22:53: [mapchooser4.amxx] Vote: Voting for the nextmap started
L 05/14/2020 - 16:23:03: [mapchooser4.amxx] Vote: Voting for the nextmap finished. The nextmap will be aim_ak-colt
L 05/14/2020 - 16:27:17: -------- Mapchange to aim_ak-colt --------
L 05/14/2020 - 16:27:17: [mapchooser4.amxx] Found 51 maps in maps folder
L 05/14/2020 - 16:27:24: [mapchooser4.amxx] xvars for mapchooser 4 setuped.
L 05/14/2020 - 16:55:08: [mapchooser4.amxx] Vote: Voting for the nextmap started
L 05/14/2020 - 16:55:18: [mapchooser4.amxx] Vote: Voting for the nextmap finished. The nextmap will be aim_aztecplace
L 05/14/2020 - 16:59:32: -------- Mapchange to aim_aztecplace --------
L 05/14/2020 - 16:59:32: [mapchooser4.amxx] Found 51 maps in maps folder
L 05/14/2020 - 16:59:39: [mapchooser4.amxx] xvars for mapchooser 4 setuped.
L 05/14/2020 - 17:27:23: [mapchooser4.amxx] Vote: Voting for the nextmap started
L 05/14/2020 - 17:27:33: [mapchooser4.amxx] Vote: Voting for the nextmap finished. The nextmap will be aim_headshot
L 05/14/2020 - 17:31:47: -------- Mapchange to aim_headshot --------
L 05/14/2020 - 17:31:47: [mapchooser4.amxx] Found 51 maps in maps folder
L 05/14/2020 - 17:31:54: [mapchooser4.amxx] xvars for mapchooser 4 setuped.
L 05/14/2020 - 17:59:39: [mapchooser4.amxx] Vote: Voting for the nextmap started
L 05/14/2020 - 17:59:49: [mapchooser4.amxx] Vote: Voting for the nextmap finished. The nextmap will be aim_map
L 05/14/2020 - 18:04:02: -------- Mapchange to aim_map --------
L 05/14/2020 - 18:04:03: [mapchooser4.amxx] Found 51 maps in maps folder
L 05/14/2020 - 18:04:10: [mapchooser4.amxx] xvars for mapchooser 4 setuped.
L 05/14/2020 - 18:31:54: [mapchooser4.amxx] Vote: Voting for the nextmap started
L 05/14/2020 - 18:32:04: [mapchooser4.amxx] Vote: Voting for the nextmap finished. The nextmap will be cs_16fighter
L 05/14/2020 - 18:36:18: -------- Mapchange to cs_16fighter --------
L 05/14/2020 - 18:36:18: [mapchooser4.amxx] Found 51 maps in maps folder
L 05/14/2020 - 18:36:25: [mapchooser4.amxx] xvars for mapchooser 4 setuped.
L 05/14/2020 - 19:04:09: [mapchooser4.amxx] Vote: Voting for the nextmap started
L 05/14/2020 - 19:04:19: [mapchooser4.amxx] Vote: Voting for the nextmap finished. The nextmap will be cs_pf_dust
L 05/14/2020 - 19:08:33: -------- Mapchange to cs_pf_dust --------
L 05/14/2020 - 19:08:33: [mapchooser4.amxx] Found 51 maps in maps folder
L 05/14/2020 - 19:08:40: [mapchooser4.amxx] xvars for mapchooser 4 setuped.
L 05/14/2020 - 19:36:24: [mapchooser4.amxx] Vote: Voting for the nextmap started
L 05/14/2020 - 19:36:35: [mapchooser4.amxx] Vote: Voting for the nextmap finished. The nextmap will be fy_iceworld_2002
L 05/14/2020 - 19:40:48: -------- Mapchange to fy_iceworld_2002 --------
L 05/14/2020 - 19:40:49: [mapchooser4.amxx] Found 51 maps in maps folder
L 05/14/2020 - 19:40:56: [mapchooser4.amxx] xvars for mapchooser 4 setuped.
L 05/14/2020 - 20:08:40: [mapchooser4.amxx] Vote: Voting for the nextmap started
L 05/14/2020 - 20:08:50: [mapchooser4.amxx] Vote: Voting for the nextmap finished. The nextmap will be cs_mansion
L 05/14/2020 - 20:13:04: -------- Mapchange to cs_mansion --------
L 05/14/2020 - 20:13:04: [mapchooser4.amxx] Found 51 maps in maps folder
L 05/14/2020 - 20:13:11: [mapchooser4.amxx] xvars for mapchooser 4 setuped.
L 05/14/2020 - 20:40:56: [mapchooser4.amxx] Vote: Voting for the nextmap started
L 05/14/2020 - 20:41:06: [mapchooser4.amxx] Vote: Voting for the nextmap finished. The nextmap will be de_mirage
L 05/14/2020 - 20:45:20: -------- Mapchange to de_mirage --------
L 05/14/2020 - 20:45:20: [mapchooser4.amxx] Found 51 maps in maps folder
L 05/14/2020 - 20:45:27: [mapchooser4.amxx] xvars for mapchooser 4 setuped.
L 05/14/2020 - 21:13:11: [mapchooser4.amxx] Vote: Voting for the nextmap started
L 05/14/2020 - 21:13:21: [mapchooser4.amxx] Vote: Voting for the nextmap finished. The nextmap will be fy_snow
L 05/14/2020 - 21:17:35: -------- Mapchange to fy_snow --------
L 05/14/2020 - 21:17:35: [mapchooser4.amxx] Found 51 maps in maps folder
L 05/14/2020 - 21:17:42: [mapchooser4.amxx] xvars for mapchooser 4 setuped.
L 05/14/2020 - 21:45:26: [mapchooser4.amxx] Vote: Voting for the nextmap started
L 05/14/2020 - 21:45:36: [mapchooser4.amxx] Vote: Voting for the nextmap finished. The nextmap will be de_dust2_2x2
L 05/14/2020 - 21:49:50: -------- Mapchange to de_dust2_2x2 --------
L 05/14/2020 - 21:49:50: [mapchooser4.amxx] Found 51 maps in maps folder
L 05/14/2020 - 21:49:58: [mapchooser4.amxx] xvars for mapchooser 4 setuped.
L 05/14/2020 - 22:17:42: [mapchooser4.amxx] Vote: Voting for the nextmap started
L 05/14/2020 - 22:17:52: [mapchooser4.amxx] Vote: Voting for the nextmap finished. The nextmap will be de_inferno_2x2
L 05/14/2020 - 22:22:06: -------- Mapchange to de_inferno_2x2 --------
L 05/14/2020 - 22:22:06: [mapchooser4.amxx] Found 51 maps in maps folder
L 05/14/2020 - 22:22:13: [mapchooser4.amxx] xvars for mapchooser 4 setuped.
L 05/14/2020 - 22:46:33: -------- Mapchange to de_aztec --------
L 05/14/2020 - 22:46:34: [mapchooser4.amxx] Found 51 maps in maps folder
L 05/14/2020 - 22:46:41: [mapchooser4.amxx] xvars for mapchooser 4 setuped.
L 05/14/2020 - 23:07:05: [admin.amxx] Login: "RAZ DVA<119><STEAM_0:1:55760822><>" became an admin (account "STEAM_0:1:55760822") (access "abcdefghijklmnopqrstu") (address "94.25.174.154")
L 05/14/2020 - 23:10:56: -------- Mapchange to de_dust2 --------
L 05/14/2020 - 23:10:56: [mapchooser4.amxx] Found 51 maps in maps folder
L 05/14/2020 - 23:10:57: [admin.amxx] Login: "RAZ DVA<119><STEAM_0:1:55760822><>" became an admin (account "STEAM_0:1:55760822") (access "abcdefghijklmnopqrstu") (address "94.25.174.154")
L 05/14/2020 - 23:11:03: [mapchooser4.amxx] xvars for mapchooser 4 setuped.
L 05/14/2020 - 23:39:03: [mapchooser4.amxx] Vote: Voting for the nextmap started
L 05/14/2020 - 23:39:05: [mapchooser4.amxx] Morpheme chose de_nuke
L 05/14/2020 - 23:39:06: [mapchooser4.amxx] format c: chose cs_italy
L 05/14/2020 - 23:39:06: [mapchooser4.amxx] RAZ DVA chose de_train
L 05/14/2020 - 23:39:06: [mapchooser4.amxx] ERECTOR chose de_train
L 05/14/2020 - 23:39:06: [mapchooser4.amxx] necnec chose de_train
L 05/14/2020 - 23:39:07: [mapchooser4.amxx] Frap chose cs_italy
L 05/14/2020 - 23:39:07: [mapchooser4.amxx] [4ka] Sanych chose de_nuke
L 05/14/2020 - 23:39:07: [mapchooser4.amxx] KABAN chose cs_italy
L 05/14/2020 - 23:39:08: [mapchooser4.amxx] [4ka]tsk chose de_train
L 05/14/2020 - 23:39:09: [mapchooser4.amxx] +q chose de_train
L 05/14/2020 - 23:39:10: [mapchooser4.amxx] [4ka]lipetsk.ru chose de_train
L 05/14/2020 - 23:39:13: [mapchooser4.amxx] Vote: Voting for the nextmap finished. The nextmap will be de_train
L 05/14/2020 - 23:41:17: -------- Mapchange to de_train --------
L 05/14/2020 - 23:41:17: [mapchooser4.amxx] Found 51 maps in maps folder
L 05/14/2020 - 23:41:17: [admin.amxx] Login: "RAZ DVA<119><STEAM_0:1:55760822><>" became an admin (account "STEAM_0:1:55760822") (access "abcdefghijklmnopqrstu") (address "94.25.174.154")
L 05/14/2020 - 23:41:24: [mapchooser4.amxx] xvars for mapchooser 4 setuped.
