L 04/09/2020 - 00:19:34: -------- Mapchange to cs_backalley --------
L 04/09/2020 - 00:40:00: -------- Mapchange to cs_militia --------
L 04/09/2020 - 01:00:26: -------- Mapchange to de_train --------
L 04/09/2020 - 01:20:51: -------- Mapchange to de_airstrip --------
L 04/09/2020 - 01:41:17: -------- Mapchange to cs_havana --------
L 04/09/2020 - 02:01:43: -------- Mapchange to de_chateau --------
L 04/09/2020 - 02:22:09: -------- Mapchange to de_aztec --------
L 04/09/2020 - 02:42:35: -------- Mapchange to as_oilrig --------
L 04/09/2020 - 03:03:00: -------- Mapchange to cs_siege --------
L 04/09/2020 - 03:23:26: -------- Mapchange to de_cbble --------
L 04/09/2020 - 03:43:51: -------- Mapchange to de_dust --------
L 04/09/2020 - 04:04:17: -------- Mapchange to cs_747 --------
L 04/09/2020 - 04:24:43: -------- Mapchange to de_prodigy --------
L 04/09/2020 - 04:45:09: -------- Mapchange to cs_assault --------
L 04/09/2020 - 05:05:34: -------- Mapchange to cs_office --------
L 04/09/2020 - 05:26:00: -------- Mapchange to cs_italy --------
L 04/09/2020 - 05:46:26: -------- Mapchange to cs_backalley --------
L 04/09/2020 - 06:06:51: -------- Mapchange to cs_militia --------
L 04/09/2020 - 06:27:17: -------- Mapchange to de_train --------
L 04/09/2020 - 06:47:43: -------- Mapchange to de_airstrip --------
L 04/09/2020 - 07:08:09: -------- Mapchange to cs_havana --------
L 04/09/2020 - 07:28:34: -------- Mapchange to de_chateau --------
L 04/09/2020 - 07:49:00: -------- Mapchange to de_aztec --------
L 04/09/2020 - 08:09:25: -------- Mapchange to as_oilrig --------
L 04/09/2020 - 08:29:51: -------- Mapchange to cs_siege --------
L 04/09/2020 - 08:50:17: -------- Mapchange to de_cbble --------
L 04/09/2020 - 09:10:42: -------- Mapchange to de_dust --------
L 04/09/2020 - 09:31:08: -------- Mapchange to cs_747 --------
L 04/09/2020 - 09:51:34: -------- Mapchange to de_prodigy --------
L 04/09/2020 - 10:11:59: -------- Mapchange to cs_assault --------
L 04/09/2020 - 10:32:25: -------- Mapchange to cs_office --------
L 04/09/2020 - 10:52:51: -------- Mapchange to cs_italy --------
L 04/09/2020 - 11:13:17: -------- Mapchange to cs_backalley --------
L 04/09/2020 - 11:33:42: -------- Mapchange to cs_militia --------
L 04/09/2020 - 11:54:08: -------- Mapchange to de_train --------
L 04/09/2020 - 12:14:34: -------- Mapchange to de_airstrip --------
L 04/09/2020 - 12:35:01: -------- Mapchange to cs_havana --------
L 04/09/2020 - 12:55:27: -------- Mapchange to de_chateau --------
L 04/09/2020 - 13:15:52: -------- Mapchange to de_aztec --------
L 04/09/2020 - 13:36:18: -------- Mapchange to as_oilrig --------
L 04/09/2020 - 13:56:43: -------- Mapchange to cs_siege --------
L 04/09/2020 - 14:17:09: -------- Mapchange to de_cbble --------
L 04/09/2020 - 14:37:35: -------- Mapchange to de_dust --------
L 04/09/2020 - 14:58:01: -------- Mapchange to cs_747 --------
L 04/09/2020 - 15:18:28: -------- Mapchange to de_prodigy --------
L 04/09/2020 - 15:38:54: -------- Mapchange to cs_assault --------
L 04/09/2020 - 15:59:20: -------- Mapchange to cs_office --------
L 04/09/2020 - 16:19:46: -------- Mapchange to cs_italy --------
L 04/09/2020 - 16:40:13: -------- Mapchange to cs_backalley --------
L 04/09/2020 - 17:00:42: -------- Mapchange to cs_militia --------
L 04/09/2020 - 17:21:08: -------- Mapchange to de_train --------
L 04/09/2020 - 17:41:34: -------- Mapchange to de_airstrip --------
L 04/09/2020 - 18:02:00: -------- Mapchange to cs_havana --------
L 04/09/2020 - 18:22:26: -------- Mapchange to de_chateau --------
L 04/09/2020 - 18:42:52: -------- Mapchange to de_aztec --------
L 04/09/2020 - 19:03:18: -------- Mapchange to as_oilrig --------
L 04/09/2020 - 19:23:04: -------- Mapchange to de_dust2 --------
L 04/09/2020 - 19:28:37: -------- Mapchange to de_dust2 --------
L 04/09/2020 - 19:29:36: -------- Mapchange to de_dust2 --------
L 04/09/2020 - 19:31:46: -------- Mapchange to de_dust2 --------
L 04/09/2020 - 19:32:03: -------- Mapchange to de_dust2 --------
L 04/09/2020 - 19:33:33: -------- Mapchange to de_dust2 --------
L 04/09/2020 - 19:34:00: -------- Mapchange to de_dust2 --------
L 04/09/2020 - 19:35:55: -------- Mapchange to de_dust2 --------
L 04/09/2020 - 19:36:25: -------- Mapchange to de_dust2 --------
L 04/09/2020 - 19:40:25: -------- Mapchange to de_dust2 --------
L 04/09/2020 - 20:11:59: -------- Mapchange to de_airstrip --------
L 04/09/2020 - 20:12:49: -------- Mapchange to de_inferno --------
L 04/09/2020 - 20:43:10: -------- Mapchange to de_chateau --------
L 04/09/2020 - 20:53:02: -------- Mapchange to de_dust2 --------
L 04/09/2020 - 21:50:52: -------- Mapchange to as_oilrig --------
L 04/09/2020 - 23:07:35: -------- Mapchange to cs_siege --------
