L 04/28/2020 - 00:40:23: [mapchooser4.amxx] Vote: Voting for the nextmap started
L 04/28/2020 - 00:40:33: [mapchooser4.amxx] Vote: Voting for the nextmap finished. The nextmap will be cs_italy
L 04/28/2020 - 00:42:10: -------- Mapchange to cs_italy --------
L 04/28/2020 - 00:42:12: [mapchooser4.amxx] Found 51 maps in maps folder
L 04/28/2020 - 00:42:19: [mapchooser4.amxx] xvars for mapchooser 4 setuped.
L 04/28/2020 - 01:40:03: [mapchooser4.amxx] Vote: Voting for the nextmap started
L 04/28/2020 - 01:40:13: [mapchooser4.amxx] Vote: Voting for the nextmap finished. The nextmap will be de_train
L 04/28/2020 - 01:42:34: -------- Mapchange to de_train --------
L 04/28/2020 - 01:42:35: [mapchooser4.amxx] Found 51 maps in maps folder
L 04/28/2020 - 01:42:42: [mapchooser4.amxx] xvars for mapchooser 4 setuped.
L 04/28/2020 - 02:40:26: [mapchooser4.amxx] Vote: Voting for the nextmap started
L 04/28/2020 - 02:40:36: [mapchooser4.amxx] Vote: Voting for the nextmap finished. The nextmap will be aim_ak-colt
L 04/28/2020 - 02:42:57: -------- Mapchange to aim_ak-colt --------
L 04/28/2020 - 02:42:58: [mapchooser4.amxx] Found 51 maps in maps folder
L 04/28/2020 - 02:43:05: [mapchooser4.amxx] xvars for mapchooser 4 setuped.
L 04/28/2020 - 03:40:49: [mapchooser4.amxx] Vote: Voting for the nextmap started
L 04/28/2020 - 03:40:59: [mapchooser4.amxx] Vote: Voting for the nextmap finished. The nextmap will be aim_aztecplace
L 04/28/2020 - 03:43:20: -------- Mapchange to aim_aztecplace --------
L 04/28/2020 - 03:43:20: [mapchooser4.amxx] Found 51 maps in maps folder
L 04/28/2020 - 03:43:28: [mapchooser4.amxx] xvars for mapchooser 4 setuped.
L 04/28/2020 - 04:41:12: [mapchooser4.amxx] Vote: Voting for the nextmap started
L 04/28/2020 - 04:41:22: [mapchooser4.amxx] Vote: Voting for the nextmap finished. The nextmap will be aim_headshot
L 04/28/2020 - 04:43:43: -------- Mapchange to aim_headshot --------
L 04/28/2020 - 04:43:43: [mapchooser4.amxx] Found 51 maps in maps folder
L 04/28/2020 - 04:43:50: [mapchooser4.amxx] xvars for mapchooser 4 setuped.
L 04/28/2020 - 05:41:34: [mapchooser4.amxx] Vote: Voting for the nextmap started
L 04/28/2020 - 05:41:44: [mapchooser4.amxx] Vote: Voting for the nextmap finished. The nextmap will be aim_map
L 04/28/2020 - 05:44:06: -------- Mapchange to aim_map --------
L 04/28/2020 - 05:44:06: [mapchooser4.amxx] Found 51 maps in maps folder
L 04/28/2020 - 05:44:13: [mapchooser4.amxx] xvars for mapchooser 4 setuped.
L 04/28/2020 - 06:41:57: [mapchooser4.amxx] Vote: Voting for the nextmap started
L 04/28/2020 - 06:42:07: [mapchooser4.amxx] Vote: Voting for the nextmap finished. The nextmap will be cs_16fighter
L 04/28/2020 - 06:44:29: -------- Mapchange to cs_16fighter --------
L 04/28/2020 - 06:44:29: [mapchooser4.amxx] Found 51 maps in maps folder
L 04/28/2020 - 06:44:36: [mapchooser4.amxx] xvars for mapchooser 4 setuped.
L 04/28/2020 - 07:42:20: [mapchooser4.amxx] Vote: Voting for the nextmap started
L 04/28/2020 - 07:42:30: [mapchooser4.amxx] Vote: Voting for the nextmap finished. The nextmap will be cs_pf_dust
L 04/28/2020 - 07:44:52: -------- Mapchange to cs_pf_dust --------
L 04/28/2020 - 07:44:52: [mapchooser4.amxx] Found 51 maps in maps folder
L 04/28/2020 - 07:44:59: [mapchooser4.amxx] xvars for mapchooser 4 setuped.
L 04/28/2020 - 08:42:43: [mapchooser4.amxx] Vote: Voting for the nextmap started
L 04/28/2020 - 08:42:53: [mapchooser4.amxx] Vote: Voting for the nextmap finished. The nextmap will be fy_iceworld_2002
L 04/28/2020 - 08:45:15: -------- Mapchange to fy_iceworld_2002 --------
L 04/28/2020 - 08:45:15: [mapchooser4.amxx] Found 51 maps in maps folder
L 04/28/2020 - 08:45:22: [mapchooser4.amxx] xvars for mapchooser 4 setuped.
L 04/28/2020 - 09:43:06: [mapchooser4.amxx] Vote: Voting for the nextmap started
L 04/28/2020 - 09:43:16: [mapchooser4.amxx] Vote: Voting for the nextmap finished. The nextmap will be cs_mansion
L 04/28/2020 - 09:45:38: -------- Mapchange to cs_mansion --------
L 04/28/2020 - 09:45:38: [mapchooser4.amxx] Found 51 maps in maps folder
L 04/28/2020 - 09:45:46: [mapchooser4.amxx] xvars for mapchooser 4 setuped.
L 04/28/2020 - 10:43:30: [mapchooser4.amxx] Vote: Voting for the nextmap started
L 04/28/2020 - 10:43:40: [mapchooser4.amxx] Vote: Voting for the nextmap finished. The nextmap will be de_mirage
L 04/28/2020 - 10:46:01: -------- Mapchange to de_mirage --------
L 04/28/2020 - 10:46:01: [mapchooser4.amxx] Found 51 maps in maps folder
L 04/28/2020 - 10:46:09: [mapchooser4.amxx] xvars for mapchooser 4 setuped.
L 04/28/2020 - 11:43:52: [mapchooser4.amxx] Vote: Voting for the nextmap started
L 04/28/2020 - 11:44:03: [mapchooser4.amxx] Vote: Voting for the nextmap finished. The nextmap will be fy_snow
L 04/28/2020 - 11:46:24: -------- Mapchange to fy_snow --------
L 04/28/2020 - 11:46:25: [mapchooser4.amxx] Found 51 maps in maps folder
L 04/28/2020 - 11:46:32: [mapchooser4.amxx] xvars for mapchooser 4 setuped.
L 04/28/2020 - 12:40:16: -------- Mapchange to de_dust2_2x2 --------
L 04/28/2020 - 12:40:16: [mapchooser4.amxx] Found 51 maps in maps folder
L 04/28/2020 - 12:40:23: [mapchooser4.amxx] xvars for mapchooser 4 setuped.
L 04/28/2020 - 13:38:22: [mapchooser4.amxx] Vote: Voting for the nextmap started
L 04/28/2020 - 13:38:32: [mapchooser4.amxx] Vote: Voting for the nextmap finished. The nextmap will be de_inferno_2x2
L 04/28/2020 - 13:40:41: -------- Mapchange to de_inferno_2x2 --------
L 04/28/2020 - 13:40:41: [mapchooser4.amxx] Found 51 maps in maps folder
L 04/28/2020 - 13:40:48: [mapchooser4.amxx] xvars for mapchooser 4 setuped.
L 04/28/2020 - 14:38:32: [mapchooser4.amxx] Vote: Voting for the nextmap started
L 04/28/2020 - 14:38:42: [mapchooser4.amxx] Vote: Voting for the nextmap finished. The nextmap will be de_sniper
L 04/28/2020 - 14:41:06: -------- Mapchange to de_sniper --------
L 04/28/2020 - 14:41:07: [mapchooser4.amxx] Found 51 maps in maps folder
L 04/28/2020 - 14:41:14: [mapchooser4.amxx] xvars for mapchooser 4 setuped.
L 04/28/2020 - 15:38:58: [mapchooser4.amxx] Vote: Voting for the nextmap started
L 04/28/2020 - 15:39:08: [mapchooser4.amxx] Vote: Voting for the nextmap finished. The nextmap will be de_snipe_it5
L 04/28/2020 - 15:41:31: -------- Mapchange to de_snipe_it5 --------
L 04/28/2020 - 15:41:32: [mapchooser4.amxx] Found 51 maps in maps folder
L 04/28/2020 - 15:41:39: [mapchooser4.amxx] xvars for mapchooser 4 setuped.
L 04/28/2020 - 16:39:23: [mapchooser4.amxx] Vote: Voting for the nextmap started
L 04/28/2020 - 16:39:33: [mapchooser4.amxx] Vote: Voting for the nextmap finished. The nextmap will be awp_india
L 04/28/2020 - 16:41:57: -------- Mapchange to awp_india --------
L 04/28/2020 - 16:41:57: [mapchooser4.amxx] Found 51 maps in maps folder
L 04/28/2020 - 16:42:05: [mapchooser4.amxx] xvars for mapchooser 4 setuped.
L 04/28/2020 - 17:39:49: [mapchooser4.amxx] Vote: Voting for the nextmap started
L 04/28/2020 - 17:39:59: [mapchooser4.amxx] Vote: Voting for the nextmap finished. The nextmap will be cs_discounter
L 04/28/2020 - 17:42:23: -------- Mapchange to cs_discounter --------
L 04/28/2020 - 17:42:23: [mapchooser4.amxx] Found 51 maps in maps folder
L 04/28/2020 - 17:42:30: [mapchooser4.amxx] xvars for mapchooser 4 setuped.
L 04/28/2020 - 18:40:14: [mapchooser4.amxx] Vote: Voting for the nextmap started
L 04/28/2020 - 18:40:24: [mapchooser4.amxx] Vote: Voting for the nextmap finished. The nextmap will be cs_rats2
L 04/28/2020 - 18:42:48: -------- Mapchange to cs_rats2 --------
L 04/28/2020 - 18:42:49: [mapchooser4.amxx] Found 51 maps in maps folder
L 04/28/2020 - 18:42:57: [mapchooser4.amxx] xvars for mapchooser 4 setuped.
L 04/28/2020 - 19:40:41: [mapchooser4.amxx] Vote: Voting for the nextmap started
L 04/28/2020 - 19:40:51: [mapchooser4.amxx] Vote: Voting for the nextmap finished. The nextmap will be de_rats
L 04/28/2020 - 19:43:14: -------- Mapchange to de_rats --------
L 04/28/2020 - 19:43:15: [mapchooser4.amxx] Found 51 maps in maps folder
L 04/28/2020 - 19:43:22: [mapchooser4.amxx] xvars for mapchooser 4 setuped.
L 04/28/2020 - 20:21:50: -------- Mapchange to de_dust2_2x2 --------
L 04/28/2020 - 20:21:51: [mapchooser4.amxx] Found 51 maps in maps folder
L 04/28/2020 - 20:21:58: [mapchooser4.amxx] xvars for mapchooser 4 setuped.
L 04/28/2020 - 20:46:55: [admin.amxx] Login: "GUSINBERG<256><STEAM_0:1:55760822><>" became an admin (account "STEAM_0:1:55760822") (access "cdefjuz") (address "94.25.173.225")
L 04/28/2020 - 20:47:39: -------- Mapchange to de_dust2 --------
L 04/28/2020 - 20:47:39: [mapchooser4.amxx] Found 51 maps in maps folder
L 04/28/2020 - 20:47:39: [admin.amxx] Login: "GUSINBERG<256><STEAM_0:1:55760822><>" became an admin (account "STEAM_0:1:55760822") (access "cdefjuz") (address "94.25.173.225")
L 04/28/2020 - 20:47:46: [mapchooser4.amxx] xvars for mapchooser 4 setuped.
L 04/28/2020 - 21:18:06: -------- Mapchange to de_inferno --------
L 04/28/2020 - 21:18:06: [mapchooser4.amxx] Found 51 maps in maps folder
L 04/28/2020 - 21:18:06: [admin.amxx] Login: "GUSINBERG<256><STEAM_0:1:55760822><>" became an admin (account "STEAM_0:1:55760822") (access "cdefjuz") (address "94.25.173.225")
L 04/28/2020 - 21:18:13: [mapchooser4.amxx] xvars for mapchooser 4 setuped.
L 04/28/2020 - 21:21:13: [admin.amxx] Login: "GUSINBERG<266><STEAM_0:1:55760822><>" became an admin (account "STEAM_0:1:55760822") (access "cdefjuz") (address "81.200.27.239")
L 04/28/2020 - 21:50:58: -------- Mapchange to de_mirage --------
L 04/28/2020 - 21:50:58: [mapchooser4.amxx] Found 51 maps in maps folder
L 04/28/2020 - 21:50:59: [admin.amxx] Login: "GUSINBERG<266><STEAM_0:1:55760822><>" became an admin (account "STEAM_0:1:55760822") (access "cdefjuz") (address "81.200.27.239")
L 04/28/2020 - 21:50:59: [admin.amxx] Login: "GUSINBERG<266><STEAM_0:1:55760822><>" became an admin (account "STEAM_0:1:55760822") (access "cdefjuz") (address "81.200.27.239")
L 04/28/2020 - 21:50:59: [admin.amxx] Login: "GUSINBERG<272><STEAM_0:1:55760822><>" became an admin (account "STEAM_0:1:55760822") (access "cdefjuz") (address "81.200.27.239")
L 04/28/2020 - 21:51:06: [mapchooser4.amxx] xvars for mapchooser 4 setuped.
L 04/28/2020 - 22:14:05: [admin.amxx] Login: "Diablo<279><STEAM_0:1:21335723><>" became an admin (account "STEAM_0:1:21335723") (access "abcdefghijklmnopqrstu") (address "176.99.162.171")
L 04/28/2020 - 22:49:05: [mapchooser4.amxx] Vote: Voting for the nextmap started
L 04/28/2020 - 22:49:15: [mapchooser4.amxx] Vote: Voting for the nextmap finished. The nextmap will be de_cpl_mill
L 04/28/2020 - 22:51:21: -------- Mapchange to de_cpl_mill --------
L 04/28/2020 - 22:51:22: [mapchooser4.amxx] Found 51 maps in maps folder
L 04/28/2020 - 22:51:29: [mapchooser4.amxx] xvars for mapchooser 4 setuped.
L 04/28/2020 - 23:49:13: [mapchooser4.amxx] Vote: Voting for the nextmap started
L 04/28/2020 - 23:49:23: [mapchooser4.amxx] Vote: Voting for the nextmap finished. The nextmap will be de_dust
L 04/28/2020 - 23:51:45: -------- Mapchange to de_dust --------
L 04/28/2020 - 23:51:46: [mapchooser4.amxx] Found 51 maps in maps folder
L 04/28/2020 - 23:51:53: [mapchooser4.amxx] xvars for mapchooser 4 setuped.
