L 06/21/2020 - 00:00:12: [killlog.amxx] [VALET]:  round end [T] score: 13 [CT] score: 6!
L 06/21/2020 - 00:00:20: [killlog.amxx] [VALET]:  round start [T] score: 14 [CT] score: 6!
L 06/21/2020 - 00:02:05: [killlog.amxx] [VALET]:  round end [T] score: 14 [CT] score: 6!
L 06/21/2020 - 00:02:13: [killlog.amxx] [VALET]:  round start [T] score: 15 [CT] score: 6!
L 06/21/2020 - 00:02:23: [mapchooser4.amxx] Vote: Voting for the nextmap started
L 06/21/2020 - 00:02:33: [mapchooser4.amxx] Vote: Voting for the nextmap finished. The nextmap will be de_dust2_2x2
L 06/21/2020 - 00:03:58: [killlog.amxx] [VALET]:  round end [T] score: 15 [CT] score: 6!
L 06/21/2020 - 00:04:13: -------- Mapchange to de_dust2_2x2 --------
L 06/21/2020 - 00:04:13: [mapchooser4.amxx] Found 51 maps in maps folder
L 06/21/2020 - 00:04:18: [killlog.amxx] [VALET]:  round start [T] score: 0 [CT] score: 0!
L 06/21/2020 - 00:04:21: [mapchooser4.amxx] xvars for mapchooser 4 setuped.
L 06/21/2020 - 00:06:03: [killlog.amxx] [VALET]:  round end [T] score: 0 [CT] score: 0!
L 06/21/2020 - 00:06:11: [killlog.amxx] [VALET]:  round start [T] score: 0 [CT] score: 1!
L 06/21/2020 - 00:07:56: [killlog.amxx] [VALET]:  round end [T] score: 0 [CT] score: 1!
L 06/21/2020 - 00:08:04: [killlog.amxx] [VALET]:  round start [T] score: 0 [CT] score: 2!
L 06/21/2020 - 00:09:49: [killlog.amxx] [VALET]:  round end [T] score: 0 [CT] score: 2!
L 06/21/2020 - 00:09:57: [killlog.amxx] [VALET]:  round start [T] score: 0 [CT] score: 3!
L 06/21/2020 - 00:11:42: [killlog.amxx] [VALET]:  round end [T] score: 0 [CT] score: 3!
L 06/21/2020 - 00:11:50: [killlog.amxx] [VALET]:  round start [T] score: 0 [CT] score: 4!
L 06/21/2020 - 00:13:35: [killlog.amxx] [VALET]:  round end [T] score: 0 [CT] score: 4!
L 06/21/2020 - 00:13:43: [killlog.amxx] [VALET]:  round start [T] score: 0 [CT] score: 5!
L 06/21/2020 - 00:15:28: [killlog.amxx] [VALET]:  round end [T] score: 0 [CT] score: 5!
L 06/21/2020 - 00:15:36: [killlog.amxx] [VALET]:  round start [T] score: 0 [CT] score: 6!
L 06/21/2020 - 00:17:21: [killlog.amxx] [VALET]:  round end [T] score: 0 [CT] score: 6!
L 06/21/2020 - 00:17:29: [killlog.amxx] [VALET]:  round start [T] score: 0 [CT] score: 7!
L 06/21/2020 - 00:19:14: [killlog.amxx] [VALET]:  round end [T] score: 0 [CT] score: 7!
L 06/21/2020 - 00:19:22: [killlog.amxx] [VALET]:  round start [T] score: 0 [CT] score: 8!
L 06/21/2020 - 00:21:07: [killlog.amxx] [VALET]:  round end [T] score: 0 [CT] score: 8!
L 06/21/2020 - 00:21:15: [killlog.amxx] [VALET]:  round start [T] score: 0 [CT] score: 9!
L 06/21/2020 - 00:23:00: [killlog.amxx] [VALET]:  round end [T] score: 0 [CT] score: 9!
L 06/21/2020 - 00:23:08: [killlog.amxx] [VALET]:  round start [T] score: 0 [CT] score: 10!
L 06/21/2020 - 00:24:53: [killlog.amxx] [VALET]:  round end [T] score: 0 [CT] score: 10!
L 06/21/2020 - 00:25:01: [killlog.amxx] [VALET]:  round start [T] score: 0 [CT] score: 11!
L 06/21/2020 - 00:26:46: [killlog.amxx] [VALET]:  round end [T] score: 0 [CT] score: 11!
L 06/21/2020 - 00:26:54: [killlog.amxx] [VALET]:  round start [T] score: 0 [CT] score: 12!
L 06/21/2020 - 00:28:39: [killlog.amxx] [VALET]:  round end [T] score: 0 [CT] score: 12!
L 06/21/2020 - 00:28:47: [killlog.amxx] [VALET]:  round start [T] score: 0 [CT] score: 13!
L 06/21/2020 - 00:30:32: [killlog.amxx] [VALET]:  round end [T] score: 0 [CT] score: 13!
L 06/21/2020 - 00:30:40: [killlog.amxx] [VALET]:  round start [T] score: 0 [CT] score: 14!
L 06/21/2020 - 00:32:25: [killlog.amxx] [VALET]:  round end [T] score: 0 [CT] score: 14!
L 06/21/2020 - 00:32:33: [killlog.amxx] [VALET]:  round start [T] score: 0 [CT] score: 15!
L 06/21/2020 - 00:34:18: [killlog.amxx] [VALET]:  round end [T] score: 0 [CT] score: 15!
L 06/21/2020 - 00:34:26: [killlog.amxx] [VALET]:  round start [T] score: 0 [CT] score: 16!
L 06/21/2020 - 00:36:11: [killlog.amxx] [VALET]:  round end [T] score: 0 [CT] score: 16!
L 06/21/2020 - 00:36:19: [killlog.amxx] [VALET]:  round start [T] score: 0 [CT] score: 17!
L 06/21/2020 - 00:38:04: [killlog.amxx] [VALET]:  round end [T] score: 0 [CT] score: 17!
L 06/21/2020 - 00:38:12: [killlog.amxx] [VALET]:  round start [T] score: 0 [CT] score: 18!
L 06/21/2020 - 00:39:57: [killlog.amxx] [VALET]:  round end [T] score: 0 [CT] score: 18!
L 06/21/2020 - 00:40:05: [killlog.amxx] [VALET]:  round start [T] score: 0 [CT] score: 19!
L 06/21/2020 - 00:41:50: [killlog.amxx] [VALET]:  round end [T] score: 0 [CT] score: 19!
L 06/21/2020 - 00:41:58: [killlog.amxx] [VALET]:  round start [T] score: 0 [CT] score: 20!
L 06/21/2020 - 00:43:43: [killlog.amxx] [VALET]:  round end [T] score: 0 [CT] score: 20!
L 06/21/2020 - 00:43:51: [killlog.amxx] [VALET]:  round start [T] score: 0 [CT] score: 21!
L 06/21/2020 - 00:44:05: [mapchooser4.amxx] Vote: Voting for the nextmap started
L 06/21/2020 - 00:44:15: [mapchooser4.amxx] Vote: Voting for the nextmap finished. The nextmap will be de_inferno_2x2
L 06/21/2020 - 00:45:36: [killlog.amxx] [VALET]:  round end [T] score: 0 [CT] score: 21!
L 06/21/2020 - 00:45:44: [killlog.amxx] [VALET]:  round start [T] score: 0 [CT] score: 22!
L 06/21/2020 - 00:47:29: [killlog.amxx] [VALET]:  round end [T] score: 0 [CT] score: 22!
L 06/21/2020 - 00:47:44: -------- Mapchange to de_inferno_2x2 --------
L 06/21/2020 - 00:47:44: [mapchooser4.amxx] Found 51 maps in maps folder
L 06/21/2020 - 00:47:48: [killlog.amxx] [VALET]:  round start [T] score: 0 [CT] score: 0!
L 06/21/2020 - 00:47:51: [mapchooser4.amxx] xvars for mapchooser 4 setuped.
L 06/21/2020 - 00:49:33: [killlog.amxx] [VALET]:  round end [T] score: 0 [CT] score: 0!
L 06/21/2020 - 00:49:41: [killlog.amxx] [VALET]:  round start [T] score: 0 [CT] score: 1!
L 06/21/2020 - 00:51:26: [killlog.amxx] [VALET]:  round end [T] score: 0 [CT] score: 1!
L 06/21/2020 - 00:51:34: [killlog.amxx] [VALET]:  round start [T] score: 0 [CT] score: 2!
L 06/21/2020 - 00:53:19: [killlog.amxx] [VALET]:  round end [T] score: 0 [CT] score: 2!
L 06/21/2020 - 00:53:27: [killlog.amxx] [VALET]:  round start [T] score: 0 [CT] score: 3!
L 06/21/2020 - 00:55:12: [killlog.amxx] [VALET]:  round end [T] score: 0 [CT] score: 3!
L 06/21/2020 - 00:55:20: [killlog.amxx] [VALET]:  round start [T] score: 0 [CT] score: 4!
L 06/21/2020 - 00:57:05: [killlog.amxx] [VALET]:  round end [T] score: 0 [CT] score: 4!
L 06/21/2020 - 00:57:13: [killlog.amxx] [VALET]:  round start [T] score: 0 [CT] score: 5!
L 06/21/2020 - 00:58:58: [killlog.amxx] [VALET]:  round end [T] score: 0 [CT] score: 5!
L 06/21/2020 - 00:59:06: [killlog.amxx] [VALET]:  round start [T] score: 0 [CT] score: 6!
L 06/21/2020 - 01:00:51: [killlog.amxx] [VALET]:  round end [T] score: 0 [CT] score: 6!
L 06/21/2020 - 01:00:59: [killlog.amxx] [VALET]:  round start [T] score: 0 [CT] score: 7!
L 06/21/2020 - 01:02:44: [killlog.amxx] [VALET]:  round end [T] score: 0 [CT] score: 7!
L 06/21/2020 - 01:02:52: [killlog.amxx] [VALET]:  round start [T] score: 0 [CT] score: 8!
L 06/21/2020 - 01:04:37: [killlog.amxx] [VALET]:  round end [T] score: 0 [CT] score: 8!
L 06/21/2020 - 01:04:45: [killlog.amxx] [VALET]:  round start [T] score: 0 [CT] score: 9!
L 06/21/2020 - 01:06:30: [killlog.amxx] [VALET]:  round end [T] score: 0 [CT] score: 9!
L 06/21/2020 - 01:06:38: [killlog.amxx] [VALET]:  round start [T] score: 0 [CT] score: 10!
L 06/21/2020 - 01:08:23: [killlog.amxx] [VALET]:  round end [T] score: 0 [CT] score: 10!
L 06/21/2020 - 01:08:31: [killlog.amxx] [VALET]:  round start [T] score: 0 [CT] score: 11!
L 06/21/2020 - 01:10:16: [killlog.amxx] [VALET]:  round end [T] score: 0 [CT] score: 11!
L 06/21/2020 - 01:10:24: [killlog.amxx] [VALET]:  round start [T] score: 0 [CT] score: 12!
L 06/21/2020 - 01:12:09: [killlog.amxx] [VALET]:  round end [T] score: 0 [CT] score: 12!
L 06/21/2020 - 01:12:17: [killlog.amxx] [VALET]:  round start [T] score: 0 [CT] score: 13!
L 06/21/2020 - 01:14:02: [killlog.amxx] [VALET]:  round end [T] score: 0 [CT] score: 13!
L 06/21/2020 - 01:14:10: [killlog.amxx] [VALET]:  round start [T] score: 0 [CT] score: 14!
L 06/21/2020 - 01:15:55: [killlog.amxx] [VALET]:  round end [T] score: 0 [CT] score: 14!
L 06/21/2020 - 01:16:03: [killlog.amxx] [VALET]:  round start [T] score: 0 [CT] score: 15!
L 06/21/2020 - 01:17:48: [killlog.amxx] [VALET]:  round end [T] score: 0 [CT] score: 15!
L 06/21/2020 - 01:17:56: [killlog.amxx] [VALET]:  round start [T] score: 0 [CT] score: 16!
L 06/21/2020 - 01:19:41: [killlog.amxx] [VALET]:  round end [T] score: 0 [CT] score: 16!
L 06/21/2020 - 01:19:49: [killlog.amxx] [VALET]:  round start [T] score: 0 [CT] score: 17!
L 06/21/2020 - 01:21:34: [killlog.amxx] [VALET]:  round end [T] score: 0 [CT] score: 17!
L 06/21/2020 - 01:21:42: [killlog.amxx] [VALET]:  round start [T] score: 0 [CT] score: 18!
L 06/21/2020 - 01:23:27: [killlog.amxx] [VALET]:  round end [T] score: 0 [CT] score: 18!
L 06/21/2020 - 01:23:35: [killlog.amxx] [VALET]:  round start [T] score: 0 [CT] score: 19!
L 06/21/2020 - 01:25:20: [killlog.amxx] [VALET]:  round end [T] score: 0 [CT] score: 19!
L 06/21/2020 - 01:25:28: [killlog.amxx] [VALET]:  round start [T] score: 0 [CT] score: 20!
L 06/21/2020 - 01:27:13: [killlog.amxx] [VALET]:  round end [T] score: 0 [CT] score: 20!
L 06/21/2020 - 01:27:21: [killlog.amxx] [VALET]:  round start [T] score: 0 [CT] score: 21!
L 06/21/2020 - 01:27:35: [mapchooser4.amxx] Vote: Voting for the nextmap started
L 06/21/2020 - 01:27:45: [mapchooser4.amxx] Vote: Voting for the nextmap finished. The nextmap will be de_sniper
L 06/21/2020 - 01:29:06: [killlog.amxx] [VALET]:  round end [T] score: 0 [CT] score: 21!
L 06/21/2020 - 01:29:14: [killlog.amxx] [VALET]:  round start [T] score: 0 [CT] score: 22!
L 06/21/2020 - 01:30:59: [killlog.amxx] [VALET]:  round end [T] score: 0 [CT] score: 22!
L 06/21/2020 - 01:31:15: -------- Mapchange to de_sniper --------
L 06/21/2020 - 01:31:15: [mapchooser4.amxx] Found 51 maps in maps folder
L 06/21/2020 - 01:31:19: [killlog.amxx] [VALET]:  round start [T] score: 0 [CT] score: 0!
L 06/21/2020 - 01:31:22: [mapchooser4.amxx] xvars for mapchooser 4 setuped.
L 06/21/2020 - 01:33:04: [killlog.amxx] [VALET]:  round end [T] score: 0 [CT] score: 0!
L 06/21/2020 - 01:33:12: [killlog.amxx] [VALET]:  round start [T] score: 0 [CT] score: 1!
L 06/21/2020 - 01:34:57: [killlog.amxx] [VALET]:  round end [T] score: 0 [CT] score: 1!
L 06/21/2020 - 01:35:05: [killlog.amxx] [VALET]:  round start [T] score: 0 [CT] score: 2!
L 06/21/2020 - 01:36:50: [killlog.amxx] [VALET]:  round end [T] score: 0 [CT] score: 2!
L 06/21/2020 - 01:36:58: [killlog.amxx] [VALET]:  round start [T] score: 0 [CT] score: 3!
L 06/21/2020 - 01:38:43: [killlog.amxx] [VALET]:  round end [T] score: 0 [CT] score: 3!
L 06/21/2020 - 01:38:51: [killlog.amxx] [VALET]:  round start [T] score: 0 [CT] score: 4!
L 06/21/2020 - 01:40:36: [killlog.amxx] [VALET]:  round end [T] score: 0 [CT] score: 4!
L 06/21/2020 - 01:40:44: [killlog.amxx] [VALET]:  round start [T] score: 0 [CT] score: 5!
L 06/21/2020 - 01:42:29: [killlog.amxx] [VALET]:  round end [T] score: 0 [CT] score: 5!
L 06/21/2020 - 01:42:37: [killlog.amxx] [VALET]:  round start [T] score: 0 [CT] score: 6!
L 06/21/2020 - 01:44:22: [killlog.amxx] [VALET]:  round end [T] score: 0 [CT] score: 6!
L 06/21/2020 - 01:44:30: [killlog.amxx] [VALET]:  round start [T] score: 0 [CT] score: 7!
L 06/21/2020 - 01:46:15: [killlog.amxx] [VALET]:  round end [T] score: 0 [CT] score: 7!
L 06/21/2020 - 01:46:23: [killlog.amxx] [VALET]:  round start [T] score: 0 [CT] score: 8!
L 06/21/2020 - 01:48:08: [killlog.amxx] [VALET]:  round end [T] score: 0 [CT] score: 8!
L 06/21/2020 - 01:48:16: [killlog.amxx] [VALET]:  round start [T] score: 0 [CT] score: 9!
L 06/21/2020 - 01:50:01: [killlog.amxx] [VALET]:  round end [T] score: 0 [CT] score: 9!
L 06/21/2020 - 01:50:09: [killlog.amxx] [VALET]:  round start [T] score: 0 [CT] score: 10!
L 06/21/2020 - 01:51:54: [killlog.amxx] [VALET]:  round end [T] score: 0 [CT] score: 10!
L 06/21/2020 - 01:52:02: [killlog.amxx] [VALET]:  round start [T] score: 0 [CT] score: 11!
L 06/21/2020 - 01:53:47: [killlog.amxx] [VALET]:  round end [T] score: 0 [CT] score: 11!
L 06/21/2020 - 01:53:55: [killlog.amxx] [VALET]:  round start [T] score: 0 [CT] score: 12!
L 06/21/2020 - 01:55:40: [killlog.amxx] [VALET]:  round end [T] score: 0 [CT] score: 12!
L 06/21/2020 - 01:55:48: [killlog.amxx] [VALET]:  round start [T] score: 0 [CT] score: 13!
L 06/21/2020 - 01:57:33: [killlog.amxx] [VALET]:  round end [T] score: 0 [CT] score: 13!
L 06/21/2020 - 01:57:41: [killlog.amxx] [VALET]:  round start [T] score: 0 [CT] score: 14!
L 06/21/2020 - 01:59:26: [killlog.amxx] [VALET]:  round end [T] score: 0 [CT] score: 14!
L 06/21/2020 - 01:59:34: [killlog.amxx] [VALET]:  round start [T] score: 0 [CT] score: 15!
L 06/21/2020 - 02:01:19: [killlog.amxx] [VALET]:  round end [T] score: 0 [CT] score: 15!
L 06/21/2020 - 02:01:27: [killlog.amxx] [VALET]:  round start [T] score: 0 [CT] score: 16!
L 06/21/2020 - 02:03:12: [killlog.amxx] [VALET]:  round end [T] score: 0 [CT] score: 16!
L 06/21/2020 - 02:03:20: [killlog.amxx] [VALET]:  round start [T] score: 0 [CT] score: 17!
L 06/21/2020 - 02:05:05: [killlog.amxx] [VALET]:  round end [T] score: 0 [CT] score: 17!
L 06/21/2020 - 02:05:13: [killlog.amxx] [VALET]:  round start [T] score: 0 [CT] score: 18!
L 06/21/2020 - 02:06:58: [killlog.amxx] [VALET]:  round end [T] score: 0 [CT] score: 18!
L 06/21/2020 - 02:07:06: [killlog.amxx] [VALET]:  round start [T] score: 0 [CT] score: 19!
L 06/21/2020 - 02:08:51: [killlog.amxx] [VALET]:  round end [T] score: 0 [CT] score: 19!
L 06/21/2020 - 02:08:59: [killlog.amxx] [VALET]:  round start [T] score: 0 [CT] score: 20!
L 06/21/2020 - 02:10:44: [killlog.amxx] [VALET]:  round end [T] score: 0 [CT] score: 20!
L 06/21/2020 - 02:10:52: [killlog.amxx] [VALET]:  round start [T] score: 0 [CT] score: 21!
L 06/21/2020 - 02:11:06: [mapchooser4.amxx] Vote: Voting for the nextmap started
L 06/21/2020 - 02:11:16: [mapchooser4.amxx] Vote: Voting for the nextmap finished. The nextmap will be de_snipe_it5
L 06/21/2020 - 02:12:37: [killlog.amxx] [VALET]:  round end [T] score: 0 [CT] score: 21!
L 06/21/2020 - 02:12:45: [killlog.amxx] [VALET]:  round start [T] score: 0 [CT] score: 22!
L 06/21/2020 - 02:14:30: [killlog.amxx] [VALET]:  round end [T] score: 0 [CT] score: 22!
L 06/21/2020 - 02:14:45: -------- Mapchange to de_snipe_it5 --------
L 06/21/2020 - 02:14:46: [mapchooser4.amxx] Found 51 maps in maps folder
L 06/21/2020 - 02:14:50: [killlog.amxx] [VALET]:  round start [T] score: 0 [CT] score: 0!
L 06/21/2020 - 02:14:53: [mapchooser4.amxx] xvars for mapchooser 4 setuped.
L 06/21/2020 - 02:16:35: [killlog.amxx] [VALET]:  round end [T] score: 0 [CT] score: 0!
L 06/21/2020 - 02:16:43: [killlog.amxx] [VALET]:  round start [T] score: 0 [CT] score: 1!
L 06/21/2020 - 02:18:28: [killlog.amxx] [VALET]:  round end [T] score: 0 [CT] score: 1!
L 06/21/2020 - 02:18:36: [killlog.amxx] [VALET]:  round start [T] score: 0 [CT] score: 2!
L 06/21/2020 - 02:20:21: [killlog.amxx] [VALET]:  round end [T] score: 0 [CT] score: 2!
L 06/21/2020 - 02:20:29: [killlog.amxx] [VALET]:  round start [T] score: 0 [CT] score: 3!
L 06/21/2020 - 02:22:14: [killlog.amxx] [VALET]:  round end [T] score: 0 [CT] score: 3!
L 06/21/2020 - 02:22:22: [killlog.amxx] [VALET]:  round start [T] score: 0 [CT] score: 4!
L 06/21/2020 - 02:24:07: [killlog.amxx] [VALET]:  round end [T] score: 0 [CT] score: 4!
L 06/21/2020 - 02:24:15: [killlog.amxx] [VALET]:  round start [T] score: 0 [CT] score: 5!
L 06/21/2020 - 02:26:00: [killlog.amxx] [VALET]:  round end [T] score: 0 [CT] score: 5!
L 06/21/2020 - 02:26:08: [killlog.amxx] [VALET]:  round start [T] score: 0 [CT] score: 6!
L 06/21/2020 - 02:27:53: [killlog.amxx] [VALET]:  round end [T] score: 0 [CT] score: 6!
L 06/21/2020 - 02:28:01: [killlog.amxx] [VALET]:  round start [T] score: 0 [CT] score: 7!
L 06/21/2020 - 02:29:46: [killlog.amxx] [VALET]:  round end [T] score: 0 [CT] score: 7!
L 06/21/2020 - 02:29:54: [killlog.amxx] [VALET]:  round start [T] score: 0 [CT] score: 8!
L 06/21/2020 - 02:31:39: [killlog.amxx] [VALET]:  round end [T] score: 0 [CT] score: 8!
L 06/21/2020 - 02:31:47: [killlog.amxx] [VALET]:  round start [T] score: 0 [CT] score: 9!
L 06/21/2020 - 02:33:32: [killlog.amxx] [VALET]:  round end [T] score: 0 [CT] score: 9!
L 06/21/2020 - 02:33:40: [killlog.amxx] [VALET]:  round start [T] score: 0 [CT] score: 10!
L 06/21/2020 - 02:35:25: [killlog.amxx] [VALET]:  round end [T] score: 0 [CT] score: 10!
L 06/21/2020 - 02:35:33: [killlog.amxx] [VALET]:  round start [T] score: 0 [CT] score: 11!
L 06/21/2020 - 02:37:18: [killlog.amxx] [VALET]:  round end [T] score: 0 [CT] score: 11!
L 06/21/2020 - 02:37:26: [killlog.amxx] [VALET]:  round start [T] score: 0 [CT] score: 12!
L 06/21/2020 - 02:39:11: [killlog.amxx] [VALET]:  round end [T] score: 0 [CT] score: 12!
L 06/21/2020 - 02:39:19: [killlog.amxx] [VALET]:  round start [T] score: 0 [CT] score: 13!
L 06/21/2020 - 02:41:04: [killlog.amxx] [VALET]:  round end [T] score: 0 [CT] score: 13!
L 06/21/2020 - 02:41:12: [killlog.amxx] [VALET]:  round start [T] score: 0 [CT] score: 14!
L 06/21/2020 - 02:42:57: [killlog.amxx] [VALET]:  round end [T] score: 0 [CT] score: 14!
L 06/21/2020 - 02:43:05: [killlog.amxx] [VALET]:  round start [T] score: 0 [CT] score: 15!
L 06/21/2020 - 02:44:50: [killlog.amxx] [VALET]:  round end [T] score: 0 [CT] score: 15!
L 06/21/2020 - 02:44:58: [killlog.amxx] [VALET]:  round start [T] score: 0 [CT] score: 16!
L 06/21/2020 - 02:46:43: [killlog.amxx] [VALET]:  round end [T] score: 0 [CT] score: 16!
L 06/21/2020 - 02:46:51: [killlog.amxx] [VALET]:  round start [T] score: 0 [CT] score: 17!
L 06/21/2020 - 02:48:36: [killlog.amxx] [VALET]:  round end [T] score: 0 [CT] score: 17!
L 06/21/2020 - 02:48:44: [killlog.amxx] [VALET]:  round start [T] score: 0 [CT] score: 18!
L 06/21/2020 - 02:50:29: [killlog.amxx] [VALET]:  round end [T] score: 0 [CT] score: 18!
L 06/21/2020 - 02:50:37: [killlog.amxx] [VALET]:  round start [T] score: 0 [CT] score: 19!
L 06/21/2020 - 02:52:22: [killlog.amxx] [VALET]:  round end [T] score: 0 [CT] score: 19!
L 06/21/2020 - 02:52:30: [killlog.amxx] [VALET]:  round start [T] score: 0 [CT] score: 20!
L 06/21/2020 - 02:54:15: [killlog.amxx] [VALET]:  round end [T] score: 0 [CT] score: 20!
L 06/21/2020 - 02:54:23: [killlog.amxx] [VALET]:  round start [T] score: 0 [CT] score: 21!
L 06/21/2020 - 02:54:37: [mapchooser4.amxx] Vote: Voting for the nextmap started
L 06/21/2020 - 02:54:47: [mapchooser4.amxx] Vote: Voting for the nextmap finished. The nextmap will be awp_india
L 06/21/2020 - 02:56:08: [killlog.amxx] [VALET]:  round end [T] score: 0 [CT] score: 21!
L 06/21/2020 - 02:56:16: [killlog.amxx] [VALET]:  round start [T] score: 0 [CT] score: 22!
L 06/21/2020 - 02:58:01: [killlog.amxx] [VALET]:  round end [T] score: 0 [CT] score: 22!
L 06/21/2020 - 02:58:16: -------- Mapchange to awp_india --------
L 06/21/2020 - 02:58:16: [mapchooser4.amxx] Found 51 maps in maps folder
L 06/21/2020 - 02:58:20: [killlog.amxx] [VALET]:  round start [T] score: 0 [CT] score: 0!
L 06/21/2020 - 02:58:23: [mapchooser4.amxx] xvars for mapchooser 4 setuped.
L 06/21/2020 - 22:48:28: [killlog.amxx] [VALET]: STEAM_0:0:519481581 joined [CT]!
L 06/21/2020 - 22:48:28: [killlog.amxx] [VALET]: STEAM_0:0:519481581 joined [CT]!
L 06/21/2020 - 22:51:45: [killlog.amxx] [VALET]: STEAM_0:0:947796992 joined [T]!
L 06/21/2020 - 22:51:49: [killlog.amxx] [VALET]: STEAM_0:0:947796992 joined [T]!
L 06/21/2020 - 22:51:49: [killlog.amxx] [VALET]:  round end [T] score: 0 [CT] score: 0!
L 06/21/2020 - 22:51:52: [killlog.amxx] [VALET]: STEAM_0:0:519481581 joined [CT]!
L 06/21/2020 - 22:51:52: [killlog.amxx] [VALET]: STEAM_0:0:947796992 joined [T]!
L 06/21/2020 - 22:51:55: [killlog.amxx] [VALET]:  round start [T] score: 0 [CT] score: 0!
L 06/21/2020 - 22:52:12: [killlog.amxx] [VALET]: [T]|STEAM_0:0:947796992 killed [T]|STEAM_0:0:519481581 using awp!
L 06/21/2020 - 22:52:12: [killlog.amxx] [VALET]:  round end [T] score: 1 [CT] score: 0!
L 06/21/2020 - 22:52:17: [killlog.amxx] [VALET]: STEAM_0:0:519481581 joined [CT]!
L 06/21/2020 - 22:52:17: [killlog.amxx] [VALET]: STEAM_0:0:947796992 joined [T]!
L 06/21/2020 - 22:52:20: [killlog.amxx] [VALET]:  round start [T] score: 1 [CT] score: 0!
L 06/21/2020 - 22:52:34: [killlog.amxx] [VALET]: [T]|STEAM_0:0:947796992 killed [T]|STEAM_0:0:519481581 using awp!
L 06/21/2020 - 22:52:34: [killlog.amxx] [VALET]:  round end [T] score: 2 [CT] score: 0!
L 06/21/2020 - 22:52:39: [killlog.amxx] [VALET]: STEAM_0:0:519481581 joined [CT]!
L 06/21/2020 - 22:52:39: [killlog.amxx] [VALET]: STEAM_0:0:947796992 joined [T]!
L 06/21/2020 - 22:52:42: [killlog.amxx] [VALET]:  round start [T] score: 2 [CT] score: 0!
L 06/21/2020 - 22:53:35: [killlog.amxx] [VALET]: [T]|STEAM_0:0:947796992 killed [T]|STEAM_0:0:519481581 using awp!
L 06/21/2020 - 22:53:35: [killlog.amxx] [VALET]:  round end [T] score: 3 [CT] score: 0!
L 06/21/2020 - 22:53:40: [killlog.amxx] [VALET]: STEAM_0:0:519481581 joined [CT]!
L 06/21/2020 - 22:53:40: [killlog.amxx] [VALET]: STEAM_0:0:947796992 joined [T]!
L 06/21/2020 - 22:53:43: [killlog.amxx] [VALET]:  round start [T] score: 3 [CT] score: 0!
L 06/21/2020 - 22:54:11: [killlog.amxx] [VALET]: [CT]|STEAM_0:0:519481581 killed [CT]|STEAM_0:0:947796992 using awp!
L 06/21/2020 - 22:54:11: [killlog.amxx] [VALET]:  round end [T] score: 3 [CT] score: 1!
L 06/21/2020 - 22:54:16: [killlog.amxx] [VALET]: STEAM_0:0:519481581 joined [CT]!
L 06/21/2020 - 22:54:16: [killlog.amxx] [VALET]: STEAM_0:0:947796992 joined [T]!
L 06/21/2020 - 22:54:19: [killlog.amxx] [VALET]:  round start [T] score: 3 [CT] score: 1!
L 06/21/2020 - 22:54:31: [killlog.amxx] [VALET]: [T]|STEAM_0:0:947796992 killed [T]|STEAM_0:0:519481581 using awp!
L 06/21/2020 - 22:54:31: [killlog.amxx] [VALET]:  round end [T] score: 4 [CT] score: 1!
L 06/21/2020 - 22:54:36: [killlog.amxx] [VALET]: STEAM_0:0:519481581 joined [CT]!
L 06/21/2020 - 22:54:36: [killlog.amxx] [VALET]: STEAM_0:0:947796992 joined [T]!
L 06/21/2020 - 22:54:39: [killlog.amxx] [VALET]:  round start [T] score: 4 [CT] score: 1!
L 06/21/2020 - 22:54:53: [killlog.amxx] [VALET]: [CT]|STEAM_0:0:519481581 killed [CT]|STEAM_0:0:947796992 using awp!
L 06/21/2020 - 22:54:53: [killlog.amxx] [VALET]:  round end [T] score: 4 [CT] score: 2!
L 06/21/2020 - 22:54:58: [killlog.amxx] [VALET]: STEAM_0:0:519481581 joined [CT]!
L 06/21/2020 - 22:54:58: [killlog.amxx] [VALET]: STEAM_0:0:947796992 joined [T]!
L 06/21/2020 - 22:55:01: [killlog.amxx] [VALET]:  round start [T] score: 4 [CT] score: 2!
L 06/21/2020 - 22:55:01: [killlog.amxx] [VALET]: STEAM_0:1:484581202 joined [CT]!
L 06/21/2020 - 22:55:01: [killlog.amxx] [VALET]: STEAM_0:1:484581202 joined [CT]!
L 06/21/2020 - 22:55:10: [killlog.amxx] [VALET]: [T]|STEAM_0:0:947796992 killed [T]|STEAM_0:0:519481581 using awp!
L 06/21/2020 - 22:55:21: [killlog.amxx] [VALET]: [T]|STEAM_0:0:947796992 killed [T]|STEAM_0:1:484581202 using awp!
L 06/21/2020 - 22:55:21: [killlog.amxx] [VALET]:  round end [T] score: 5 [CT] score: 2!
L 06/21/2020 - 22:55:26: [killlog.amxx] [VALET]: STEAM_0:0:519481581 joined [CT]!
L 06/21/2020 - 22:55:26: [killlog.amxx] [VALET]: STEAM_0:1:484581202 joined [CT]!
L 06/21/2020 - 22:55:26: [killlog.amxx] [VALET]: STEAM_0:0:947796992 joined [T]!
L 06/21/2020 - 22:55:29: [killlog.amxx] [VALET]:  round start [T] score: 5 [CT] score: 2!
L 06/21/2020 - 22:55:32: [killlog.amxx] [VALET]: [T]|STEAM_0:0:947796992 killed [T]|STEAM_0:0:519481581 using awp!
L 06/21/2020 - 22:55:49: [killlog.amxx] [VALET]: [T]|STEAM_0:0:947796992 killed [T]|STEAM_0:1:484581202 using awp!
L 06/21/2020 - 22:55:49: [killlog.amxx] [VALET]:  round end [T] score: 6 [CT] score: 2!
L 06/21/2020 - 22:55:54: [killlog.amxx] [VALET]: STEAM_0:0:519481581 joined [CT]!
L 06/21/2020 - 22:55:54: [killlog.amxx] [VALET]: STEAM_0:1:484581202 joined [CT]!
L 06/21/2020 - 22:55:54: [killlog.amxx] [VALET]: STEAM_0:0:947796992 joined [T]!
L 06/21/2020 - 22:55:57: [killlog.amxx] [VALET]:  round start [T] score: 6 [CT] score: 2!
L 06/21/2020 - 22:56:08: [killlog.amxx] [VALET]: [T]|STEAM_0:0:947796992 killed [T]|STEAM_0:0:519481581 using awp!
L 06/21/2020 - 22:56:27: [killlog.amxx] [VALET]: [T]|STEAM_0:0:947796992 killed [T]|STEAM_0:1:484581202 using awp!
L 06/21/2020 - 22:56:27: [killlog.amxx] [VALET]:  round end [T] score: 7 [CT] score: 2!
L 06/21/2020 - 22:56:32: [killlog.amxx] [VALET]: STEAM_0:0:519481581 joined [CT]!
L 06/21/2020 - 22:56:32: [killlog.amxx] [VALET]: STEAM_0:1:484581202 joined [CT]!
L 06/21/2020 - 22:56:32: [killlog.amxx] [VALET]: STEAM_0:0:947796992 joined [T]!
L 06/21/2020 - 22:56:35: [killlog.amxx] [VALET]:  round start [T] score: 7 [CT] score: 2!
L 06/21/2020 - 22:56:37: [killlog.amxx] [VALET]: [CT]|STEAM_0:0:519481581 killed [CT]|STEAM_0:0:947796992 using awp!
L 06/21/2020 - 22:56:37: [killlog.amxx] [VALET]:  round end [T] score: 7 [CT] score: 3!
L 06/21/2020 - 22:56:42: [killlog.amxx] [VALET]: STEAM_0:0:519481581 joined [CT]!
L 06/21/2020 - 22:56:42: [killlog.amxx] [VALET]: STEAM_0:1:484581202 joined [CT]!
L 06/21/2020 - 22:56:42: [killlog.amxx] [VALET]: STEAM_0:0:947796992 joined [T]!
L 06/21/2020 - 22:56:45: [killlog.amxx] [VALET]:  round start [T] score: 7 [CT] score: 3!
L 06/21/2020 - 22:56:46: [killlog.amxx] [VALET]: [CT]|STEAM_0:0:519481581 killed [CT]|STEAM_0:0:947796992 using awp!
L 06/21/2020 - 22:56:46: [killlog.amxx] [VALET]:  round end [T] score: 7 [CT] score: 4!
L 06/21/2020 - 22:56:51: [killlog.amxx] [VALET]: STEAM_0:0:519481581 joined [CT]!
L 06/21/2020 - 22:56:51: [killlog.amxx] [VALET]: STEAM_0:1:484581202 joined [CT]!
L 06/21/2020 - 22:56:51: [killlog.amxx] [VALET]: STEAM_0:0:947796992 joined [T]!
L 06/21/2020 - 22:56:54: [killlog.amxx] [VALET]:  round start [T] score: 7 [CT] score: 4!
L 06/21/2020 - 22:57:03: [killlog.amxx] [VALET]: [T]|STEAM_0:0:947796992 killed [T]|STEAM_0:1:484581202 using awp!
L 06/21/2020 - 22:57:19: [killlog.amxx] [VALET]: [CT]|STEAM_0:0:519481581 killed [CT]|STEAM_0:0:947796992 using awp!
L 06/21/2020 - 22:57:19: [killlog.amxx] [VALET]:  round end [T] score: 7 [CT] score: 5!
L 06/21/2020 - 22:57:24: [killlog.amxx] [VALET]: STEAM_0:0:519481581 joined [CT]!
L 06/21/2020 - 22:57:24: [killlog.amxx] [VALET]: STEAM_0:1:484581202 joined [CT]!
L 06/21/2020 - 22:57:24: [killlog.amxx] [VALET]: STEAM_0:0:947796992 joined [T]!
L 06/21/2020 - 22:57:27: [killlog.amxx] [VALET]:  round start [T] score: 7 [CT] score: 5!
L 06/21/2020 - 22:57:35: [killlog.amxx] [VALET]: [CT]|STEAM_0:1:484581202 killed [CT]|STEAM_0:0:947796992 using awp!
L 06/21/2020 - 22:57:35: [killlog.amxx] [VALET]:  round end [T] score: 7 [CT] score: 6!
L 06/21/2020 - 22:57:40: [killlog.amxx] [VALET]: STEAM_0:0:519481581 joined [CT]!
L 06/21/2020 - 22:57:40: [killlog.amxx] [VALET]: STEAM_0:1:484581202 joined [CT]!
L 06/21/2020 - 22:57:40: [killlog.amxx] [VALET]: STEAM_0:0:947796992 joined [T]!
L 06/21/2020 - 22:57:43: [killlog.amxx] [VALET]:  round start [T] score: 7 [CT] score: 6!
L 06/21/2020 - 22:57:44: [killlog.amxx] [VALET]: STEAM_0:0:519481581 joined [T]!
L 06/21/2020 - 22:57:44: [killlog.amxx] [VALET]: STEAM_0:1:484581202 joined [T]!
L 06/21/2020 - 22:57:44: [killlog.amxx] [VALET]: STEAM_0:0:947796992 joined [CT]!
L 06/21/2020 - 22:57:47: [killlog.amxx] [VALET]:  round start [T] score: 0 [CT] score: 0!
L 06/21/2020 - 22:58:00: [killlog.amxx] [VALET]: [CT]|STEAM_0:0:947796992 killed [CT]|STEAM_0:1:484581202 using awp!
L 06/21/2020 - 22:58:12: [killlog.amxx] [VALET]: [CT]|STEAM_0:0:947796992 killed [CT]|STEAM_0:0:519481581 using awp!
L 06/21/2020 - 22:58:12: [killlog.amxx] [VALET]:  round end [T] score: 0 [CT] score: 1!
L 06/21/2020 - 22:58:17: [killlog.amxx] [VALET]: STEAM_0:0:519481581 joined [T]!
L 06/21/2020 - 22:58:17: [killlog.amxx] [VALET]: STEAM_0:1:484581202 joined [T]!
L 06/21/2020 - 22:58:17: [killlog.amxx] [VALET]: STEAM_0:0:947796992 joined [CT]!
L 06/21/2020 - 22:58:20: [killlog.amxx] [VALET]:  round start [T] score: 0 [CT] score: 1!
L 06/21/2020 - 22:58:22: [killlog.amxx] [VALET]: [T]|STEAM_0:0:519481581 killed [T]|STEAM_0:0:947796992 using awp!
L 06/21/2020 - 22:58:22: [killlog.amxx] [VALET]:  round end [T] score: 1 [CT] score: 1!
L 06/21/2020 - 22:58:27: [killlog.amxx] [VALET]: STEAM_0:0:519481581 joined [T]!
L 06/21/2020 - 22:58:27: [killlog.amxx] [VALET]: STEAM_0:1:484581202 joined [T]!
L 06/21/2020 - 22:58:27: [killlog.amxx] [VALET]: STEAM_0:0:947796992 joined [CT]!
L 06/21/2020 - 22:58:30: [killlog.amxx] [VALET]:  round start [T] score: 1 [CT] score: 1!
L 06/21/2020 - 22:58:40: [killlog.amxx] [VALET]: [CT]|STEAM_0:0:947796992 killed [CT]|STEAM_0:0:519481581 using awp!
L 06/21/2020 - 22:58:49: [killlog.amxx] [VALET]: [CT]|STEAM_0:0:947796992 killed [CT]|STEAM_0:1:484581202 using awp!
L 06/21/2020 - 22:58:49: [killlog.amxx] [VALET]:  round end [T] score: 1 [CT] score: 2!
L 06/21/2020 - 22:58:54: [killlog.amxx] [VALET]: STEAM_0:0:519481581 joined [T]!
L 06/21/2020 - 22:58:54: [killlog.amxx] [VALET]: STEAM_0:1:484581202 joined [T]!
L 06/21/2020 - 22:58:54: [killlog.amxx] [VALET]: STEAM_0:0:947796992 joined [CT]!
L 06/21/2020 - 22:58:57: [killlog.amxx] [VALET]:  round start [T] score: 1 [CT] score: 2!
L 06/21/2020 - 22:59:03: [killlog.amxx] [VALET]: [CT]|STEAM_0:0:947796992 killed [CT]|STEAM_0:1:484581202 using awp!
L 06/21/2020 - 22:59:06: [killlog.amxx] [VALET]: [T]|STEAM_0:0:519481581 killed [T]|STEAM_0:0:947796992 using awp!
L 06/21/2020 - 22:59:06: [killlog.amxx] [VALET]:  round end [T] score: 2 [CT] score: 2!
L 06/21/2020 - 22:59:11: [killlog.amxx] [VALET]: STEAM_0:0:519481581 joined [T]!
L 06/21/2020 - 22:59:11: [killlog.amxx] [VALET]: STEAM_0:1:484581202 joined [T]!
L 06/21/2020 - 22:59:11: [killlog.amxx] [VALET]: STEAM_0:0:947796992 joined [CT]!
L 06/21/2020 - 22:59:14: [killlog.amxx] [VALET]:  round start [T] score: 2 [CT] score: 2!
L 06/21/2020 - 22:59:29: [killlog.amxx] [VALET]: [CT]|STEAM_0:0:947796992 killed [CT]|STEAM_0:1:484581202 using awp!
L 06/21/2020 - 22:59:39: [killlog.amxx] [VALET]: [T]|STEAM_0:0:519481581 killed [T]|STEAM_0:0:947796992 using awp!
L 06/21/2020 - 22:59:39: [killlog.amxx] [VALET]:  round end [T] score: 3 [CT] score: 2!
L 06/21/2020 - 22:59:44: [killlog.amxx] [VALET]: STEAM_0:0:519481581 joined [T]!
L 06/21/2020 - 22:59:44: [killlog.amxx] [VALET]: STEAM_0:1:484581202 joined [T]!
L 06/21/2020 - 22:59:44: [killlog.amxx] [VALET]: STEAM_0:0:947796992 joined [CT]!
L 06/21/2020 - 22:59:47: [killlog.amxx] [VALET]:  round start [T] score: 3 [CT] score: 2!
L 06/21/2020 - 23:00:18: [killlog.amxx] [VALET]: [CT]|STEAM_0:0:947796992 killed [CT]|STEAM_0:0:519481581 using awp!
L 06/21/2020 - 23:00:30: [killlog.amxx] [VALET]: [CT]|STEAM_0:0:947796992 killed [CT]|STEAM_0:1:484581202 using awp!
L 06/21/2020 - 23:00:30: [killlog.amxx] [VALET]:  round end [T] score: 3 [CT] score: 3!
L 06/21/2020 - 23:00:35: [killlog.amxx] [VALET]: STEAM_0:0:519481581 joined [T]!
L 06/21/2020 - 23:00:35: [killlog.amxx] [VALET]: STEAM_0:1:484581202 joined [T]!
L 06/21/2020 - 23:00:35: [killlog.amxx] [VALET]: STEAM_0:0:947796992 joined [CT]!
L 06/21/2020 - 23:00:38: [killlog.amxx] [VALET]:  round start [T] score: 3 [CT] score: 3!
L 06/21/2020 - 23:00:39: [killlog.amxx] [VALET]: [CT]|STEAM_0:0:947796992 killed [CT]|STEAM_0:1:484581202 using awp!
L 06/21/2020 - 23:00:54: [killlog.amxx] [VALET]: [CT]|STEAM_0:0:947796992 killed [CT]|STEAM_0:0:519481581 using awp!
L 06/21/2020 - 23:00:54: [killlog.amxx] [VALET]:  round end [T] score: 3 [CT] score: 4!
L 06/21/2020 - 23:00:59: [killlog.amxx] [VALET]: STEAM_0:0:519481581 joined [T]!
L 06/21/2020 - 23:00:59: [killlog.amxx] [VALET]: STEAM_0:1:484581202 joined [T]!
L 06/21/2020 - 23:00:59: [killlog.amxx] [VALET]: STEAM_0:0:947796992 joined [CT]!
L 06/21/2020 - 23:01:02: [killlog.amxx] [VALET]:  round start [T] score: 3 [CT] score: 4!
L 06/21/2020 - 23:01:17: [killlog.amxx] [VALET]: [T]|STEAM_0:1:484581202 killed [T]|STEAM_0:0:947796992 using awp!
L 06/21/2020 - 23:01:17: [killlog.amxx] [VALET]:  round end [T] score: 4 [CT] score: 4!
L 06/21/2020 - 23:01:22: [killlog.amxx] [VALET]: STEAM_0:0:519481581 joined [T]!
L 06/21/2020 - 23:01:22: [killlog.amxx] [VALET]: STEAM_0:1:484581202 joined [T]!
L 06/21/2020 - 23:01:22: [killlog.amxx] [VALET]: STEAM_0:0:947796992 joined [CT]!
L 06/21/2020 - 23:01:25: [killlog.amxx] [VALET]:  round start [T] score: 4 [CT] score: 4!
L 06/21/2020 - 23:01:38: [killlog.amxx] [VALET]: [CT]|STEAM_0:0:947796992 killed [CT]|STEAM_0:1:484581202 using awp!
L 06/21/2020 - 23:01:48: [killlog.amxx] [VALET]: [CT]|STEAM_0:0:947796992 killed [CT]|STEAM_0:0:519481581 using awp!
L 06/21/2020 - 23:01:48: [killlog.amxx] [VALET]:  round end [T] score: 4 [CT] score: 5!
L 06/21/2020 - 23:01:53: [killlog.amxx] [VALET]: STEAM_0:0:519481581 joined [T]!
L 06/21/2020 - 23:01:53: [killlog.amxx] [VALET]: STEAM_0:1:484581202 joined [T]!
L 06/21/2020 - 23:01:53: [killlog.amxx] [VALET]: STEAM_0:0:947796992 joined [CT]!
L 06/21/2020 - 23:01:56: [killlog.amxx] [VALET]:  round start [T] score: 4 [CT] score: 5!
L 06/21/2020 - 23:01:58: [killlog.amxx] [VALET]: [T]|STEAM_0:1:484581202 killed [T]|STEAM_0:0:947796992 using awp!
L 06/21/2020 - 23:01:58: [killlog.amxx] [VALET]:  round end [T] score: 5 [CT] score: 5!
L 06/21/2020 - 23:02:03: [killlog.amxx] [VALET]: STEAM_0:0:519481581 joined [T]!
L 06/21/2020 - 23:02:03: [killlog.amxx] [VALET]: STEAM_0:1:484581202 joined [T]!
L 06/21/2020 - 23:02:03: [killlog.amxx] [VALET]: STEAM_0:0:947796992 joined [CT]!
L 06/21/2020 - 23:02:06: [killlog.amxx] [VALET]:  round start [T] score: 5 [CT] score: 5!
L 06/21/2020 - 23:02:20: [killlog.amxx] [VALET]: [CT]|STEAM_0:0:947796992 killed [CT]|STEAM_0:1:484581202 using awp!
L 06/21/2020 - 23:02:24: [killlog.amxx] [VALET]: [T]|STEAM_0:0:519481581 killed [T]|STEAM_0:0:947796992 using awp!
L 06/21/2020 - 23:02:24: [killlog.amxx] [VALET]:  round end [T] score: 6 [CT] score: 5!
L 06/21/2020 - 23:02:29: [killlog.amxx] [VALET]: STEAM_0:0:519481581 joined [T]!
L 06/21/2020 - 23:02:29: [killlog.amxx] [VALET]: STEAM_0:1:484581202 joined [T]!
L 06/21/2020 - 23:02:29: [killlog.amxx] [VALET]: STEAM_0:0:947796992 joined [CT]!
L 06/21/2020 - 23:02:32: [killlog.amxx] [VALET]:  round start [T] score: 6 [CT] score: 5!
L 06/21/2020 - 23:02:32: [killlog.amxx] [VALET]: [T]|STEAM_0:0:519481581 killed [T]|STEAM_0:0:947796992 using awp!
L 06/21/2020 - 23:02:32: [killlog.amxx] [VALET]:  round end [T] score: 7 [CT] score: 5!
L 06/21/2020 - 23:02:37: [killlog.amxx] [VALET]: STEAM_0:0:519481581 joined [T]!
L 06/21/2020 - 23:02:37: [killlog.amxx] [VALET]: STEAM_0:1:484581202 joined [T]!
L 06/21/2020 - 23:02:37: [killlog.amxx] [VALET]: STEAM_0:0:947796992 joined [CT]!
L 06/21/2020 - 23:02:40: [killlog.amxx] [VALET]:  round start [T] score: 7 [CT] score: 5!
L 06/21/2020 - 23:02:40: [killlog.amxx] [VALET]: [CT]|STEAM_0:1:484581202 killed [CT]|STEAM_0:0:947796992 using awp!
L 06/21/2020 - 23:02:40: [killlog.amxx] [VALET]:  round end [T] score: 7 [CT] score: 6!
L 06/21/2020 - 23:02:41: [killlog.amxx] [VALET]: STEAM_0:0:519481581 joined [CT]!
L 06/21/2020 - 23:02:41: [killlog.amxx] [VALET]: STEAM_0:1:484581202 joined [CT]!
L 06/21/2020 - 23:02:41: [killlog.amxx] [VALET]: STEAM_0:0:947796992 joined [T]!
L 06/21/2020 - 23:02:44: [killlog.amxx] [VALET]:  round start [T] score: 0 [CT] score: 0!
L 06/21/2020 - 23:02:46: [killlog.amxx] [VALET]: [CT]|STEAM_0:1:484581202 killed [CT]|STEAM_0:0:947796992 using awp!
L 06/21/2020 - 23:02:46: [killlog.amxx] [VALET]:  round end [T] score: 0 [CT] score: 1!
L 06/21/2020 - 23:02:51: [killlog.amxx] [VALET]: STEAM_0:0:519481581 joined [CT]!
L 06/21/2020 - 23:02:51: [killlog.amxx] [VALET]: STEAM_0:1:484581202 joined [CT]!
L 06/21/2020 - 23:02:51: [killlog.amxx] [VALET]: STEAM_0:0:947796992 joined [T]!
L 06/21/2020 - 23:02:54: [killlog.amxx] [VALET]:  round start [T] score: 0 [CT] score: 1!
L 06/21/2020 - 23:02:56: [killlog.amxx] [VALET]: [T]|STEAM_0:0:947796992 killed [T]|STEAM_0:1:484581202 using awp!
L 06/21/2020 - 23:03:15: [killlog.amxx] [VALET]: [CT]|STEAM_0:0:519481581 killed [CT]|STEAM_0:0:947796992 using awp!
L 06/21/2020 - 23:03:15: [killlog.amxx] [VALET]:  round end [T] score: 0 [CT] score: 2!
L 06/21/2020 - 23:03:20: [killlog.amxx] [VALET]: STEAM_0:0:519481581 joined [CT]!
L 06/21/2020 - 23:03:20: [killlog.amxx] [VALET]: STEAM_0:1:484581202 joined [CT]!
L 06/21/2020 - 23:03:20: [killlog.amxx] [VALET]: STEAM_0:0:947796992 joined [T]!
L 06/21/2020 - 23:03:23: [killlog.amxx] [VALET]:  round start [T] score: 0 [CT] score: 2!
L 06/21/2020 - 23:03:33: [killlog.amxx] [VALET]: [T]|STEAM_0:0:947796992 killed [T]|STEAM_0:0:519481581 using awp!
L 06/21/2020 - 23:03:37: [killlog.amxx] [VALET]: [T]|STEAM_0:0:947796992 killed [T]|STEAM_0:1:484581202 using awp!
L 06/21/2020 - 23:03:37: [killlog.amxx] [VALET]:  round end [T] score: 1 [CT] score: 2!
L 06/21/2020 - 23:03:42: [killlog.amxx] [VALET]: STEAM_0:0:519481581 joined [CT]!
L 06/21/2020 - 23:03:42: [killlog.amxx] [VALET]: STEAM_0:1:484581202 joined [CT]!
L 06/21/2020 - 23:03:42: [killlog.amxx] [VALET]: STEAM_0:0:947796992 joined [T]!
L 06/21/2020 - 23:03:45: [killlog.amxx] [VALET]:  round start [T] score: 1 [CT] score: 2!
L 06/21/2020 - 23:03:51: [killlog.amxx] [VALET]: [CT]|STEAM_0:0:519481581 killed [CT]|STEAM_0:0:947796992 using awp!
L 06/21/2020 - 23:03:51: [killlog.amxx] [VALET]:  round end [T] score: 1 [CT] score: 3!
L 06/21/2020 - 23:03:56: [killlog.amxx] [VALET]: STEAM_0:0:519481581 joined [CT]!
L 06/21/2020 - 23:03:56: [killlog.amxx] [VALET]: STEAM_0:1:484581202 joined [CT]!
L 06/21/2020 - 23:03:56: [killlog.amxx] [VALET]: STEAM_0:0:947796992 joined [T]!
L 06/21/2020 - 23:03:59: [killlog.amxx] [VALET]:  round start [T] score: 1 [CT] score: 3!
L 06/21/2020 - 23:04:04: [killlog.amxx] [VALET]: [CT]|STEAM_0:1:484581202 killed [CT]|STEAM_0:0:947796992 using awp!
L 06/21/2020 - 23:04:04: [killlog.amxx] [VALET]:  round end [T] score: 1 [CT] score: 4!
L 06/21/2020 - 23:04:09: [killlog.amxx] [VALET]: STEAM_0:0:519481581 joined [CT]!
L 06/21/2020 - 23:04:09: [killlog.amxx] [VALET]: STEAM_0:1:484581202 joined [CT]!
L 06/21/2020 - 23:04:09: [killlog.amxx] [VALET]: STEAM_0:0:947796992 joined [T]!
L 06/21/2020 - 23:04:12: [killlog.amxx] [VALET]:  round start [T] score: 1 [CT] score: 4!
L 06/21/2020 - 23:04:20: [killlog.amxx] [VALET]: [T]|STEAM_0:0:947796992 killed [T]|STEAM_0:1:484581202 using awp!
L 06/21/2020 - 23:04:43: [killlog.amxx] [VALET]: [CT]|STEAM_0:0:519481581 killed [CT]|STEAM_0:0:947796992 using awp!
L 06/21/2020 - 23:04:43: [killlog.amxx] [VALET]:  round end [T] score: 1 [CT] score: 5!
L 06/21/2020 - 23:04:48: [killlog.amxx] [VALET]: STEAM_0:0:519481581 joined [CT]!
L 06/21/2020 - 23:04:48: [killlog.amxx] [VALET]: STEAM_0:1:484581202 joined [CT]!
L 06/21/2020 - 23:04:48: [killlog.amxx] [VALET]: STEAM_0:0:947796992 joined [T]!
L 06/21/2020 - 23:04:51: [killlog.amxx] [VALET]:  round start [T] score: 1 [CT] score: 5!
L 06/21/2020 - 23:05:08: [killlog.amxx] [VALET]: [T]|STEAM_0:0:947796992 killed [T]|STEAM_0:1:484581202 using awp!
L 06/21/2020 - 23:05:18: [killlog.amxx] [VALET]: [T]|STEAM_0:0:947796992 killed [T]|STEAM_0:0:519481581 using awp!
L 06/21/2020 - 23:05:18: [killlog.amxx] [VALET]:  round end [T] score: 2 [CT] score: 5!
L 06/21/2020 - 23:05:23: [killlog.amxx] [VALET]: STEAM_0:0:519481581 joined [CT]!
L 06/21/2020 - 23:05:23: [killlog.amxx] [VALET]: STEAM_0:1:484581202 joined [CT]!
L 06/21/2020 - 23:05:23: [killlog.amxx] [VALET]: STEAM_0:0:947796992 joined [T]!
L 06/21/2020 - 23:05:26: [killlog.amxx] [VALET]:  round start [T] score: 2 [CT] score: 5!
L 06/21/2020 - 23:05:28: [killlog.amxx] [VALET]: [CT]|STEAM_0:0:519481581 killed [CT]|STEAM_0:0:947796992 using awp!
L 06/21/2020 - 23:05:28: [killlog.amxx] [VALET]:  round end [T] score: 2 [CT] score: 6!
L 06/21/2020 - 23:05:33: [killlog.amxx] [VALET]: STEAM_0:0:519481581 joined [CT]!
L 06/21/2020 - 23:05:33: [killlog.amxx] [VALET]: STEAM_0:1:484581202 joined [CT]!
L 06/21/2020 - 23:05:33: [killlog.amxx] [VALET]: STEAM_0:0:947796992 joined [T]!
L 06/21/2020 - 23:05:36: [killlog.amxx] [VALET]:  round start [T] score: 2 [CT] score: 6!
L 06/21/2020 - 23:05:39: [killlog.amxx] [VALET]: [T]|STEAM_0:0:947796992 killed [T]|STEAM_0:0:519481581 using awp!
L 06/21/2020 - 23:05:50: [killlog.amxx] [VALET]: [CT]|STEAM_0:1:484581202 killed [CT]|STEAM_0:0:947796992 using awp!
L 06/21/2020 - 23:05:50: [killlog.amxx] [VALET]:  round end [T] score: 2 [CT] score: 7!
L 06/21/2020 - 23:05:55: [killlog.amxx] [VALET]: STEAM_0:0:519481581 joined [CT]!
L 06/21/2020 - 23:05:55: [killlog.amxx] [VALET]: STEAM_0:1:484581202 joined [CT]!
L 06/21/2020 - 23:05:55: [killlog.amxx] [VALET]: STEAM_0:0:947796992 joined [T]!
L 06/21/2020 - 23:05:58: [killlog.amxx] [VALET]:  round start [T] score: 2 [CT] score: 7!
L 06/21/2020 - 23:06:00: [killlog.amxx] [VALET]: [CT]|STEAM_0:1:484581202 killed [CT]|STEAM_0:0:947796992 using awp!
L 06/21/2020 - 23:06:00: [killlog.amxx] [VALET]:  round end [T] score: 2 [CT] score: 8!
L 06/21/2020 - 23:06:05: [killlog.amxx] [VALET]: STEAM_0:0:519481581 joined [CT]!
L 06/21/2020 - 23:06:05: [killlog.amxx] [VALET]: STEAM_0:1:484581202 joined [CT]!
L 06/21/2020 - 23:06:05: [killlog.amxx] [VALET]: STEAM_0:0:947796992 joined [T]!
L 06/21/2020 - 23:06:08: [killlog.amxx] [VALET]:  round start [T] score: 2 [CT] score: 8!
L 06/21/2020 - 23:06:36: [killlog.amxx] [VALET]: [T]|STEAM_0:0:947796992 killed [T]|STEAM_0:0:519481581 with headshot using knife!
L 06/21/2020 - 23:06:38: [killlog.amxx] [VALET]: [CT]|STEAM_0:1:484581202 killed [CT]|STEAM_0:0:947796992 using awp!
L 06/21/2020 - 23:06:38: [killlog.amxx] [VALET]:  round end [T] score: 2 [CT] score: 9!
L 06/21/2020 - 23:06:43: [killlog.amxx] [VALET]: STEAM_0:0:519481581 joined [CT]!
L 06/21/2020 - 23:06:43: [killlog.amxx] [VALET]: STEAM_0:1:484581202 joined [CT]!
L 06/21/2020 - 23:06:43: [killlog.amxx] [VALET]: STEAM_0:0:947796992 joined [T]!
L 06/21/2020 - 23:06:46: [killlog.amxx] [VALET]:  round start [T] score: 2 [CT] score: 9!
L 06/21/2020 - 23:06:49: [killlog.amxx] [VALET]: [T]|STEAM_0:0:947796992 killed [T]|STEAM_0:1:484581202 using awp!
L 06/21/2020 - 23:06:52: [killlog.amxx] [VALET]: [T]|STEAM_0:0:947796992 killed [T]|STEAM_0:0:519481581 using awp!
L 06/21/2020 - 23:06:52: [killlog.amxx] [VALET]:  round end [T] score: 3 [CT] score: 9!
L 06/21/2020 - 23:06:57: [killlog.amxx] [VALET]: STEAM_0:0:519481581 joined [CT]!
L 06/21/2020 - 23:06:57: [killlog.amxx] [VALET]: STEAM_0:1:484581202 joined [CT]!
L 06/21/2020 - 23:06:57: [killlog.amxx] [VALET]: STEAM_0:0:947796992 joined [T]!
L 06/21/2020 - 23:07:00: [killlog.amxx] [VALET]:  round start [T] score: 3 [CT] score: 9!
L 06/21/2020 - 23:07:02: [killlog.amxx] [VALET]: STEAM_0:0:519481581 joined [T]!
L 06/21/2020 - 23:07:02: [killlog.amxx] [VALET]: STEAM_0:1:484581202 joined [T]!
L 06/21/2020 - 23:07:02: [killlog.amxx] [VALET]: STEAM_0:0:947796992 joined [CT]!
L 06/21/2020 - 23:07:05: [killlog.amxx] [VALET]:  round start [T] score: 0 [CT] score: 0!
L 06/21/2020 - 23:07:11: [killlog.amxx] [VALET]: [CT]|STEAM_0:0:947796992 killed [CT]|STEAM_0:0:519481581 using awp!
L 06/21/2020 - 23:07:39: [killlog.amxx] [VALET]: [T]|STEAM_0:1:484581202 killed [T]|STEAM_0:0:947796992 using awp!
L 06/21/2020 - 23:07:39: [killlog.amxx] [VALET]:  round end [T] score: 1 [CT] score: 0!
L 06/21/2020 - 23:07:44: [killlog.amxx] [VALET]: STEAM_0:0:519481581 joined [T]!
L 06/21/2020 - 23:07:44: [killlog.amxx] [VALET]: STEAM_0:1:484581202 joined [T]!
L 06/21/2020 - 23:07:44: [killlog.amxx] [VALET]: STEAM_0:0:947796992 joined [CT]!
L 06/21/2020 - 23:07:47: [killlog.amxx] [VALET]:  round start [T] score: 1 [CT] score: 0!
L 06/21/2020 - 23:07:55: [killlog.amxx] [VALET]: [CT]|STEAM_0:0:947796992 killed [CT]|STEAM_0:1:484581202 with headshot using awp!
L 06/21/2020 - 23:08:16: [killlog.amxx] [VALET]: [CT]|STEAM_0:0:947796992 killed [CT]|STEAM_0:0:519481581 using knife!
L 06/21/2020 - 23:08:16: [killlog.amxx] [VALET]:  round end [T] score: 1 [CT] score: 1!
L 06/21/2020 - 23:08:21: [killlog.amxx] [VALET]: STEAM_0:0:519481581 joined [T]!
L 06/21/2020 - 23:08:21: [killlog.amxx] [VALET]: STEAM_0:1:484581202 joined [T]!
L 06/21/2020 - 23:08:21: [killlog.amxx] [VALET]: STEAM_0:0:947796992 joined [CT]!
L 06/21/2020 - 23:08:24: [killlog.amxx] [VALET]:  round start [T] score: 1 [CT] score: 1!
L 06/21/2020 - 23:08:27: [killlog.amxx] [VALET]: [CT]|STEAM_0:0:947796992 killed [CT]|STEAM_0:0:519481581 with headshot using awp!
L 06/21/2020 - 23:08:36: [killlog.amxx] [VALET]: [CT]|STEAM_0:0:947796992 killed [CT]|STEAM_0:1:484581202 using awp!
L 06/21/2020 - 23:08:36: [killlog.amxx] [VALET]:  round end [T] score: 1 [CT] score: 2!
L 06/21/2020 - 23:08:41: [killlog.amxx] [VALET]: STEAM_0:0:519481581 joined [T]!
L 06/21/2020 - 23:08:41: [killlog.amxx] [VALET]: STEAM_0:1:484581202 joined [T]!
L 06/21/2020 - 23:08:41: [killlog.amxx] [VALET]: STEAM_0:0:947796992 joined [CT]!
L 06/21/2020 - 23:08:44: [killlog.amxx] [VALET]:  round start [T] score: 1 [CT] score: 2!
L 06/21/2020 - 23:08:52: [killlog.amxx] [VALET]: [CT]|STEAM_0:0:947796992 killed [CT]|STEAM_0:1:484581202 using awp!
L 06/21/2020 - 23:09:05: [killlog.amxx] [VALET]: [CT]|STEAM_0:0:947796992 killed [CT]|STEAM_0:0:519481581 using awp!
L 06/21/2020 - 23:09:05: [killlog.amxx] [VALET]:  round end [T] score: 1 [CT] score: 3!
L 06/21/2020 - 23:09:10: [killlog.amxx] [VALET]: STEAM_0:0:519481581 joined [T]!
L 06/21/2020 - 23:09:10: [killlog.amxx] [VALET]: STEAM_0:1:484581202 joined [T]!
L 06/21/2020 - 23:09:10: [killlog.amxx] [VALET]: STEAM_0:0:947796992 joined [CT]!
L 06/21/2020 - 23:09:13: [killlog.amxx] [VALET]:  round start [T] score: 1 [CT] score: 3!
L 06/21/2020 - 23:09:55: [killlog.amxx] [VALET]: [CT]|STEAM_0:0:947796992 killed [CT]|STEAM_0:1:484581202 using awp!
L 06/21/2020 - 23:09:56: [killlog.amxx] [VALET]: [T]|STEAM_0:0:519481581 killed [T]|STEAM_0:0:947796992 using awp!
L 06/21/2020 - 23:09:56: [killlog.amxx] [VALET]:  round end [T] score: 2 [CT] score: 3!
L 06/21/2020 - 23:10:01: [killlog.amxx] [VALET]: STEAM_0:0:519481581 joined [T]!
L 06/21/2020 - 23:10:01: [killlog.amxx] [VALET]: STEAM_0:1:484581202 joined [T]!
L 06/21/2020 - 23:10:01: [killlog.amxx] [VALET]: STEAM_0:0:947796992 joined [CT]!
L 06/21/2020 - 23:10:04: [killlog.amxx] [VALET]:  round start [T] score: 2 [CT] score: 3!
L 06/21/2020 - 23:10:14: [killlog.amxx] [VALET]: [CT]|STEAM_0:0:947796992 killed [CT]|STEAM_0:1:484581202 using awp!
L 06/21/2020 - 23:10:32: [killlog.amxx] [VALET]: [CT]|STEAM_0:0:947796992 killed [CT]|STEAM_0:0:519481581 using awp!
L 06/21/2020 - 23:10:32: [killlog.amxx] [VALET]:  round end [T] score: 2 [CT] score: 4!
L 06/21/2020 - 23:10:37: [killlog.amxx] [VALET]: STEAM_0:0:519481581 joined [T]!
L 06/21/2020 - 23:10:37: [killlog.amxx] [VALET]: STEAM_0:1:484581202 joined [T]!
L 06/21/2020 - 23:10:37: [killlog.amxx] [VALET]: STEAM_0:0:947796992 joined [CT]!
L 06/21/2020 - 23:10:40: [killlog.amxx] [VALET]:  round start [T] score: 2 [CT] score: 4!
L 06/21/2020 - 23:10:54: [killlog.amxx] [VALET]: [CT]|STEAM_0:0:947796992 killed [CT]|STEAM_0:1:484581202 with headshot using awp!
L 06/21/2020 - 23:10:55: [killlog.amxx] [VALET]: [T]|STEAM_0:0:519481581 killed [T]|STEAM_0:0:947796992 using awp!
L 06/21/2020 - 23:10:55: [killlog.amxx] [VALET]:  round end [T] score: 3 [CT] score: 4!
L 06/21/2020 - 23:11:00: [killlog.amxx] [VALET]: STEAM_0:0:519481581 joined [T]!
L 06/21/2020 - 23:11:00: [killlog.amxx] [VALET]: STEAM_0:1:484581202 joined [T]!
L 06/21/2020 - 23:11:00: [killlog.amxx] [VALET]: STEAM_0:0:947796992 joined [CT]!
L 06/21/2020 - 23:11:03: [killlog.amxx] [VALET]:  round start [T] score: 3 [CT] score: 4!
L 06/21/2020 - 23:11:29: [killlog.amxx] [VALET]: [CT]|STEAM_0:0:947796992 killed [CT]|STEAM_0:0:519481581 using awp!
L 06/21/2020 - 23:11:32: [killlog.amxx] [VALET]: [CT]|STEAM_0:0:947796992 killed [CT]|STEAM_0:1:484581202 using awp!
L 06/21/2020 - 23:11:32: [killlog.amxx] [VALET]:  round end [T] score: 3 [CT] score: 5!
L 06/21/2020 - 23:11:37: [killlog.amxx] [VALET]: STEAM_0:0:519481581 joined [T]!
L 06/21/2020 - 23:11:37: [killlog.amxx] [VALET]: STEAM_0:1:484581202 joined [T]!
L 06/21/2020 - 23:11:37: [killlog.amxx] [VALET]: STEAM_0:0:947796992 joined [CT]!
L 06/21/2020 - 23:11:40: [killlog.amxx] [VALET]:  round start [T] score: 3 [CT] score: 5!
L 06/21/2020 - 23:11:50: [killlog.amxx] [VALET]: [CT]|STEAM_0:0:947796992 killed [CT]|STEAM_0:0:519481581 using awp!
L 06/21/2020 - 23:11:51: [killlog.amxx] [VALET]: [T]|STEAM_0:1:484581202 killed [T]|STEAM_0:0:947796992 using awp!
L 06/21/2020 - 23:11:51: [killlog.amxx] [VALET]:  round end [T] score: 4 [CT] score: 5!
L 06/21/2020 - 23:11:56: [killlog.amxx] [VALET]: STEAM_0:0:519481581 joined [T]!
L 06/21/2020 - 23:11:56: [killlog.amxx] [VALET]: STEAM_0:1:484581202 joined [T]!
L 06/21/2020 - 23:11:56: [killlog.amxx] [VALET]: STEAM_0:0:947796992 joined [CT]!
L 06/21/2020 - 23:11:59: [killlog.amxx] [VALET]:  round start [T] score: 4 [CT] score: 5!
L 06/21/2020 - 23:12:06: [killlog.amxx] [VALET]: [CT]|STEAM_0:0:947796992 killed [CT]|STEAM_0:1:484581202 using awp!
L 06/21/2020 - 23:12:17: [killlog.amxx] [VALET]: [CT]|STEAM_0:0:947796992 killed [CT]|STEAM_0:0:519481581 using awp!
L 06/21/2020 - 23:12:17: [killlog.amxx] [VALET]:  round end [T] score: 4 [CT] score: 6!
L 06/21/2020 - 23:12:22: [killlog.amxx] [VALET]: STEAM_0:0:519481581 joined [T]!
L 06/21/2020 - 23:12:22: [killlog.amxx] [VALET]: STEAM_0:1:484581202 joined [T]!
L 06/21/2020 - 23:12:22: [killlog.amxx] [VALET]: STEAM_0:0:947796992 joined [CT]!
L 06/21/2020 - 23:12:25: [killlog.amxx] [VALET]:  round start [T] score: 4 [CT] score: 6!
L 06/21/2020 - 23:12:29: [killlog.amxx] [VALET]: [CT]|STEAM_0:0:947796992 killed [CT]|STEAM_0:0:519481581 using awp!
L 06/21/2020 - 23:12:31: [killlog.amxx] [VALET]: [T]|STEAM_0:1:484581202 killed [T]|STEAM_0:0:947796992 using awp!
L 06/21/2020 - 23:12:31: [killlog.amxx] [VALET]:  round end [T] score: 5 [CT] score: 6!
L 06/21/2020 - 23:12:36: [killlog.amxx] [VALET]: STEAM_0:0:519481581 joined [T]!
L 06/21/2020 - 23:12:36: [killlog.amxx] [VALET]: STEAM_0:1:484581202 joined [T]!
L 06/21/2020 - 23:12:36: [killlog.amxx] [VALET]: STEAM_0:0:947796992 joined [CT]!
L 06/21/2020 - 23:12:39: [killlog.amxx] [VALET]:  round start [T] score: 5 [CT] score: 6!
L 06/21/2020 - 23:12:44: [killlog.amxx] [VALET]: [T]|STEAM_0:1:484581202 killed [T]|STEAM_0:0:947796992 using awp!
L 06/21/2020 - 23:12:44: [killlog.amxx] [VALET]:  round end [T] score: 6 [CT] score: 6!
L 06/21/2020 - 23:12:49: [killlog.amxx] [VALET]: STEAM_0:0:519481581 joined [T]!
L 06/21/2020 - 23:12:49: [killlog.amxx] [VALET]: STEAM_0:1:484581202 joined [T]!
L 06/21/2020 - 23:12:49: [killlog.amxx] [VALET]: STEAM_0:0:947796992 joined [CT]!
L 06/21/2020 - 23:12:52: [killlog.amxx] [VALET]:  round start [T] score: 6 [CT] score: 6!
L 06/21/2020 - 23:12:53: [killlog.amxx] [VALET]: STEAM_0:0:519481581 joined [CT]!
L 06/21/2020 - 23:12:53: [killlog.amxx] [VALET]: STEAM_0:1:484581202 joined [CT]!
L 06/21/2020 - 23:12:53: [killlog.amxx] [VALET]: STEAM_0:0:947796992 joined [T]!
L 06/21/2020 - 23:12:56: [killlog.amxx] [VALET]:  round start [T] score: 0 [CT] score: 0!
L 06/21/2020 - 23:13:02: [killlog.amxx] [VALET]: [T]|STEAM_0:0:947796992 killed [T]|STEAM_0:1:484581202 using awp!
L 06/21/2020 - 23:13:18: [killlog.amxx] [VALET]: [T]|STEAM_0:0:947796992 killed [T]|STEAM_0:0:519481581 using awp!
L 06/21/2020 - 23:13:18: [killlog.amxx] [VALET]:  round end [T] score: 1 [CT] score: 0!
L 06/21/2020 - 23:13:23: [killlog.amxx] [VALET]: STEAM_0:0:519481581 joined [CT]!
L 06/21/2020 - 23:13:23: [killlog.amxx] [VALET]: STEAM_0:1:484581202 joined [CT]!
L 06/21/2020 - 23:13:23: [killlog.amxx] [VALET]: STEAM_0:0:947796992 joined [T]!
L 06/21/2020 - 23:13:26: [killlog.amxx] [VALET]:  round start [T] score: 1 [CT] score: 0!
L 06/21/2020 - 23:13:35: [killlog.amxx] [VALET]: [T]|STEAM_0:0:947796992 killed [T]|STEAM_0:1:484581202 using awp!
L 06/21/2020 - 23:13:41: [killlog.amxx] [VALET]: [CT]|STEAM_0:0:519481581 killed [CT]|STEAM_0:0:947796992 using awp!
L 06/21/2020 - 23:13:41: [killlog.amxx] [VALET]:  round end [T] score: 1 [CT] score: 1!
L 06/21/2020 - 23:13:46: [killlog.amxx] [VALET]: STEAM_0:0:519481581 joined [CT]!
L 06/21/2020 - 23:13:46: [killlog.amxx] [VALET]: STEAM_0:1:484581202 joined [CT]!
L 06/21/2020 - 23:13:46: [killlog.amxx] [VALET]: STEAM_0:0:947796992 joined [T]!
L 06/21/2020 - 23:13:49: [killlog.amxx] [VALET]:  round start [T] score: 1 [CT] score: 1!
L 06/21/2020 - 23:13:52: [killlog.amxx] [VALET]: [CT]|STEAM_0:1:484581202 killed [CT]|STEAM_0:0:947796992 using awp!
L 06/21/2020 - 23:13:52: [killlog.amxx] [VALET]:  round end [T] score: 1 [CT] score: 2!
L 06/21/2020 - 23:13:57: [killlog.amxx] [VALET]: STEAM_0:0:519481581 joined [CT]!
L 06/21/2020 - 23:13:57: [killlog.amxx] [VALET]: STEAM_0:1:484581202 joined [CT]!
L 06/21/2020 - 23:13:57: [killlog.amxx] [VALET]: STEAM_0:0:947796992 joined [T]!
L 06/21/2020 - 23:14:00: [killlog.amxx] [VALET]:  round start [T] score: 1 [CT] score: 2!
L 06/21/2020 - 23:14:09: [killlog.amxx] [VALET]: [CT]|STEAM_0:1:484581202 killed [CT]|STEAM_0:0:947796992 using awp!
L 06/21/2020 - 23:14:09: [killlog.amxx] [VALET]:  round end [T] score: 1 [CT] score: 3!
L 06/21/2020 - 23:14:14: [killlog.amxx] [VALET]: STEAM_0:0:519481581 joined [CT]!
L 06/21/2020 - 23:14:14: [killlog.amxx] [VALET]: STEAM_0:1:484581202 joined [CT]!
L 06/21/2020 - 23:14:14: [killlog.amxx] [VALET]: STEAM_0:0:947796992 joined [T]!
L 06/21/2020 - 23:14:17: [killlog.amxx] [VALET]:  round start [T] score: 1 [CT] score: 3!
L 06/21/2020 - 23:14:19: [killlog.amxx] [VALET]: [T]|STEAM_0:0:947796992 killed [T]|STEAM_0:1:484581202 with headshot using awp!
L 06/21/2020 - 23:14:32: [killlog.amxx] [VALET]: [CT]|STEAM_0:0:519481581 killed [CT]|STEAM_0:0:947796992 using awp!
L 06/21/2020 - 23:14:32: [killlog.amxx] [VALET]:  round end [T] score: 1 [CT] score: 4!
L 06/21/2020 - 23:14:37: [killlog.amxx] [VALET]: STEAM_0:0:519481581 joined [CT]!
L 06/21/2020 - 23:14:37: [killlog.amxx] [VALET]: STEAM_0:1:484581202 joined [CT]!
L 06/21/2020 - 23:14:37: [killlog.amxx] [VALET]: STEAM_0:0:947796992 joined [T]!
L 06/21/2020 - 23:14:40: [killlog.amxx] [VALET]:  round start [T] score: 1 [CT] score: 4!
L 06/21/2020 - 23:14:42: [killlog.amxx] [VALET]: [T]|STEAM_0:0:947796992 killed [T]|STEAM_0:1:484581202 with headshot using awp!
L 06/21/2020 - 23:14:48: [killlog.amxx] [VALET]: [T]|STEAM_0:0:947796992 killed [T]|STEAM_0:0:519481581 using awp!
L 06/21/2020 - 23:14:48: [killlog.amxx] [VALET]:  round end [T] score: 2 [CT] score: 4!
L 06/21/2020 - 23:14:53: [killlog.amxx] [VALET]: STEAM_0:0:519481581 joined [CT]!
L 06/21/2020 - 23:14:53: [killlog.amxx] [VALET]: STEAM_0:1:484581202 joined [CT]!
L 06/21/2020 - 23:14:53: [killlog.amxx] [VALET]: STEAM_0:0:947796992 joined [T]!
L 06/21/2020 - 23:14:56: [killlog.amxx] [VALET]:  round start [T] score: 2 [CT] score: 4!
L 06/21/2020 - 23:15:14: [killlog.amxx] [VALET]: [CT]|STEAM_0:0:519481581 killed [CT]|STEAM_0:0:947796992 using knife!
L 06/21/2020 - 23:15:14: [killlog.amxx] [VALET]:  round end [T] score: 2 [CT] score: 5!
L 06/21/2020 - 23:15:19: [killlog.amxx] [VALET]: STEAM_0:0:519481581 joined [CT]!
L 06/21/2020 - 23:15:19: [killlog.amxx] [VALET]: STEAM_0:1:484581202 joined [CT]!
L 06/21/2020 - 23:15:19: [killlog.amxx] [VALET]: STEAM_0:0:947796992 joined [T]!
L 06/21/2020 - 23:15:22: [killlog.amxx] [VALET]:  round start [T] score: 2 [CT] score: 5!
L 06/21/2020 - 23:15:29: [killlog.amxx] [VALET]: [CT]|STEAM_0:1:484581202 killed [CT]|STEAM_0:0:947796992 using awp!
L 06/21/2020 - 23:15:29: [killlog.amxx] [VALET]:  round end [T] score: 2 [CT] score: 6!
L 06/21/2020 - 23:15:34: [killlog.amxx] [VALET]: STEAM_0:0:519481581 joined [CT]!
L 06/21/2020 - 23:15:34: [killlog.amxx] [VALET]: STEAM_0:1:484581202 joined [CT]!
L 06/21/2020 - 23:15:34: [killlog.amxx] [VALET]: STEAM_0:0:947796992 joined [T]!
L 06/21/2020 - 23:15:37: [killlog.amxx] [VALET]:  round start [T] score: 2 [CT] score: 6!
L 06/21/2020 - 23:15:43: [killlog.amxx] [VALET]: [CT]|STEAM_0:1:484581202 killed [CT]|STEAM_0:0:947796992 using awp!
L 06/21/2020 - 23:15:43: [killlog.amxx] [VALET]:  round end [T] score: 2 [CT] score: 7!
L 06/21/2020 - 23:15:48: [killlog.amxx] [VALET]: STEAM_0:0:519481581 joined [CT]!
L 06/21/2020 - 23:15:48: [killlog.amxx] [VALET]: STEAM_0:1:484581202 joined [CT]!
L 06/21/2020 - 23:15:48: [killlog.amxx] [VALET]: STEAM_0:0:947796992 joined [T]!
L 06/21/2020 - 23:15:51: [killlog.amxx] [VALET]:  round start [T] score: 2 [CT] score: 7!
L 06/21/2020 - 23:15:52: [killlog.amxx] [VALET]: [T]|STEAM_0:0:947796992 killed [T]|STEAM_0:1:484581202 using awp!
L 06/21/2020 - 23:16:08: [killlog.amxx] [VALET]: [T]|STEAM_0:0:947796992 killed [T]|STEAM_0:0:519481581 with headshot using knife!
L 06/21/2020 - 23:16:08: [killlog.amxx] [VALET]:  round end [T] score: 3 [CT] score: 7!
L 06/21/2020 - 23:16:13: [killlog.amxx] [VALET]: STEAM_0:0:519481581 joined [CT]!
L 06/21/2020 - 23:16:13: [killlog.amxx] [VALET]: STEAM_0:1:484581202 joined [CT]!
L 06/21/2020 - 23:16:13: [killlog.amxx] [VALET]: STEAM_0:0:947796992 joined [T]!
L 06/21/2020 - 23:16:16: [killlog.amxx] [VALET]:  round start [T] score: 3 [CT] score: 7!
L 06/21/2020 - 23:16:55: [killlog.amxx] [VALET]: [T]|STEAM_0:0:947796992 killed [T]|STEAM_0:0:519481581 using awp!
L 06/21/2020 - 23:17:02: [killlog.amxx] [VALET]: [T]|STEAM_0:0:947796992 killed [T]|STEAM_0:1:484581202 using awp!
L 06/21/2020 - 23:17:02: [killlog.amxx] [VALET]:  round end [T] score: 4 [CT] score: 7!
L 06/21/2020 - 23:17:07: [killlog.amxx] [VALET]: STEAM_0:0:519481581 joined [CT]!
L 06/21/2020 - 23:17:07: [killlog.amxx] [VALET]: STEAM_0:1:484581202 joined [CT]!
L 06/21/2020 - 23:17:07: [killlog.amxx] [VALET]: STEAM_0:0:947796992 joined [T]!
L 06/21/2020 - 23:17:10: [killlog.amxx] [VALET]:  round start [T] score: 4 [CT] score: 7!
L 06/21/2020 - 23:17:16: [killlog.amxx] [VALET]: [CT]|STEAM_0:1:484581202 killed [CT]|STEAM_0:0:947796992 using awp!
L 06/21/2020 - 23:17:16: [killlog.amxx] [VALET]:  round end [T] score: 4 [CT] score: 8!
L 06/21/2020 - 23:17:21: [killlog.amxx] [VALET]: STEAM_0:0:519481581 joined [CT]!
L 06/21/2020 - 23:17:21: [killlog.amxx] [VALET]: STEAM_0:1:484581202 joined [CT]!
L 06/21/2020 - 23:17:21: [killlog.amxx] [VALET]: STEAM_0:0:947796992 joined [T]!
L 06/21/2020 - 23:17:24: [killlog.amxx] [VALET]:  round start [T] score: 4 [CT] score: 8!
L 06/21/2020 - 23:17:26: [killlog.amxx] [VALET]: STEAM_0:0:519481581 joined [T]!
L 06/21/2020 - 23:17:26: [killlog.amxx] [VALET]: STEAM_0:1:484581202 joined [T]!
L 06/21/2020 - 23:17:26: [killlog.amxx] [VALET]: STEAM_0:0:947796992 joined [CT]!
L 06/21/2020 - 23:17:29: [killlog.amxx] [VALET]:  round start [T] score: 0 [CT] score: 0!
L 06/21/2020 - 23:17:38: [killlog.amxx] [VALET]: [T]|STEAM_0:0:519481581 killed [T]|STEAM_0:0:947796992 using awp!
L 06/21/2020 - 23:17:38: [killlog.amxx] [VALET]:  round end [T] score: 1 [CT] score: 0!
L 06/21/2020 - 23:17:43: [killlog.amxx] [VALET]: STEAM_0:0:519481581 joined [T]!
L 06/21/2020 - 23:17:43: [killlog.amxx] [VALET]: STEAM_0:1:484581202 joined [T]!
L 06/21/2020 - 23:17:43: [killlog.amxx] [VALET]: STEAM_0:0:947796992 joined [CT]!
L 06/21/2020 - 23:17:46: [killlog.amxx] [VALET]:  round start [T] score: 1 [CT] score: 0!
L 06/21/2020 - 23:17:55: [killlog.amxx] [VALET]: [CT]|STEAM_0:0:947796992 killed [CT]|STEAM_0:0:519481581 using awp!
L 06/21/2020 - 23:18:00: [killlog.amxx] [VALET]: [CT]|STEAM_0:0:947796992 killed [CT]|STEAM_0:1:484581202 using awp!
L 06/21/2020 - 23:18:00: [killlog.amxx] [VALET]:  round end [T] score: 1 [CT] score: 1!
L 06/21/2020 - 23:18:05: [killlog.amxx] [VALET]: STEAM_0:0:519481581 joined [T]!
L 06/21/2020 - 23:18:05: [killlog.amxx] [VALET]: STEAM_0:1:484581202 joined [T]!
L 06/21/2020 - 23:18:05: [killlog.amxx] [VALET]: STEAM_0:0:947796992 joined [CT]!
L 06/21/2020 - 23:18:08: [killlog.amxx] [VALET]:  round start [T] score: 1 [CT] score: 1!
L 06/21/2020 - 23:18:10: [killlog.amxx] [VALET]: [T]|STEAM_0:0:519481581 killed [T]|STEAM_0:0:947796992 using awp!
L 06/21/2020 - 23:18:10: [killlog.amxx] [VALET]:  round end [T] score: 2 [CT] score: 1!
L 06/21/2020 - 23:18:15: [killlog.amxx] [VALET]: STEAM_0:0:519481581 joined [T]!
L 06/21/2020 - 23:18:15: [killlog.amxx] [VALET]: STEAM_0:1:484581202 joined [T]!
L 06/21/2020 - 23:18:15: [killlog.amxx] [VALET]: STEAM_0:0:947796992 joined [CT]!
L 06/21/2020 - 23:18:18: [killlog.amxx] [VALET]:  round start [T] score: 2 [CT] score: 1!
L 06/21/2020 - 23:18:29: [killlog.amxx] [VALET]: [CT]|STEAM_0:0:947796992 killed [CT]|STEAM_0:0:519481581 using awp!
L 06/21/2020 - 23:18:45: [killlog.amxx] [VALET]: [CT]|STEAM_0:0:947796992 killed [CT]|STEAM_0:1:484581202 with headshot using awp!
L 06/21/2020 - 23:18:45: [killlog.amxx] [VALET]:  round end [T] score: 2 [CT] score: 2!
L 06/21/2020 - 23:18:50: [killlog.amxx] [VALET]: STEAM_0:0:519481581 joined [T]!
L 06/21/2020 - 23:18:50: [killlog.amxx] [VALET]: STEAM_0:1:484581202 joined [T]!
L 06/21/2020 - 23:18:50: [killlog.amxx] [VALET]: STEAM_0:0:947796992 joined [CT]!
L 06/21/2020 - 23:18:53: [killlog.amxx] [VALET]:  round start [T] score: 2 [CT] score: 2!
L 06/21/2020 - 23:19:13: [killlog.amxx] [VALET]: [CT]|STEAM_0:0:947796992 killed [CT]|STEAM_0:0:519481581 using knife!
L 06/21/2020 - 23:19:31: [killlog.amxx] [VALET]: [CT]|STEAM_0:0:947796992 killed [CT]|STEAM_0:1:484581202 using awp!
L 06/21/2020 - 23:19:31: [killlog.amxx] [VALET]:  round end [T] score: 2 [CT] score: 3!
L 06/21/2020 - 23:19:36: [killlog.amxx] [VALET]: STEAM_0:0:519481581 joined [T]!
L 06/21/2020 - 23:19:36: [killlog.amxx] [VALET]: STEAM_0:1:484581202 joined [T]!
L 06/21/2020 - 23:19:36: [killlog.amxx] [VALET]: STEAM_0:0:947796992 joined [CT]!
L 06/21/2020 - 23:19:39: [killlog.amxx] [VALET]:  round start [T] score: 2 [CT] score: 3!
L 06/21/2020 - 23:19:55: [killlog.amxx] [VALET]: [CT]|STEAM_0:0:947796992 killed [CT]|STEAM_0:0:519481581 using knife!
L 06/21/2020 - 23:20:06: [killlog.amxx] [VALET]: [CT]|STEAM_0:0:947796992 killed [CT]|STEAM_0:1:484581202 using awp!
L 06/21/2020 - 23:20:06: [killlog.amxx] [VALET]:  round end [T] score: 2 [CT] score: 4!
L 06/21/2020 - 23:20:11: [killlog.amxx] [VALET]: STEAM_0:0:519481581 joined [T]!
L 06/21/2020 - 23:20:11: [killlog.amxx] [VALET]: STEAM_0:1:484581202 joined [T]!
L 06/21/2020 - 23:20:11: [killlog.amxx] [VALET]: STEAM_0:0:947796992 joined [CT]!
L 06/21/2020 - 23:20:14: [killlog.amxx] [VALET]:  round start [T] score: 2 [CT] score: 4!
L 06/21/2020 - 23:20:52: [killlog.amxx] [VALET]: [T]|STEAM_0:1:484581202 killed [T]|STEAM_0:0:947796992 using awp!
L 06/21/2020 - 23:20:52: [killlog.amxx] [VALET]:  round end [T] score: 3 [CT] score: 4!
L 06/21/2020 - 23:20:57: [killlog.amxx] [VALET]: STEAM_0:0:519481581 joined [T]!
L 06/21/2020 - 23:20:57: [killlog.amxx] [VALET]: STEAM_0:1:484581202 joined [T]!
L 06/21/2020 - 23:20:57: [killlog.amxx] [VALET]: STEAM_0:0:947796992 joined [CT]!
L 06/21/2020 - 23:21:00: [killlog.amxx] [VALET]:  round start [T] score: 3 [CT] score: 4!
L 06/21/2020 - 23:21:03: [killlog.amxx] [VALET]: [T]|STEAM_0:1:484581202 killed [T]|STEAM_0:0:947796992 using awp!
L 06/21/2020 - 23:21:03: [killlog.amxx] [VALET]:  round end [T] score: 4 [CT] score: 4!
L 06/21/2020 - 23:21:08: [killlog.amxx] [VALET]: STEAM_0:0:519481581 joined [T]!
L 06/21/2020 - 23:21:08: [killlog.amxx] [VALET]: STEAM_0:1:484581202 joined [T]!
L 06/21/2020 - 23:21:08: [killlog.amxx] [VALET]: STEAM_0:0:947796992 joined [CT]!
L 06/21/2020 - 23:21:11: [killlog.amxx] [VALET]:  round start [T] score: 4 [CT] score: 4!
L 06/21/2020 - 23:21:12: [killlog.amxx] [VALET]: [T]|STEAM_0:0:519481581 killed [T]|STEAM_0:0:947796992 using awp!
L 06/21/2020 - 23:21:12: [killlog.amxx] [VALET]:  round end [T] score: 5 [CT] score: 4!
L 06/21/2020 - 23:21:17: [killlog.amxx] [VALET]: STEAM_0:0:519481581 joined [T]!
L 06/21/2020 - 23:21:17: [killlog.amxx] [VALET]: STEAM_0:1:484581202 joined [T]!
L 06/21/2020 - 23:21:17: [killlog.amxx] [VALET]: STEAM_0:0:947796992 joined [CT]!
L 06/21/2020 - 23:21:20: [killlog.amxx] [VALET]:  round start [T] score: 5 [CT] score: 4!
L 06/21/2020 - 23:21:27: [killlog.amxx] [VALET]: [CT]|STEAM_0:0:947796992 killed [CT]|STEAM_0:1:484581202 with headshot using awp!
L 06/21/2020 - 23:21:32: [killlog.amxx] [VALET]: STEAM_0:1:484581202 disconnected!
L 06/21/2020 - 23:21:33: [killlog.amxx] [VALET]: [CT]|STEAM_0:0:947796992 killed [CT]|STEAM_0:0:519481581 using awp!
L 06/21/2020 - 23:21:33: [killlog.amxx] [VALET]:  round end [T] score: 5 [CT] score: 5!
L 06/21/2020 - 23:21:38: [killlog.amxx] [VALET]: STEAM_0:0:519481581 joined [T]!
L 06/21/2020 - 23:21:38: [killlog.amxx] [VALET]: STEAM_0:0:947796992 joined [CT]!
L 06/21/2020 - 23:21:41: [killlog.amxx] [VALET]:  round start [T] score: 5 [CT] score: 5!
L 06/21/2020 - 23:22:00: [killlog.amxx] [VALET]: [T]|STEAM_0:0:519481581 killed [T]|STEAM_0:0:947796992 using awp!
L 06/21/2020 - 23:22:00: [killlog.amxx] [VALET]:  round end [T] score: 6 [CT] score: 5!
L 06/21/2020 - 23:22:05: [killlog.amxx] [VALET]: STEAM_0:0:519481581 joined [T]!
L 06/21/2020 - 23:22:05: [killlog.amxx] [VALET]: STEAM_0:0:947796992 joined [CT]!
L 06/21/2020 - 23:22:08: [killlog.amxx] [VALET]:  round start [T] score: 6 [CT] score: 5!
L 06/21/2020 - 23:22:45: [killlog.amxx] [VALET]: [CT]|STEAM_0:0:947796992 killed [CT]|STEAM_0:0:519481581 using awp!
L 06/21/2020 - 23:22:45: [killlog.amxx] [VALET]:  round end [T] score: 6 [CT] score: 6!
L 06/21/2020 - 23:22:50: [killlog.amxx] [VALET]: STEAM_0:0:519481581 joined [T]!
L 06/21/2020 - 23:22:50: [killlog.amxx] [VALET]: STEAM_0:0:947796992 joined [CT]!
L 06/21/2020 - 23:22:53: [killlog.amxx] [VALET]:  round start [T] score: 6 [CT] score: 6!
L 06/21/2020 - 23:22:54: [killlog.amxx] [VALET]: STEAM_0:0:519481581 joined [CT]!
L 06/21/2020 - 23:22:54: [killlog.amxx] [VALET]: STEAM_0:0:947796992 joined [T]!
L 06/21/2020 - 23:22:57: [killlog.amxx] [VALET]:  round start [T] score: 0 [CT] score: 0!
L 06/21/2020 - 23:23:06: [killlog.amxx] [VALET]: [T]|STEAM_0:0:947796992 killed [T]|STEAM_0:0:519481581 using awp!
L 06/21/2020 - 23:23:06: [killlog.amxx] [VALET]:  round end [T] score: 1 [CT] score: 0!
L 06/21/2020 - 23:23:11: [killlog.amxx] [VALET]: STEAM_0:0:519481581 joined [CT]!
L 06/21/2020 - 23:23:11: [killlog.amxx] [VALET]: STEAM_0:0:947796992 joined [T]!
L 06/21/2020 - 23:23:14: [killlog.amxx] [VALET]:  round start [T] score: 1 [CT] score: 0!
L 06/21/2020 - 23:23:46: [killlog.amxx] [VALET]: [T]|STEAM_0:0:947796992 killed [T]|STEAM_0:0:519481581 using knife!
L 06/21/2020 - 23:23:46: [killlog.amxx] [VALET]:  round end [T] score: 2 [CT] score: 0!
L 06/21/2020 - 23:23:51: [killlog.amxx] [VALET]: STEAM_0:0:519481581 joined [CT]!
L 06/21/2020 - 23:23:51: [killlog.amxx] [VALET]: STEAM_0:0:947796992 joined [T]!
L 06/21/2020 - 23:23:54: [killlog.amxx] [VALET]:  round start [T] score: 2 [CT] score: 0!
L 06/21/2020 - 23:23:55: [killlog.amxx] [VALET]: [T]|STEAM_0:0:947796992 killed [T]|STEAM_0:0:519481581 using awp!
L 06/21/2020 - 23:23:55: [killlog.amxx] [VALET]:  round end [T] score: 3 [CT] score: 0!
L 06/21/2020 - 23:24:00: [killlog.amxx] [VALET]: STEAM_0:0:519481581 joined [CT]!
L 06/21/2020 - 23:24:00: [killlog.amxx] [VALET]: STEAM_0:0:947796992 joined [T]!
L 06/21/2020 - 23:24:03: [killlog.amxx] [VALET]:  round start [T] score: 3 [CT] score: 0!
L 06/21/2020 - 23:24:16: [killlog.amxx] [VALET]: [T]|STEAM_0:0:947796992 killed [T]|STEAM_0:0:519481581 using knife!
L 06/21/2020 - 23:24:16: [killlog.amxx] [VALET]:  round end [T] score: 4 [CT] score: 0!
L 06/21/2020 - 23:24:21: [killlog.amxx] [VALET]: STEAM_0:0:519481581 joined [CT]!
L 06/21/2020 - 23:24:21: [killlog.amxx] [VALET]: STEAM_0:0:947796992 joined [T]!
L 06/21/2020 - 23:24:24: [killlog.amxx] [VALET]:  round start [T] score: 4 [CT] score: 0!
L 06/21/2020 - 23:24:32: [killlog.amxx] [VALET]: [CT]|STEAM_0:0:519481581 killed [CT]|STEAM_0:0:947796992 using awp!
L 06/21/2020 - 23:24:32: [killlog.amxx] [VALET]:  round end [T] score: 4 [CT] score: 1!
L 06/21/2020 - 23:24:37: [killlog.amxx] [VALET]: STEAM_0:0:519481581 joined [CT]!
L 06/21/2020 - 23:24:37: [killlog.amxx] [VALET]: STEAM_0:0:947796992 joined [T]!
L 06/21/2020 - 23:24:40: [killlog.amxx] [VALET]:  round start [T] score: 4 [CT] score: 1!
L 06/21/2020 - 23:24:52: [killlog.amxx] [VALET]: [T]|STEAM_0:0:947796992 killed [T]|STEAM_0:0:519481581 using awp!
L 06/21/2020 - 23:24:52: [killlog.amxx] [VALET]:  round end [T] score: 5 [CT] score: 1!
L 06/21/2020 - 23:24:57: [killlog.amxx] [VALET]: STEAM_0:0:519481581 joined [CT]!
L 06/21/2020 - 23:24:57: [killlog.amxx] [VALET]: STEAM_0:0:947796992 joined [T]!
L 06/21/2020 - 23:25:00: [killlog.amxx] [VALET]:  round start [T] score: 5 [CT] score: 1!
L 06/21/2020 - 23:25:02: [killlog.amxx] [VALET]: [CT]|STEAM_0:0:519481581 killed [CT]|STEAM_0:0:947796992 using awp!
L 06/21/2020 - 23:25:02: [killlog.amxx] [VALET]:  round end [T] score: 5 [CT] score: 2!
L 06/21/2020 - 23:25:07: [killlog.amxx] [VALET]: STEAM_0:0:519481581 joined [CT]!
L 06/21/2020 - 23:25:07: [killlog.amxx] [VALET]: STEAM_0:0:947796992 joined [T]!
L 06/21/2020 - 23:25:10: [killlog.amxx] [VALET]:  round start [T] score: 5 [CT] score: 2!
L 06/21/2020 - 23:25:11: [killlog.amxx] [VALET]: [T]|STEAM_0:0:947796992 killed [T]|STEAM_0:0:519481581 using awp!
L 06/21/2020 - 23:25:11: [killlog.amxx] [VALET]:  round end [T] score: 6 [CT] score: 2!
L 06/21/2020 - 23:25:16: [killlog.amxx] [VALET]: STEAM_0:0:519481581 joined [CT]!
L 06/21/2020 - 23:25:16: [killlog.amxx] [VALET]: STEAM_0:0:947796992 joined [T]!
L 06/21/2020 - 23:25:19: [killlog.amxx] [VALET]:  round start [T] score: 6 [CT] score: 2!
L 06/21/2020 - 23:25:38: [killlog.amxx] [VALET]: [CT]|STEAM_0:0:519481581 killed [CT]|STEAM_0:0:947796992 using awp!
L 06/21/2020 - 23:25:38: [killlog.amxx] [VALET]:  round end [T] score: 6 [CT] score: 3!
L 06/21/2020 - 23:25:43: [killlog.amxx] [VALET]: STEAM_0:0:519481581 joined [CT]!
L 06/21/2020 - 23:25:43: [killlog.amxx] [VALET]: STEAM_0:0:947796992 joined [T]!
L 06/21/2020 - 23:25:46: [killlog.amxx] [VALET]:  round start [T] score: 6 [CT] score: 3!
L 06/21/2020 - 23:26:06: [killlog.amxx] [VALET]: [T]|STEAM_0:0:947796992 killed [T]|STEAM_0:0:519481581 using awp!
L 06/21/2020 - 23:26:06: [killlog.amxx] [VALET]:  round end [T] score: 7 [CT] score: 3!
L 06/21/2020 - 23:26:11: [killlog.amxx] [VALET]: STEAM_0:0:519481581 joined [CT]!
L 06/21/2020 - 23:26:11: [killlog.amxx] [VALET]: STEAM_0:0:947796992 joined [T]!
L 06/21/2020 - 23:26:14: [killlog.amxx] [VALET]:  round start [T] score: 7 [CT] score: 3!
L 06/21/2020 - 23:26:20: [killlog.amxx] [VALET]: STEAM_0:0:947796992 disconnected!
L 06/21/2020 - 23:26:27: [killlog.amxx] [VALET]: STEAM_0:0:519481581 disconnected!
L 06/21/2020 - 23:26:27: [killlog.amxx] [VALET]:  round end [T] score: 7 [CT] score: 3!
L 06/21/2020 - 23:26:35: [killlog.amxx] [VALET]:  round start [T] score: 7 [CT] score: 3!
L 06/21/2020 - 23:29:25: [killlog.amxx] [VALET]: STEAM_0:1:484581202 disconnected!
L 06/21/2020 - 23:29:25: [killlog.amxx] [VALET]:  round end [T] score: 7 [CT] score: 3!
L 06/21/2020 - 23:29:31: [killlog.amxx] [VALET]: STEAM_0:1:484581202 joined [T]!
L 06/21/2020 - 23:29:32: [killlog.amxx] [VALET]: STEAM_0:1:484581202 joined [T]!
L 06/21/2020 - 23:29:33: [killlog.amxx] [VALET]:  round start [T] score: 7 [CT] score: 3!
L 06/21/2020 - 23:29:45: [killlog.amxx] [VALET]: STEAM_0:1:484516970 joined [CT]!
L 06/21/2020 - 23:29:45: [killlog.amxx] [VALET]: STEAM_0:1:484516970 joined [CT]!
L 06/21/2020 - 23:29:45: [killlog.amxx] [VALET]:  round end [T] score: 7 [CT] score: 3!
L 06/21/2020 - 23:29:48: [killlog.amxx] [VALET]: STEAM_0:1:484581202 joined [T]!
L 06/21/2020 - 23:29:48: [killlog.amxx] [VALET]: STEAM_0:1:484516970 joined [CT]!
L 06/21/2020 - 23:29:51: [killlog.amxx] [VALET]:  round start [T] score: 0 [CT] score: 0!
L 06/21/2020 - 23:29:54: [killlog.amxx] [VALET]: [CT]|STEAM_0:1:484516970 killed [CT]|STEAM_0:1:484581202 using awp!
L 06/21/2020 - 23:29:54: [killlog.amxx] [VALET]:  round end [T] score: 0 [CT] score: 1!
L 06/21/2020 - 23:29:59: [killlog.amxx] [VALET]: STEAM_0:1:484581202 joined [T]!
L 06/21/2020 - 23:29:59: [killlog.amxx] [VALET]: STEAM_0:1:484516970 joined [CT]!
L 06/21/2020 - 23:30:02: [killlog.amxx] [VALET]:  round start [T] score: 0 [CT] score: 1!
L 06/21/2020 - 23:30:03: [killlog.amxx] [VALET]: STEAM_0:1:484581202 joined [CT]!
L 06/21/2020 - 23:30:03: [killlog.amxx] [VALET]: STEAM_0:1:484516970 joined [T]!
L 06/21/2020 - 23:30:06: [killlog.amxx] [VALET]:  round start [T] score: 0 [CT] score: 0!
L 06/21/2020 - 23:30:12: [killlog.amxx] [VALET]: [CT]|STEAM_0:1:484581202 killed [CT]|STEAM_0:1:484516970 using awp!
L 06/21/2020 - 23:30:12: [killlog.amxx] [VALET]:  round end [T] score: 0 [CT] score: 1!
L 06/21/2020 - 23:30:17: [killlog.amxx] [VALET]: STEAM_0:1:484581202 joined [CT]!
L 06/21/2020 - 23:30:17: [killlog.amxx] [VALET]: STEAM_0:1:484516970 joined [T]!
L 06/21/2020 - 23:30:20: [killlog.amxx] [VALET]:  round start [T] score: 0 [CT] score: 1!
L 06/21/2020 - 23:30:46: [killlog.amxx] [VALET]: [T]|STEAM_0:1:484516970 killed [T]|STEAM_0:1:484581202 using awp!
L 06/21/2020 - 23:30:46: [killlog.amxx] [VALET]:  round end [T] score: 1 [CT] score: 1!
L 06/21/2020 - 23:30:51: [killlog.amxx] [VALET]: STEAM_0:1:484581202 joined [CT]!
L 06/21/2020 - 23:30:51: [killlog.amxx] [VALET]: STEAM_0:1:484516970 joined [T]!
L 06/21/2020 - 23:30:54: [killlog.amxx] [VALET]:  round start [T] score: 1 [CT] score: 1!
L 06/21/2020 - 23:31:22: [killlog.amxx] [VALET]: [CT]|STEAM_0:1:484581202 killed [CT]|STEAM_0:1:484516970 using awp!
L 06/21/2020 - 23:31:22: [killlog.amxx] [VALET]:  round end [T] score: 1 [CT] score: 2!
L 06/21/2020 - 23:31:27: [killlog.amxx] [VALET]: STEAM_0:1:484581202 joined [CT]!
L 06/21/2020 - 23:31:27: [killlog.amxx] [VALET]: STEAM_0:1:484516970 joined [T]!
L 06/21/2020 - 23:31:30: [killlog.amxx] [VALET]:  round start [T] score: 1 [CT] score: 2!
L 06/21/2020 - 23:32:33: [killlog.amxx] [VALET]: [T]|STEAM_0:1:484516970 killed [T]|STEAM_0:1:484581202 using awp!
L 06/21/2020 - 23:32:33: [killlog.amxx] [VALET]:  round end [T] score: 2 [CT] score: 2!
L 06/21/2020 - 23:32:38: [killlog.amxx] [VALET]: STEAM_0:1:484581202 joined [CT]!
L 06/21/2020 - 23:32:38: [killlog.amxx] [VALET]: STEAM_0:1:484516970 joined [T]!
L 06/21/2020 - 23:32:41: [killlog.amxx] [VALET]:  round start [T] score: 2 [CT] score: 2!
L 06/21/2020 - 23:32:51: [killlog.amxx] [VALET]: [T]|STEAM_0:1:484516970 killed [T]|STEAM_0:1:484581202 using awp!
L 06/21/2020 - 23:32:51: [killlog.amxx] [VALET]:  round end [T] score: 3 [CT] score: 2!
L 06/21/2020 - 23:32:56: [killlog.amxx] [VALET]: STEAM_0:1:484581202 joined [CT]!
L 06/21/2020 - 23:32:56: [killlog.amxx] [VALET]: STEAM_0:1:484516970 joined [T]!
L 06/21/2020 - 23:32:59: [killlog.amxx] [VALET]:  round start [T] score: 3 [CT] score: 2!
L 06/21/2020 - 23:33:07: [killlog.amxx] [VALET]: [CT]|STEAM_0:1:484581202 killed [CT]|STEAM_0:1:484516970 using awp!
L 06/21/2020 - 23:33:07: [killlog.amxx] [VALET]:  round end [T] score: 3 [CT] score: 3!
L 06/21/2020 - 23:33:12: [killlog.amxx] [VALET]: STEAM_0:1:484581202 joined [CT]!
L 06/21/2020 - 23:33:12: [killlog.amxx] [VALET]: STEAM_0:1:484516970 joined [T]!
L 06/21/2020 - 23:33:15: [killlog.amxx] [VALET]:  round start [T] score: 3 [CT] score: 3!
L 06/21/2020 - 23:33:20: [killlog.amxx] [VALET]: [T]|STEAM_0:1:484516970 killed [T]|STEAM_0:1:484581202 using awp!
L 06/21/2020 - 23:33:20: [killlog.amxx] [VALET]:  round end [T] score: 4 [CT] score: 3!
L 06/21/2020 - 23:33:25: [killlog.amxx] [VALET]: STEAM_0:1:484581202 joined [CT]!
L 06/21/2020 - 23:33:25: [killlog.amxx] [VALET]: STEAM_0:1:484516970 joined [T]!
L 06/21/2020 - 23:33:28: [killlog.amxx] [VALET]:  round start [T] score: 4 [CT] score: 3!
L 06/21/2020 - 23:33:33: [killlog.amxx] [VALET]: [T]|STEAM_0:1:484516970 killed [T]|STEAM_0:1:484581202 using awp!
L 06/21/2020 - 23:33:33: [killlog.amxx] [VALET]:  round end [T] score: 5 [CT] score: 3!
L 06/21/2020 - 23:33:38: [killlog.amxx] [VALET]: STEAM_0:1:484581202 joined [CT]!
L 06/21/2020 - 23:33:38: [killlog.amxx] [VALET]: STEAM_0:1:484516970 joined [T]!
L 06/21/2020 - 23:33:41: [killlog.amxx] [VALET]:  round start [T] score: 5 [CT] score: 3!
L 06/21/2020 - 23:34:04: [killlog.amxx] [VALET]: [T]|STEAM_0:1:484516970 killed [T]|STEAM_0:1:484581202 using awp!
L 06/21/2020 - 23:34:04: [killlog.amxx] [VALET]:  round end [T] score: 6 [CT] score: 3!
L 06/21/2020 - 23:34:09: [killlog.amxx] [VALET]: STEAM_0:1:484581202 joined [CT]!
L 06/21/2020 - 23:34:09: [killlog.amxx] [VALET]: STEAM_0:1:484516970 joined [T]!
L 06/21/2020 - 23:34:12: [killlog.amxx] [VALET]:  round start [T] score: 6 [CT] score: 3!
L 06/21/2020 - 23:34:18: [killlog.amxx] [VALET]: [T]|STEAM_0:1:484516970 killed [T]|STEAM_0:1:484581202 using awp!
L 06/21/2020 - 23:34:18: [killlog.amxx] [VALET]:  round end [T] score: 7 [CT] score: 3!
L 06/21/2020 - 23:34:23: [killlog.amxx] [VALET]: STEAM_0:1:484581202 joined [CT]!
L 06/21/2020 - 23:34:23: [killlog.amxx] [VALET]: STEAM_0:1:484516970 joined [T]!
L 06/21/2020 - 23:34:26: [killlog.amxx] [VALET]:  round start [T] score: 7 [CT] score: 3!
L 06/21/2020 - 23:34:33: [killlog.amxx] [VALET]: [CT]|STEAM_0:1:484581202 killed [CT]|STEAM_0:1:484516970 using awp!
L 06/21/2020 - 23:34:33: [killlog.amxx] [VALET]:  round end [T] score: 7 [CT] score: 4!
L 06/21/2020 - 23:34:38: [killlog.amxx] [VALET]: STEAM_0:1:484581202 joined [CT]!
L 06/21/2020 - 23:34:38: [killlog.amxx] [VALET]: STEAM_0:1:484516970 joined [T]!
L 06/21/2020 - 23:34:41: [killlog.amxx] [VALET]:  round start [T] score: 7 [CT] score: 4!
L 06/21/2020 - 23:34:43: [killlog.amxx] [VALET]: [T]|STEAM_0:1:484516970 killed [T]|STEAM_0:1:484581202 using awp!
L 06/21/2020 - 23:34:43: [killlog.amxx] [VALET]:  round end [T] score: 8 [CT] score: 4!
L 06/21/2020 - 23:34:48: [killlog.amxx] [VALET]: STEAM_0:1:484581202 disconnected!
L 06/21/2020 - 23:34:48: [killlog.amxx] [VALET]: STEAM_0:1:484516970 joined [T]!
L 06/21/2020 - 23:34:51: [killlog.amxx] [VALET]:  round start [T] score: 8 [CT] score: 4!
L 06/21/2020 - 23:40:59: [killlog.amxx] [VALET]: STEAM_0:1:484516970 disconnected!
L 06/21/2020 - 23:40:59: [killlog.amxx] [VALET]:  round end [T] score: 8 [CT] score: 4!
L 06/21/2020 - 23:41:07: [killlog.amxx] [VALET]:  round start [T] score: 8 [CT] score: 4!
