L 04/14/2020 - 00:14:16: [mapchooser.amxx] Vote: Voting for the nextmap started
L 04/14/2020 - 00:14:31: [mapchooser.amxx] Vote: Voting for the nextmap finished. The nextmap will be cs_rats2
L 04/14/2020 - 00:16:39: -------- Mapchange to cs_rats2 --------
L 04/14/2020 - 00:44:38: [mapchooser.amxx] Vote: Voting for the nextmap started
L 04/14/2020 - 00:44:53: [mapchooser.amxx] Vote: Voting for the nextmap finished. The nextmap will be de_aztec
L 04/14/2020 - 00:47:00: -------- Mapchange to de_aztec --------
L 04/14/2020 - 01:15:01: [mapchooser.amxx] Vote: Voting for the nextmap started
L 04/14/2020 - 01:15:16: [mapchooser.amxx] Vote: Voting for the nextmap finished. The nextmap will be cs_siege
L 04/14/2020 - 01:17:23: -------- Mapchange to cs_siege --------
L 04/14/2020 - 01:45:23: [mapchooser.amxx] Vote: Voting for the nextmap started
L 04/14/2020 - 01:45:38: [mapchooser.amxx] Vote: Voting for the nextmap finished. The nextmap will be de_cbble
L 04/14/2020 - 01:47:45: -------- Mapchange to de_cbble --------
L 04/14/2020 - 02:15:45: [mapchooser.amxx] Vote: Voting for the nextmap started
L 04/14/2020 - 02:16:00: [mapchooser.amxx] Vote: Voting for the nextmap finished. The nextmap will be de_dust
L 04/14/2020 - 02:18:07: -------- Mapchange to de_dust --------
L 04/14/2020 - 02:46:06: [mapchooser.amxx] Vote: Voting for the nextmap started
L 04/14/2020 - 02:46:21: [mapchooser.amxx] Vote: Voting for the nextmap finished. The nextmap will be de_rats
L 04/14/2020 - 02:48:29: -------- Mapchange to de_rats --------
L 04/14/2020 - 03:16:28: [mapchooser.amxx] Vote: Voting for the nextmap started
L 04/14/2020 - 03:16:43: [mapchooser.amxx] Vote: Voting for the nextmap finished. The nextmap will be de_prodigy
L 04/14/2020 - 03:18:51: -------- Mapchange to de_prodigy --------
L 04/14/2020 - 03:46:50: [mapchooser.amxx] Vote: Voting for the nextmap started
L 04/14/2020 - 03:47:05: [mapchooser.amxx] Vote: Voting for the nextmap finished. The nextmap will be cs_assault
L 04/14/2020 - 03:49:13: -------- Mapchange to cs_assault --------
L 04/14/2020 - 04:17:12: [mapchooser.amxx] Vote: Voting for the nextmap started
L 04/14/2020 - 04:17:27: [mapchooser.amxx] Vote: Voting for the nextmap finished. The nextmap will be cs_italy
L 04/14/2020 - 04:19:34: -------- Mapchange to cs_italy --------
L 04/14/2020 - 04:47:34: [mapchooser.amxx] Vote: Voting for the nextmap started
L 04/14/2020 - 04:47:49: [mapchooser.amxx] Vote: Voting for the nextmap finished. The nextmap will be cs_estate
L 04/14/2020 - 04:49:56: -------- Mapchange to cs_estate --------
L 04/14/2020 - 05:17:56: [mapchooser.amxx] Vote: Voting for the nextmap started
L 04/14/2020 - 05:18:11: [mapchooser.amxx] Vote: Voting for the nextmap finished. The nextmap will be fy_pool_day
L 04/14/2020 - 05:20:18: -------- Mapchange to fy_pool_day --------
L 04/14/2020 - 05:48:17: [mapchooser.amxx] Vote: Voting for the nextmap started
L 04/14/2020 - 05:48:32: [mapchooser.amxx] Vote: Voting for the nextmap finished. The nextmap will be cs_militia
L 04/14/2020 - 05:50:40: -------- Mapchange to cs_militia --------
L 04/14/2020 - 06:18:39: [mapchooser.amxx] Vote: Voting for the nextmap started
L 04/14/2020 - 06:18:54: [mapchooser.amxx] Vote: Voting for the nextmap finished. The nextmap will be de_train
L 04/14/2020 - 06:21:02: -------- Mapchange to de_train --------
L 04/14/2020 - 06:49:01: [mapchooser.amxx] Vote: Voting for the nextmap started
L 04/14/2020 - 06:49:16: [mapchooser.amxx] Vote: Voting for the nextmap finished. The nextmap will be aim_ak-colt
L 04/14/2020 - 06:51:23: -------- Mapchange to aim_ak-colt --------
L 04/14/2020 - 07:19:22: [mapchooser.amxx] Vote: Voting for the nextmap started
L 04/14/2020 - 07:19:38: [mapchooser.amxx] Vote: Voting for the nextmap finished. The nextmap will be aim_headshot
L 04/14/2020 - 07:21:45: -------- Mapchange to aim_headshot --------
L 04/14/2020 - 07:49:44: [mapchooser.amxx] Vote: Voting for the nextmap started
L 04/14/2020 - 07:49:59: [mapchooser.amxx] Vote: Voting for the nextmap finished. The nextmap will be aim_map
L 04/14/2020 - 07:52:06: -------- Mapchange to aim_map --------
L 04/14/2020 - 08:20:05: [mapchooser.amxx] Vote: Voting for the nextmap started
L 04/14/2020 - 08:20:21: [mapchooser.amxx] Vote: Voting for the nextmap finished. The nextmap will be cs_16fighter
L 04/14/2020 - 08:22:28: -------- Mapchange to cs_16fighter --------
L 04/14/2020 - 08:50:27: [mapchooser.amxx] Vote: Voting for the nextmap started
L 04/14/2020 - 08:50:42: [mapchooser.amxx] Vote: Voting for the nextmap finished. The nextmap will be cs_pf_dust
L 04/14/2020 - 08:52:49: -------- Mapchange to cs_pf_dust --------
L 04/14/2020 - 09:20:49: [mapchooser.amxx] Vote: Voting for the nextmap started
L 04/14/2020 - 09:21:04: [mapchooser.amxx] Vote: Voting for the nextmap finished. The nextmap will be fy_iceworld_2002
L 04/14/2020 - 09:23:11: -------- Mapchange to fy_iceworld_2002 --------
L 04/14/2020 - 09:51:10: [mapchooser.amxx] Vote: Voting for the nextmap started
L 04/14/2020 - 09:51:25: [mapchooser.amxx] Vote: Voting for the nextmap finished. The nextmap will be cs_mansion
L 04/14/2020 - 09:53:33: -------- Mapchange to cs_mansion --------
L 04/14/2020 - 10:21:32: [mapchooser.amxx] Vote: Voting for the nextmap started
L 04/14/2020 - 10:21:47: [mapchooser.amxx] Vote: Voting for the nextmap finished. The nextmap will be de_dust2_2x2
L 04/14/2020 - 10:23:54: -------- Mapchange to de_dust2_2x2 --------
L 04/14/2020 - 10:51:54: [mapchooser.amxx] Vote: Voting for the nextmap started
L 04/14/2020 - 10:52:09: [mapchooser.amxx] Vote: Voting for the nextmap finished. The nextmap will be de_inferno_2x2
L 04/14/2020 - 10:54:16: -------- Mapchange to de_inferno_2x2 --------
L 04/14/2020 - 11:22:16: [mapchooser.amxx] Vote: Voting for the nextmap started
L 04/14/2020 - 11:22:31: [mapchooser.amxx] Vote: Voting for the nextmap finished. The nextmap will be de_sniper
L 04/14/2020 - 11:24:38: -------- Mapchange to de_sniper --------
L 04/14/2020 - 11:52:38: [mapchooser.amxx] Vote: Voting for the nextmap started
L 04/14/2020 - 11:52:53: [mapchooser.amxx] Vote: Voting for the nextmap finished. The nextmap will be de_snipe_it5
L 04/14/2020 - 11:55:00: -------- Mapchange to de_snipe_it5 --------
L 04/14/2020 - 12:23:00: [mapchooser.amxx] Vote: Voting for the nextmap started
L 04/14/2020 - 12:23:15: [mapchooser.amxx] Vote: Voting for the nextmap finished. The nextmap will be de_mipt
L 04/14/2020 - 12:25:22: -------- Mapchange to de_mipt --------
L 04/14/2020 - 12:53:22: [mapchooser.amxx] Vote: Voting for the nextmap started
L 04/14/2020 - 12:53:37: [mapchooser.amxx] Vote: Voting for the nextmap finished. The nextmap will be cs_discounter
L 04/14/2020 - 12:55:44: -------- Mapchange to cs_discounter --------
L 04/14/2020 - 13:23:44: [mapchooser.amxx] Vote: Voting for the nextmap started
L 04/14/2020 - 13:23:59: [mapchooser.amxx] Vote: Voting for the nextmap finished. The nextmap will be cs_rats2
L 04/14/2020 - 13:26:08: -------- Mapchange to cs_rats2 --------
L 04/14/2020 - 13:54:07: [mapchooser.amxx] Vote: Voting for the nextmap started
L 04/14/2020 - 13:54:22: [mapchooser.amxx] Vote: Voting for the nextmap finished. The nextmap will be de_aztec
L 04/14/2020 - 13:56:30: -------- Mapchange to de_aztec --------
L 04/14/2020 - 14:24:29: [mapchooser.amxx] Vote: Voting for the nextmap started
L 04/14/2020 - 14:24:45: [mapchooser.amxx] Vote: Voting for the nextmap finished. The nextmap will be cs_siege
L 04/14/2020 - 14:26:52: -------- Mapchange to cs_siege --------
L 04/14/2020 - 14:54:51: [mapchooser.amxx] Vote: Voting for the nextmap started
L 04/14/2020 - 14:55:06: [mapchooser.amxx] Vote: Voting for the nextmap finished. The nextmap will be de_cbble
L 04/14/2020 - 14:57:14: -------- Mapchange to de_cbble --------
L 04/14/2020 - 15:25:15: [mapchooser.amxx] Vote: Voting for the nextmap started
L 04/14/2020 - 15:25:30: [mapchooser.amxx] Vote: Voting for the nextmap finished. The nextmap will be de_dust
L 04/14/2020 - 15:27:37: -------- Mapchange to de_dust --------
L 04/14/2020 - 15:55:37: [mapchooser.amxx] Vote: Voting for the nextmap started
L 04/14/2020 - 15:55:52: [mapchooser.amxx] Vote: Voting for the nextmap finished. The nextmap will be de_rats
L 04/14/2020 - 15:58:01: -------- Mapchange to de_rats --------
L 04/14/2020 - 16:26:02: [mapchooser.amxx] Vote: Voting for the nextmap started
L 04/14/2020 - 16:26:17: [mapchooser.amxx] Vote: Voting for the nextmap finished. The nextmap will be de_prodigy
L 04/14/2020 - 16:28:25: -------- Mapchange to de_prodigy --------
L 04/14/2020 - 16:56:24: [mapchooser.amxx] Vote: Voting for the nextmap started
L 04/14/2020 - 16:56:40: [mapchooser.amxx] Vote: Voting for the nextmap finished. The nextmap will be cs_assault
L 04/14/2020 - 16:58:47: -------- Mapchange to cs_assault --------
L 04/14/2020 - 17:26:47: [mapchooser.amxx] Vote: Voting for the nextmap started
L 04/14/2020 - 17:27:02: [mapchooser.amxx] Vote: Voting for the nextmap finished. The nextmap will be cs_italy
L 04/14/2020 - 17:29:09: -------- Mapchange to cs_italy --------
L 04/14/2020 - 17:57:09: [mapchooser.amxx] Vote: Voting for the nextmap started
L 04/14/2020 - 17:57:24: [mapchooser.amxx] Vote: Voting for the nextmap finished. The nextmap will be cs_estate
L 04/14/2020 - 17:59:31: -------- Mapchange to cs_estate --------
L 04/14/2020 - 18:27:31: [mapchooser.amxx] Vote: Voting for the nextmap started
L 04/14/2020 - 18:27:46: [mapchooser.amxx] Vote: Voting for the nextmap finished. The nextmap will be fy_pool_day
L 04/14/2020 - 18:29:53: -------- Mapchange to fy_pool_day --------
L 04/14/2020 - 18:57:52: [mapchooser.amxx] Vote: Voting for the nextmap started
L 04/14/2020 - 18:58:07: [mapchooser.amxx] Vote: Voting for the nextmap finished. The nextmap will be cs_militia
L 04/14/2020 - 19:00:15: -------- Mapchange to cs_militia --------
L 04/14/2020 - 19:28:15: [mapchooser.amxx] Vote: Voting for the nextmap started
L 04/14/2020 - 19:28:30: [mapchooser.amxx] Vote: Voting for the nextmap finished. The nextmap will be de_train
L 04/14/2020 - 19:30:37: -------- Mapchange to de_train --------
L 04/14/2020 - 19:53:47: -------- Mapchange to de_dust2 --------
L 04/14/2020 - 20:22:01: [mapchooser.amxx] Vote: Voting for the nextmap started
L 04/14/2020 - 20:22:16: [mapchooser.amxx] Vote: Voting for the nextmap finished. The nextmap will be de_inferno
L 04/14/2020 - 20:24:07: -------- Mapchange to de_inferno --------
L 04/14/2020 - 20:52:23: [mapchooser.amxx] Vote: Voting for the nextmap started
L 04/14/2020 - 20:52:38: [mapchooser.amxx] Vote: Voting for the nextmap finished. The nextmap will be de_nuke
L 04/14/2020 - 20:54:24: -------- Mapchange to de_aztec --------
L 04/14/2020 - 21:08:05: [admin.amxx] Login: "Diablo<84><STEAM_0:1:21335723><>" became an admin (account "STEAM_0:1:21335723") (access "abcdefghijklmnopqrstu") (address "176.99.188.247")
L 04/14/2020 - 21:22:39: [mapchooser.amxx] Vote: Voting for the nextmap started
L 04/14/2020 - 21:22:54: [mapchooser.amxx] Vote: Voting for the nextmap finished. The nextmap will be de_dust2
L 04/14/2020 - 21:24:51: -------- Mapchange to de_dust2 --------
L 04/14/2020 - 21:24:52: [admin.amxx] Login: "Diablo<84><STEAM_0:1:21335723><>" became an admin (account "STEAM_0:1:21335723") (access "abcdefghijklmnopqrstu") (address "176.99.188.247")
L 04/14/2020 - 21:52:51: [mapchooser.amxx] Vote: Voting for the nextmap started
L 04/14/2020 - 21:53:06: [mapchooser.amxx] Vote: Voting for the nextmap finished. The nextmap will be cs_pf_dust
L 04/14/2020 - 21:55:11: -------- Mapchange to cs_pf_dust --------
L 04/14/2020 - 22:23:10: [mapchooser.amxx] Vote: Voting for the nextmap started
L 04/14/2020 - 22:23:25: [mapchooser.amxx] Vote: Voting for the nextmap finished. The nextmap will be fy_iceworld_2002
L 04/14/2020 - 22:25:30: -------- Mapchange to fy_iceworld_2002 --------
L 04/14/2020 - 22:53:30: [mapchooser.amxx] Vote: Voting for the nextmap started
L 04/14/2020 - 22:53:45: [mapchooser.amxx] Vote: Voting for the nextmap finished. The nextmap will be cs_mansion
L 04/14/2020 - 22:55:50: -------- Mapchange to cs_mansion --------
L 04/14/2020 - 23:28:20: [mapchooser.amxx] Vote: Voting for the nextmap started
L 04/14/2020 - 23:28:35: [mapchooser.amxx] Vote: Voting for the nextmap finished. The nextmap will be de_inferno_2x2
L 04/14/2020 - 23:30:40: -------- Mapchange to de_inferno_2x2 --------
L 04/14/2020 - 23:58:40: [mapchooser.amxx] Vote: Voting for the nextmap started
L 04/14/2020 - 23:58:55: [mapchooser.amxx] Vote: Voting for the nextmap finished. The nextmap will be de_inferno_2x2
