L 06/11/2020 - 00:00:06: [killlog.amxx] [VALET]:  round start [T] score: 0 [CT] score: 8!
L 06/11/2020 - 00:01:51: [killlog.amxx] [VALET]:  round end [T] score: 0 [CT] score: 8!
L 06/11/2020 - 00:01:59: [killlog.amxx] [VALET]:  round start [T] score: 0 [CT] score: 9!
L 06/11/2020 - 00:03:44: [killlog.amxx] [VALET]:  round end [T] score: 0 [CT] score: 9!
L 06/11/2020 - 00:03:52: [killlog.amxx] [VALET]:  round start [T] score: 0 [CT] score: 10!
L 06/11/2020 - 00:05:37: [killlog.amxx] [VALET]:  round end [T] score: 0 [CT] score: 10!
L 06/11/2020 - 00:05:45: [killlog.amxx] [VALET]:  round start [T] score: 0 [CT] score: 11!
L 06/11/2020 - 00:07:30: [killlog.amxx] [VALET]:  round end [T] score: 0 [CT] score: 11!
L 06/11/2020 - 00:07:38: [killlog.amxx] [VALET]:  round start [T] score: 0 [CT] score: 12!
L 06/11/2020 - 00:09:23: [killlog.amxx] [VALET]:  round end [T] score: 0 [CT] score: 12!
L 06/11/2020 - 00:09:31: [killlog.amxx] [VALET]:  round start [T] score: 0 [CT] score: 13!
L 06/11/2020 - 00:11:16: [killlog.amxx] [VALET]:  round end [T] score: 0 [CT] score: 13!
L 06/11/2020 - 00:11:24: [killlog.amxx] [VALET]:  round start [T] score: 0 [CT] score: 14!
L 06/11/2020 - 00:13:09: [killlog.amxx] [VALET]:  round end [T] score: 0 [CT] score: 14!
L 06/11/2020 - 00:13:17: [killlog.amxx] [VALET]:  round start [T] score: 0 [CT] score: 15!
L 06/11/2020 - 00:15:02: [killlog.amxx] [VALET]:  round end [T] score: 0 [CT] score: 15!
L 06/11/2020 - 00:15:10: [killlog.amxx] [VALET]:  round start [T] score: 0 [CT] score: 16!
L 06/11/2020 - 00:16:55: [killlog.amxx] [VALET]:  round end [T] score: 0 [CT] score: 16!
L 06/11/2020 - 00:17:03: [killlog.amxx] [VALET]:  round start [T] score: 0 [CT] score: 17!
L 06/11/2020 - 00:18:48: [killlog.amxx] [VALET]:  round end [T] score: 0 [CT] score: 17!
L 06/11/2020 - 00:18:56: [killlog.amxx] [VALET]:  round start [T] score: 0 [CT] score: 18!
L 06/11/2020 - 00:20:41: [killlog.amxx] [VALET]:  round end [T] score: 0 [CT] score: 18!
L 06/11/2020 - 00:20:49: [killlog.amxx] [VALET]:  round start [T] score: 0 [CT] score: 19!
L 06/11/2020 - 00:22:34: [killlog.amxx] [VALET]:  round end [T] score: 0 [CT] score: 19!
L 06/11/2020 - 00:22:42: [killlog.amxx] [VALET]:  round start [T] score: 0 [CT] score: 20!
L 06/11/2020 - 00:24:27: [killlog.amxx] [VALET]:  round end [T] score: 0 [CT] score: 20!
L 06/11/2020 - 00:24:35: [killlog.amxx] [VALET]:  round start [T] score: 0 [CT] score: 21!
L 06/11/2020 - 00:24:42: [mapchooser4.amxx] Vote: Voting for the nextmap started
L 06/11/2020 - 00:24:52: [mapchooser4.amxx] Vote: Voting for the nextmap finished. The nextmap will be de_aztec
L 06/11/2020 - 00:26:20: [killlog.amxx] [VALET]:  round end [T] score: 0 [CT] score: 21!
L 06/11/2020 - 00:26:35: -------- Mapchange to de_aztec --------
L 06/11/2020 - 00:26:35: [mapchooser4.amxx] Found 51 maps in maps folder
L 06/11/2020 - 00:26:39: [killlog.amxx] [VALET]:  round start [T] score: 0 [CT] score: 0!
L 06/11/2020 - 00:26:42: [mapchooser4.amxx] xvars for mapchooser 4 setuped.
L 06/11/2020 - 00:28:24: [killlog.amxx] [VALET]:  round end [T] score: 0 [CT] score: 0!
L 06/11/2020 - 00:28:32: [killlog.amxx] [VALET]:  round start [T] score: 0 [CT] score: 1!
L 06/11/2020 - 00:30:17: [killlog.amxx] [VALET]:  round end [T] score: 0 [CT] score: 1!
L 06/11/2020 - 00:30:25: [killlog.amxx] [VALET]:  round start [T] score: 0 [CT] score: 2!
L 06/11/2020 - 00:32:10: [killlog.amxx] [VALET]:  round end [T] score: 0 [CT] score: 2!
L 06/11/2020 - 00:32:18: [killlog.amxx] [VALET]:  round start [T] score: 0 [CT] score: 3!
L 06/11/2020 - 00:34:03: [killlog.amxx] [VALET]:  round end [T] score: 0 [CT] score: 3!
L 06/11/2020 - 00:34:11: [killlog.amxx] [VALET]:  round start [T] score: 0 [CT] score: 4!
L 06/11/2020 - 00:35:56: [killlog.amxx] [VALET]:  round end [T] score: 0 [CT] score: 4!
L 06/11/2020 - 00:36:04: [killlog.amxx] [VALET]:  round start [T] score: 0 [CT] score: 5!
L 06/11/2020 - 00:37:49: [killlog.amxx] [VALET]:  round end [T] score: 0 [CT] score: 5!
L 06/11/2020 - 00:37:57: [killlog.amxx] [VALET]:  round start [T] score: 0 [CT] score: 6!
L 06/11/2020 - 00:39:42: [killlog.amxx] [VALET]:  round end [T] score: 0 [CT] score: 6!
L 06/11/2020 - 00:39:50: [killlog.amxx] [VALET]:  round start [T] score: 0 [CT] score: 7!
L 06/11/2020 - 00:41:35: [killlog.amxx] [VALET]:  round end [T] score: 0 [CT] score: 7!
L 06/11/2020 - 00:41:43: [killlog.amxx] [VALET]:  round start [T] score: 0 [CT] score: 8!
L 06/11/2020 - 00:43:28: [killlog.amxx] [VALET]:  round end [T] score: 0 [CT] score: 8!
L 06/11/2020 - 00:43:36: [killlog.amxx] [VALET]:  round start [T] score: 0 [CT] score: 9!
L 06/11/2020 - 00:45:21: [killlog.amxx] [VALET]:  round end [T] score: 0 [CT] score: 9!
L 06/11/2020 - 00:45:29: [killlog.amxx] [VALET]:  round start [T] score: 0 [CT] score: 10!
L 06/11/2020 - 00:47:14: [killlog.amxx] [VALET]:  round end [T] score: 0 [CT] score: 10!
L 06/11/2020 - 00:47:22: [killlog.amxx] [VALET]:  round start [T] score: 0 [CT] score: 11!
L 06/11/2020 - 00:49:07: [killlog.amxx] [VALET]:  round end [T] score: 0 [CT] score: 11!
L 06/11/2020 - 00:49:15: [killlog.amxx] [VALET]:  round start [T] score: 0 [CT] score: 12!
L 06/11/2020 - 00:51:00: [killlog.amxx] [VALET]:  round end [T] score: 0 [CT] score: 12!
L 06/11/2020 - 00:51:08: [killlog.amxx] [VALET]:  round start [T] score: 0 [CT] score: 13!
L 06/11/2020 - 00:52:53: [killlog.amxx] [VALET]:  round end [T] score: 0 [CT] score: 13!
L 06/11/2020 - 00:53:01: [killlog.amxx] [VALET]:  round start [T] score: 0 [CT] score: 14!
L 06/11/2020 - 00:54:46: [killlog.amxx] [VALET]:  round end [T] score: 0 [CT] score: 14!
L 06/11/2020 - 00:54:54: [killlog.amxx] [VALET]:  round start [T] score: 0 [CT] score: 15!
L 06/11/2020 - 00:56:39: [killlog.amxx] [VALET]:  round end [T] score: 0 [CT] score: 15!
L 06/11/2020 - 00:56:47: [killlog.amxx] [VALET]:  round start [T] score: 0 [CT] score: 16!
L 06/11/2020 - 00:58:32: [killlog.amxx] [VALET]:  round end [T] score: 0 [CT] score: 16!
L 06/11/2020 - 00:58:40: [killlog.amxx] [VALET]:  round start [T] score: 0 [CT] score: 17!
L 06/11/2020 - 01:00:25: [killlog.amxx] [VALET]:  round end [T] score: 0 [CT] score: 17!
L 06/11/2020 - 01:00:33: [killlog.amxx] [VALET]:  round start [T] score: 0 [CT] score: 18!
L 06/11/2020 - 01:02:18: [killlog.amxx] [VALET]:  round end [T] score: 0 [CT] score: 18!
L 06/11/2020 - 01:02:26: [killlog.amxx] [VALET]:  round start [T] score: 0 [CT] score: 19!
L 06/11/2020 - 01:04:11: [killlog.amxx] [VALET]:  round end [T] score: 0 [CT] score: 19!
L 06/11/2020 - 01:04:19: [killlog.amxx] [VALET]:  round start [T] score: 0 [CT] score: 20!
L 06/11/2020 - 01:06:04: [killlog.amxx] [VALET]:  round end [T] score: 0 [CT] score: 20!
L 06/11/2020 - 01:06:12: [killlog.amxx] [VALET]:  round start [T] score: 0 [CT] score: 21!
L 06/11/2020 - 01:06:26: [mapchooser4.amxx] Vote: Voting for the nextmap started
L 06/11/2020 - 01:06:36: [mapchooser4.amxx] Vote: Voting for the nextmap finished. The nextmap will be de_cbble
L 06/11/2020 - 01:07:57: [killlog.amxx] [VALET]:  round end [T] score: 0 [CT] score: 21!
L 06/11/2020 - 01:08:05: [killlog.amxx] [VALET]:  round start [T] score: 0 [CT] score: 22!
L 06/11/2020 - 01:09:50: [killlog.amxx] [VALET]:  round end [T] score: 0 [CT] score: 22!
L 06/11/2020 - 01:10:06: -------- Mapchange to de_cbble --------
L 06/11/2020 - 01:10:06: [mapchooser4.amxx] Found 51 maps in maps folder
L 06/11/2020 - 01:10:10: [killlog.amxx] [VALET]:  round start [T] score: 0 [CT] score: 0!
L 06/11/2020 - 01:10:13: [mapchooser4.amxx] xvars for mapchooser 4 setuped.
L 06/11/2020 - 01:11:55: [killlog.amxx] [VALET]:  round end [T] score: 0 [CT] score: 0!
L 06/11/2020 - 01:12:03: [killlog.amxx] [VALET]:  round start [T] score: 0 [CT] score: 1!
L 06/11/2020 - 01:13:48: [killlog.amxx] [VALET]:  round end [T] score: 0 [CT] score: 1!
L 06/11/2020 - 01:13:56: [killlog.amxx] [VALET]:  round start [T] score: 0 [CT] score: 2!
L 06/11/2020 - 01:15:41: [killlog.amxx] [VALET]:  round end [T] score: 0 [CT] score: 2!
L 06/11/2020 - 01:15:49: [killlog.amxx] [VALET]:  round start [T] score: 0 [CT] score: 3!
L 06/11/2020 - 01:17:34: [killlog.amxx] [VALET]:  round end [T] score: 0 [CT] score: 3!
L 06/11/2020 - 01:17:42: [killlog.amxx] [VALET]:  round start [T] score: 0 [CT] score: 4!
L 06/11/2020 - 01:19:27: [killlog.amxx] [VALET]:  round end [T] score: 0 [CT] score: 4!
L 06/11/2020 - 01:19:35: [killlog.amxx] [VALET]:  round start [T] score: 0 [CT] score: 5!
L 06/11/2020 - 01:21:20: [killlog.amxx] [VALET]:  round end [T] score: 0 [CT] score: 5!
L 06/11/2020 - 01:21:28: [killlog.amxx] [VALET]:  round start [T] score: 0 [CT] score: 6!
L 06/11/2020 - 01:23:13: [killlog.amxx] [VALET]:  round end [T] score: 0 [CT] score: 6!
L 06/11/2020 - 01:23:21: [killlog.amxx] [VALET]:  round start [T] score: 0 [CT] score: 7!
L 06/11/2020 - 01:25:06: [killlog.amxx] [VALET]:  round end [T] score: 0 [CT] score: 7!
L 06/11/2020 - 01:25:14: [killlog.amxx] [VALET]:  round start [T] score: 0 [CT] score: 8!
L 06/11/2020 - 01:26:59: [killlog.amxx] [VALET]:  round end [T] score: 0 [CT] score: 8!
L 06/11/2020 - 01:27:07: [killlog.amxx] [VALET]:  round start [T] score: 0 [CT] score: 9!
L 06/11/2020 - 01:28:52: [killlog.amxx] [VALET]:  round end [T] score: 0 [CT] score: 9!
L 06/11/2020 - 01:29:00: [killlog.amxx] [VALET]:  round start [T] score: 0 [CT] score: 10!
L 06/11/2020 - 01:30:45: [killlog.amxx] [VALET]:  round end [T] score: 0 [CT] score: 10!
L 06/11/2020 - 01:30:53: [killlog.amxx] [VALET]:  round start [T] score: 0 [CT] score: 11!
L 06/11/2020 - 01:32:38: [killlog.amxx] [VALET]:  round end [T] score: 0 [CT] score: 11!
L 06/11/2020 - 01:32:46: [killlog.amxx] [VALET]:  round start [T] score: 0 [CT] score: 12!
L 06/11/2020 - 01:34:31: [killlog.amxx] [VALET]:  round end [T] score: 0 [CT] score: 12!
L 06/11/2020 - 01:34:39: [killlog.amxx] [VALET]:  round start [T] score: 0 [CT] score: 13!
L 06/11/2020 - 01:36:24: [killlog.amxx] [VALET]:  round end [T] score: 0 [CT] score: 13!
L 06/11/2020 - 01:36:32: [killlog.amxx] [VALET]:  round start [T] score: 0 [CT] score: 14!
L 06/11/2020 - 01:38:17: [killlog.amxx] [VALET]:  round end [T] score: 0 [CT] score: 14!
L 06/11/2020 - 01:38:25: [killlog.amxx] [VALET]:  round start [T] score: 0 [CT] score: 15!
L 06/11/2020 - 01:40:10: [killlog.amxx] [VALET]:  round end [T] score: 0 [CT] score: 15!
L 06/11/2020 - 01:40:18: [killlog.amxx] [VALET]:  round start [T] score: 0 [CT] score: 16!
L 06/11/2020 - 01:42:03: [killlog.amxx] [VALET]:  round end [T] score: 0 [CT] score: 16!
L 06/11/2020 - 01:42:11: [killlog.amxx] [VALET]:  round start [T] score: 0 [CT] score: 17!
L 06/11/2020 - 01:43:56: [killlog.amxx] [VALET]:  round end [T] score: 0 [CT] score: 17!
L 06/11/2020 - 01:44:04: [killlog.amxx] [VALET]:  round start [T] score: 0 [CT] score: 18!
L 06/11/2020 - 01:45:49: [killlog.amxx] [VALET]:  round end [T] score: 0 [CT] score: 18!
L 06/11/2020 - 01:45:57: [killlog.amxx] [VALET]:  round start [T] score: 0 [CT] score: 19!
L 06/11/2020 - 01:47:42: [killlog.amxx] [VALET]:  round end [T] score: 0 [CT] score: 19!
L 06/11/2020 - 01:47:50: [killlog.amxx] [VALET]:  round start [T] score: 0 [CT] score: 20!
L 06/11/2020 - 01:49:35: [killlog.amxx] [VALET]:  round end [T] score: 0 [CT] score: 20!
L 06/11/2020 - 01:49:43: [killlog.amxx] [VALET]:  round start [T] score: 0 [CT] score: 21!
L 06/11/2020 - 01:49:57: [mapchooser4.amxx] Vote: Voting for the nextmap started
L 06/11/2020 - 01:50:07: [mapchooser4.amxx] Vote: Voting for the nextmap finished. The nextmap will be de_cpl_mill
L 06/11/2020 - 01:51:28: [killlog.amxx] [VALET]:  round end [T] score: 0 [CT] score: 21!
L 06/11/2020 - 01:51:36: [killlog.amxx] [VALET]:  round start [T] score: 0 [CT] score: 22!
L 06/11/2020 - 01:53:21: [killlog.amxx] [VALET]:  round end [T] score: 0 [CT] score: 22!
L 06/11/2020 - 01:53:36: -------- Mapchange to de_cpl_mill --------
L 06/11/2020 - 01:53:36: [mapchooser4.amxx] Found 51 maps in maps folder
L 06/11/2020 - 01:53:40: [killlog.amxx] [VALET]:  round start [T] score: 0 [CT] score: 0!
L 06/11/2020 - 01:53:43: [mapchooser4.amxx] xvars for mapchooser 4 setuped.
L 06/11/2020 - 01:55:25: [killlog.amxx] [VALET]:  round end [T] score: 0 [CT] score: 0!
L 06/11/2020 - 01:55:33: [killlog.amxx] [VALET]:  round start [T] score: 0 [CT] score: 1!
L 06/11/2020 - 01:57:18: [killlog.amxx] [VALET]:  round end [T] score: 0 [CT] score: 1!
L 06/11/2020 - 01:57:26: [killlog.amxx] [VALET]:  round start [T] score: 0 [CT] score: 2!
L 06/11/2020 - 01:59:11: [killlog.amxx] [VALET]:  round end [T] score: 0 [CT] score: 2!
L 06/11/2020 - 01:59:19: [killlog.amxx] [VALET]:  round start [T] score: 0 [CT] score: 3!
L 06/11/2020 - 02:01:04: [killlog.amxx] [VALET]:  round end [T] score: 0 [CT] score: 3!
L 06/11/2020 - 02:01:12: [killlog.amxx] [VALET]:  round start [T] score: 0 [CT] score: 4!
L 06/11/2020 - 02:02:57: [killlog.amxx] [VALET]:  round end [T] score: 0 [CT] score: 4!
L 06/11/2020 - 02:03:05: [killlog.amxx] [VALET]:  round start [T] score: 0 [CT] score: 5!
L 06/11/2020 - 02:04:50: [killlog.amxx] [VALET]:  round end [T] score: 0 [CT] score: 5!
L 06/11/2020 - 02:04:58: [killlog.amxx] [VALET]:  round start [T] score: 0 [CT] score: 6!
L 06/11/2020 - 02:06:43: [killlog.amxx] [VALET]:  round end [T] score: 0 [CT] score: 6!
L 06/11/2020 - 02:06:51: [killlog.amxx] [VALET]:  round start [T] score: 0 [CT] score: 7!
L 06/11/2020 - 02:08:36: [killlog.amxx] [VALET]:  round end [T] score: 0 [CT] score: 7!
L 06/11/2020 - 02:08:44: [killlog.amxx] [VALET]:  round start [T] score: 0 [CT] score: 8!
L 06/11/2020 - 02:10:29: [killlog.amxx] [VALET]:  round end [T] score: 0 [CT] score: 8!
L 06/11/2020 - 02:10:37: [killlog.amxx] [VALET]:  round start [T] score: 0 [CT] score: 9!
L 06/11/2020 - 02:12:22: [killlog.amxx] [VALET]:  round end [T] score: 0 [CT] score: 9!
L 06/11/2020 - 02:12:30: [killlog.amxx] [VALET]:  round start [T] score: 0 [CT] score: 10!
L 06/11/2020 - 02:14:15: [killlog.amxx] [VALET]:  round end [T] score: 0 [CT] score: 10!
L 06/11/2020 - 02:14:23: [killlog.amxx] [VALET]:  round start [T] score: 0 [CT] score: 11!
L 06/11/2020 - 02:16:08: [killlog.amxx] [VALET]:  round end [T] score: 0 [CT] score: 11!
L 06/11/2020 - 02:16:16: [killlog.amxx] [VALET]:  round start [T] score: 0 [CT] score: 12!
L 06/11/2020 - 02:18:01: [killlog.amxx] [VALET]:  round end [T] score: 0 [CT] score: 12!
L 06/11/2020 - 02:18:09: [killlog.amxx] [VALET]:  round start [T] score: 0 [CT] score: 13!
L 06/11/2020 - 02:19:54: [killlog.amxx] [VALET]:  round end [T] score: 0 [CT] score: 13!
L 06/11/2020 - 02:20:02: [killlog.amxx] [VALET]:  round start [T] score: 0 [CT] score: 14!
L 06/11/2020 - 02:21:47: [killlog.amxx] [VALET]:  round end [T] score: 0 [CT] score: 14!
L 06/11/2020 - 02:21:55: [killlog.amxx] [VALET]:  round start [T] score: 0 [CT] score: 15!
L 06/11/2020 - 02:23:40: [killlog.amxx] [VALET]:  round end [T] score: 0 [CT] score: 15!
L 06/11/2020 - 02:23:48: [killlog.amxx] [VALET]:  round start [T] score: 0 [CT] score: 16!
L 06/11/2020 - 02:25:33: [killlog.amxx] [VALET]:  round end [T] score: 0 [CT] score: 16!
L 06/11/2020 - 02:25:41: [killlog.amxx] [VALET]:  round start [T] score: 0 [CT] score: 17!
L 06/11/2020 - 02:27:26: [killlog.amxx] [VALET]:  round end [T] score: 0 [CT] score: 17!
L 06/11/2020 - 02:27:34: [killlog.amxx] [VALET]:  round start [T] score: 0 [CT] score: 18!
L 06/11/2020 - 02:29:19: [killlog.amxx] [VALET]:  round end [T] score: 0 [CT] score: 18!
L 06/11/2020 - 02:29:27: [killlog.amxx] [VALET]:  round start [T] score: 0 [CT] score: 19!
L 06/11/2020 - 02:31:12: [killlog.amxx] [VALET]:  round end [T] score: 0 [CT] score: 19!
L 06/11/2020 - 02:31:20: [killlog.amxx] [VALET]:  round start [T] score: 0 [CT] score: 20!
L 06/11/2020 - 02:33:05: [killlog.amxx] [VALET]:  round end [T] score: 0 [CT] score: 20!
L 06/11/2020 - 02:33:13: [killlog.amxx] [VALET]:  round start [T] score: 0 [CT] score: 21!
L 06/11/2020 - 02:33:27: [mapchooser4.amxx] Vote: Voting for the nextmap started
L 06/11/2020 - 02:33:37: [mapchooser4.amxx] Vote: Voting for the nextmap finished. The nextmap will be de_dust
L 06/11/2020 - 02:34:59: [killlog.amxx] [VALET]:  round end [T] score: 0 [CT] score: 21!
L 06/11/2020 - 02:35:07: [killlog.amxx] [VALET]:  round start [T] score: 0 [CT] score: 22!
L 06/11/2020 - 02:36:52: [killlog.amxx] [VALET]:  round end [T] score: 0 [CT] score: 22!
L 06/11/2020 - 02:37:07: -------- Mapchange to de_dust --------
L 06/11/2020 - 02:37:07: [mapchooser4.amxx] Found 51 maps in maps folder
L 06/11/2020 - 02:37:11: [killlog.amxx] [VALET]:  round start [T] score: 0 [CT] score: 0!
L 06/11/2020 - 02:37:14: [mapchooser4.amxx] xvars for mapchooser 4 setuped.
L 06/11/2020 - 02:38:56: [killlog.amxx] [VALET]:  round end [T] score: 0 [CT] score: 0!
L 06/11/2020 - 02:39:04: [killlog.amxx] [VALET]:  round start [T] score: 0 [CT] score: 1!
L 06/11/2020 - 02:40:49: [killlog.amxx] [VALET]:  round end [T] score: 0 [CT] score: 1!
L 06/11/2020 - 02:40:57: [killlog.amxx] [VALET]:  round start [T] score: 0 [CT] score: 2!
L 06/11/2020 - 02:42:42: [killlog.amxx] [VALET]:  round end [T] score: 0 [CT] score: 2!
L 06/11/2020 - 02:42:50: [killlog.amxx] [VALET]:  round start [T] score: 0 [CT] score: 3!
L 06/11/2020 - 02:44:35: [killlog.amxx] [VALET]:  round end [T] score: 0 [CT] score: 3!
L 06/11/2020 - 02:44:43: [killlog.amxx] [VALET]:  round start [T] score: 0 [CT] score: 4!
L 06/11/2020 - 02:46:28: [killlog.amxx] [VALET]:  round end [T] score: 0 [CT] score: 4!
L 06/11/2020 - 02:46:36: [killlog.amxx] [VALET]:  round start [T] score: 0 [CT] score: 5!
L 06/11/2020 - 02:48:21: [killlog.amxx] [VALET]:  round end [T] score: 0 [CT] score: 5!
L 06/11/2020 - 02:48:29: [killlog.amxx] [VALET]:  round start [T] score: 0 [CT] score: 6!
L 06/11/2020 - 02:50:14: [killlog.amxx] [VALET]:  round end [T] score: 0 [CT] score: 6!
L 06/11/2020 - 02:50:22: [killlog.amxx] [VALET]:  round start [T] score: 0 [CT] score: 7!
L 06/11/2020 - 02:52:07: [killlog.amxx] [VALET]:  round end [T] score: 0 [CT] score: 7!
L 06/11/2020 - 02:52:15: [killlog.amxx] [VALET]:  round start [T] score: 0 [CT] score: 8!
L 06/11/2020 - 02:54:00: [killlog.amxx] [VALET]:  round end [T] score: 0 [CT] score: 8!
L 06/11/2020 - 02:54:08: [killlog.amxx] [VALET]:  round start [T] score: 0 [CT] score: 9!
L 06/11/2020 - 02:55:53: [killlog.amxx] [VALET]:  round end [T] score: 0 [CT] score: 9!
L 06/11/2020 - 02:56:01: [killlog.amxx] [VALET]:  round start [T] score: 0 [CT] score: 10!
L 06/11/2020 - 02:57:46: [killlog.amxx] [VALET]:  round end [T] score: 0 [CT] score: 10!
L 06/11/2020 - 02:57:54: [killlog.amxx] [VALET]:  round start [T] score: 0 [CT] score: 11!
L 06/11/2020 - 02:59:39: [killlog.amxx] [VALET]:  round end [T] score: 0 [CT] score: 11!
L 06/11/2020 - 02:59:47: [killlog.amxx] [VALET]:  round start [T] score: 0 [CT] score: 12!
L 06/11/2020 - 03:01:32: [killlog.amxx] [VALET]:  round end [T] score: 0 [CT] score: 12!
L 06/11/2020 - 03:01:40: [killlog.amxx] [VALET]:  round start [T] score: 0 [CT] score: 13!
L 06/11/2020 - 03:03:25: [killlog.amxx] [VALET]:  round end [T] score: 0 [CT] score: 13!
L 06/11/2020 - 03:03:33: [killlog.amxx] [VALET]:  round start [T] score: 0 [CT] score: 14!
L 06/11/2020 - 03:05:18: [killlog.amxx] [VALET]:  round end [T] score: 0 [CT] score: 14!
L 06/11/2020 - 03:05:26: [killlog.amxx] [VALET]:  round start [T] score: 0 [CT] score: 15!
L 06/11/2020 - 03:07:11: [killlog.amxx] [VALET]:  round end [T] score: 0 [CT] score: 15!
L 06/11/2020 - 03:07:19: [killlog.amxx] [VALET]:  round start [T] score: 0 [CT] score: 16!
L 06/11/2020 - 03:09:04: [killlog.amxx] [VALET]:  round end [T] score: 0 [CT] score: 16!
L 06/11/2020 - 03:09:12: [killlog.amxx] [VALET]:  round start [T] score: 0 [CT] score: 17!
L 06/11/2020 - 03:10:57: [killlog.amxx] [VALET]:  round end [T] score: 0 [CT] score: 17!
L 06/11/2020 - 03:11:05: [killlog.amxx] [VALET]:  round start [T] score: 0 [CT] score: 18!
L 06/11/2020 - 03:12:50: [killlog.amxx] [VALET]:  round end [T] score: 0 [CT] score: 18!
L 06/11/2020 - 03:12:58: [killlog.amxx] [VALET]:  round start [T] score: 0 [CT] score: 19!
L 06/11/2020 - 03:14:43: [killlog.amxx] [VALET]:  round end [T] score: 0 [CT] score: 19!
L 06/11/2020 - 03:14:51: [killlog.amxx] [VALET]:  round start [T] score: 0 [CT] score: 20!
L 06/11/2020 - 03:16:36: [killlog.amxx] [VALET]:  round end [T] score: 0 [CT] score: 20!
L 06/11/2020 - 03:16:44: [killlog.amxx] [VALET]:  round start [T] score: 0 [CT] score: 21!
L 06/11/2020 - 03:16:58: [mapchooser4.amxx] Vote: Voting for the nextmap started
L 06/11/2020 - 03:17:08: [mapchooser4.amxx] Vote: Voting for the nextmap finished. The nextmap will be de_dust2
L 06/11/2020 - 03:18:29: [killlog.amxx] [VALET]:  round end [T] score: 0 [CT] score: 21!
L 06/11/2020 - 03:18:37: [killlog.amxx] [VALET]:  round start [T] score: 0 [CT] score: 22!
L 06/11/2020 - 03:20:22: [killlog.amxx] [VALET]:  round end [T] score: 0 [CT] score: 22!
L 06/11/2020 - 03:20:37: -------- Mapchange to de_dust2 --------
L 06/11/2020 - 03:20:37: [mapchooser4.amxx] Found 51 maps in maps folder
L 06/11/2020 - 03:20:41: [killlog.amxx] [VALET]:  round start [T] score: 0 [CT] score: 0!
L 06/11/2020 - 03:20:44: [mapchooser4.amxx] xvars for mapchooser 4 setuped.
L 06/11/2020 - 03:22:26: [killlog.amxx] [VALET]:  round end [T] score: 0 [CT] score: 0!
L 06/11/2020 - 03:22:34: [killlog.amxx] [VALET]:  round start [T] score: 0 [CT] score: 1!
L 06/11/2020 - 03:24:19: [killlog.amxx] [VALET]:  round end [T] score: 0 [CT] score: 1!
L 06/11/2020 - 03:24:27: [killlog.amxx] [VALET]:  round start [T] score: 0 [CT] score: 2!
L 06/11/2020 - 03:26:12: [killlog.amxx] [VALET]:  round end [T] score: 0 [CT] score: 2!
L 06/11/2020 - 03:26:20: [killlog.amxx] [VALET]:  round start [T] score: 0 [CT] score: 3!
L 06/11/2020 - 03:28:05: [killlog.amxx] [VALET]:  round end [T] score: 0 [CT] score: 3!
L 06/11/2020 - 03:28:13: [killlog.amxx] [VALET]:  round start [T] score: 0 [CT] score: 4!
L 06/11/2020 - 03:29:58: [killlog.amxx] [VALET]:  round end [T] score: 0 [CT] score: 4!
L 06/11/2020 - 03:30:06: [killlog.amxx] [VALET]:  round start [T] score: 0 [CT] score: 5!
L 06/11/2020 - 03:31:51: [killlog.amxx] [VALET]:  round end [T] score: 0 [CT] score: 5!
L 06/11/2020 - 03:31:59: [killlog.amxx] [VALET]:  round start [T] score: 0 [CT] score: 6!
L 06/11/2020 - 03:33:44: [killlog.amxx] [VALET]:  round end [T] score: 0 [CT] score: 6!
L 06/11/2020 - 03:33:52: [killlog.amxx] [VALET]:  round start [T] score: 0 [CT] score: 7!
L 06/11/2020 - 03:35:37: [killlog.amxx] [VALET]:  round end [T] score: 0 [CT] score: 7!
L 06/11/2020 - 03:35:45: [killlog.amxx] [VALET]:  round start [T] score: 0 [CT] score: 8!
L 06/11/2020 - 03:37:30: [killlog.amxx] [VALET]:  round end [T] score: 0 [CT] score: 8!
L 06/11/2020 - 03:37:38: [killlog.amxx] [VALET]:  round start [T] score: 0 [CT] score: 9!
L 06/11/2020 - 03:39:23: [killlog.amxx] [VALET]:  round end [T] score: 0 [CT] score: 9!
L 06/11/2020 - 03:39:31: [killlog.amxx] [VALET]:  round start [T] score: 0 [CT] score: 10!
L 06/11/2020 - 03:41:16: [killlog.amxx] [VALET]:  round end [T] score: 0 [CT] score: 10!
L 06/11/2020 - 03:41:24: [killlog.amxx] [VALET]:  round start [T] score: 0 [CT] score: 11!
L 06/11/2020 - 03:43:09: [killlog.amxx] [VALET]:  round end [T] score: 0 [CT] score: 11!
L 06/11/2020 - 03:43:17: [killlog.amxx] [VALET]:  round start [T] score: 0 [CT] score: 12!
L 06/11/2020 - 03:45:02: [killlog.amxx] [VALET]:  round end [T] score: 0 [CT] score: 12!
L 06/11/2020 - 03:45:10: [killlog.amxx] [VALET]:  round start [T] score: 0 [CT] score: 13!
L 06/11/2020 - 03:46:55: [killlog.amxx] [VALET]:  round end [T] score: 0 [CT] score: 13!
L 06/11/2020 - 03:47:03: [killlog.amxx] [VALET]:  round start [T] score: 0 [CT] score: 14!
L 06/11/2020 - 03:48:48: [killlog.amxx] [VALET]:  round end [T] score: 0 [CT] score: 14!
L 06/11/2020 - 03:48:56: [killlog.amxx] [VALET]:  round start [T] score: 0 [CT] score: 15!
L 06/11/2020 - 03:50:41: [killlog.amxx] [VALET]:  round end [T] score: 0 [CT] score: 15!
L 06/11/2020 - 03:50:49: [killlog.amxx] [VALET]:  round start [T] score: 0 [CT] score: 16!
L 06/11/2020 - 03:52:34: [killlog.amxx] [VALET]:  round end [T] score: 0 [CT] score: 16!
L 06/11/2020 - 03:52:42: [killlog.amxx] [VALET]:  round start [T] score: 0 [CT] score: 17!
L 06/11/2020 - 03:54:28: [killlog.amxx] [VALET]:  round end [T] score: 0 [CT] score: 17!
L 06/11/2020 - 03:54:36: [killlog.amxx] [VALET]:  round start [T] score: 0 [CT] score: 18!
L 06/11/2020 - 03:56:21: [killlog.amxx] [VALET]:  round end [T] score: 0 [CT] score: 18!
L 06/11/2020 - 03:56:29: [killlog.amxx] [VALET]:  round start [T] score: 0 [CT] score: 19!
L 06/11/2020 - 03:58:14: [killlog.amxx] [VALET]:  round end [T] score: 0 [CT] score: 19!
L 06/11/2020 - 03:58:22: [killlog.amxx] [VALET]:  round start [T] score: 0 [CT] score: 20!
L 06/11/2020 - 04:00:07: [killlog.amxx] [VALET]:  round end [T] score: 0 [CT] score: 20!
L 06/11/2020 - 04:00:15: [killlog.amxx] [VALET]:  round start [T] score: 0 [CT] score: 21!
L 06/11/2020 - 04:00:28: [mapchooser4.amxx] Vote: Voting for the nextmap started
L 06/11/2020 - 04:00:39: [mapchooser4.amxx] Vote: Voting for the nextmap finished. The nextmap will be de_inferno
L 06/11/2020 - 04:02:00: [killlog.amxx] [VALET]:  round end [T] score: 0 [CT] score: 21!
L 06/11/2020 - 04:02:08: [killlog.amxx] [VALET]:  round start [T] score: 0 [CT] score: 22!
L 06/11/2020 - 04:03:53: [killlog.amxx] [VALET]:  round end [T] score: 0 [CT] score: 22!
L 06/11/2020 - 04:04:08: -------- Mapchange to de_inferno --------
L 06/11/2020 - 04:04:08: [mapchooser4.amxx] Found 51 maps in maps folder
L 06/11/2020 - 04:04:12: [killlog.amxx] [VALET]:  round start [T] score: 0 [CT] score: 0!
L 06/11/2020 - 04:04:15: [mapchooser4.amxx] xvars for mapchooser 4 setuped.
L 06/11/2020 - 04:05:57: [killlog.amxx] [VALET]:  round end [T] score: 0 [CT] score: 0!
L 06/11/2020 - 04:06:05: [killlog.amxx] [VALET]:  round start [T] score: 0 [CT] score: 1!
L 06/11/2020 - 04:07:50: [killlog.amxx] [VALET]:  round end [T] score: 0 [CT] score: 1!
L 06/11/2020 - 04:07:58: [killlog.amxx] [VALET]:  round start [T] score: 0 [CT] score: 2!
L 06/11/2020 - 04:09:43: [killlog.amxx] [VALET]:  round end [T] score: 0 [CT] score: 2!
L 06/11/2020 - 04:09:51: [killlog.amxx] [VALET]:  round start [T] score: 0 [CT] score: 3!
L 06/11/2020 - 04:11:36: [killlog.amxx] [VALET]:  round end [T] score: 0 [CT] score: 3!
L 06/11/2020 - 04:11:44: [killlog.amxx] [VALET]:  round start [T] score: 0 [CT] score: 4!
L 06/11/2020 - 04:13:29: [killlog.amxx] [VALET]:  round end [T] score: 0 [CT] score: 4!
L 06/11/2020 - 04:13:37: [killlog.amxx] [VALET]:  round start [T] score: 0 [CT] score: 5!
L 06/11/2020 - 04:15:22: [killlog.amxx] [VALET]:  round end [T] score: 0 [CT] score: 5!
L 06/11/2020 - 04:15:30: [killlog.amxx] [VALET]:  round start [T] score: 0 [CT] score: 6!
L 06/11/2020 - 04:17:15: [killlog.amxx] [VALET]:  round end [T] score: 0 [CT] score: 6!
L 06/11/2020 - 04:17:23: [killlog.amxx] [VALET]:  round start [T] score: 0 [CT] score: 7!
L 06/11/2020 - 04:19:08: [killlog.amxx] [VALET]:  round end [T] score: 0 [CT] score: 7!
L 06/11/2020 - 04:19:16: [killlog.amxx] [VALET]:  round start [T] score: 0 [CT] score: 8!
L 06/11/2020 - 04:21:01: [killlog.amxx] [VALET]:  round end [T] score: 0 [CT] score: 8!
L 06/11/2020 - 04:21:09: [killlog.amxx] [VALET]:  round start [T] score: 0 [CT] score: 9!
L 06/11/2020 - 04:22:54: [killlog.amxx] [VALET]:  round end [T] score: 0 [CT] score: 9!
L 06/11/2020 - 04:23:02: [killlog.amxx] [VALET]:  round start [T] score: 0 [CT] score: 10!
L 06/11/2020 - 04:24:47: [killlog.amxx] [VALET]:  round end [T] score: 0 [CT] score: 10!
L 06/11/2020 - 04:24:55: [killlog.amxx] [VALET]:  round start [T] score: 0 [CT] score: 11!
L 06/11/2020 - 04:26:40: [killlog.amxx] [VALET]:  round end [T] score: 0 [CT] score: 11!
L 06/11/2020 - 04:26:48: [killlog.amxx] [VALET]:  round start [T] score: 0 [CT] score: 12!
L 06/11/2020 - 04:28:33: [killlog.amxx] [VALET]:  round end [T] score: 0 [CT] score: 12!
L 06/11/2020 - 04:28:41: [killlog.amxx] [VALET]:  round start [T] score: 0 [CT] score: 13!
L 06/11/2020 - 04:30:26: [killlog.amxx] [VALET]:  round end [T] score: 0 [CT] score: 13!
L 06/11/2020 - 04:30:34: [killlog.amxx] [VALET]:  round start [T] score: 0 [CT] score: 14!
L 06/11/2020 - 04:32:19: [killlog.amxx] [VALET]:  round end [T] score: 0 [CT] score: 14!
L 06/11/2020 - 04:32:27: [killlog.amxx] [VALET]:  round start [T] score: 0 [CT] score: 15!
L 06/11/2020 - 04:34:12: [killlog.amxx] [VALET]:  round end [T] score: 0 [CT] score: 15!
L 06/11/2020 - 04:34:20: [killlog.amxx] [VALET]:  round start [T] score: 0 [CT] score: 16!
L 06/11/2020 - 04:36:05: [killlog.amxx] [VALET]:  round end [T] score: 0 [CT] score: 16!
L 06/11/2020 - 04:36:13: [killlog.amxx] [VALET]:  round start [T] score: 0 [CT] score: 17!
L 06/11/2020 - 04:37:58: [killlog.amxx] [VALET]:  round end [T] score: 0 [CT] score: 17!
L 06/11/2020 - 04:38:06: [killlog.amxx] [VALET]:  round start [T] score: 0 [CT] score: 18!
L 06/11/2020 - 04:39:51: [killlog.amxx] [VALET]:  round end [T] score: 0 [CT] score: 18!
L 06/11/2020 - 04:39:59: [killlog.amxx] [VALET]:  round start [T] score: 0 [CT] score: 19!
L 06/11/2020 - 04:41:44: [killlog.amxx] [VALET]:  round end [T] score: 0 [CT] score: 19!
L 06/11/2020 - 04:41:52: [killlog.amxx] [VALET]:  round start [T] score: 0 [CT] score: 20!
L 06/11/2020 - 04:43:37: [killlog.amxx] [VALET]:  round end [T] score: 0 [CT] score: 20!
L 06/11/2020 - 04:43:45: [killlog.amxx] [VALET]:  round start [T] score: 0 [CT] score: 21!
L 06/11/2020 - 04:43:59: [mapchooser4.amxx] Vote: Voting for the nextmap started
L 06/11/2020 - 04:44:09: [mapchooser4.amxx] Vote: Voting for the nextmap finished. The nextmap will be de_nuke
L 06/11/2020 - 04:45:30: [killlog.amxx] [VALET]:  round end [T] score: 0 [CT] score: 21!
L 06/11/2020 - 04:45:38: [killlog.amxx] [VALET]:  round start [T] score: 0 [CT] score: 22!
L 06/11/2020 - 04:47:23: [killlog.amxx] [VALET]:  round end [T] score: 0 [CT] score: 22!
L 06/11/2020 - 04:47:38: -------- Mapchange to de_nuke --------
L 06/11/2020 - 04:47:38: [mapchooser4.amxx] Found 51 maps in maps folder
L 06/11/2020 - 04:47:43: [killlog.amxx] [VALET]:  round start [T] score: 0 [CT] score: 0!
L 06/11/2020 - 04:47:46: [mapchooser4.amxx] xvars for mapchooser 4 setuped.
L 06/11/2020 - 04:49:28: [killlog.amxx] [VALET]:  round end [T] score: 0 [CT] score: 0!
L 06/11/2020 - 04:49:36: [killlog.amxx] [VALET]:  round start [T] score: 0 [CT] score: 1!
L 06/11/2020 - 04:51:21: [killlog.amxx] [VALET]:  round end [T] score: 0 [CT] score: 1!
L 06/11/2020 - 04:51:29: [killlog.amxx] [VALET]:  round start [T] score: 0 [CT] score: 2!
L 06/11/2020 - 04:53:14: [killlog.amxx] [VALET]:  round end [T] score: 0 [CT] score: 2!
L 06/11/2020 - 04:53:22: [killlog.amxx] [VALET]:  round start [T] score: 0 [CT] score: 3!
L 06/11/2020 - 04:55:07: [killlog.amxx] [VALET]:  round end [T] score: 0 [CT] score: 3!
L 06/11/2020 - 04:55:15: [killlog.amxx] [VALET]:  round start [T] score: 0 [CT] score: 4!
L 06/11/2020 - 04:57:00: [killlog.amxx] [VALET]:  round end [T] score: 0 [CT] score: 4!
L 06/11/2020 - 04:57:08: [killlog.amxx] [VALET]:  round start [T] score: 0 [CT] score: 5!
L 06/11/2020 - 04:58:53: [killlog.amxx] [VALET]:  round end [T] score: 0 [CT] score: 5!
L 06/11/2020 - 04:59:01: [killlog.amxx] [VALET]:  round start [T] score: 0 [CT] score: 6!
L 06/11/2020 - 05:00:46: [killlog.amxx] [VALET]:  round end [T] score: 0 [CT] score: 6!
L 06/11/2020 - 05:00:54: [killlog.amxx] [VALET]:  round start [T] score: 0 [CT] score: 7!
L 06/11/2020 - 05:02:39: [killlog.amxx] [VALET]:  round end [T] score: 0 [CT] score: 7!
L 06/11/2020 - 05:02:47: [killlog.amxx] [VALET]:  round start [T] score: 0 [CT] score: 8!
L 06/11/2020 - 05:04:32: [killlog.amxx] [VALET]:  round end [T] score: 0 [CT] score: 8!
L 06/11/2020 - 05:04:40: [killlog.amxx] [VALET]:  round start [T] score: 0 [CT] score: 9!
L 06/11/2020 - 05:06:25: [killlog.amxx] [VALET]:  round end [T] score: 0 [CT] score: 9!
L 06/11/2020 - 05:06:33: [killlog.amxx] [VALET]:  round start [T] score: 0 [CT] score: 10!
L 06/11/2020 - 05:08:18: [killlog.amxx] [VALET]:  round end [T] score: 0 [CT] score: 10!
L 06/11/2020 - 05:08:26: [killlog.amxx] [VALET]:  round start [T] score: 0 [CT] score: 11!
L 06/11/2020 - 05:10:11: [killlog.amxx] [VALET]:  round end [T] score: 0 [CT] score: 11!
L 06/11/2020 - 05:10:19: [killlog.amxx] [VALET]:  round start [T] score: 0 [CT] score: 12!
L 06/11/2020 - 05:12:04: [killlog.amxx] [VALET]:  round end [T] score: 0 [CT] score: 12!
L 06/11/2020 - 05:12:12: [killlog.amxx] [VALET]:  round start [T] score: 0 [CT] score: 13!
L 06/11/2020 - 05:13:57: [killlog.amxx] [VALET]:  round end [T] score: 0 [CT] score: 13!
L 06/11/2020 - 05:14:05: [killlog.amxx] [VALET]:  round start [T] score: 0 [CT] score: 14!
L 06/11/2020 - 05:15:50: [killlog.amxx] [VALET]:  round end [T] score: 0 [CT] score: 14!
L 06/11/2020 - 05:15:58: [killlog.amxx] [VALET]:  round start [T] score: 0 [CT] score: 15!
L 06/11/2020 - 05:17:43: [killlog.amxx] [VALET]:  round end [T] score: 0 [CT] score: 15!
L 06/11/2020 - 05:17:51: [killlog.amxx] [VALET]:  round start [T] score: 0 [CT] score: 16!
L 06/11/2020 - 05:19:36: [killlog.amxx] [VALET]:  round end [T] score: 0 [CT] score: 16!
L 06/11/2020 - 05:19:44: [killlog.amxx] [VALET]:  round start [T] score: 0 [CT] score: 17!
L 06/11/2020 - 05:21:29: [killlog.amxx] [VALET]:  round end [T] score: 0 [CT] score: 17!
L 06/11/2020 - 05:21:37: [killlog.amxx] [VALET]:  round start [T] score: 0 [CT] score: 18!
L 06/11/2020 - 05:23:22: [killlog.amxx] [VALET]:  round end [T] score: 0 [CT] score: 18!
L 06/11/2020 - 05:23:30: [killlog.amxx] [VALET]:  round start [T] score: 0 [CT] score: 19!
L 06/11/2020 - 05:25:15: [killlog.amxx] [VALET]:  round end [T] score: 0 [CT] score: 19!
L 06/11/2020 - 05:25:23: [killlog.amxx] [VALET]:  round start [T] score: 0 [CT] score: 20!
L 06/11/2020 - 05:27:08: [killlog.amxx] [VALET]:  round end [T] score: 0 [CT] score: 20!
L 06/11/2020 - 05:27:16: [killlog.amxx] [VALET]:  round start [T] score: 0 [CT] score: 21!
L 06/11/2020 - 05:27:30: [mapchooser4.amxx] Vote: Voting for the nextmap started
L 06/11/2020 - 05:27:40: [mapchooser4.amxx] Vote: Voting for the nextmap finished. The nextmap will be cs_assault
L 06/11/2020 - 05:29:01: [killlog.amxx] [VALET]:  round end [T] score: 0 [CT] score: 21!
L 06/11/2020 - 05:29:09: [killlog.amxx] [VALET]:  round start [T] score: 0 [CT] score: 22!
L 06/11/2020 - 05:30:54: [killlog.amxx] [VALET]:  round end [T] score: 0 [CT] score: 22!
L 06/11/2020 - 05:31:09: -------- Mapchange to cs_assault --------
L 06/11/2020 - 05:31:09: [mapchooser4.amxx] Found 51 maps in maps folder
L 06/11/2020 - 05:31:13: [killlog.amxx] [VALET]:  round start [T] score: 0 [CT] score: 0!
L 06/11/2020 - 05:31:16: [mapchooser4.amxx] xvars for mapchooser 4 setuped.
L 06/11/2020 - 05:32:58: [killlog.amxx] [VALET]:  round end [T] score: 0 [CT] score: 0!
L 06/11/2020 - 05:33:06: [killlog.amxx] [VALET]:  round start [T] score: 1 [CT] score: 0!
L 06/11/2020 - 05:34:51: [killlog.amxx] [VALET]:  round end [T] score: 1 [CT] score: 0!
L 06/11/2020 - 05:34:59: [killlog.amxx] [VALET]:  round start [T] score: 2 [CT] score: 0!
L 06/11/2020 - 05:36:44: [killlog.amxx] [VALET]:  round end [T] score: 2 [CT] score: 0!
L 06/11/2020 - 05:36:52: [killlog.amxx] [VALET]:  round start [T] score: 3 [CT] score: 0!
L 06/11/2020 - 05:38:37: [killlog.amxx] [VALET]:  round end [T] score: 3 [CT] score: 0!
L 06/11/2020 - 05:38:45: [killlog.amxx] [VALET]:  round start [T] score: 4 [CT] score: 0!
L 06/11/2020 - 05:40:30: [killlog.amxx] [VALET]:  round end [T] score: 4 [CT] score: 0!
L 06/11/2020 - 05:40:38: [killlog.amxx] [VALET]:  round start [T] score: 5 [CT] score: 0!
L 06/11/2020 - 05:42:23: [killlog.amxx] [VALET]:  round end [T] score: 5 [CT] score: 0!
L 06/11/2020 - 05:42:31: [killlog.amxx] [VALET]:  round start [T] score: 6 [CT] score: 0!
L 06/11/2020 - 05:44:16: [killlog.amxx] [VALET]:  round end [T] score: 6 [CT] score: 0!
L 06/11/2020 - 05:44:24: [killlog.amxx] [VALET]:  round start [T] score: 7 [CT] score: 0!
L 06/11/2020 - 05:46:09: [killlog.amxx] [VALET]:  round end [T] score: 7 [CT] score: 0!
L 06/11/2020 - 05:46:17: [killlog.amxx] [VALET]:  round start [T] score: 8 [CT] score: 0!
L 06/11/2020 - 05:48:02: [killlog.amxx] [VALET]:  round end [T] score: 8 [CT] score: 0!
L 06/11/2020 - 05:48:10: [killlog.amxx] [VALET]:  round start [T] score: 9 [CT] score: 0!
L 06/11/2020 - 05:49:55: [killlog.amxx] [VALET]:  round end [T] score: 9 [CT] score: 0!
L 06/11/2020 - 05:50:03: [killlog.amxx] [VALET]:  round start [T] score: 10 [CT] score: 0!
L 06/11/2020 - 05:51:48: [killlog.amxx] [VALET]:  round end [T] score: 10 [CT] score: 0!
L 06/11/2020 - 05:51:56: [killlog.amxx] [VALET]:  round start [T] score: 11 [CT] score: 0!
L 06/11/2020 - 05:53:41: [killlog.amxx] [VALET]:  round end [T] score: 11 [CT] score: 0!
L 06/11/2020 - 05:53:49: [killlog.amxx] [VALET]:  round start [T] score: 12 [CT] score: 0!
L 06/11/2020 - 05:55:34: [killlog.amxx] [VALET]:  round end [T] score: 12 [CT] score: 0!
L 06/11/2020 - 05:55:42: [killlog.amxx] [VALET]:  round start [T] score: 13 [CT] score: 0!
L 06/11/2020 - 05:57:27: [killlog.amxx] [VALET]:  round end [T] score: 13 [CT] score: 0!
L 06/11/2020 - 05:57:35: [killlog.amxx] [VALET]:  round start [T] score: 14 [CT] score: 0!
L 06/11/2020 - 05:59:20: [killlog.amxx] [VALET]:  round end [T] score: 14 [CT] score: 0!
L 06/11/2020 - 05:59:28: [killlog.amxx] [VALET]:  round start [T] score: 15 [CT] score: 0!
L 06/11/2020 - 06:01:13: [killlog.amxx] [VALET]:  round end [T] score: 15 [CT] score: 0!
L 06/11/2020 - 06:01:21: [killlog.amxx] [VALET]:  round start [T] score: 16 [CT] score: 0!
L 06/11/2020 - 06:03:06: [killlog.amxx] [VALET]:  round end [T] score: 16 [CT] score: 0!
L 06/11/2020 - 06:03:14: [killlog.amxx] [VALET]:  round start [T] score: 17 [CT] score: 0!
L 06/11/2020 - 06:04:59: [killlog.amxx] [VALET]:  round end [T] score: 17 [CT] score: 0!
L 06/11/2020 - 06:05:07: [killlog.amxx] [VALET]:  round start [T] score: 18 [CT] score: 0!
L 06/11/2020 - 06:06:52: [killlog.amxx] [VALET]:  round end [T] score: 18 [CT] score: 0!
L 06/11/2020 - 06:07:00: [killlog.amxx] [VALET]:  round start [T] score: 19 [CT] score: 0!
L 06/11/2020 - 06:08:45: [killlog.amxx] [VALET]:  round end [T] score: 19 [CT] score: 0!
L 06/11/2020 - 06:08:53: [killlog.amxx] [VALET]:  round start [T] score: 20 [CT] score: 0!
L 06/11/2020 - 06:10:38: [killlog.amxx] [VALET]:  round end [T] score: 20 [CT] score: 0!
L 06/11/2020 - 06:10:46: [killlog.amxx] [VALET]:  round start [T] score: 21 [CT] score: 0!
L 06/11/2020 - 06:11:00: [mapchooser4.amxx] Vote: Voting for the nextmap started
L 06/11/2020 - 06:11:10: [mapchooser4.amxx] Vote: Voting for the nextmap finished. The nextmap will be cs_italy
L 06/11/2020 - 06:12:31: [killlog.amxx] [VALET]:  round end [T] score: 21 [CT] score: 0!
L 06/11/2020 - 06:12:39: [killlog.amxx] [VALET]:  round start [T] score: 22 [CT] score: 0!
L 06/11/2020 - 06:14:24: [killlog.amxx] [VALET]:  round end [T] score: 22 [CT] score: 0!
L 06/11/2020 - 06:14:40: -------- Mapchange to cs_italy --------
L 06/11/2020 - 06:14:40: [mapchooser4.amxx] Found 51 maps in maps folder
L 06/11/2020 - 06:14:44: [killlog.amxx] [VALET]:  round start [T] score: 0 [CT] score: 0!
L 06/11/2020 - 06:14:47: [mapchooser4.amxx] xvars for mapchooser 4 setuped.
L 06/11/2020 - 06:16:29: [killlog.amxx] [VALET]:  round end [T] score: 0 [CT] score: 0!
L 06/11/2020 - 06:16:37: [killlog.amxx] [VALET]:  round start [T] score: 1 [CT] score: 0!
L 06/11/2020 - 06:18:22: [killlog.amxx] [VALET]:  round end [T] score: 1 [CT] score: 0!
L 06/11/2020 - 06:18:30: [killlog.amxx] [VALET]:  round start [T] score: 2 [CT] score: 0!
L 06/11/2020 - 06:20:15: [killlog.amxx] [VALET]:  round end [T] score: 2 [CT] score: 0!
L 06/11/2020 - 06:20:23: [killlog.amxx] [VALET]:  round start [T] score: 3 [CT] score: 0!
L 06/11/2020 - 06:22:08: [killlog.amxx] [VALET]:  round end [T] score: 3 [CT] score: 0!
L 06/11/2020 - 06:22:16: [killlog.amxx] [VALET]:  round start [T] score: 4 [CT] score: 0!
L 06/11/2020 - 06:24:01: [killlog.amxx] [VALET]:  round end [T] score: 4 [CT] score: 0!
L 06/11/2020 - 06:24:09: [killlog.amxx] [VALET]:  round start [T] score: 5 [CT] score: 0!
L 06/11/2020 - 06:25:54: [killlog.amxx] [VALET]:  round end [T] score: 5 [CT] score: 0!
L 06/11/2020 - 06:26:02: [killlog.amxx] [VALET]:  round start [T] score: 6 [CT] score: 0!
L 06/11/2020 - 06:27:47: [killlog.amxx] [VALET]:  round end [T] score: 6 [CT] score: 0!
L 06/11/2020 - 06:27:55: [killlog.amxx] [VALET]:  round start [T] score: 7 [CT] score: 0!
L 06/11/2020 - 06:29:40: [killlog.amxx] [VALET]:  round end [T] score: 7 [CT] score: 0!
L 06/11/2020 - 06:29:48: [killlog.amxx] [VALET]:  round start [T] score: 8 [CT] score: 0!
L 06/11/2020 - 06:31:33: [killlog.amxx] [VALET]:  round end [T] score: 8 [CT] score: 0!
L 06/11/2020 - 06:31:41: [killlog.amxx] [VALET]:  round start [T] score: 9 [CT] score: 0!
L 06/11/2020 - 06:33:26: [killlog.amxx] [VALET]:  round end [T] score: 9 [CT] score: 0!
L 06/11/2020 - 06:33:34: [killlog.amxx] [VALET]:  round start [T] score: 10 [CT] score: 0!
L 06/11/2020 - 06:35:19: [killlog.amxx] [VALET]:  round end [T] score: 10 [CT] score: 0!
L 06/11/2020 - 06:35:27: [killlog.amxx] [VALET]:  round start [T] score: 11 [CT] score: 0!
L 06/11/2020 - 06:37:12: [killlog.amxx] [VALET]:  round end [T] score: 11 [CT] score: 0!
L 06/11/2020 - 06:37:20: [killlog.amxx] [VALET]:  round start [T] score: 12 [CT] score: 0!
L 06/11/2020 - 06:39:05: [killlog.amxx] [VALET]:  round end [T] score: 12 [CT] score: 0!
L 06/11/2020 - 06:39:13: [killlog.amxx] [VALET]:  round start [T] score: 13 [CT] score: 0!
L 06/11/2020 - 06:40:58: [killlog.amxx] [VALET]:  round end [T] score: 13 [CT] score: 0!
L 06/11/2020 - 06:41:06: [killlog.amxx] [VALET]:  round start [T] score: 14 [CT] score: 0!
L 06/11/2020 - 06:42:51: [killlog.amxx] [VALET]:  round end [T] score: 14 [CT] score: 0!
L 06/11/2020 - 06:42:59: [killlog.amxx] [VALET]:  round start [T] score: 15 [CT] score: 0!
L 06/11/2020 - 06:44:44: [killlog.amxx] [VALET]:  round end [T] score: 15 [CT] score: 0!
L 06/11/2020 - 06:44:52: [killlog.amxx] [VALET]:  round start [T] score: 16 [CT] score: 0!
L 06/11/2020 - 06:46:37: [killlog.amxx] [VALET]:  round end [T] score: 16 [CT] score: 0!
L 06/11/2020 - 06:46:45: [killlog.amxx] [VALET]:  round start [T] score: 17 [CT] score: 0!
L 06/11/2020 - 06:48:30: [killlog.amxx] [VALET]:  round end [T] score: 17 [CT] score: 0!
L 06/11/2020 - 06:48:38: [killlog.amxx] [VALET]:  round start [T] score: 18 [CT] score: 0!
L 06/11/2020 - 06:50:23: [killlog.amxx] [VALET]:  round end [T] score: 18 [CT] score: 0!
L 06/11/2020 - 06:50:31: [killlog.amxx] [VALET]:  round start [T] score: 19 [CT] score: 0!
L 06/11/2020 - 06:52:16: [killlog.amxx] [VALET]:  round end [T] score: 19 [CT] score: 0!
L 06/11/2020 - 06:52:24: [killlog.amxx] [VALET]:  round start [T] score: 20 [CT] score: 0!
L 06/11/2020 - 06:54:09: [killlog.amxx] [VALET]:  round end [T] score: 20 [CT] score: 0!
L 06/11/2020 - 06:54:17: [killlog.amxx] [VALET]:  round start [T] score: 21 [CT] score: 0!
L 06/11/2020 - 06:54:31: [mapchooser4.amxx] Vote: Voting for the nextmap started
L 06/11/2020 - 06:54:41: [mapchooser4.amxx] Vote: Voting for the nextmap finished. The nextmap will be de_train
L 06/11/2020 - 06:56:02: [killlog.amxx] [VALET]:  round end [T] score: 21 [CT] score: 0!
L 06/11/2020 - 06:56:10: [killlog.amxx] [VALET]:  round start [T] score: 22 [CT] score: 0!
L 06/11/2020 - 06:57:55: [killlog.amxx] [VALET]:  round end [T] score: 22 [CT] score: 0!
L 06/11/2020 - 06:58:10: -------- Mapchange to de_train --------
L 06/11/2020 - 06:58:10: [mapchooser4.amxx] Found 51 maps in maps folder
L 06/11/2020 - 06:58:14: [killlog.amxx] [VALET]:  round start [T] score: 0 [CT] score: 0!
L 06/11/2020 - 06:58:18: [mapchooser4.amxx] xvars for mapchooser 4 setuped.
L 06/11/2020 - 06:59:59: [killlog.amxx] [VALET]:  round end [T] score: 0 [CT] score: 0!
L 06/11/2020 - 07:00:07: [killlog.amxx] [VALET]:  round start [T] score: 0 [CT] score: 1!
L 06/11/2020 - 07:01:52: [killlog.amxx] [VALET]:  round end [T] score: 0 [CT] score: 1!
L 06/11/2020 - 07:02:00: [killlog.amxx] [VALET]:  round start [T] score: 0 [CT] score: 2!
L 06/11/2020 - 07:03:45: [killlog.amxx] [VALET]:  round end [T] score: 0 [CT] score: 2!
L 06/11/2020 - 07:03:53: [killlog.amxx] [VALET]:  round start [T] score: 0 [CT] score: 3!
L 06/11/2020 - 07:05:38: [killlog.amxx] [VALET]:  round end [T] score: 0 [CT] score: 3!
L 06/11/2020 - 07:05:47: [killlog.amxx] [VALET]:  round start [T] score: 0 [CT] score: 4!
L 06/11/2020 - 07:07:32: [killlog.amxx] [VALET]:  round end [T] score: 0 [CT] score: 4!
L 06/11/2020 - 07:07:40: [killlog.amxx] [VALET]:  round start [T] score: 0 [CT] score: 5!
L 06/11/2020 - 07:09:25: [killlog.amxx] [VALET]:  round end [T] score: 0 [CT] score: 5!
L 06/11/2020 - 07:09:33: [killlog.amxx] [VALET]:  round start [T] score: 0 [CT] score: 6!
L 06/11/2020 - 07:11:18: [killlog.amxx] [VALET]:  round end [T] score: 0 [CT] score: 6!
L 06/11/2020 - 07:11:26: [killlog.amxx] [VALET]:  round start [T] score: 0 [CT] score: 7!
L 06/11/2020 - 07:13:11: [killlog.amxx] [VALET]:  round end [T] score: 0 [CT] score: 7!
L 06/11/2020 - 07:13:19: [killlog.amxx] [VALET]:  round start [T] score: 0 [CT] score: 8!
L 06/11/2020 - 07:15:04: [killlog.amxx] [VALET]:  round end [T] score: 0 [CT] score: 8!
L 06/11/2020 - 07:15:12: [killlog.amxx] [VALET]:  round start [T] score: 0 [CT] score: 9!
L 06/11/2020 - 07:16:57: [killlog.amxx] [VALET]:  round end [T] score: 0 [CT] score: 9!
L 06/11/2020 - 07:17:05: [killlog.amxx] [VALET]:  round start [T] score: 0 [CT] score: 10!
L 06/11/2020 - 07:18:50: [killlog.amxx] [VALET]:  round end [T] score: 0 [CT] score: 10!
L 06/11/2020 - 07:18:58: [killlog.amxx] [VALET]:  round start [T] score: 0 [CT] score: 11!
L 06/11/2020 - 07:20:43: [killlog.amxx] [VALET]:  round end [T] score: 0 [CT] score: 11!
L 06/11/2020 - 07:20:51: [killlog.amxx] [VALET]:  round start [T] score: 0 [CT] score: 12!
L 06/11/2020 - 07:22:36: [killlog.amxx] [VALET]:  round end [T] score: 0 [CT] score: 12!
L 06/11/2020 - 07:22:44: [killlog.amxx] [VALET]:  round start [T] score: 0 [CT] score: 13!
L 06/11/2020 - 07:24:29: [killlog.amxx] [VALET]:  round end [T] score: 0 [CT] score: 13!
L 06/11/2020 - 07:24:37: [killlog.amxx] [VALET]:  round start [T] score: 0 [CT] score: 14!
L 06/11/2020 - 07:26:22: [killlog.amxx] [VALET]:  round end [T] score: 0 [CT] score: 14!
L 06/11/2020 - 07:26:30: [killlog.amxx] [VALET]:  round start [T] score: 0 [CT] score: 15!
L 06/11/2020 - 07:28:15: [killlog.amxx] [VALET]:  round end [T] score: 0 [CT] score: 15!
L 06/11/2020 - 07:28:23: [killlog.amxx] [VALET]:  round start [T] score: 0 [CT] score: 16!
L 06/11/2020 - 07:30:08: [killlog.amxx] [VALET]:  round end [T] score: 0 [CT] score: 16!
L 06/11/2020 - 07:30:16: [killlog.amxx] [VALET]:  round start [T] score: 0 [CT] score: 17!
L 06/11/2020 - 07:32:01: [killlog.amxx] [VALET]:  round end [T] score: 0 [CT] score: 17!
L 06/11/2020 - 07:32:09: [killlog.amxx] [VALET]:  round start [T] score: 0 [CT] score: 18!
L 06/11/2020 - 07:33:54: [killlog.amxx] [VALET]:  round end [T] score: 0 [CT] score: 18!
L 06/11/2020 - 07:34:02: [killlog.amxx] [VALET]:  round start [T] score: 0 [CT] score: 19!
L 06/11/2020 - 07:35:47: [killlog.amxx] [VALET]:  round end [T] score: 0 [CT] score: 19!
L 06/11/2020 - 07:35:55: [killlog.amxx] [VALET]:  round start [T] score: 0 [CT] score: 20!
L 06/11/2020 - 07:37:40: [killlog.amxx] [VALET]:  round end [T] score: 0 [CT] score: 20!
L 06/11/2020 - 07:37:48: [killlog.amxx] [VALET]:  round start [T] score: 0 [CT] score: 21!
L 06/11/2020 - 07:38:02: [mapchooser4.amxx] Vote: Voting for the nextmap started
L 06/11/2020 - 07:38:12: [mapchooser4.amxx] Vote: Voting for the nextmap finished. The nextmap will be aim_ak-colt
L 06/11/2020 - 07:39:33: [killlog.amxx] [VALET]:  round end [T] score: 0 [CT] score: 21!
L 06/11/2020 - 07:39:41: [killlog.amxx] [VALET]:  round start [T] score: 0 [CT] score: 22!
L 06/11/2020 - 07:41:26: [killlog.amxx] [VALET]:  round end [T] score: 0 [CT] score: 22!
L 06/11/2020 - 07:41:41: -------- Mapchange to aim_ak-colt --------
L 06/11/2020 - 07:41:41: [mapchooser4.amxx] Found 51 maps in maps folder
L 06/11/2020 - 07:41:45: [killlog.amxx] [VALET]:  round start [T] score: 0 [CT] score: 0!
L 06/11/2020 - 07:41:48: [mapchooser4.amxx] xvars for mapchooser 4 setuped.
L 06/11/2020 - 22:24:03: [killlog.amxx] [VALET]: STEAM_0:0:947796992 joined [CT]!
L 06/11/2020 - 22:24:04: [killlog.amxx] [VALET]: STEAM_0:0:947796992 joined [CT]!
L 06/11/2020 - 22:30:32: [killlog.amxx] [VALET]: STEAM_0:0:947796992 disconnected!
L 06/11/2020 - 22:30:32: [killlog.amxx] [VALET]:  round end [T] score: 0 [CT] score: 0!
L 06/11/2020 - 22:30:40: [killlog.amxx] [VALET]:  round start [T] score: 0 [CT] score: 0!
