L 05/04/2020 - 00:05:11: [mapchooser4.amxx] Vote: Voting for the nextmap started
L 05/04/2020 - 00:05:21: [mapchooser4.amxx] Vote: Voting for the nextmap finished. The nextmap will be cs_pf_dust
L 05/04/2020 - 00:07:23: -------- Mapchange to cs_pf_dust --------
L 05/04/2020 - 00:07:23: [mapchooser4.amxx] Found 51 maps in maps folder
L 05/04/2020 - 00:07:31: [mapchooser4.amxx] xvars for mapchooser 4 setuped.
L 05/04/2020 - 01:05:15: [mapchooser4.amxx] Vote: Voting for the nextmap started
L 05/04/2020 - 01:05:25: [mapchooser4.amxx] Vote: Voting for the nextmap finished. The nextmap will be fy_iceworld_2002
L 05/04/2020 - 01:09:12: -------- Mapchange to fy_iceworld_2002 --------
L 05/04/2020 - 01:09:12: [mapchooser4.amxx] Found 51 maps in maps folder
L 05/04/2020 - 01:09:20: [mapchooser4.amxx] xvars for mapchooser 4 setuped.
L 05/04/2020 - 02:07:04: [mapchooser4.amxx] Vote: Voting for the nextmap started
L 05/04/2020 - 02:07:14: [mapchooser4.amxx] Vote: Voting for the nextmap finished. The nextmap will be cs_mansion
L 05/04/2020 - 02:11:01: -------- Mapchange to cs_mansion --------
L 05/04/2020 - 02:11:02: [mapchooser4.amxx] Found 51 maps in maps folder
L 05/04/2020 - 02:11:09: [mapchooser4.amxx] xvars for mapchooser 4 setuped.
L 05/04/2020 - 03:08:53: [mapchooser4.amxx] Vote: Voting for the nextmap started
L 05/04/2020 - 03:09:03: [mapchooser4.amxx] Vote: Voting for the nextmap finished. The nextmap will be de_mirage
L 05/04/2020 - 03:12:50: -------- Mapchange to de_mirage --------
L 05/04/2020 - 03:12:51: [mapchooser4.amxx] Found 51 maps in maps folder
L 05/04/2020 - 03:12:58: [mapchooser4.amxx] xvars for mapchooser 4 setuped.
L 05/04/2020 - 04:10:42: [mapchooser4.amxx] Vote: Voting for the nextmap started
L 05/04/2020 - 04:10:52: [mapchooser4.amxx] Vote: Voting for the nextmap finished. The nextmap will be fy_snow
L 05/04/2020 - 04:14:39: -------- Mapchange to fy_snow --------
L 05/04/2020 - 04:14:39: [mapchooser4.amxx] Found 51 maps in maps folder
L 05/04/2020 - 04:14:46: [mapchooser4.amxx] xvars for mapchooser 4 setuped.
L 05/04/2020 - 05:12:31: [mapchooser4.amxx] Vote: Voting for the nextmap started
L 05/04/2020 - 05:12:41: [mapchooser4.amxx] Vote: Voting for the nextmap finished. The nextmap will be de_dust2_2x2
L 05/04/2020 - 05:16:28: -------- Mapchange to de_dust2_2x2 --------
L 05/04/2020 - 05:16:28: [mapchooser4.amxx] Found 51 maps in maps folder
L 05/04/2020 - 05:16:36: [mapchooser4.amxx] xvars for mapchooser 4 setuped.
L 05/04/2020 - 06:14:20: [mapchooser4.amxx] Vote: Voting for the nextmap started
L 05/04/2020 - 06:14:30: [mapchooser4.amxx] Vote: Voting for the nextmap finished. The nextmap will be de_inferno_2x2
L 05/04/2020 - 06:18:17: -------- Mapchange to de_inferno_2x2 --------
L 05/04/2020 - 06:18:17: [mapchooser4.amxx] Found 51 maps in maps folder
L 05/04/2020 - 06:18:24: [mapchooser4.amxx] xvars for mapchooser 4 setuped.
L 05/04/2020 - 07:16:09: [mapchooser4.amxx] Vote: Voting for the nextmap started
L 05/04/2020 - 07:16:19: [mapchooser4.amxx] Vote: Voting for the nextmap finished. The nextmap will be de_sniper
L 05/04/2020 - 07:20:07: -------- Mapchange to de_sniper --------
L 05/04/2020 - 07:20:07: [mapchooser4.amxx] Found 51 maps in maps folder
L 05/04/2020 - 07:20:14: [mapchooser4.amxx] xvars for mapchooser 4 setuped.
L 05/04/2020 - 08:17:58: [mapchooser4.amxx] Vote: Voting for the nextmap started
L 05/04/2020 - 08:18:08: [mapchooser4.amxx] Vote: Voting for the nextmap finished. The nextmap will be de_snipe_it5
L 05/04/2020 - 08:21:55: -------- Mapchange to de_snipe_it5 --------
L 05/04/2020 - 08:21:56: [mapchooser4.amxx] Found 51 maps in maps folder
L 05/04/2020 - 08:22:03: [mapchooser4.amxx] xvars for mapchooser 4 setuped.
L 05/04/2020 - 09:19:47: [mapchooser4.amxx] Vote: Voting for the nextmap started
L 05/04/2020 - 09:19:57: [mapchooser4.amxx] Vote: Voting for the nextmap finished. The nextmap will be awp_india
L 05/04/2020 - 09:23:44: -------- Mapchange to awp_india --------
L 05/04/2020 - 09:23:44: [mapchooser4.amxx] Found 51 maps in maps folder
L 05/04/2020 - 09:23:52: [mapchooser4.amxx] xvars for mapchooser 4 setuped.
L 05/04/2020 - 10:21:36: [mapchooser4.amxx] Vote: Voting for the nextmap started
L 05/04/2020 - 10:21:46: [mapchooser4.amxx] Vote: Voting for the nextmap finished. The nextmap will be cs_discounter
L 05/04/2020 - 10:25:33: -------- Mapchange to cs_discounter --------
L 05/04/2020 - 10:25:34: [mapchooser4.amxx] Found 51 maps in maps folder
L 05/04/2020 - 10:25:41: [mapchooser4.amxx] xvars for mapchooser 4 setuped.
L 05/04/2020 - 11:23:25: [mapchooser4.amxx] Vote: Voting for the nextmap started
L 05/04/2020 - 11:23:35: [mapchooser4.amxx] Vote: Voting for the nextmap finished. The nextmap will be cs_rats2
L 05/04/2020 - 11:27:23: -------- Mapchange to cs_rats2 --------
L 05/04/2020 - 11:27:23: [mapchooser4.amxx] Found 51 maps in maps folder
L 05/04/2020 - 11:27:30: [mapchooser4.amxx] xvars for mapchooser 4 setuped.
L 05/04/2020 - 12:25:14: [mapchooser4.amxx] Vote: Voting for the nextmap started
L 05/04/2020 - 12:25:24: [mapchooser4.amxx] Vote: Voting for the nextmap finished. The nextmap will be de_rats
L 05/04/2020 - 12:29:12: -------- Mapchange to de_rats --------
L 05/04/2020 - 12:29:13: [mapchooser4.amxx] Found 51 maps in maps folder
L 05/04/2020 - 12:29:20: [mapchooser4.amxx] xvars for mapchooser 4 setuped.
L 05/04/2020 - 13:27:04: [mapchooser4.amxx] Vote: Voting for the nextmap started
L 05/04/2020 - 13:27:14: [mapchooser4.amxx] Vote: Voting for the nextmap finished. The nextmap will be fy_pool_day
L 05/04/2020 - 13:31:01: -------- Mapchange to fy_pool_day --------
L 05/04/2020 - 13:31:02: [mapchooser4.amxx] Found 51 maps in maps folder
L 05/04/2020 - 13:31:09: [mapchooser4.amxx] xvars for mapchooser 4 setuped.
L 05/04/2020 - 14:28:53: [mapchooser4.amxx] Vote: Voting for the nextmap started
L 05/04/2020 - 14:29:03: [mapchooser4.amxx] Vote: Voting for the nextmap finished. The nextmap will be fy_train
L 05/04/2020 - 14:32:51: -------- Mapchange to fy_train --------
L 05/04/2020 - 14:32:51: [mapchooser4.amxx] Found 51 maps in maps folder
L 05/04/2020 - 14:32:58: [mapchooser4.amxx] xvars for mapchooser 4 setuped.
L 05/04/2020 - 15:30:42: [mapchooser4.amxx] Vote: Voting for the nextmap started
L 05/04/2020 - 15:30:52: [mapchooser4.amxx] Vote: Voting for the nextmap finished. The nextmap will be de_aztec
L 05/04/2020 - 15:34:40: -------- Mapchange to de_aztec --------
L 05/04/2020 - 15:34:41: [mapchooser4.amxx] Found 51 maps in maps folder
L 05/04/2020 - 15:34:48: [mapchooser4.amxx] xvars for mapchooser 4 setuped.
L 05/04/2020 - 16:32:32: [mapchooser4.amxx] Vote: Voting for the nextmap started
L 05/04/2020 - 16:32:42: [mapchooser4.amxx] Vote: Voting for the nextmap finished. The nextmap will be de_cbble
L 05/04/2020 - 16:36:30: -------- Mapchange to de_cbble --------
L 05/04/2020 - 16:36:30: [mapchooser4.amxx] Found 51 maps in maps folder
L 05/04/2020 - 16:36:37: [mapchooser4.amxx] xvars for mapchooser 4 setuped.
L 05/04/2020 - 17:34:21: [mapchooser4.amxx] Vote: Voting for the nextmap started
L 05/04/2020 - 17:34:24: [mapchooser4.amxx] Frap chose de_inferno_2x2
L 05/04/2020 - 17:34:31: [mapchooser4.amxx] Vote: Voting for the nextmap finished. The nextmap will be de_inferno_2x2
L 05/04/2020 - 17:38:19: -------- Mapchange to de_inferno_2x2 --------
L 05/04/2020 - 17:38:19: [mapchooser4.amxx] Found 51 maps in maps folder
L 05/04/2020 - 17:38:26: [mapchooser4.amxx] xvars for mapchooser 4 setuped.
L 05/04/2020 - 18:36:10: [mapchooser4.amxx] Vote: Voting for the nextmap started
L 05/04/2020 - 18:36:20: [mapchooser4.amxx] Vote: Voting for the nextmap finished. The nextmap will be de_dust
L 05/04/2020 - 18:40:08: -------- Mapchange to de_dust --------
L 05/04/2020 - 18:40:08: [mapchooser4.amxx] Found 51 maps in maps folder
L 05/04/2020 - 18:40:15: [mapchooser4.amxx] xvars for mapchooser 4 setuped.
L 05/04/2020 - 19:37:59: [mapchooser4.amxx] Vote: Voting for the nextmap started
L 05/04/2020 - 19:38:09: [mapchooser4.amxx] Vote: Voting for the nextmap finished. The nextmap will be de_dust2
L 05/04/2020 - 19:41:57: -------- Mapchange to de_dust2 --------
L 05/04/2020 - 19:41:57: [mapchooser4.amxx] Found 51 maps in maps folder
L 05/04/2020 - 19:42:04: [mapchooser4.amxx] xvars for mapchooser 4 setuped.
L 05/04/2020 - 19:52:24: -------- Mapchange to de_dust2_2x2 --------
L 05/04/2020 - 19:52:25: [mapchooser4.amxx] Found 51 maps in maps folder
L 05/04/2020 - 19:52:32: [mapchooser4.amxx] xvars for mapchooser 4 setuped.
L 05/04/2020 - 21:58:54: [admin.amxx] Login: "RAZ DVA<612><STEAM_0:1:55760822><>" became an admin (account "STEAM_0:1:55760822") (access "cdefjuz") (address "94.25.173.231")
L 05/04/2020 - 23:11:46: [mapchooser4.amxx] Vote: Voting for the nextmap started
L 05/04/2020 - 23:11:56: [mapchooser4.amxx] Vote: Voting for the nextmap finished. The nextmap will be de_nuke
L 05/04/2020 - 23:14:04: -------- Mapchange to de_nuke --------
L 05/04/2020 - 23:14:05: [mapchooser4.amxx] Found 51 maps in maps folder
L 05/04/2020 - 23:14:12: [mapchooser4.amxx] xvars for mapchooser 4 setuped.
