L 04/16/2020 - 00:23:51: [mapchooser.amxx] Vote: Voting for the nextmap started
L 04/16/2020 - 00:24:06: [mapchooser.amxx] Vote: Voting for the nextmap finished. The nextmap will be de_train
L 04/16/2020 - 00:26:15: -------- Mapchange to de_train --------
L 04/16/2020 - 00:54:15: [mapchooser.amxx] Vote: Voting for the nextmap started
L 04/16/2020 - 00:54:30: [mapchooser.amxx] Vote: Voting for the nextmap finished. The nextmap will be aim_ak-colt
L 04/16/2020 - 00:56:39: -------- Mapchange to aim_ak-colt --------
L 04/16/2020 - 01:24:39: [mapchooser.amxx] Vote: Voting for the nextmap started
L 04/16/2020 - 01:24:54: [mapchooser.amxx] Vote: Voting for the nextmap finished. The nextmap will be aim_headshot
L 04/16/2020 - 01:27:03: -------- Mapchange to aim_headshot --------
L 04/16/2020 - 01:55:02: [mapchooser.amxx] Vote: Voting for the nextmap started
L 04/16/2020 - 01:55:17: [mapchooser.amxx] Vote: Voting for the nextmap finished. The nextmap will be aim_map
L 04/16/2020 - 01:57:25: -------- Mapchange to aim_map --------
L 04/16/2020 - 02:25:25: [mapchooser.amxx] Vote: Voting for the nextmap started
L 04/16/2020 - 02:25:40: [mapchooser.amxx] Vote: Voting for the nextmap finished. The nextmap will be cs_16fighter
L 04/16/2020 - 02:27:48: -------- Mapchange to cs_16fighter --------
L 04/16/2020 - 02:55:48: [mapchooser.amxx] Vote: Voting for the nextmap started
L 04/16/2020 - 02:56:03: [mapchooser.amxx] Vote: Voting for the nextmap finished. The nextmap will be cs_pf_dust
L 04/16/2020 - 02:58:11: -------- Mapchange to cs_pf_dust --------
L 04/16/2020 - 03:26:11: [mapchooser.amxx] Vote: Voting for the nextmap started
L 04/16/2020 - 03:26:26: [mapchooser.amxx] Vote: Voting for the nextmap finished. The nextmap will be fy_iceworld_2002
L 04/16/2020 - 03:28:34: -------- Mapchange to fy_iceworld_2002 --------
L 04/16/2020 - 03:56:34: [mapchooser.amxx] Vote: Voting for the nextmap started
L 04/16/2020 - 03:56:49: [mapchooser.amxx] Vote: Voting for the nextmap finished. The nextmap will be cs_mansion
L 04/16/2020 - 03:58:57: -------- Mapchange to cs_mansion --------
L 04/16/2020 - 04:26:57: [mapchooser.amxx] Vote: Voting for the nextmap started
L 04/16/2020 - 04:27:12: [mapchooser.amxx] Vote: Voting for the nextmap finished. The nextmap will be de_dust2_2x2
L 04/16/2020 - 04:29:20: -------- Mapchange to de_dust2_2x2 --------
L 04/16/2020 - 04:57:20: [mapchooser.amxx] Vote: Voting for the nextmap started
L 04/16/2020 - 04:57:35: [mapchooser.amxx] Vote: Voting for the nextmap finished. The nextmap will be de_inferno_2x2
L 04/16/2020 - 04:59:43: -------- Mapchange to de_inferno_2x2 --------
L 04/16/2020 - 05:27:42: [mapchooser.amxx] Vote: Voting for the nextmap started
L 04/16/2020 - 05:27:57: [mapchooser.amxx] Vote: Voting for the nextmap finished. The nextmap will be de_sniper
L 04/16/2020 - 05:30:06: -------- Mapchange to de_sniper --------
L 04/16/2020 - 05:58:06: [mapchooser.amxx] Vote: Voting for the nextmap started
L 04/16/2020 - 05:58:21: [mapchooser.amxx] Vote: Voting for the nextmap finished. The nextmap will be de_snipe_it5
L 04/16/2020 - 06:00:29: -------- Mapchange to de_snipe_it5 --------
L 04/16/2020 - 06:28:29: [mapchooser.amxx] Vote: Voting for the nextmap started
L 04/16/2020 - 06:28:44: [mapchooser.amxx] Vote: Voting for the nextmap finished. The nextmap will be de_mipt
L 04/16/2020 - 06:30:52: -------- Mapchange to de_mipt --------
L 04/16/2020 - 06:58:52: [mapchooser.amxx] Vote: Voting for the nextmap started
L 04/16/2020 - 06:59:07: [mapchooser.amxx] Vote: Voting for the nextmap finished. The nextmap will be cs_discounter
L 04/16/2020 - 07:01:15: -------- Mapchange to cs_discounter --------
L 04/16/2020 - 07:29:15: [mapchooser.amxx] Vote: Voting for the nextmap started
L 04/16/2020 - 07:29:30: [mapchooser.amxx] Vote: Voting for the nextmap finished. The nextmap will be cs_rats2
L 04/16/2020 - 07:31:38: -------- Mapchange to cs_rats2 --------
L 04/16/2020 - 07:59:38: [mapchooser.amxx] Vote: Voting for the nextmap started
L 04/16/2020 - 07:59:53: [mapchooser.amxx] Vote: Voting for the nextmap finished. The nextmap will be de_aztec
L 04/16/2020 - 08:02:01: -------- Mapchange to de_aztec --------
L 04/16/2020 - 08:30:00: [mapchooser.amxx] Vote: Voting for the nextmap started
L 04/16/2020 - 08:30:15: [mapchooser.amxx] Vote: Voting for the nextmap finished. The nextmap will be cs_siege
L 04/16/2020 - 08:32:24: -------- Mapchange to cs_siege --------
L 04/16/2020 - 09:00:23: [mapchooser.amxx] Vote: Voting for the nextmap started
L 04/16/2020 - 09:00:38: [mapchooser.amxx] Vote: Voting for the nextmap finished. The nextmap will be de_cbble
L 04/16/2020 - 09:02:46: -------- Mapchange to de_cbble --------
L 04/16/2020 - 09:30:46: [mapchooser.amxx] Vote: Voting for the nextmap started
L 04/16/2020 - 09:31:01: [mapchooser.amxx] Vote: Voting for the nextmap finished. The nextmap will be de_dust
L 04/16/2020 - 09:33:09: -------- Mapchange to de_dust --------
L 04/16/2020 - 10:01:09: [mapchooser.amxx] Vote: Voting for the nextmap started
L 04/16/2020 - 10:01:24: [mapchooser.amxx] Vote: Voting for the nextmap finished. The nextmap will be de_rats
L 04/16/2020 - 10:03:33: -------- Mapchange to de_rats --------
L 04/16/2020 - 10:31:32: [mapchooser.amxx] Vote: Voting for the nextmap started
L 04/16/2020 - 10:31:47: [mapchooser.amxx] Vote: Voting for the nextmap finished. The nextmap will be de_prodigy
L 04/16/2020 - 10:33:56: -------- Mapchange to de_prodigy --------
L 04/16/2020 - 11:01:55: [mapchooser.amxx] Vote: Voting for the nextmap started
L 04/16/2020 - 11:02:10: [mapchooser.amxx] Vote: Voting for the nextmap finished. The nextmap will be cs_assault
L 04/16/2020 - 11:04:18: -------- Mapchange to cs_assault --------
L 04/16/2020 - 11:32:18: [mapchooser.amxx] Vote: Voting for the nextmap started
L 04/16/2020 - 11:32:33: [mapchooser.amxx] Vote: Voting for the nextmap finished. The nextmap will be cs_italy
L 04/16/2020 - 11:34:41: -------- Mapchange to cs_italy --------
L 04/16/2020 - 12:02:41: [mapchooser.amxx] Vote: Voting for the nextmap started
L 04/16/2020 - 12:02:56: [mapchooser.amxx] Vote: Voting for the nextmap finished. The nextmap will be cs_estate
L 04/16/2020 - 12:05:04: -------- Mapchange to cs_estate --------
L 04/16/2020 - 12:33:04: [mapchooser.amxx] Vote: Voting for the nextmap started
L 04/16/2020 - 12:33:19: [mapchooser.amxx] Vote: Voting for the nextmap finished. The nextmap will be fy_pool_day
L 04/16/2020 - 12:35:27: -------- Mapchange to fy_pool_day --------
L 04/16/2020 - 13:03:28: [mapchooser.amxx] Vote: Voting for the nextmap started
L 04/16/2020 - 13:03:43: [mapchooser.amxx] Vote: Voting for the nextmap finished. The nextmap will be cs_militia
L 04/16/2020 - 13:05:51: -------- Mapchange to cs_militia --------
L 04/16/2020 - 13:33:51: [mapchooser.amxx] Vote: Voting for the nextmap started
L 04/16/2020 - 13:34:06: [mapchooser.amxx] Vote: Voting for the nextmap finished. The nextmap will be de_train
L 04/16/2020 - 13:36:15: -------- Mapchange to de_train --------
L 04/16/2020 - 14:04:14: [mapchooser.amxx] Vote: Voting for the nextmap started
L 04/16/2020 - 14:04:29: [mapchooser.amxx] Vote: Voting for the nextmap finished. The nextmap will be aim_ak-colt
L 04/16/2020 - 14:06:37: -------- Mapchange to aim_ak-colt --------
L 04/16/2020 - 14:34:37: [mapchooser.amxx] Vote: Voting for the nextmap started
L 04/16/2020 - 14:34:52: [mapchooser.amxx] Vote: Voting for the nextmap finished. The nextmap will be aim_headshot
L 04/16/2020 - 14:37:00: -------- Mapchange to aim_headshot --------
L 04/16/2020 - 15:04:59: [mapchooser.amxx] Vote: Voting for the nextmap started
L 04/16/2020 - 15:05:14: [mapchooser.amxx] Vote: Voting for the nextmap finished. The nextmap will be aim_map
L 04/16/2020 - 15:07:23: -------- Mapchange to aim_map --------
L 04/16/2020 - 15:35:22: [mapchooser.amxx] Vote: Voting for the nextmap started
L 04/16/2020 - 15:35:37: [mapchooser.amxx] Vote: Voting for the nextmap finished. The nextmap will be cs_16fighter
L 04/16/2020 - 15:37:46: -------- Mapchange to cs_16fighter --------
L 04/16/2020 - 16:05:45: [mapchooser.amxx] Vote: Voting for the nextmap started
L 04/16/2020 - 16:06:00: [mapchooser.amxx] Vote: Voting for the nextmap finished. The nextmap will be cs_pf_dust
L 04/16/2020 - 16:08:08: -------- Mapchange to cs_pf_dust --------
L 04/16/2020 - 16:36:08: [mapchooser.amxx] Vote: Voting for the nextmap started
L 04/16/2020 - 16:36:23: [mapchooser.amxx] Vote: Voting for the nextmap finished. The nextmap will be fy_iceworld_2002
L 04/16/2020 - 16:38:32: -------- Mapchange to fy_iceworld_2002 --------
L 04/16/2020 - 17:06:33: [mapchooser.amxx] Vote: Voting for the nextmap started
L 04/16/2020 - 17:06:48: [mapchooser.amxx] Vote: Voting for the nextmap finished. The nextmap will be cs_mansion
L 04/16/2020 - 17:08:56: -------- Mapchange to cs_mansion --------
L 04/16/2020 - 17:36:56: [mapchooser.amxx] Vote: Voting for the nextmap started
L 04/16/2020 - 17:37:11: [mapchooser.amxx] Vote: Voting for the nextmap finished. The nextmap will be de_dust2_2x2
L 04/16/2020 - 17:39:20: -------- Mapchange to de_dust2_2x2 --------
L 04/16/2020 - 18:07:20: [mapchooser.amxx] Vote: Voting for the nextmap started
L 04/16/2020 - 18:07:35: [mapchooser.amxx] Vote: Voting for the nextmap finished. The nextmap will be de_inferno_2x2
L 04/16/2020 - 18:09:43: -------- Mapchange to de_inferno_2x2 --------
L 04/16/2020 - 18:37:43: [mapchooser.amxx] Vote: Voting for the nextmap started
L 04/16/2020 - 18:37:58: [mapchooser.amxx] Vote: Voting for the nextmap finished. The nextmap will be de_sniper
L 04/16/2020 - 18:40:08: -------- Mapchange to de_sniper --------
L 04/16/2020 - 19:08:09: [mapchooser.amxx] Vote: Voting for the nextmap started
L 04/16/2020 - 19:08:24: [mapchooser.amxx] Vote: Voting for the nextmap finished. The nextmap will be de_snipe_it5
L 04/16/2020 - 19:10:33: -------- Mapchange to de_snipe_it5 --------
L 04/16/2020 - 19:38:33: [mapchooser.amxx] Vote: Voting for the nextmap started
L 04/16/2020 - 19:38:48: [mapchooser.amxx] Vote: Voting for the nextmap finished. The nextmap will be de_mipt
L 04/16/2020 - 19:40:57: -------- Mapchange to de_mipt --------
L 04/16/2020 - 20:08:58: [mapchooser.amxx] Vote: Voting for the nextmap started
L 04/16/2020 - 20:09:13: [mapchooser.amxx] Vote: Voting for the nextmap finished. The nextmap will be cs_discounter
L 04/16/2020 - 20:11:22: -------- Mapchange to cs_discounter --------
L 04/16/2020 - 20:15:05: -------- Mapchange to de_dust2_2x2 --------
L 04/16/2020 - 20:15:05: [admin.amxx] Login: "GUSINBERG<115><STEAM_0:1:55760822><>" became an admin (account "STEAM_0:1:55760822") (access "cdefjuz") (address "81.200.27.239")
L 04/16/2020 - 20:30:05: -------- Mapchange to de_dust2 --------
L 04/16/2020 - 20:30:05: [admin.amxx] Login: "GUSINBERG<115><STEAM_0:1:55760822><>" became an admin (account "STEAM_0:1:55760822") (access "cdefjuz") (address "81.200.27.239")
L 04/16/2020 - 20:30:05: [admin.amxx] Login: "GUSINBERG<115><STEAM_0:1:55760822><>" became an admin (account "STEAM_0:1:55760822") (access "cdefjuz") (address "81.200.27.239")
L 04/16/2020 - 20:58:17: [admin.amxx] Login: "Diablo<128><STEAM_0:1:21335723><>" became an admin (account "STEAM_0:1:21335723") (access "abcdefghijklmnopqrstu") (address "176.99.188.247")
L 04/16/2020 - 20:58:19: [mapchooser.amxx] Vote: Voting for the nextmap started
L 04/16/2020 - 20:58:34: [mapchooser.amxx] Vote: Voting for the nextmap finished. The nextmap will be fy_train
L 04/16/2020 - 21:00:18: -------- Mapchange to de_train --------
L 04/16/2020 - 21:00:20: [admin.amxx] Login: "Diablo<128><STEAM_0:1:21335723><>" became an admin (account "STEAM_0:1:21335723") (access "abcdefghijklmnopqrstu") (address "176.99.188.247")
L 04/16/2020 - 21:00:20: [admin.amxx] Login: "GUSINBERG<115><STEAM_0:1:55760822><>" became an admin (account "STEAM_0:1:55760822") (access "cdefjuz") (address "81.200.27.239")
L 04/16/2020 - 21:27:11: [admincmd.amxx] Cmd: "Diablo<128><STEAM_0:1:21335723><>" slap with 0 damage "Neat_Ops<120><STEAM_0:0:541153683><>"
L 04/16/2020 - 21:27:13: [admincmd.amxx] Cmd: "Diablo<128><STEAM_0:1:21335723><>" slap with 0 damage "Neat_Ops<120><STEAM_0:0:541153683><>"
L 04/16/2020 - 21:27:14: [admincmd.amxx] Cmd: "Diablo<128><STEAM_0:1:21335723><>" slap with 0 damage "Neat_Ops<120><STEAM_0:0:541153683><>"
L 04/16/2020 - 21:27:15: [admincmd.amxx] Cmd: "Diablo<128><STEAM_0:1:21335723><>" slap with 0 damage "Neat_Ops<120><STEAM_0:0:541153683><>"
L 04/16/2020 - 21:27:15: [admincmd.amxx] Cmd: "Diablo<128><STEAM_0:1:21335723><>" slap with 0 damage "Neat_Ops<120><STEAM_0:0:541153683><>"
L 04/16/2020 - 21:27:16: -------- Mapchange to de_inferno --------
L 04/16/2020 - 21:27:17: [admin.amxx] Login: "GUSINBERG<115><STEAM_0:1:55760822><>" became an admin (account "STEAM_0:1:55760822") (access "cdefjuz") (address "81.200.27.239")
L 04/16/2020 - 21:27:17: [admin.amxx] Login: "GUSINBERG<115><STEAM_0:1:55760822><>" became an admin (account "STEAM_0:1:55760822") (access "cdefjuz") (address "81.200.27.239")
L 04/16/2020 - 21:27:32: [admin.amxx] Login: "Diablo<134><STEAM_0:1:21335723><>" became an admin (account "STEAM_0:1:21335723") (access "abcdefghijklmnopqrstu") (address "176.99.188.247")
L 04/16/2020 - 21:28:30: [admincmd.amxx] Cmd: "Diablo<134><STEAM_0:1:21335723><>" slap with 0 damage "Neat_Ops<133><STEAM_0:0:541153683><>"
L 04/16/2020 - 21:28:31: [admincmd.amxx] Cmd: "Diablo<134><STEAM_0:1:21335723><>" slap with 0 damage "Neat_Ops<133><STEAM_0:0:541153683><>"
L 04/16/2020 - 21:37:21: [admincmd.amxx] Cmd: "Diablo<134><STEAM_0:1:21335723><>" slap with 0 damage "KABAN<116><STEAM_0:1:484581202><>"
L 04/16/2020 - 21:37:23: [admincmd.amxx] Cmd: "Diablo<134><STEAM_0:1:21335723><>" slap with 0 damage "KABAN<116><STEAM_0:1:484581202><>"
L 04/16/2020 - 21:37:23: [admincmd.amxx] Cmd: "Diablo<134><STEAM_0:1:21335723><>" slap with 0 damage "KABAN<116><STEAM_0:1:484581202><>"
L 04/16/2020 - 21:55:31: [mapchooser.amxx] Vote: Voting for the nextmap started
L 04/16/2020 - 21:55:46: [mapchooser.amxx] Vote: Voting for the nextmap finished. The nextmap will be de_dust2
L 04/16/2020 - 21:57:26: -------- Mapchange to de_aztec --------
L 04/16/2020 - 21:57:27: -------- Mapchange to de_aztec --------
L 04/16/2020 - 21:57:27: [admin.amxx] Login: "Diablo<134><STEAM_0:1:21335723><>" became an admin (account "STEAM_0:1:21335723") (access "abcdefghijklmnopqrstu") (address "176.99.188.247")
L 04/16/2020 - 21:57:27: [admin.amxx] Login: "GUSINBERG<115><STEAM_0:1:55760822><>" became an admin (account "STEAM_0:1:55760822") (access "cdefjuz") (address "81.200.27.239")
L 04/16/2020 - 21:57:28: [admin.amxx] Login: "Diablo<134><STEAM_0:1:21335723><>" became an admin (account "STEAM_0:1:21335723") (access "abcdefghijklmnopqrstu") (address "176.99.188.247")
L 04/16/2020 - 21:57:28: [admin.amxx] Login: "GUSINBERG<115><STEAM_0:1:55760822><>" became an admin (account "STEAM_0:1:55760822") (access "cdefjuz") (address "81.200.27.239")
L 04/16/2020 - 21:57:28: [admin.amxx] Login: "Diablo<134><STEAM_0:1:21335723><>" became an admin (account "STEAM_0:1:21335723") (access "abcdefghijklmnopqrstu") (address "176.99.188.247")
L 04/16/2020 - 21:57:28: [admin.amxx] Login: "GUSINBERG<115><STEAM_0:1:55760822><>" became an admin (account "STEAM_0:1:55760822") (access "cdefjuz") (address "81.200.27.239")
L 04/16/2020 - 22:18:04: [admin.amxx] Login: "GUSINBERG<143><STEAM_0:1:55760822><>" became an admin (account "STEAM_0:1:55760822") (access "cdefjuz") (address "81.200.27.239")
L 04/16/2020 - 22:25:42: [mapchooser.amxx] Vote: Voting for the nextmap started
L 04/16/2020 - 22:25:57: [mapchooser.amxx] Vote: Voting for the nextmap finished. The nextmap will be cs_assault
L 04/16/2020 - 22:27:53: -------- Mapchange to cs_assault --------
L 04/16/2020 - 22:27:53: [admin.amxx] Login: "Diablo<134><STEAM_0:1:21335723><>" became an admin (account "STEAM_0:1:21335723") (access "abcdefghijklmnopqrstu") (address "176.99.188.247")
L 04/16/2020 - 22:27:53: [admin.amxx] Login: "GUSINBERG<143><STEAM_0:1:55760822><>" became an admin (account "STEAM_0:1:55760822") (access "cdefjuz") (address "81.200.27.239")
L 04/16/2020 - 22:35:45: -------- Mapchange to cs_mansion --------
L 04/16/2020 - 22:35:45: [admin.amxx] Login: "Diablo<134><STEAM_0:1:21335723><>" became an admin (account "STEAM_0:1:21335723") (access "abcdefghijklmnopqrstu") (address "176.99.188.247")
L 04/16/2020 - 22:35:45: [admin.amxx] Login: "GUSINBERG<143><STEAM_0:1:55760822><>" became an admin (account "STEAM_0:1:55760822") (access "cdefjuz") (address "81.200.27.239")
L 04/16/2020 - 23:04:29: [mapchooser.amxx] Vote: Voting for the nextmap started
L 04/16/2020 - 23:04:44: [mapchooser.amxx] Vote: Voting for the nextmap finished. The nextmap will be cs_italy
L 04/16/2020 - 23:06:40: -------- Mapchange to cs_italy --------
L 04/16/2020 - 23:34:40: [mapchooser.amxx] Vote: Voting for the nextmap started
L 04/16/2020 - 23:34:55: [mapchooser.amxx] Vote: Voting for the nextmap finished. The nextmap will be cs_estate
L 04/16/2020 - 23:37:35: -------- Mapchange to cs_estate --------
