L 05/18/2020 - 00:18:50: [mapchooser4.amxx] Vote: Voting for the nextmap started
L 05/18/2020 - 00:19:00: [mapchooser4.amxx] Vote: Voting for the nextmap finished. The nextmap will be de_inferno_2x2
L 05/18/2020 - 00:21:07: -------- Mapchange to de_inferno_2x2 --------
L 05/18/2020 - 00:21:07: [mapchooser4.amxx] Found 51 maps in maps folder
L 05/18/2020 - 00:21:14: [mapchooser4.amxx] xvars for mapchooser 4 setuped.
L 05/18/2020 - 00:48:58: [mapchooser4.amxx] Vote: Voting for the nextmap started
L 05/18/2020 - 00:49:08: [mapchooser4.amxx] Vote: Voting for the nextmap finished. The nextmap will be de_sniper
L 05/18/2020 - 00:51:30: -------- Mapchange to de_sniper --------
L 05/18/2020 - 00:51:30: [mapchooser4.amxx] Found 51 maps in maps folder
L 05/18/2020 - 00:51:37: [mapchooser4.amxx] xvars for mapchooser 4 setuped.
L 05/18/2020 - 01:19:21: [mapchooser4.amxx] Vote: Voting for the nextmap started
L 05/18/2020 - 01:19:31: [mapchooser4.amxx] Vote: Voting for the nextmap finished. The nextmap will be de_snipe_it5
L 05/18/2020 - 01:21:53: -------- Mapchange to de_snipe_it5 --------
L 05/18/2020 - 01:21:53: [mapchooser4.amxx] Found 51 maps in maps folder
L 05/18/2020 - 01:22:01: [mapchooser4.amxx] xvars for mapchooser 4 setuped.
L 05/18/2020 - 01:49:45: [mapchooser4.amxx] Vote: Voting for the nextmap started
L 05/18/2020 - 01:49:55: [mapchooser4.amxx] Vote: Voting for the nextmap finished. The nextmap will be awp_india
L 05/18/2020 - 01:52:16: -------- Mapchange to awp_india --------
L 05/18/2020 - 01:52:17: [mapchooser4.amxx] Found 51 maps in maps folder
L 05/18/2020 - 01:52:24: [mapchooser4.amxx] xvars for mapchooser 4 setuped.
L 05/18/2020 - 02:20:08: [mapchooser4.amxx] Vote: Voting for the nextmap started
L 05/18/2020 - 02:20:18: [mapchooser4.amxx] Vote: Voting for the nextmap finished. The nextmap will be cs_discounter
L 05/18/2020 - 02:22:40: -------- Mapchange to cs_discounter --------
L 05/18/2020 - 02:22:40: [mapchooser4.amxx] Found 51 maps in maps folder
L 05/18/2020 - 02:22:47: [mapchooser4.amxx] xvars for mapchooser 4 setuped.
L 05/18/2020 - 02:50:31: [mapchooser4.amxx] Vote: Voting for the nextmap started
L 05/18/2020 - 02:50:41: [mapchooser4.amxx] Vote: Voting for the nextmap finished. The nextmap will be cs_rats2
L 05/18/2020 - 02:53:03: -------- Mapchange to cs_rats2 --------
L 05/18/2020 - 02:53:03: [mapchooser4.amxx] Found 51 maps in maps folder
L 05/18/2020 - 02:53:10: [mapchooser4.amxx] xvars for mapchooser 4 setuped.
L 05/18/2020 - 03:20:54: [mapchooser4.amxx] Vote: Voting for the nextmap started
L 05/18/2020 - 03:21:04: [mapchooser4.amxx] Vote: Voting for the nextmap finished. The nextmap will be de_rats
L 05/18/2020 - 03:23:26: -------- Mapchange to de_rats --------
L 05/18/2020 - 03:23:27: [mapchooser4.amxx] Found 51 maps in maps folder
L 05/18/2020 - 03:23:34: [mapchooser4.amxx] xvars for mapchooser 4 setuped.
L 05/18/2020 - 03:51:18: [mapchooser4.amxx] Vote: Voting for the nextmap started
L 05/18/2020 - 03:51:28: [mapchooser4.amxx] Vote: Voting for the nextmap finished. The nextmap will be fy_pool_day
L 05/18/2020 - 03:53:50: -------- Mapchange to fy_pool_day --------
L 05/18/2020 - 03:53:50: [mapchooser4.amxx] Found 51 maps in maps folder
L 05/18/2020 - 03:53:57: [mapchooser4.amxx] xvars for mapchooser 4 setuped.
L 05/18/2020 - 04:21:41: [mapchooser4.amxx] Vote: Voting for the nextmap started
L 05/18/2020 - 04:21:51: [mapchooser4.amxx] Vote: Voting for the nextmap finished. The nextmap will be fy_train
L 05/18/2020 - 04:24:13: -------- Mapchange to fy_train --------
L 05/18/2020 - 04:24:13: [mapchooser4.amxx] Found 51 maps in maps folder
L 05/18/2020 - 04:24:20: [mapchooser4.amxx] xvars for mapchooser 4 setuped.
L 05/18/2020 - 04:52:04: [mapchooser4.amxx] Vote: Voting for the nextmap started
L 05/18/2020 - 04:52:14: [mapchooser4.amxx] Vote: Voting for the nextmap finished. The nextmap will be de_aztec
L 05/18/2020 - 04:54:36: -------- Mapchange to de_aztec --------
L 05/18/2020 - 04:54:36: [mapchooser4.amxx] Found 51 maps in maps folder
L 05/18/2020 - 04:54:43: [mapchooser4.amxx] xvars for mapchooser 4 setuped.
L 05/18/2020 - 05:22:27: [mapchooser4.amxx] Vote: Voting for the nextmap started
L 05/18/2020 - 05:22:37: [mapchooser4.amxx] Vote: Voting for the nextmap finished. The nextmap will be de_cbble
L 05/18/2020 - 05:24:59: -------- Mapchange to de_cbble --------
L 05/18/2020 - 05:25:00: [mapchooser4.amxx] Found 51 maps in maps folder
L 05/18/2020 - 05:25:07: [mapchooser4.amxx] xvars for mapchooser 4 setuped.
L 05/18/2020 - 05:52:51: [mapchooser4.amxx] Vote: Voting for the nextmap started
L 05/18/2020 - 05:53:01: [mapchooser4.amxx] Vote: Voting for the nextmap finished. The nextmap will be de_cpl_mill
L 05/18/2020 - 05:55:23: -------- Mapchange to de_cpl_mill --------
L 05/18/2020 - 05:55:23: [mapchooser4.amxx] Found 51 maps in maps folder
L 05/18/2020 - 05:55:30: [mapchooser4.amxx] xvars for mapchooser 4 setuped.
L 05/18/2020 - 06:23:14: [mapchooser4.amxx] Vote: Voting for the nextmap started
L 05/18/2020 - 06:23:24: [mapchooser4.amxx] Vote: Voting for the nextmap finished. The nextmap will be de_dust
L 05/18/2020 - 06:25:46: -------- Mapchange to de_dust --------
L 05/18/2020 - 06:25:46: [mapchooser4.amxx] Found 51 maps in maps folder
L 05/18/2020 - 06:25:53: [mapchooser4.amxx] xvars for mapchooser 4 setuped.
L 05/18/2020 - 06:53:37: [mapchooser4.amxx] Vote: Voting for the nextmap started
L 05/18/2020 - 06:53:47: [mapchooser4.amxx] Vote: Voting for the nextmap finished. The nextmap will be de_dust2
L 05/18/2020 - 06:56:09: -------- Mapchange to de_dust2 --------
L 05/18/2020 - 06:56:09: [mapchooser4.amxx] Found 51 maps in maps folder
L 05/18/2020 - 06:56:16: [mapchooser4.amxx] xvars for mapchooser 4 setuped.
L 05/18/2020 - 07:24:00: [mapchooser4.amxx] Vote: Voting for the nextmap started
L 05/18/2020 - 07:24:10: [mapchooser4.amxx] Vote: Voting for the nextmap finished. The nextmap will be de_inferno
L 05/18/2020 - 07:26:32: -------- Mapchange to de_inferno --------
L 05/18/2020 - 07:26:32: [mapchooser4.amxx] Found 51 maps in maps folder
L 05/18/2020 - 07:26:39: [mapchooser4.amxx] xvars for mapchooser 4 setuped.
L 05/18/2020 - 07:54:23: [mapchooser4.amxx] Vote: Voting for the nextmap started
L 05/18/2020 - 07:54:33: [mapchooser4.amxx] Vote: Voting for the nextmap finished. The nextmap will be de_nuke
L 05/18/2020 - 07:56:55: -------- Mapchange to de_nuke --------
L 05/18/2020 - 07:56:56: [mapchooser4.amxx] Found 51 maps in maps folder
L 05/18/2020 - 07:57:03: [mapchooser4.amxx] xvars for mapchooser 4 setuped.
L 05/18/2020 - 08:24:47: [mapchooser4.amxx] Vote: Voting for the nextmap started
L 05/18/2020 - 08:24:57: [mapchooser4.amxx] Vote: Voting for the nextmap finished. The nextmap will be cs_assault
L 05/18/2020 - 08:27:19: -------- Mapchange to cs_assault --------
L 05/18/2020 - 08:27:19: [mapchooser4.amxx] Found 51 maps in maps folder
L 05/18/2020 - 08:27:26: [mapchooser4.amxx] xvars for mapchooser 4 setuped.
L 05/18/2020 - 08:55:10: [mapchooser4.amxx] Vote: Voting for the nextmap started
L 05/18/2020 - 08:55:20: [mapchooser4.amxx] Vote: Voting for the nextmap finished. The nextmap will be cs_italy
L 05/18/2020 - 08:57:42: -------- Mapchange to cs_italy --------
L 05/18/2020 - 08:57:42: [mapchooser4.amxx] Found 51 maps in maps folder
L 05/18/2020 - 08:57:50: [mapchooser4.amxx] xvars for mapchooser 4 setuped.
L 05/18/2020 - 09:25:34: [mapchooser4.amxx] Vote: Voting for the nextmap started
L 05/18/2020 - 09:25:44: [mapchooser4.amxx] Vote: Voting for the nextmap finished. The nextmap will be de_train
L 05/18/2020 - 09:28:06: -------- Mapchange to de_train --------
L 05/18/2020 - 09:28:06: [mapchooser4.amxx] Found 51 maps in maps folder
L 05/18/2020 - 09:28:13: [mapchooser4.amxx] xvars for mapchooser 4 setuped.
L 05/18/2020 - 09:55:57: [mapchooser4.amxx] Vote: Voting for the nextmap started
L 05/18/2020 - 09:56:07: [mapchooser4.amxx] Vote: Voting for the nextmap finished. The nextmap will be aim_ak-colt
L 05/18/2020 - 09:58:29: -------- Mapchange to aim_ak-colt --------
L 05/18/2020 - 09:58:29: [mapchooser4.amxx] Found 51 maps in maps folder
L 05/18/2020 - 09:58:36: [mapchooser4.amxx] xvars for mapchooser 4 setuped.
L 05/18/2020 - 10:26:20: [mapchooser4.amxx] Vote: Voting for the nextmap started
L 05/18/2020 - 10:26:30: [mapchooser4.amxx] Vote: Voting for the nextmap finished. The nextmap will be aim_aztecplace
L 05/18/2020 - 10:28:52: -------- Mapchange to aim_aztecplace --------
L 05/18/2020 - 10:28:52: [mapchooser4.amxx] Found 51 maps in maps folder
L 05/18/2020 - 10:28:59: [mapchooser4.amxx] xvars for mapchooser 4 setuped.
L 05/18/2020 - 10:56:43: [mapchooser4.amxx] Vote: Voting for the nextmap started
L 05/18/2020 - 10:56:53: [mapchooser4.amxx] Vote: Voting for the nextmap finished. The nextmap will be aim_headshot
L 05/18/2020 - 10:59:15: -------- Mapchange to aim_headshot --------
L 05/18/2020 - 10:59:15: [mapchooser4.amxx] Found 51 maps in maps folder
L 05/18/2020 - 10:59:22: [mapchooser4.amxx] xvars for mapchooser 4 setuped.
L 05/18/2020 - 11:27:06: [mapchooser4.amxx] Vote: Voting for the nextmap started
L 05/18/2020 - 11:27:16: [mapchooser4.amxx] Vote: Voting for the nextmap finished. The nextmap will be aim_map
L 05/18/2020 - 11:29:38: -------- Mapchange to aim_map --------
L 05/18/2020 - 11:29:38: [mapchooser4.amxx] Found 51 maps in maps folder
L 05/18/2020 - 11:29:45: [mapchooser4.amxx] xvars for mapchooser 4 setuped.
L 05/18/2020 - 11:57:30: [mapchooser4.amxx] Vote: Voting for the nextmap started
L 05/18/2020 - 11:57:40: [mapchooser4.amxx] Vote: Voting for the nextmap finished. The nextmap will be cs_16fighter
L 05/18/2020 - 12:00:01: -------- Mapchange to cs_16fighter --------
L 05/18/2020 - 12:00:02: [mapchooser4.amxx] Found 51 maps in maps folder
L 05/18/2020 - 12:00:09: [mapchooser4.amxx] xvars for mapchooser 4 setuped.
L 05/18/2020 - 12:27:53: [mapchooser4.amxx] Vote: Voting for the nextmap started
L 05/18/2020 - 12:28:03: [mapchooser4.amxx] Vote: Voting for the nextmap finished. The nextmap will be cs_pf_dust
L 05/18/2020 - 12:30:24: -------- Mapchange to cs_pf_dust --------
L 05/18/2020 - 12:30:25: [mapchooser4.amxx] Found 51 maps in maps folder
L 05/18/2020 - 12:30:32: [mapchooser4.amxx] xvars for mapchooser 4 setuped.
L 05/18/2020 - 12:58:16: [mapchooser4.amxx] Vote: Voting for the nextmap started
L 05/18/2020 - 12:58:26: [mapchooser4.amxx] Vote: Voting for the nextmap finished. The nextmap will be fy_iceworld_2002
L 05/18/2020 - 13:00:48: -------- Mapchange to fy_iceworld_2002 --------
L 05/18/2020 - 13:00:48: [mapchooser4.amxx] Found 51 maps in maps folder
L 05/18/2020 - 13:00:55: [mapchooser4.amxx] xvars for mapchooser 4 setuped.
L 05/18/2020 - 13:28:39: [mapchooser4.amxx] Vote: Voting for the nextmap started
L 05/18/2020 - 13:28:49: [mapchooser4.amxx] Vote: Voting for the nextmap finished. The nextmap will be cs_mansion
L 05/18/2020 - 13:31:11: -------- Mapchange to cs_mansion --------
L 05/18/2020 - 13:31:11: [mapchooser4.amxx] Found 51 maps in maps folder
L 05/18/2020 - 13:31:18: [mapchooser4.amxx] xvars for mapchooser 4 setuped.
L 05/18/2020 - 13:59:02: [mapchooser4.amxx] Vote: Voting for the nextmap started
L 05/18/2020 - 13:59:12: [mapchooser4.amxx] Vote: Voting for the nextmap finished. The nextmap will be de_mirage
L 05/18/2020 - 14:01:34: -------- Mapchange to de_mirage --------
L 05/18/2020 - 14:01:34: [mapchooser4.amxx] Found 51 maps in maps folder
L 05/18/2020 - 14:01:42: [mapchooser4.amxx] xvars for mapchooser 4 setuped.
L 05/18/2020 - 14:29:26: [mapchooser4.amxx] Vote: Voting for the nextmap started
L 05/18/2020 - 14:29:36: [mapchooser4.amxx] Vote: Voting for the nextmap finished. The nextmap will be fy_snow
L 05/18/2020 - 14:31:57: -------- Mapchange to fy_snow --------
L 05/18/2020 - 14:31:58: [mapchooser4.amxx] Found 51 maps in maps folder
L 05/18/2020 - 14:32:05: [mapchooser4.amxx] xvars for mapchooser 4 setuped.
L 05/18/2020 - 14:59:49: [mapchooser4.amxx] Vote: Voting for the nextmap started
L 05/18/2020 - 14:59:59: [mapchooser4.amxx] Vote: Voting for the nextmap finished. The nextmap will be de_dust2_2x2
L 05/18/2020 - 15:02:21: -------- Mapchange to de_dust2_2x2 --------
L 05/18/2020 - 15:02:21: [mapchooser4.amxx] Found 51 maps in maps folder
L 05/18/2020 - 15:02:28: [mapchooser4.amxx] xvars for mapchooser 4 setuped.
L 05/18/2020 - 15:30:12: [mapchooser4.amxx] Vote: Voting for the nextmap started
L 05/18/2020 - 15:30:22: [mapchooser4.amxx] Vote: Voting for the nextmap finished. The nextmap will be de_inferno_2x2
L 05/18/2020 - 15:32:44: -------- Mapchange to de_inferno_2x2 --------
L 05/18/2020 - 15:32:44: [mapchooser4.amxx] Found 51 maps in maps folder
L 05/18/2020 - 15:32:51: [mapchooser4.amxx] xvars for mapchooser 4 setuped.
L 05/18/2020 - 16:00:35: [mapchooser4.amxx] Vote: Voting for the nextmap started
L 05/18/2020 - 16:00:45: [mapchooser4.amxx] Vote: Voting for the nextmap finished. The nextmap will be de_sniper
L 05/18/2020 - 16:03:08: -------- Mapchange to de_sniper --------
L 05/18/2020 - 16:03:08: [mapchooser4.amxx] Found 51 maps in maps folder
L 05/18/2020 - 16:03:15: [mapchooser4.amxx] xvars for mapchooser 4 setuped.
L 05/18/2020 - 16:30:59: [mapchooser4.amxx] Vote: Voting for the nextmap started
L 05/18/2020 - 16:31:09: [mapchooser4.amxx] Vote: Voting for the nextmap finished. The nextmap will be de_snipe_it5
L 05/18/2020 - 16:33:31: -------- Mapchange to de_snipe_it5 --------
L 05/18/2020 - 16:33:31: [mapchooser4.amxx] Found 51 maps in maps folder
L 05/18/2020 - 16:33:39: [mapchooser4.amxx] xvars for mapchooser 4 setuped.
L 05/18/2020 - 17:01:23: [mapchooser4.amxx] Vote: Voting for the nextmap started
L 05/18/2020 - 17:01:33: [mapchooser4.amxx] Vote: Voting for the nextmap finished. The nextmap will be awp_india
L 05/18/2020 - 17:03:54: -------- Mapchange to awp_india --------
L 05/18/2020 - 17:03:55: [mapchooser4.amxx] Found 51 maps in maps folder
L 05/18/2020 - 17:04:02: [mapchooser4.amxx] xvars for mapchooser 4 setuped.
L 05/18/2020 - 17:31:46: [mapchooser4.amxx] Vote: Voting for the nextmap started
L 05/18/2020 - 17:31:56: [mapchooser4.amxx] Vote: Voting for the nextmap finished. The nextmap will be cs_discounter
L 05/18/2020 - 17:34:18: -------- Mapchange to cs_discounter --------
L 05/18/2020 - 17:34:18: [mapchooser4.amxx] Found 51 maps in maps folder
L 05/18/2020 - 17:34:25: [mapchooser4.amxx] xvars for mapchooser 4 setuped.
L 05/18/2020 - 18:02:09: [mapchooser4.amxx] Vote: Voting for the nextmap started
L 05/18/2020 - 18:02:19: [mapchooser4.amxx] Vote: Voting for the nextmap finished. The nextmap will be cs_rats2
L 05/18/2020 - 18:04:41: -------- Mapchange to cs_rats2 --------
L 05/18/2020 - 18:04:41: [mapchooser4.amxx] Found 51 maps in maps folder
L 05/18/2020 - 18:04:48: [mapchooser4.amxx] xvars for mapchooser 4 setuped.
L 05/18/2020 - 18:32:32: [mapchooser4.amxx] Vote: Voting for the nextmap started
L 05/18/2020 - 18:32:42: [mapchooser4.amxx] Vote: Voting for the nextmap finished. The nextmap will be de_rats
L 05/18/2020 - 18:35:04: -------- Mapchange to de_rats --------
L 05/18/2020 - 18:35:05: [mapchooser4.amxx] Found 51 maps in maps folder
L 05/18/2020 - 18:35:12: [mapchooser4.amxx] xvars for mapchooser 4 setuped.
L 05/18/2020 - 19:02:56: [mapchooser4.amxx] Vote: Voting for the nextmap started
L 05/18/2020 - 19:03:06: [mapchooser4.amxx] Vote: Voting for the nextmap finished. The nextmap will be fy_pool_day
L 05/18/2020 - 19:05:28: -------- Mapchange to fy_pool_day --------
L 05/18/2020 - 19:05:28: [mapchooser4.amxx] Found 51 maps in maps folder
L 05/18/2020 - 19:05:35: [mapchooser4.amxx] xvars for mapchooser 4 setuped.
L 05/18/2020 - 19:33:19: [mapchooser4.amxx] Vote: Voting for the nextmap started
L 05/18/2020 - 19:33:29: [mapchooser4.amxx] Vote: Voting for the nextmap finished. The nextmap will be fy_train
L 05/18/2020 - 19:35:51: -------- Mapchange to fy_train --------
L 05/18/2020 - 19:35:51: [mapchooser4.amxx] Found 51 maps in maps folder
L 05/18/2020 - 19:35:58: [mapchooser4.amxx] xvars for mapchooser 4 setuped.
L 05/18/2020 - 20:03:42: [mapchooser4.amxx] Vote: Voting for the nextmap started
L 05/18/2020 - 20:03:52: [mapchooser4.amxx] Vote: Voting for the nextmap finished. The nextmap will be de_aztec
L 05/18/2020 - 20:06:14: -------- Mapchange to de_aztec --------
L 05/18/2020 - 20:06:14: [mapchooser4.amxx] Found 51 maps in maps folder
L 05/18/2020 - 20:06:21: [mapchooser4.amxx] xvars for mapchooser 4 setuped.
L 05/18/2020 - 20:34:05: [mapchooser4.amxx] Vote: Voting for the nextmap started
L 05/18/2020 - 20:34:15: [mapchooser4.amxx] Vote: Voting for the nextmap finished. The nextmap will be de_cbble
L 05/18/2020 - 20:36:37: -------- Mapchange to de_cbble --------
L 05/18/2020 - 20:36:37: [mapchooser4.amxx] Found 51 maps in maps folder
L 05/18/2020 - 20:36:45: [mapchooser4.amxx] xvars for mapchooser 4 setuped.
L 05/18/2020 - 20:56:28: [admin.amxx] Login: "RAZ DVA<122><STEAM_0:1:55760822><>" became an admin (account "STEAM_0:1:55760822") (access "abcdefghijklmnopqrstu") (address "94.25.171.223")
L 05/18/2020 - 20:59:37: [admincmd.amxx] Cmd: "RAZ DVA<122><STEAM_0:1:55760822><>" changelevel "aim_aztecplace"
L 05/18/2020 - 20:59:39: -------- Mapchange to aim_aztecplace --------
L 05/18/2020 - 20:59:39: [mapchooser4.amxx] Found 51 maps in maps folder
L 05/18/2020 - 20:59:40: [admin.amxx] Login: "RAZ DVA<122><STEAM_0:1:55760822><>" became an admin (account "STEAM_0:1:55760822") (access "abcdefghijklmnopqrstu") (address "94.25.171.223")
L 05/18/2020 - 20:59:47: [mapchooser4.amxx] xvars for mapchooser 4 setuped.
L 05/18/2020 - 21:09:21: -------- Mapchange to de_dust2_2x2 --------
L 05/18/2020 - 21:09:22: [mapchooser4.amxx] Found 51 maps in maps folder
L 05/18/2020 - 21:09:22: [admin.amxx] Login: "RAZ DVA<122><STEAM_0:1:55760822><>" became an admin (account "STEAM_0:1:55760822") (access "abcdefghijklmnopqrstu") (address "94.25.171.223")
L 05/18/2020 - 21:09:29: [mapchooser4.amxx] xvars for mapchooser 4 setuped.
L 05/18/2020 - 21:15:32: [admin.amxx] Login: "RAZ DVA<128><STEAM_0:1:55760822><>" became an admin (account "STEAM_0:1:55760822") (access "abcdefghijklmnopqrstu") (address "94.25.171.223")
L 05/18/2020 - 21:37:28: [mapchooser4.amxx] Vote: Voting for the nextmap started
L 05/18/2020 - 21:37:30: [mapchooser4.amxx] +q chose de_nuke
L 05/18/2020 - 21:37:30: [mapchooser4.amxx] TeadyBear_RS chose de_nuke
L 05/18/2020 - 21:37:31: [mapchooser4.amxx] necnec chose de_nuke
L 05/18/2020 - 21:37:32: [mapchooser4.amxx] Frap chose de_nuke
L 05/18/2020 - 21:37:34: [mapchooser4.amxx] RAZ DVA chose map extending
L 05/18/2020 - 21:37:38: [mapchooser4.amxx] Vote: Voting for the nextmap finished. The nextmap will be de_nuke
L 05/18/2020 - 21:39:40: -------- Mapchange to de_aztec --------
L 05/18/2020 - 21:39:40: [mapchooser4.amxx] Found 51 maps in maps folder
L 05/18/2020 - 21:39:40: [admin.amxx] Login: "RAZ DVA<128><STEAM_0:1:55760822><>" became an admin (account "STEAM_0:1:55760822") (access "abcdefghijklmnopqrstu") (address "94.25.171.223")
L 05/18/2020 - 21:39:47: [mapchooser4.amxx] xvars for mapchooser 4 setuped.
L 05/18/2020 - 22:07:46: [mapchooser4.amxx] Vote: Voting for the nextmap started
L 05/18/2020 - 22:07:56: [mapchooser4.amxx] Vote: Voting for the nextmap finished. The nextmap will be de_inferno
L 05/18/2020 - 22:10:04: -------- Mapchange to de_inferno --------
L 05/18/2020 - 22:10:04: [mapchooser4.amxx] Found 51 maps in maps folder
L 05/18/2020 - 22:10:11: [mapchooser4.amxx] xvars for mapchooser 4 setuped.
L 05/18/2020 - 22:37:55: [mapchooser4.amxx] Vote: Voting for the nextmap started
L 05/18/2020 - 22:38:05: [mapchooser4.amxx] Vote: Voting for the nextmap finished. The nextmap will be de_nuke
L 05/18/2020 - 22:40:28: -------- Mapchange to de_nuke --------
L 05/18/2020 - 22:40:28: [mapchooser4.amxx] Found 51 maps in maps folder
L 05/18/2020 - 22:40:36: [mapchooser4.amxx] xvars for mapchooser 4 setuped.
L 05/18/2020 - 23:12:20: [mapchooser4.amxx] Vote: Voting for the nextmap started
L 05/18/2020 - 23:12:20: [mapchooser4.amxx] [4ka]lipetsk.ru chose de_train
L 05/18/2020 - 23:12:20: [mapchooser4.amxx] [4ka] Sanych chose aim_headshot
L 05/18/2020 - 23:12:23: [mapchooser4.amxx] archie chose de_train
L 05/18/2020 - 23:12:30: [mapchooser4.amxx] Vote: Voting for the nextmap finished. The nextmap will be de_train
L 05/18/2020 - 23:12:41: -------- Mapchange to de_train --------
L 05/18/2020 - 23:12:41: [mapchooser4.amxx] Found 51 maps in maps folder
L 05/18/2020 - 23:12:48: [mapchooser4.amxx] xvars for mapchooser 4 setuped.
L 05/18/2020 - 23:22:02: -------- Mapchange to de_dust2_2x2 --------
L 05/18/2020 - 23:22:02: [mapchooser4.amxx] Found 51 maps in maps folder
L 05/18/2020 - 23:22:09: [mapchooser4.amxx] xvars for mapchooser 4 setuped.
L 05/18/2020 - 23:50:08: [mapchooser4.amxx] Vote: Voting for the nextmap started
L 05/18/2020 - 23:50:09: [mapchooser4.amxx] archie chose aim_map
L 05/18/2020 - 23:50:11: [mapchooser4.amxx] [4ka] Sanych chose fy_iceworld_2002
L 05/18/2020 - 23:50:12: [mapchooser4.amxx] [4ka]lipetsk.ru chose aim_ak-colt
L 05/18/2020 - 23:50:15: [mapchooser4.amxx] Player chose de_cpl_mill
L 05/18/2020 - 23:50:18: [mapchooser4.amxx] Vote: Voting for the nextmap finished. The nextmap will be fy_iceworld_2002
L 05/18/2020 - 23:52:26: -------- Mapchange to fy_iceworld_2002 --------
L 05/18/2020 - 23:52:26: [mapchooser4.amxx] Found 51 maps in maps folder
L 05/18/2020 - 23:52:34: [mapchooser4.amxx] xvars for mapchooser 4 setuped.
