L 05/20/2020 - 00:00:54: -------- Mapchange to de_aztec --------
L 05/20/2020 - 00:00:54: [mapchooser4.amxx] Found 51 maps in maps folder
L 05/20/2020 - 00:01:01: [mapchooser4.amxx] xvars for mapchooser 4 setuped.
L 05/20/2020 - 00:43:45: [mapchooser4.amxx] Vote: Voting for the nextmap started
L 05/20/2020 - 00:43:55: [mapchooser4.amxx] Vote: Voting for the nextmap finished. The nextmap will be de_cbble
L 05/20/2020 - 00:46:14: -------- Mapchange to de_cbble --------
L 05/20/2020 - 00:46:15: [mapchooser4.amxx] Found 51 maps in maps folder
L 05/20/2020 - 00:46:22: [mapchooser4.amxx] xvars for mapchooser 4 setuped.
L 05/20/2020 - 01:29:06: [mapchooser4.amxx] Vote: Voting for the nextmap started
L 05/20/2020 - 01:29:16: [mapchooser4.amxx] Vote: Voting for the nextmap finished. The nextmap will be de_cpl_mill
L 05/20/2020 - 01:31:35: -------- Mapchange to de_cpl_mill --------
L 05/20/2020 - 01:31:35: [mapchooser4.amxx] Found 51 maps in maps folder
L 05/20/2020 - 01:31:42: [mapchooser4.amxx] xvars for mapchooser 4 setuped.
L 05/20/2020 - 02:14:26: [mapchooser4.amxx] Vote: Voting for the nextmap started
L 05/20/2020 - 02:14:36: [mapchooser4.amxx] Vote: Voting for the nextmap finished. The nextmap will be de_dust
L 05/20/2020 - 02:16:55: -------- Mapchange to de_dust --------
L 05/20/2020 - 02:16:56: [mapchooser4.amxx] Found 51 maps in maps folder
L 05/20/2020 - 02:17:03: [mapchooser4.amxx] xvars for mapchooser 4 setuped.
L 05/20/2020 - 02:59:47: [mapchooser4.amxx] Vote: Voting for the nextmap started
L 05/20/2020 - 02:59:57: [mapchooser4.amxx] Vote: Voting for the nextmap finished. The nextmap will be de_dust2
L 05/20/2020 - 03:02:16: -------- Mapchange to de_dust2 --------
L 05/20/2020 - 03:02:16: [mapchooser4.amxx] Found 51 maps in maps folder
L 05/20/2020 - 03:02:23: [mapchooser4.amxx] xvars for mapchooser 4 setuped.
L 05/20/2020 - 03:45:07: [mapchooser4.amxx] Vote: Voting for the nextmap started
L 05/20/2020 - 03:45:17: [mapchooser4.amxx] Vote: Voting for the nextmap finished. The nextmap will be de_inferno
L 05/20/2020 - 03:47:36: -------- Mapchange to de_inferno --------
L 05/20/2020 - 03:47:36: [mapchooser4.amxx] Found 51 maps in maps folder
L 05/20/2020 - 03:47:44: [mapchooser4.amxx] xvars for mapchooser 4 setuped.
L 05/20/2020 - 04:30:28: [mapchooser4.amxx] Vote: Voting for the nextmap started
L 05/20/2020 - 04:30:38: [mapchooser4.amxx] Vote: Voting for the nextmap finished. The nextmap will be de_nuke
L 05/20/2020 - 04:32:57: -------- Mapchange to de_nuke --------
L 05/20/2020 - 04:32:57: [mapchooser4.amxx] Found 51 maps in maps folder
L 05/20/2020 - 04:33:04: [mapchooser4.amxx] xvars for mapchooser 4 setuped.
L 05/20/2020 - 05:15:48: [mapchooser4.amxx] Vote: Voting for the nextmap started
L 05/20/2020 - 05:15:58: [mapchooser4.amxx] Vote: Voting for the nextmap finished. The nextmap will be cs_assault
L 05/20/2020 - 05:18:17: -------- Mapchange to cs_assault --------
L 05/20/2020 - 05:18:18: [mapchooser4.amxx] Found 51 maps in maps folder
L 05/20/2020 - 05:18:25: [mapchooser4.amxx] xvars for mapchooser 4 setuped.
L 05/20/2020 - 06:01:09: [mapchooser4.amxx] Vote: Voting for the nextmap started
L 05/20/2020 - 06:01:19: [mapchooser4.amxx] Vote: Voting for the nextmap finished. The nextmap will be cs_italy
L 05/20/2020 - 06:03:38: -------- Mapchange to cs_italy --------
L 05/20/2020 - 06:03:38: [mapchooser4.amxx] Found 51 maps in maps folder
L 05/20/2020 - 06:03:45: [mapchooser4.amxx] xvars for mapchooser 4 setuped.
L 05/20/2020 - 06:46:29: [mapchooser4.amxx] Vote: Voting for the nextmap started
L 05/20/2020 - 06:46:39: [mapchooser4.amxx] Vote: Voting for the nextmap finished. The nextmap will be de_train
L 05/20/2020 - 06:48:59: -------- Mapchange to de_train --------
L 05/20/2020 - 06:48:59: [mapchooser4.amxx] Found 51 maps in maps folder
L 05/20/2020 - 06:49:06: [mapchooser4.amxx] xvars for mapchooser 4 setuped.
L 05/20/2020 - 07:31:50: [mapchooser4.amxx] Vote: Voting for the nextmap started
L 05/20/2020 - 07:32:00: [mapchooser4.amxx] Vote: Voting for the nextmap finished. The nextmap will be aim_ak-colt
L 05/20/2020 - 07:34:19: -------- Mapchange to aim_ak-colt --------
L 05/20/2020 - 07:34:19: [mapchooser4.amxx] Found 51 maps in maps folder
L 05/20/2020 - 07:34:26: [mapchooser4.amxx] xvars for mapchooser 4 setuped.
L 05/20/2020 - 08:17:10: [mapchooser4.amxx] Vote: Voting for the nextmap started
L 05/20/2020 - 08:17:20: [mapchooser4.amxx] Vote: Voting for the nextmap finished. The nextmap will be aim_aztecplace
L 05/20/2020 - 08:19:39: -------- Mapchange to aim_aztecplace --------
L 05/20/2020 - 08:19:39: [mapchooser4.amxx] Found 51 maps in maps folder
L 05/20/2020 - 08:19:47: [mapchooser4.amxx] xvars for mapchooser 4 setuped.
L 05/20/2020 - 09:02:31: [mapchooser4.amxx] Vote: Voting for the nextmap started
L 05/20/2020 - 09:02:41: [mapchooser4.amxx] Vote: Voting for the nextmap finished. The nextmap will be aim_headshot
L 05/20/2020 - 09:05:00: -------- Mapchange to aim_headshot --------
L 05/20/2020 - 09:05:00: [mapchooser4.amxx] Found 51 maps in maps folder
L 05/20/2020 - 09:05:07: [mapchooser4.amxx] xvars for mapchooser 4 setuped.
L 05/20/2020 - 09:47:51: [mapchooser4.amxx] Vote: Voting for the nextmap started
L 05/20/2020 - 09:48:01: [mapchooser4.amxx] Vote: Voting for the nextmap finished. The nextmap will be aim_map
L 05/20/2020 - 09:50:20: -------- Mapchange to aim_map --------
L 05/20/2020 - 09:50:20: [mapchooser4.amxx] Found 51 maps in maps folder
L 05/20/2020 - 09:50:28: [mapchooser4.amxx] xvars for mapchooser 4 setuped.
L 05/20/2020 - 10:33:12: [mapchooser4.amxx] Vote: Voting for the nextmap started
L 05/20/2020 - 10:33:22: [mapchooser4.amxx] Vote: Voting for the nextmap finished. The nextmap will be cs_16fighter
L 05/20/2020 - 10:35:41: -------- Mapchange to cs_16fighter --------
L 05/20/2020 - 10:35:41: [mapchooser4.amxx] Found 51 maps in maps folder
L 05/20/2020 - 10:35:48: [mapchooser4.amxx] xvars for mapchooser 4 setuped.
L 05/20/2020 - 11:18:32: [mapchooser4.amxx] Vote: Voting for the nextmap started
L 05/20/2020 - 11:18:42: [mapchooser4.amxx] Vote: Voting for the nextmap finished. The nextmap will be cs_pf_dust
L 05/20/2020 - 11:21:01: -------- Mapchange to cs_pf_dust --------
L 05/20/2020 - 11:21:01: [mapchooser4.amxx] Found 51 maps in maps folder
L 05/20/2020 - 11:21:08: [mapchooser4.amxx] xvars for mapchooser 4 setuped.
L 05/20/2020 - 12:03:52: [mapchooser4.amxx] Vote: Voting for the nextmap started
L 05/20/2020 - 12:04:02: [mapchooser4.amxx] Vote: Voting for the nextmap finished. The nextmap will be fy_iceworld_2002
L 05/20/2020 - 12:06:21: -------- Mapchange to fy_iceworld_2002 --------
L 05/20/2020 - 12:06:22: [mapchooser4.amxx] Found 51 maps in maps folder
L 05/20/2020 - 12:06:29: [mapchooser4.amxx] xvars for mapchooser 4 setuped.
L 05/20/2020 - 12:49:13: [mapchooser4.amxx] Vote: Voting for the nextmap started
L 05/20/2020 - 12:49:23: [mapchooser4.amxx] Vote: Voting for the nextmap finished. The nextmap will be cs_mansion
L 05/20/2020 - 12:51:42: -------- Mapchange to cs_mansion --------
L 05/20/2020 - 12:51:42: [mapchooser4.amxx] Found 51 maps in maps folder
L 05/20/2020 - 12:51:49: [mapchooser4.amxx] xvars for mapchooser 4 setuped.
L 05/20/2020 - 13:34:33: [mapchooser4.amxx] Vote: Voting for the nextmap started
L 05/20/2020 - 13:34:43: [mapchooser4.amxx] Vote: Voting for the nextmap finished. The nextmap will be de_mirage
L 05/20/2020 - 13:37:02: -------- Mapchange to de_mirage --------
L 05/20/2020 - 13:37:03: [mapchooser4.amxx] Found 51 maps in maps folder
L 05/20/2020 - 13:37:10: [mapchooser4.amxx] xvars for mapchooser 4 setuped.
L 05/20/2020 - 14:19:54: [mapchooser4.amxx] Vote: Voting for the nextmap started
L 05/20/2020 - 14:20:04: [mapchooser4.amxx] Vote: Voting for the nextmap finished. The nextmap will be fy_snow
L 05/20/2020 - 14:22:23: -------- Mapchange to fy_snow --------
L 05/20/2020 - 14:22:23: [mapchooser4.amxx] Found 51 maps in maps folder
L 05/20/2020 - 14:22:30: [mapchooser4.amxx] xvars for mapchooser 4 setuped.
L 05/20/2020 - 15:05:14: [mapchooser4.amxx] Vote: Voting for the nextmap started
L 05/20/2020 - 15:05:24: [mapchooser4.amxx] Vote: Voting for the nextmap finished. The nextmap will be de_dust2_2x2
L 05/20/2020 - 15:07:43: -------- Mapchange to de_dust2_2x2 --------
L 05/20/2020 - 15:07:44: [mapchooser4.amxx] Found 51 maps in maps folder
L 05/20/2020 - 15:07:51: [mapchooser4.amxx] xvars for mapchooser 4 setuped.
L 05/20/2020 - 15:50:35: [mapchooser4.amxx] Vote: Voting for the nextmap started
L 05/20/2020 - 15:50:45: [mapchooser4.amxx] Vote: Voting for the nextmap finished. The nextmap will be de_inferno_2x2
L 05/20/2020 - 15:53:04: -------- Mapchange to de_inferno_2x2 --------
L 05/20/2020 - 15:53:04: [mapchooser4.amxx] Found 51 maps in maps folder
L 05/20/2020 - 15:53:11: [mapchooser4.amxx] xvars for mapchooser 4 setuped.
L 05/20/2020 - 16:35:55: [mapchooser4.amxx] Vote: Voting for the nextmap started
L 05/20/2020 - 16:36:05: [mapchooser4.amxx] Vote: Voting for the nextmap finished. The nextmap will be de_sniper
L 05/20/2020 - 16:38:25: -------- Mapchange to de_sniper --------
L 05/20/2020 - 16:38:25: [mapchooser4.amxx] Found 51 maps in maps folder
L 05/20/2020 - 16:38:32: [mapchooser4.amxx] xvars for mapchooser 4 setuped.
L 05/20/2020 - 17:21:16: [mapchooser4.amxx] Vote: Voting for the nextmap started
L 05/20/2020 - 17:21:26: [mapchooser4.amxx] Vote: Voting for the nextmap finished. The nextmap will be de_snipe_it5
L 05/20/2020 - 17:23:46: -------- Mapchange to de_snipe_it5 --------
L 05/20/2020 - 17:23:46: [mapchooser4.amxx] Found 51 maps in maps folder
L 05/20/2020 - 17:23:53: [mapchooser4.amxx] xvars for mapchooser 4 setuped.
L 05/20/2020 - 18:06:37: [mapchooser4.amxx] Vote: Voting for the nextmap started
L 05/20/2020 - 18:06:47: [mapchooser4.amxx] Vote: Voting for the nextmap finished. The nextmap will be awp_india
L 05/20/2020 - 18:09:06: -------- Mapchange to awp_india --------
L 05/20/2020 - 18:09:06: [mapchooser4.amxx] Found 51 maps in maps folder
L 05/20/2020 - 18:09:13: [mapchooser4.amxx] xvars for mapchooser 4 setuped.
L 05/20/2020 - 18:51:57: [mapchooser4.amxx] Vote: Voting for the nextmap started
L 05/20/2020 - 18:52:07: [mapchooser4.amxx] Vote: Voting for the nextmap finished. The nextmap will be cs_discounter
L 05/20/2020 - 18:54:26: -------- Mapchange to cs_discounter --------
L 05/20/2020 - 18:54:27: [mapchooser4.amxx] Found 51 maps in maps folder
L 05/20/2020 - 18:54:34: [mapchooser4.amxx] xvars for mapchooser 4 setuped.
L 05/20/2020 - 19:37:18: [mapchooser4.amxx] Vote: Voting for the nextmap started
L 05/20/2020 - 19:37:28: [mapchooser4.amxx] Vote: Voting for the nextmap finished. The nextmap will be cs_rats2
L 05/20/2020 - 19:39:47: -------- Mapchange to cs_rats2 --------
L 05/20/2020 - 19:39:47: [mapchooser4.amxx] Found 51 maps in maps folder
L 05/20/2020 - 19:39:55: [mapchooser4.amxx] xvars for mapchooser 4 setuped.
L 05/20/2020 - 20:22:39: [mapchooser4.amxx] Vote: Voting for the nextmap started
L 05/20/2020 - 20:22:49: [mapchooser4.amxx] Vote: Voting for the nextmap finished. The nextmap will be de_rats
L 05/20/2020 - 20:25:08: -------- Mapchange to de_rats --------
L 05/20/2020 - 20:25:08: [mapchooser4.amxx] Found 51 maps in maps folder
L 05/20/2020 - 20:25:15: [mapchooser4.amxx] xvars for mapchooser 4 setuped.
L 05/20/2020 - 21:07:59: [mapchooser4.amxx] Vote: Voting for the nextmap started
L 05/20/2020 - 21:08:09: [mapchooser4.amxx] Vote: Voting for the nextmap finished. The nextmap will be fy_pool_day
L 05/20/2020 - 21:10:28: -------- Mapchange to fy_pool_day --------
L 05/20/2020 - 21:10:29: [mapchooser4.amxx] Found 51 maps in maps folder
L 05/20/2020 - 21:10:36: [mapchooser4.amxx] xvars for mapchooser 4 setuped.
L 05/20/2020 - 21:32:15: -------- Mapchange to fy_snow --------
L 05/20/2020 - 21:32:15: [mapchooser4.amxx] Found 51 maps in maps folder
L 05/20/2020 - 21:32:22: [mapchooser4.amxx] xvars for mapchooser 4 setuped.
L 05/20/2020 - 22:43:18: -------- Mapchange to de_dust2_2x2 --------
L 05/20/2020 - 22:43:18: [mapchooser4.amxx] Found 51 maps in maps folder
L 05/20/2020 - 22:43:25: [mapchooser4.amxx] xvars for mapchooser 4 setuped.
L 05/20/2020 - 23:19:02: [admin.amxx] Login: "RAZ DVA<183><STEAM_0:1:55760822><>" became an admin (account "STEAM_0:1:55760822") (access "abcdefghijklmnopqrstu") (address "94.25.170.134")
L 05/20/2020 - 23:19:28: -------- Mapchange to de_aztec --------
L 05/20/2020 - 23:19:28: [mapchooser4.amxx] Found 51 maps in maps folder
L 05/20/2020 - 23:19:28: [admin.amxx] Login: "RAZ DVA<183><STEAM_0:1:55760822><>" became an admin (account "STEAM_0:1:55760822") (access "abcdefghijklmnopqrstu") (address "94.25.170.134")
L 05/20/2020 - 23:19:28: [admin.amxx] Login: "RAZ DVA<183><STEAM_0:1:55760822><>" became an admin (account "STEAM_0:1:55760822") (access "abcdefghijklmnopqrstu") (address "94.25.170.134")
L 05/20/2020 - 23:19:35: [mapchooser4.amxx] xvars for mapchooser 4 setuped.
