L 04/20/2020 - 00:03:27: [mapchooser4.amxx] Vote: Voting for the nextmap started
L 04/20/2020 - 00:03:37: [mapchooser4.amxx] Vote: Voting for the nextmap finished. The nextmap will be de_sniper
L 04/20/2020 - 00:05:53: -------- Mapchange to de_sniper --------
L 04/20/2020 - 00:05:54: [mapchooser4.amxx] Found 47 maps in maps folder
L 04/20/2020 - 00:06:01: [mapchooser4.amxx] xvars for mapchooser 4 setuped.
L 04/20/2020 - 00:33:45: [mapchooser4.amxx] Vote: Voting for the nextmap started
L 04/20/2020 - 00:33:55: [mapchooser4.amxx] Vote: Voting for the nextmap finished. The nextmap will be de_snipe_it5
L 04/20/2020 - 00:36:11: -------- Mapchange to de_snipe_it5 --------
L 04/20/2020 - 00:36:11: [mapchooser4.amxx] Found 47 maps in maps folder
L 04/20/2020 - 00:36:18: [mapchooser4.amxx] xvars for mapchooser 4 setuped.
L 04/20/2020 - 01:04:02: [mapchooser4.amxx] Vote: Voting for the nextmap started
L 04/20/2020 - 01:04:13: [mapchooser4.amxx] Vote: Voting for the nextmap finished. The nextmap will be de_mipt
L 04/20/2020 - 01:06:29: -------- Mapchange to de_mipt --------
L 04/20/2020 - 01:06:29: [mapchooser4.amxx] Found 47 maps in maps folder
L 04/20/2020 - 01:06:36: [mapchooser4.amxx] xvars for mapchooser 4 setuped.
L 04/20/2020 - 01:34:20: [mapchooser4.amxx] Vote: Voting for the nextmap started
L 04/20/2020 - 01:34:30: [mapchooser4.amxx] Vote: Voting for the nextmap finished. The nextmap will be cs_discounter
L 04/20/2020 - 01:36:46: -------- Mapchange to cs_discounter --------
L 04/20/2020 - 01:36:47: [mapchooser4.amxx] Found 47 maps in maps folder
L 04/20/2020 - 01:36:54: [mapchooser4.amxx] xvars for mapchooser 4 setuped.
L 04/20/2020 - 02:04:38: [mapchooser4.amxx] Vote: Voting for the nextmap started
L 04/20/2020 - 02:04:48: [mapchooser4.amxx] Vote: Voting for the nextmap finished. The nextmap will be cs_rats2
L 04/20/2020 - 02:07:04: -------- Mapchange to cs_rats2 --------
L 04/20/2020 - 02:07:04: [mapchooser4.amxx] Found 47 maps in maps folder
L 04/20/2020 - 02:07:12: [mapchooser4.amxx] xvars for mapchooser 4 setuped.
L 04/20/2020 - 02:34:56: [mapchooser4.amxx] Vote: Voting for the nextmap started
L 04/20/2020 - 02:35:06: [mapchooser4.amxx] Vote: Voting for the nextmap finished. The nextmap will be de_rats
L 04/20/2020 - 02:37:22: -------- Mapchange to de_rats --------
L 04/20/2020 - 02:37:22: [mapchooser4.amxx] Found 47 maps in maps folder
L 04/20/2020 - 02:37:29: [mapchooser4.amxx] xvars for mapchooser 4 setuped.
L 04/20/2020 - 03:05:13: [mapchooser4.amxx] Vote: Voting for the nextmap started
L 04/20/2020 - 03:05:23: [mapchooser4.amxx] Vote: Voting for the nextmap finished. The nextmap will be fy_pool_day
L 04/20/2020 - 03:07:39: -------- Mapchange to fy_pool_day --------
L 04/20/2020 - 03:07:40: [mapchooser4.amxx] Found 47 maps in maps folder
L 04/20/2020 - 03:07:47: [mapchooser4.amxx] xvars for mapchooser 4 setuped.
L 04/20/2020 - 03:35:31: [mapchooser4.amxx] Vote: Voting for the nextmap started
L 04/20/2020 - 03:35:41: [mapchooser4.amxx] Vote: Voting for the nextmap finished. The nextmap will be fy_train
L 04/20/2020 - 03:37:57: -------- Mapchange to fy_train --------
L 04/20/2020 - 03:37:57: [mapchooser4.amxx] Found 47 maps in maps folder
L 04/20/2020 - 03:38:04: [mapchooser4.amxx] xvars for mapchooser 4 setuped.
L 04/20/2020 - 04:05:48: [mapchooser4.amxx] Vote: Voting for the nextmap started
L 04/20/2020 - 04:05:58: [mapchooser4.amxx] Vote: Voting for the nextmap finished. The nextmap will be de_aztec
L 04/20/2020 - 04:08:14: -------- Mapchange to de_aztec --------
L 04/20/2020 - 04:08:14: [mapchooser4.amxx] Found 47 maps in maps folder
L 04/20/2020 - 04:08:22: [mapchooser4.amxx] xvars for mapchooser 4 setuped.
L 04/20/2020 - 04:36:06: [mapchooser4.amxx] Vote: Voting for the nextmap started
L 04/20/2020 - 04:36:16: [mapchooser4.amxx] Vote: Voting for the nextmap finished. The nextmap will be de_cbble
L 04/20/2020 - 04:38:32: -------- Mapchange to de_cbble --------
L 04/20/2020 - 04:38:32: [mapchooser4.amxx] Found 47 maps in maps folder
L 04/20/2020 - 04:38:39: [mapchooser4.amxx] xvars for mapchooser 4 setuped.
L 04/20/2020 - 05:06:23: [mapchooser4.amxx] Vote: Voting for the nextmap started
L 04/20/2020 - 05:06:33: [mapchooser4.amxx] Vote: Voting for the nextmap finished. The nextmap will be de_cpl_mill
L 04/20/2020 - 05:08:49: -------- Mapchange to de_cpl_mill --------
L 04/20/2020 - 05:08:49: [mapchooser4.amxx] Found 47 maps in maps folder
L 04/20/2020 - 05:08:56: [mapchooser4.amxx] xvars for mapchooser 4 setuped.
L 04/20/2020 - 05:36:41: [mapchooser4.amxx] Vote: Voting for the nextmap started
L 04/20/2020 - 05:36:51: [mapchooser4.amxx] Vote: Voting for the nextmap finished. The nextmap will be de_dust
L 04/20/2020 - 05:39:06: -------- Mapchange to de_dust --------
L 04/20/2020 - 05:39:07: [mapchooser4.amxx] Found 47 maps in maps folder
L 04/20/2020 - 05:39:14: [mapchooser4.amxx] xvars for mapchooser 4 setuped.
L 04/20/2020 - 06:06:58: [mapchooser4.amxx] Vote: Voting for the nextmap started
L 04/20/2020 - 06:07:08: [mapchooser4.amxx] Vote: Voting for the nextmap finished. The nextmap will be de_dust2
L 04/20/2020 - 06:09:24: -------- Mapchange to de_dust2 --------
L 04/20/2020 - 06:09:24: [mapchooser4.amxx] Found 47 maps in maps folder
L 04/20/2020 - 06:09:31: [mapchooser4.amxx] xvars for mapchooser 4 setuped.
L 04/20/2020 - 06:37:15: [mapchooser4.amxx] Vote: Voting for the nextmap started
L 04/20/2020 - 06:37:25: [mapchooser4.amxx] Vote: Voting for the nextmap finished. The nextmap will be de_inferno
L 04/20/2020 - 06:39:41: -------- Mapchange to de_inferno --------
L 04/20/2020 - 06:39:42: [mapchooser4.amxx] Found 47 maps in maps folder
L 04/20/2020 - 06:39:49: [mapchooser4.amxx] xvars for mapchooser 4 setuped.
L 04/20/2020 - 07:07:33: [mapchooser4.amxx] Vote: Voting for the nextmap started
L 04/20/2020 - 07:07:43: [mapchooser4.amxx] Vote: Voting for the nextmap finished. The nextmap will be de_nuke
L 04/20/2020 - 07:09:59: -------- Mapchange to de_nuke --------
L 04/20/2020 - 07:09:59: [mapchooser4.amxx] Found 47 maps in maps folder
L 04/20/2020 - 07:10:06: [mapchooser4.amxx] xvars for mapchooser 4 setuped.
L 04/20/2020 - 07:37:50: [mapchooser4.amxx] Vote: Voting for the nextmap started
L 04/20/2020 - 07:38:01: [mapchooser4.amxx] Vote: Voting for the nextmap finished. The nextmap will be cs_assault
L 04/20/2020 - 07:40:17: -------- Mapchange to cs_assault --------
L 04/20/2020 - 07:40:17: [mapchooser4.amxx] Found 47 maps in maps folder
L 04/20/2020 - 07:40:24: [mapchooser4.amxx] xvars for mapchooser 4 setuped.
L 04/20/2020 - 08:08:08: [mapchooser4.amxx] Vote: Voting for the nextmap started
L 04/20/2020 - 08:08:18: [mapchooser4.amxx] Vote: Voting for the nextmap finished. The nextmap will be cs_italy
L 04/20/2020 - 08:10:34: -------- Mapchange to cs_italy --------
L 04/20/2020 - 08:10:34: [mapchooser4.amxx] Found 47 maps in maps folder
L 04/20/2020 - 08:10:41: [mapchooser4.amxx] xvars for mapchooser 4 setuped.
L 04/20/2020 - 08:38:25: [mapchooser4.amxx] Vote: Voting for the nextmap started
L 04/20/2020 - 08:38:35: [mapchooser4.amxx] Vote: Voting for the nextmap finished. The nextmap will be de_train
L 04/20/2020 - 08:40:52: -------- Mapchange to de_train --------
L 04/20/2020 - 08:40:52: [mapchooser4.amxx] Found 47 maps in maps folder
L 04/20/2020 - 08:40:59: [mapchooser4.amxx] xvars for mapchooser 4 setuped.
L 04/20/2020 - 09:08:43: [mapchooser4.amxx] Vote: Voting for the nextmap started
L 04/20/2020 - 09:08:53: [mapchooser4.amxx] Vote: Voting for the nextmap finished. The nextmap will be aim_ak-colt
L 04/20/2020 - 09:11:09: -------- Mapchange to aim_ak-colt --------
L 04/20/2020 - 09:11:09: [mapchooser4.amxx] Found 47 maps in maps folder
L 04/20/2020 - 09:11:16: [mapchooser4.amxx] xvars for mapchooser 4 setuped.
L 04/20/2020 - 09:39:00: [mapchooser4.amxx] Vote: Voting for the nextmap started
L 04/20/2020 - 09:39:10: [mapchooser4.amxx] Vote: Voting for the nextmap finished. The nextmap will be aim_aztecplace
L 04/20/2020 - 09:41:26: -------- Mapchange to aim_aztecplace --------
L 04/20/2020 - 09:41:26: [mapchooser4.amxx] Found 47 maps in maps folder
L 04/20/2020 - 09:41:33: [mapchooser4.amxx] xvars for mapchooser 4 setuped.
L 04/20/2020 - 10:09:17: [mapchooser4.amxx] Vote: Voting for the nextmap started
L 04/20/2020 - 10:09:28: [mapchooser4.amxx] Vote: Voting for the nextmap finished. The nextmap will be aim_headshot
L 04/20/2020 - 10:11:44: -------- Mapchange to aim_headshot --------
L 04/20/2020 - 10:11:46: [mapchooser4.amxx] Found 47 maps in maps folder
L 04/20/2020 - 10:11:53: [mapchooser4.amxx] xvars for mapchooser 4 setuped.
L 04/20/2020 - 10:39:37: [mapchooser4.amxx] Vote: Voting for the nextmap started
L 04/20/2020 - 10:39:47: [mapchooser4.amxx] Vote: Voting for the nextmap finished. The nextmap will be aim_map
L 04/20/2020 - 10:42:03: -------- Mapchange to aim_map --------
L 04/20/2020 - 10:42:03: [mapchooser4.amxx] Found 47 maps in maps folder
L 04/20/2020 - 10:42:10: [mapchooser4.amxx] xvars for mapchooser 4 setuped.
L 04/20/2020 - 11:09:54: [mapchooser4.amxx] Vote: Voting for the nextmap started
L 04/20/2020 - 11:10:04: [mapchooser4.amxx] Vote: Voting for the nextmap finished. The nextmap will be cs_16fighter
L 04/20/2020 - 11:12:20: -------- Mapchange to cs_16fighter --------
L 04/20/2020 - 11:12:20: [mapchooser4.amxx] Found 47 maps in maps folder
L 04/20/2020 - 11:12:27: [mapchooser4.amxx] xvars for mapchooser 4 setuped.
L 04/20/2020 - 11:40:11: [mapchooser4.amxx] Vote: Voting for the nextmap started
L 04/20/2020 - 11:40:21: [mapchooser4.amxx] Vote: Voting for the nextmap finished. The nextmap will be cs_pf_dust
L 04/20/2020 - 11:42:37: -------- Mapchange to cs_pf_dust --------
L 04/20/2020 - 11:42:37: [mapchooser4.amxx] Found 47 maps in maps folder
L 04/20/2020 - 11:42:44: [mapchooser4.amxx] xvars for mapchooser 4 setuped.
L 04/20/2020 - 12:10:28: [mapchooser4.amxx] Vote: Voting for the nextmap started
L 04/20/2020 - 12:10:38: [mapchooser4.amxx] Vote: Voting for the nextmap finished. The nextmap will be fy_iceworld_2002
L 04/20/2020 - 12:12:54: -------- Mapchange to fy_iceworld_2002 --------
L 04/20/2020 - 12:12:55: [mapchooser4.amxx] Found 47 maps in maps folder
L 04/20/2020 - 12:13:02: [mapchooser4.amxx] xvars for mapchooser 4 setuped.
L 04/20/2020 - 12:40:46: [mapchooser4.amxx] Vote: Voting for the nextmap started
L 04/20/2020 - 12:40:56: [mapchooser4.amxx] Vote: Voting for the nextmap finished. The nextmap will be cs_mansion
L 04/20/2020 - 12:43:12: -------- Mapchange to cs_mansion --------
L 04/20/2020 - 12:43:13: [mapchooser4.amxx] Found 47 maps in maps folder
L 04/20/2020 - 12:43:20: [mapchooser4.amxx] xvars for mapchooser 4 setuped.
L 04/20/2020 - 13:11:04: [mapchooser4.amxx] Vote: Voting for the nextmap started
L 04/20/2020 - 13:11:14: [mapchooser4.amxx] Vote: Voting for the nextmap finished. The nextmap will be de_dust2_2x2
L 04/20/2020 - 13:13:30: -------- Mapchange to de_dust2_2x2 --------
L 04/20/2020 - 13:13:30: [mapchooser4.amxx] Found 47 maps in maps folder
L 04/20/2020 - 13:13:37: [mapchooser4.amxx] xvars for mapchooser 4 setuped.
L 04/20/2020 - 13:41:21: [mapchooser4.amxx] Vote: Voting for the nextmap started
L 04/20/2020 - 13:41:31: [mapchooser4.amxx] Vote: Voting for the nextmap finished. The nextmap will be de_inferno_2x2
L 04/20/2020 - 13:43:47: -------- Mapchange to de_inferno_2x2 --------
L 04/20/2020 - 13:43:48: [mapchooser4.amxx] Found 47 maps in maps folder
L 04/20/2020 - 13:43:55: [mapchooser4.amxx] xvars for mapchooser 4 setuped.
L 04/20/2020 - 14:11:39: [mapchooser4.amxx] Vote: Voting for the nextmap started
L 04/20/2020 - 14:11:49: [mapchooser4.amxx] Vote: Voting for the nextmap finished. The nextmap will be de_sniper
L 04/20/2020 - 14:14:07: -------- Mapchange to de_sniper --------
L 04/20/2020 - 14:14:07: [mapchooser4.amxx] Found 47 maps in maps folder
L 04/20/2020 - 14:14:14: [mapchooser4.amxx] xvars for mapchooser 4 setuped.
L 04/20/2020 - 14:41:58: [mapchooser4.amxx] Vote: Voting for the nextmap started
L 04/20/2020 - 14:42:09: [mapchooser4.amxx] Vote: Voting for the nextmap finished. The nextmap will be de_snipe_it5
L 04/20/2020 - 14:44:25: -------- Mapchange to de_snipe_it5 --------
L 04/20/2020 - 14:44:25: [mapchooser4.amxx] Found 47 maps in maps folder
L 04/20/2020 - 14:44:32: [mapchooser4.amxx] xvars for mapchooser 4 setuped.
L 04/20/2020 - 15:12:16: [mapchooser4.amxx] Vote: Voting for the nextmap started
L 04/20/2020 - 15:12:26: [mapchooser4.amxx] Vote: Voting for the nextmap finished. The nextmap will be de_mipt
L 04/20/2020 - 15:14:43: -------- Mapchange to de_mipt --------
L 04/20/2020 - 15:14:43: [mapchooser4.amxx] Found 47 maps in maps folder
L 04/20/2020 - 15:14:51: [mapchooser4.amxx] xvars for mapchooser 4 setuped.
L 04/20/2020 - 15:42:35: [mapchooser4.amxx] Vote: Voting for the nextmap started
L 04/20/2020 - 15:42:45: [mapchooser4.amxx] Vote: Voting for the nextmap finished. The nextmap will be cs_discounter
L 04/20/2020 - 15:45:01: -------- Mapchange to cs_discounter --------
L 04/20/2020 - 15:45:01: [mapchooser4.amxx] Found 47 maps in maps folder
L 04/20/2020 - 15:45:09: [mapchooser4.amxx] xvars for mapchooser 4 setuped.
L 04/20/2020 - 16:12:53: [mapchooser4.amxx] Vote: Voting for the nextmap started
L 04/20/2020 - 16:13:03: [mapchooser4.amxx] Vote: Voting for the nextmap finished. The nextmap will be cs_rats2
L 04/20/2020 - 16:15:19: -------- Mapchange to cs_rats2 --------
L 04/20/2020 - 16:15:19: [mapchooser4.amxx] Found 47 maps in maps folder
L 04/20/2020 - 16:15:27: [mapchooser4.amxx] xvars for mapchooser 4 setuped.
L 04/20/2020 - 16:43:11: [mapchooser4.amxx] Vote: Voting for the nextmap started
L 04/20/2020 - 16:43:21: [mapchooser4.amxx] Vote: Voting for the nextmap finished. The nextmap will be de_rats
L 04/20/2020 - 16:45:37: -------- Mapchange to de_rats --------
L 04/20/2020 - 16:45:38: [mapchooser4.amxx] Found 47 maps in maps folder
L 04/20/2020 - 16:45:45: [mapchooser4.amxx] xvars for mapchooser 4 setuped.
L 04/20/2020 - 17:13:29: [mapchooser4.amxx] Vote: Voting for the nextmap started
L 04/20/2020 - 17:13:39: [mapchooser4.amxx] Vote: Voting for the nextmap finished. The nextmap will be fy_pool_day
L 04/20/2020 - 17:15:55: -------- Mapchange to fy_pool_day --------
L 04/20/2020 - 17:15:55: [mapchooser4.amxx] Found 47 maps in maps folder
L 04/20/2020 - 17:16:02: [mapchooser4.amxx] xvars for mapchooser 4 setuped.
L 04/20/2020 - 17:43:47: [mapchooser4.amxx] Vote: Voting for the nextmap started
L 04/20/2020 - 17:43:57: [mapchooser4.amxx] Vote: Voting for the nextmap finished. The nextmap will be fy_train
L 04/20/2020 - 17:46:13: -------- Mapchange to fy_train --------
L 04/20/2020 - 17:46:14: [mapchooser4.amxx] Found 47 maps in maps folder
L 04/20/2020 - 17:46:22: [mapchooser4.amxx] xvars for mapchooser 4 setuped.
L 04/20/2020 - 18:14:06: [mapchooser4.amxx] Vote: Voting for the nextmap started
L 04/20/2020 - 18:14:16: [mapchooser4.amxx] Vote: Voting for the nextmap finished. The nextmap will be de_aztec
L 04/20/2020 - 18:16:32: -------- Mapchange to de_aztec --------
L 04/20/2020 - 18:16:33: [mapchooser4.amxx] Found 47 maps in maps folder
L 04/20/2020 - 18:16:40: [mapchooser4.amxx] xvars for mapchooser 4 setuped.
L 04/20/2020 - 18:44:24: [mapchooser4.amxx] Vote: Voting for the nextmap started
L 04/20/2020 - 18:44:34: [mapchooser4.amxx] Vote: Voting for the nextmap finished. The nextmap will be de_cbble
L 04/20/2020 - 18:46:50: -------- Mapchange to de_cbble --------
L 04/20/2020 - 18:46:51: [mapchooser4.amxx] Found 47 maps in maps folder
L 04/20/2020 - 18:46:58: [mapchooser4.amxx] xvars for mapchooser 4 setuped.
L 04/20/2020 - 19:14:42: [mapchooser4.amxx] Vote: Voting for the nextmap started
L 04/20/2020 - 19:14:52: [mapchooser4.amxx] Vote: Voting for the nextmap finished. The nextmap will be de_cpl_mill
L 04/20/2020 - 19:17:08: -------- Mapchange to de_cpl_mill --------
L 04/20/2020 - 19:17:08: [mapchooser4.amxx] Found 47 maps in maps folder
L 04/20/2020 - 19:17:15: [mapchooser4.amxx] xvars for mapchooser 4 setuped.
L 04/20/2020 - 19:44:59: [mapchooser4.amxx] Vote: Voting for the nextmap started
L 04/20/2020 - 19:45:09: [mapchooser4.amxx] Vote: Voting for the nextmap finished. The nextmap will be de_dust
L 04/20/2020 - 19:47:26: -------- Mapchange to de_dust --------
L 04/20/2020 - 19:47:28: [mapchooser4.amxx] Found 47 maps in maps folder
L 04/20/2020 - 19:47:36: [mapchooser4.amxx] xvars for mapchooser 4 setuped.
L 04/20/2020 - 19:57:10: [admin.amxx] Login: "GUSINBERG<25><STEAM_0:1:55760822><>" became an admin (account "STEAM_0:1:55760822") (access "cdefjuz") (address "81.200.27.239")
L 04/20/2020 - 19:58:34: [admincmd.amxx] Cmd: "GUSINBERG<25><STEAM_0:1:55760822><>" changelevel "de_dust2_2x2"
L 04/20/2020 - 19:58:36: -------- Mapchange to de_dust2_2x2 --------
L 04/20/2020 - 19:58:36: [mapchooser4.amxx] Found 47 maps in maps folder
L 04/20/2020 - 19:58:36: [admin.amxx] Login: "GUSINBERG<25><STEAM_0:1:55760822><>" became an admin (account "STEAM_0:1:55760822") (access "cdefjuz") (address "81.200.27.239")
L 04/20/2020 - 19:58:43: [mapchooser4.amxx] xvars for mapchooser 4 setuped.
L 04/20/2020 - 20:26:42: [mapchooser4.amxx] Vote: Voting for the nextmap started
L 04/20/2020 - 20:26:45: [mapchooser4.amxx] necnec chose de_train
L 04/20/2020 - 20:26:47: [mapchooser4.amxx] +q chose de_inferno_2x2
L 04/20/2020 - 20:26:47: [mapchooser4.amxx] Neat_Ops chose de_train
L 04/20/2020 - 20:26:48: [mapchooser4.amxx] Morpheme chose de_inferno_2x2
L 04/20/2020 - 20:26:52: [mapchooser4.amxx] Vote: Voting for the nextmap finished. The nextmap will be de_train
L 04/20/2020 - 20:28:59: -------- Mapchange to de_train --------
L 04/20/2020 - 20:29:00: [mapchooser4.amxx] Found 47 maps in maps folder
L 04/20/2020 - 20:29:01: [admin.amxx] Login: "GUSINBERG<25><STEAM_0:1:55760822><>" became an admin (account "STEAM_0:1:55760822") (access "cdefjuz") (address "81.200.27.239")
L 04/20/2020 - 20:29:08: [mapchooser4.amxx] xvars for mapchooser 4 setuped.
L 04/20/2020 - 20:31:14: -------- Mapchange to de_aztec --------
L 04/20/2020 - 20:31:14: [mapchooser4.amxx] Found 47 maps in maps folder
L 04/20/2020 - 20:31:14: [admin.amxx] Login: "GUSINBERG<25><STEAM_0:1:55760822><>" became an admin (account "STEAM_0:1:55760822") (access "cdefjuz") (address "81.200.27.239")
L 04/20/2020 - 20:31:21: [mapchooser4.amxx] xvars for mapchooser 4 setuped.
L 04/20/2020 - 20:39:53: -------- Mapchange to cs_discounter --------
L 04/20/2020 - 20:39:53: [mapchooser4.amxx] Found 47 maps in maps folder
L 04/20/2020 - 20:39:53: [admin.amxx] Login: "GUSINBERG<25><STEAM_0:1:55760822><>" became an admin (account "STEAM_0:1:55760822") (access "cdefjuz") (address "81.200.27.239")
L 04/20/2020 - 20:39:54: [admin.amxx] Login: "GUSINBERG<25><STEAM_0:1:55760822><>" became an admin (account "STEAM_0:1:55760822") (access "cdefjuz") (address "81.200.27.239")
L 04/20/2020 - 20:39:54: [admin.amxx] Login: "GUSINBERG<33><STEAM_0:1:55760822><>" became an admin (account "STEAM_0:1:55760822") (access "cdefjuz") (address "81.200.27.239")
L 04/20/2020 - 20:40:00: [mapchooser4.amxx] xvars for mapchooser 4 setuped.
L 04/20/2020 - 21:07:59: [mapchooser4.amxx] Vote: Voting for the nextmap started
L 04/20/2020 - 21:08:10: [mapchooser4.amxx] Vote: Voting for the nextmap finished. The nextmap will be cs_italy
L 04/20/2020 - 21:10:16: -------- Mapchange to cs_italy --------
L 04/20/2020 - 21:10:16: [mapchooser4.amxx] Found 47 maps in maps folder
L 04/20/2020 - 21:10:23: [mapchooser4.amxx] xvars for mapchooser 4 setuped.
L 04/20/2020 - 21:38:07: [mapchooser4.amxx] Vote: Voting for the nextmap started
L 04/20/2020 - 21:38:17: [mapchooser4.amxx] Vote: Voting for the nextmap finished. The nextmap will be de_train
L 04/20/2020 - 21:40:38: -------- Mapchange to de_train --------
L 04/20/2020 - 21:40:39: [mapchooser4.amxx] Found 47 maps in maps folder
L 04/20/2020 - 21:40:46: [mapchooser4.amxx] xvars for mapchooser 4 setuped.
L 04/20/2020 - 22:08:30: [mapchooser4.amxx] Vote: Voting for the nextmap started
L 04/20/2020 - 22:08:40: [mapchooser4.amxx] Vote: Voting for the nextmap finished. The nextmap will be aim_ak-colt
L 04/20/2020 - 22:11:01: -------- Mapchange to aim_ak-colt --------
L 04/20/2020 - 22:11:02: [mapchooser4.amxx] Found 47 maps in maps folder
L 04/20/2020 - 22:11:10: [mapchooser4.amxx] xvars for mapchooser 4 setuped.
L 04/20/2020 - 22:38:54: [mapchooser4.amxx] Vote: Voting for the nextmap started
L 04/20/2020 - 22:39:04: [mapchooser4.amxx] Vote: Voting for the nextmap finished. The nextmap will be aim_aztecplace
L 04/20/2020 - 22:41:24: -------- Mapchange to aim_aztecplace --------
L 04/20/2020 - 22:41:25: [mapchooser4.amxx] Found 47 maps in maps folder
L 04/20/2020 - 22:41:32: [mapchooser4.amxx] xvars for mapchooser 4 setuped.
L 04/20/2020 - 23:09:16: [mapchooser4.amxx] Vote: Voting for the nextmap started
L 04/20/2020 - 23:09:26: [mapchooser4.amxx] Vote: Voting for the nextmap finished. The nextmap will be aim_headshot
L 04/20/2020 - 23:11:47: -------- Mapchange to aim_headshot --------
L 04/20/2020 - 23:11:47: [mapchooser4.amxx] Found 47 maps in maps folder
L 04/20/2020 - 23:11:54: [mapchooser4.amxx] xvars for mapchooser 4 setuped.
L 04/20/2020 - 23:39:38: [mapchooser4.amxx] Vote: Voting for the nextmap started
L 04/20/2020 - 23:39:48: [mapchooser4.amxx] Vote: Voting for the nextmap finished. The nextmap will be aim_map
L 04/20/2020 - 23:42:09: -------- Mapchange to aim_map --------
L 04/20/2020 - 23:42:09: [mapchooser4.amxx] Found 47 maps in maps folder
L 04/20/2020 - 23:42:17: [mapchooser4.amxx] xvars for mapchooser 4 setuped.
